[2025-12-30T13:48:56.208+0000] {taskinstance.py:1956} INFO - Dependencies all met for dep_context=non-requeueable deps ti=<TaskInstance: amazon_transform_dag.wait_for_etl_pipeline manual__2025-12-30T13:48:54.436673+00:00 [queued]>
[2025-12-30T13:48:56.220+0000] {taskinstance.py:1956} INFO - Dependencies all met for dep_context=requeueable deps ti=<TaskInstance: amazon_transform_dag.wait_for_etl_pipeline manual__2025-12-30T13:48:54.436673+00:00 [queued]>
[2025-12-30T13:48:56.221+0000] {taskinstance.py:2170} INFO - Starting attempt 1 of 4
[2025-12-30T13:48:56.247+0000] {taskinstance.py:2191} INFO - Executing <Task(ExternalTaskSensor): wait_for_etl_pipeline> on 2025-12-30 13:48:54.436673+00:00
[2025-12-30T13:48:56.254+0000] {standard_task_runner.py:60} INFO - Started process 3713 to run task
[2025-12-30T13:48:56.259+0000] {standard_task_runner.py:87} INFO - Running: ['***', 'tasks', 'run', 'amazon_transform_dag', 'wait_for_etl_pipeline', 'manual__2025-12-30T13:48:54.436673+00:00', '--job-id', '71', '--raw', '--subdir', 'DAGS_FOLDER/transform_dag.py', '--cfg-path', '/tmp/tmpodyxrytd']
[2025-12-30T13:48:56.263+0000] {standard_task_runner.py:88} INFO - Job 71: Subtask wait_for_etl_pipeline
[2025-12-30T13:48:56.379+0000] {task_command.py:423} INFO - Running <TaskInstance: amazon_transform_dag.wait_for_etl_pipeline manual__2025-12-30T13:48:54.436673+00:00 [running]> on host c7a5381c7507
[2025-12-30T13:48:56.490+0000] {taskinstance.py:2480} INFO - Exporting env vars: AIRFLOW_CTX_DAG_OWNER='***' AIRFLOW_CTX_DAG_ID='amazon_transform_dag' AIRFLOW_CTX_TASK_ID='wait_for_etl_pipeline' AIRFLOW_CTX_EXECUTION_DATE='2025-12-30T13:48:54.436673+00:00' AIRFLOW_CTX_TRY_NUMBER='1' AIRFLOW_CTX_DAG_RUN_ID='manual__2025-12-30T13:48:54.436673+00:00'
[2025-12-30T13:48:56.494+0000] {external_task.py:244} INFO - Poking for tasks ['validation_task'] in dag etl_pipeline_dag on 2025-12-30T13:48:54.436673+00:00 ... 
[2025-12-30T13:49:56.563+0000] {external_task.py:244} INFO - Poking for tasks ['validation_task'] in dag etl_pipeline_dag on 2025-12-30T13:48:54.436673+00:00 ... 
[2025-12-30T13:50:56.632+0000] {external_task.py:244} INFO - Poking for tasks ['validation_task'] in dag etl_pipeline_dag on 2025-12-30T13:48:54.436673+00:00 ... 
[2025-12-30T13:51:56.702+0000] {external_task.py:244} INFO - Poking for tasks ['validation_task'] in dag etl_pipeline_dag on 2025-12-30T13:48:54.436673+00:00 ... 
[2025-12-30T13:52:56.751+0000] {external_task.py:244} INFO - Poking for tasks ['validation_task'] in dag etl_pipeline_dag on 2025-12-30T13:48:54.436673+00:00 ... 
[2025-12-30T13:53:56.782+0000] {external_task.py:244} INFO - Poking for tasks ['validation_task'] in dag etl_pipeline_dag on 2025-12-30T13:48:54.436673+00:00 ... 
[2025-12-30T13:54:56.812+0000] {external_task.py:244} INFO - Poking for tasks ['validation_task'] in dag etl_pipeline_dag on 2025-12-30T13:48:54.436673+00:00 ... 
[2025-12-30T13:55:56.840+0000] {external_task.py:244} INFO - Poking for tasks ['validation_task'] in dag etl_pipeline_dag on 2025-12-30T13:48:54.436673+00:00 ... 
[2025-12-30T13:56:56.910+0000] {external_task.py:244} INFO - Poking for tasks ['validation_task'] in dag etl_pipeline_dag on 2025-12-30T13:48:54.436673+00:00 ... 
[2025-12-30T13:57:56.925+0000] {external_task.py:244} INFO - Poking for tasks ['validation_task'] in dag etl_pipeline_dag on 2025-12-30T13:48:54.436673+00:00 ... 
[2025-12-30T13:58:56.952+0000] {external_task.py:244} INFO - Poking for tasks ['validation_task'] in dag etl_pipeline_dag on 2025-12-30T13:48:54.436673+00:00 ... 
[2025-12-30T13:58:56.965+0000] {taskinstance.py:2698} ERROR - Task failed with exception
Traceback (most recent call last):
  File "/home/airflow/.local/lib/python3.8/site-packages/airflow/models/taskinstance.py", line 433, in _execute_task
    result = execute_callable(context=context, **execute_callable_kwargs)
  File "/home/airflow/.local/lib/python3.8/site-packages/airflow/sensors/external_task.py", line 334, in execute
    super().execute(context)
  File "/home/airflow/.local/lib/python3.8/site-packages/airflow/sensors/base.py", line 282, in execute
    raise AirflowSensorTimeout(message)
airflow.exceptions.AirflowSensorTimeout: Sensor has timed out; run duration of 600.520141771 seconds exceeds the specified timeout of 600.0.
[2025-12-30T13:58:56.974+0000] {taskinstance.py:1138} INFO - Immediate failure requested. Marking task as FAILED. dag_id=amazon_transform_dag, task_id=wait_for_etl_pipeline, execution_date=20251230T134854, start_date=20251230T134856, end_date=20251230T135856
[2025-12-30T13:58:56.997+0000] {standard_task_runner.py:107} ERROR - Failed to execute job 71 for task wait_for_etl_pipeline (Sensor has timed out; run duration of 600.520141771 seconds exceeds the specified timeout of 600.0.; 3713)
[2025-12-30T13:58:57.047+0000] {local_task_job_runner.py:234} INFO - Task exited with return code 1
[2025-12-30T13:58:57.092+0000] {taskinstance.py:3280} INFO - 0 downstream tasks scheduled from follow-on schedule check
