[2025-12-14T15:46:04.679+0000] {taskinstance.py:1956} INFO - Dependencies all met for dep_context=non-requeueable deps ti=<TaskInstance: etl_pipeline_dag.load_data scheduled__2025-12-13T00:00:00+00:00 [queued]>
[2025-12-14T15:46:04.684+0000] {taskinstance.py:1956} INFO - Dependencies all met for dep_context=requeueable deps ti=<TaskInstance: etl_pipeline_dag.load_data scheduled__2025-12-13T00:00:00+00:00 [queued]>
[2025-12-14T15:46:04.684+0000] {taskinstance.py:2170} INFO - Starting attempt 1 of 1
[2025-12-14T15:46:04.698+0000] {taskinstance.py:2191} INFO - Executing <Task(PythonOperator): load_data> on 2025-12-13 00:00:00+00:00
[2025-12-14T15:46:04.702+0000] {standard_task_runner.py:60} INFO - Started process 171 to run task
[2025-12-14T15:46:04.706+0000] {standard_task_runner.py:87} INFO - Running: ['airflow', 'tasks', 'run', 'etl_pipeline_dag', 'load_data', 'scheduled__2025-12-13T00:00:00+00:00', '--job-id', '7', '--raw', '--subdir', 'DAGS_FOLDER/etl_pipeline_dag.py', '--cfg-path', '/tmp/tmpuytom9qf']
[2025-12-14T15:46:04.709+0000] {standard_task_runner.py:88} INFO - Job 7: Subtask load_data
[2025-12-14T15:46:04.777+0000] {task_command.py:423} INFO - Running <TaskInstance: etl_pipeline_dag.load_data scheduled__2025-12-13T00:00:00+00:00 [running]> on host de35fa4e3835
[2025-12-14T15:46:04.827+0000] {taskinstance.py:2480} INFO - Exporting env vars: AIRFLOW_CTX_DAG_OWNER='airflow' AIRFLOW_CTX_DAG_ID='etl_pipeline_dag' AIRFLOW_CTX_TASK_ID='load_data' AIRFLOW_CTX_EXECUTION_DATE='2025-12-13T00:00:00+00:00' AIRFLOW_CTX_TRY_NUMBER='1' AIRFLOW_CTX_DAG_RUN_ID='scheduled__2025-12-13T00:00:00+00:00'
[2025-12-14T15:46:04.829+0000] {logging_mixin.py:188} INFO - Loading data...
[2025-12-14T15:46:04.830+0000] {logging_mixin.py:188} INFO - Data loaded successfully
[2025-12-14T15:46:04.830+0000] {python.py:201} INFO - Done. Returned value was: None
[2025-12-14T15:46:04.834+0000] {taskinstance.py:1138} INFO - Marking task as SUCCESS. dag_id=etl_pipeline_dag, task_id=load_data, execution_date=20251213T000000, start_date=20251214T154604, end_date=20251214T154604
[2025-12-14T15:46:04.880+0000] {local_task_job_runner.py:234} INFO - Task exited with return code 0
[2025-12-14T15:46:04.895+0000] {taskinstance.py:3280} INFO - 0 downstream tasks scheduled from follow-on schedule check
[2025-12-14T16:49:45.334+0000] {taskinstance.py:1956} INFO - Dependencies all met for dep_context=non-requeueable deps ti=<TaskInstance: etl_pipeline_dag.load_data scheduled__2025-12-13T00:00:00+00:00 [queued]>
[2025-12-14T16:49:45.349+0000] {taskinstance.py:1956} INFO - Dependencies all met for dep_context=requeueable deps ti=<TaskInstance: etl_pipeline_dag.load_data scheduled__2025-12-13T00:00:00+00:00 [queued]>
[2025-12-14T16:49:45.350+0000] {taskinstance.py:2170} INFO - Starting attempt 1 of 1
[2025-12-14T16:49:45.369+0000] {taskinstance.py:2191} INFO - Executing <Task(PythonOperator): load_data> on 2025-12-13 00:00:00+00:00
[2025-12-14T16:49:45.375+0000] {standard_task_runner.py:60} INFO - Started process 197 to run task
[2025-12-14T16:49:45.379+0000] {standard_task_runner.py:87} INFO - Running: ['airflow', 'tasks', 'run', 'etl_pipeline_dag', 'load_data', 'scheduled__2025-12-13T00:00:00+00:00', '--job-id', '7', '--raw', '--subdir', 'DAGS_FOLDER/etl_pipeline_dag.py', '--cfg-path', '/tmp/tmpjead2hxu']
[2025-12-14T16:49:45.381+0000] {standard_task_runner.py:88} INFO - Job 7: Subtask load_data
[2025-12-14T16:49:45.458+0000] {task_command.py:423} INFO - Running <TaskInstance: etl_pipeline_dag.load_data scheduled__2025-12-13T00:00:00+00:00 [running]> on host f4643585deea
[2025-12-14T16:49:45.529+0000] {taskinstance.py:2480} INFO - Exporting env vars: AIRFLOW_CTX_DAG_OWNER='airflow' AIRFLOW_CTX_DAG_ID='etl_pipeline_dag' AIRFLOW_CTX_TASK_ID='load_data' AIRFLOW_CTX_EXECUTION_DATE='2025-12-13T00:00:00+00:00' AIRFLOW_CTX_TRY_NUMBER='1' AIRFLOW_CTX_DAG_RUN_ID='scheduled__2025-12-13T00:00:00+00:00'
[2025-12-14T16:49:45.531+0000] {logging_mixin.py:188} INFO - Loading data...
[2025-12-14T16:49:45.532+0000] {logging_mixin.py:188} INFO - Data loaded successfully
[2025-12-14T16:49:45.532+0000] {python.py:201} INFO - Done. Returned value was: None
[2025-12-14T16:49:45.537+0000] {taskinstance.py:1138} INFO - Marking task as SUCCESS. dag_id=etl_pipeline_dag, task_id=load_data, execution_date=20251213T000000, start_date=20251214T164945, end_date=20251214T164945
[2025-12-14T16:49:45.593+0000] {local_task_job_runner.py:234} INFO - Task exited with return code 0
[2025-12-14T16:49:45.607+0000] {taskinstance.py:3280} INFO - 0 downstream tasks scheduled from follow-on schedule check
