[2025-12-24T15:59:47.671+0000] {taskinstance.py:1956} INFO - Dependencies all met for dep_context=non-requeueable deps ti=<TaskInstance: amazon_transform_dag.wait_for_etl_pipeline manual__2025-12-24T15:59:45.953562+00:00 [queued]>
[2025-12-24T15:59:47.680+0000] {taskinstance.py:1956} INFO - Dependencies all met for dep_context=requeueable deps ti=<TaskInstance: amazon_transform_dag.wait_for_etl_pipeline manual__2025-12-24T15:59:45.953562+00:00 [queued]>
[2025-12-24T15:59:47.681+0000] {taskinstance.py:2170} INFO - Starting attempt 1 of 4
[2025-12-24T15:59:47.699+0000] {taskinstance.py:2191} INFO - Executing <Task(ExternalTaskSensor): wait_for_etl_pipeline> on 2025-12-24 15:59:45.953562+00:00
[2025-12-24T15:59:47.704+0000] {standard_task_runner.py:60} INFO - Started process 3258 to run task
[2025-12-24T15:59:47.709+0000] {standard_task_runner.py:87} INFO - Running: ['***', 'tasks', 'run', 'amazon_transform_dag', 'wait_for_etl_pipeline', 'manual__2025-12-24T15:59:45.953562+00:00', '--job-id', '35', '--raw', '--subdir', 'DAGS_FOLDER/transform_dag.py', '--cfg-path', '/tmp/tmpudpdkekn']
[2025-12-24T15:59:47.711+0000] {standard_task_runner.py:88} INFO - Job 35: Subtask wait_for_etl_pipeline
[2025-12-24T15:59:47.735+0000] {logging_mixin.py:188} WARNING - /home/***/.local/lib/python3.8/site-packages/***/settings.py:194 DeprecationWarning: The sql_alchemy_conn option in [core] has been moved to the sql_alchemy_conn option in [database] - the old setting has been used, but please update your config.
[2025-12-24T15:59:47.801+0000] {task_command.py:423} INFO - Running <TaskInstance: amazon_transform_dag.wait_for_etl_pipeline manual__2025-12-24T15:59:45.953562+00:00 [running]> on host 01fa5def2fdb
[2025-12-24T15:59:47.919+0000] {taskinstance.py:2480} INFO - Exporting env vars: AIRFLOW_CTX_DAG_OWNER='***' AIRFLOW_CTX_DAG_ID='amazon_transform_dag' AIRFLOW_CTX_TASK_ID='wait_for_etl_pipeline' AIRFLOW_CTX_EXECUTION_DATE='2025-12-24T15:59:45.953562+00:00' AIRFLOW_CTX_TRY_NUMBER='1' AIRFLOW_CTX_DAG_RUN_ID='manual__2025-12-24T15:59:45.953562+00:00'
[2025-12-24T15:59:47.921+0000] {external_task.py:244} INFO - Poking for tasks ['validation_task'] in dag etl_pipeline_dag on 2025-12-24T15:59:45.953562+00:00 ... 
[2025-12-24T16:00:47.990+0000] {external_task.py:244} INFO - Poking for tasks ['validation_task'] in dag etl_pipeline_dag on 2025-12-24T15:59:45.953562+00:00 ... 
[2025-12-24T16:01:48.061+0000] {external_task.py:244} INFO - Poking for tasks ['validation_task'] in dag etl_pipeline_dag on 2025-12-24T15:59:45.953562+00:00 ... 
[2025-12-24T16:02:48.129+0000] {external_task.py:244} INFO - Poking for tasks ['validation_task'] in dag etl_pipeline_dag on 2025-12-24T15:59:45.953562+00:00 ... 
[2025-12-24T16:02:49.312+0000] {local_task_job_runner.py:302} WARNING - State of this instance has been externally set to None. Terminating instance.
[2025-12-24T16:02:49.319+0000] {process_utils.py:131} INFO - Sending 15 to group 3258. PIDs of all processes in the group: [3258]
[2025-12-24T16:02:49.321+0000] {process_utils.py:86} INFO - Sending the signal 15 to group 3258
[2025-12-24T16:02:49.323+0000] {taskinstance.py:2450} ERROR - Received SIGTERM. Terminating subprocesses.
[2025-12-24T16:02:49.348+0000] {taskinstance.py:2698} ERROR - Task failed with exception
Traceback (most recent call last):
  File "/home/airflow/.local/lib/python3.8/site-packages/airflow/models/taskinstance.py", line 433, in _execute_task
    result = execute_callable(context=context, **execute_callable_kwargs)
  File "/home/airflow/.local/lib/python3.8/site-packages/airflow/sensors/external_task.py", line 334, in execute
    super().execute(context)
  File "/home/airflow/.local/lib/python3.8/site-packages/airflow/sensors/base.py", line 293, in execute
    time.sleep(self._get_next_poke_interval(started_at, run_duration, try_number))
  File "/home/airflow/.local/lib/python3.8/site-packages/airflow/models/taskinstance.py", line 2452, in signal_handler
    raise AirflowException("Task received SIGTERM signal")
airflow.exceptions.AirflowException: Task received SIGTERM signal
[2025-12-24T16:02:49.357+0000] {taskinstance.py:1138} INFO - Marking task as UP_FOR_RETRY. dag_id=amazon_transform_dag, task_id=wait_for_etl_pipeline, execution_date=20251224T155945, start_date=20251224T155947, end_date=20251224T160249
[2025-12-24T16:02:49.408+0000] {standard_task_runner.py:107} ERROR - Failed to execute job 35 for task wait_for_etl_pipeline ((mysql.connector.errors.IntegrityError) 1452 (23000): Cannot add or update a child row: a foreign key constraint fails (`airflow`.`task_fail`, CONSTRAINT `task_fail_ti_fkey` FOREIGN KEY (`dag_id`, `task_id`, `run_id`, `map_index`) REFERENCES `task_instance` (`dag_id`, `task_id`, `run_id`, `map_index`) ON DELETE)
[SQL: INSERT INTO task_fail (task_id, dag_id, run_id, map_index, start_date, end_date, duration) VALUES (%(task_id)s, %(dag_id)s, %(run_id)s, %(map_index)s, %(start_date)s, %(end_date)s, %(duration)s)]
[parameters: {'task_id': 'wait_for_etl_pipeline', 'dag_id': 'amazon_transform_dag', 'run_id': 'manual__2025-12-24T15:59:45.953562+00:00', 'map_index': -1, 'start_date': datetime.datetime(2025, 12, 24, 15, 59, 47, 672479), 'end_date': datetime.datetime(2025, 12, 24, 16, 2, 49, 355408), 'duration': 181}]
(Background on this error at: https://sqlalche.me/e/14/gkpj); 3258)
[2025-12-24T16:02:49.457+0000] {process_utils.py:79} INFO - Process psutil.Process(pid=3258, status='terminated', exitcode=1, started='15:59:47') (3258) terminated with exit code 1
