[2025-12-14T15:45:52.534+0000] {taskinstance.py:1956} INFO - Dependencies all met for dep_context=non-requeueable deps ti=<TaskInstance: etl_pipeline_dag.extract_data scheduled__2025-12-13T00:00:00+00:00 [queued]>
[2025-12-14T15:45:52.550+0000] {taskinstance.py:1956} INFO - Dependencies all met for dep_context=requeueable deps ti=<TaskInstance: etl_pipeline_dag.extract_data scheduled__2025-12-13T00:00:00+00:00 [queued]>
[2025-12-14T15:45:52.553+0000] {taskinstance.py:2170} INFO - Starting attempt 1 of 1
[2025-12-14T15:45:52.609+0000] {taskinstance.py:2191} INFO - Executing <Task(PythonOperator): extract_data> on 2025-12-13 00:00:00+00:00
[2025-12-14T15:45:52.623+0000] {standard_task_runner.py:60} INFO - Started process 113 to run task
[2025-12-14T15:45:52.644+0000] {standard_task_runner.py:87} INFO - Running: ['airflow', 'tasks', 'run', 'etl_pipeline_dag', 'extract_data', 'scheduled__2025-12-13T00:00:00+00:00', '--job-id', '3', '--raw', '--subdir', 'DAGS_FOLDER/etl_pipeline_dag.py', '--cfg-path', '/tmp/tmpzrnnnwms']
[2025-12-14T15:45:52.653+0000] {standard_task_runner.py:88} INFO - Job 3: Subtask extract_data
[2025-12-14T15:45:52.824+0000] {task_command.py:423} INFO - Running <TaskInstance: etl_pipeline_dag.extract_data scheduled__2025-12-13T00:00:00+00:00 [running]> on host de35fa4e3835
[2025-12-14T15:45:52.927+0000] {taskinstance.py:2480} INFO - Exporting env vars: AIRFLOW_CTX_DAG_OWNER='airflow' AIRFLOW_CTX_DAG_ID='etl_pipeline_dag' AIRFLOW_CTX_TASK_ID='extract_data' AIRFLOW_CTX_EXECUTION_DATE='2025-12-13T00:00:00+00:00' AIRFLOW_CTX_TRY_NUMBER='1' AIRFLOW_CTX_DAG_RUN_ID='scheduled__2025-12-13T00:00:00+00:00'
[2025-12-14T15:45:52.929+0000] {logging_mixin.py:188} INFO - Extracting data...
[2025-12-14T15:45:52.930+0000] {python.py:201} INFO - Done. Returned value was: ['name,age', 'Alice,25', 'Bob,30']
[2025-12-14T15:45:52.948+0000] {taskinstance.py:1138} INFO - Marking task as SUCCESS. dag_id=etl_pipeline_dag, task_id=extract_data, execution_date=20251213T000000, start_date=20251214T154552, end_date=20251214T154552
[2025-12-14T15:45:52.980+0000] {local_task_job_runner.py:234} INFO - Task exited with return code 0
[2025-12-14T15:45:53.002+0000] {taskinstance.py:3280} INFO - 1 downstream tasks scheduled from follow-on schedule check
[2025-12-14T16:49:33.602+0000] {taskinstance.py:1956} INFO - Dependencies all met for dep_context=non-requeueable deps ti=<TaskInstance: etl_pipeline_dag.extract_data scheduled__2025-12-13T00:00:00+00:00 [queued]>
[2025-12-14T16:49:33.610+0000] {taskinstance.py:1956} INFO - Dependencies all met for dep_context=requeueable deps ti=<TaskInstance: etl_pipeline_dag.extract_data scheduled__2025-12-13T00:00:00+00:00 [queued]>
[2025-12-14T16:49:33.612+0000] {taskinstance.py:2170} INFO - Starting attempt 1 of 1
[2025-12-14T16:49:33.630+0000] {taskinstance.py:2191} INFO - Executing <Task(PythonOperator): extract_data> on 2025-12-13 00:00:00+00:00
[2025-12-14T16:49:33.635+0000] {standard_task_runner.py:60} INFO - Started process 141 to run task
[2025-12-14T16:49:33.640+0000] {standard_task_runner.py:87} INFO - Running: ['airflow', 'tasks', 'run', 'etl_pipeline_dag', 'extract_data', 'scheduled__2025-12-13T00:00:00+00:00', '--job-id', '3', '--raw', '--subdir', 'DAGS_FOLDER/etl_pipeline_dag.py', '--cfg-path', '/tmp/tmp9srl1ffj']
[2025-12-14T16:49:33.644+0000] {standard_task_runner.py:88} INFO - Job 3: Subtask extract_data
[2025-12-14T16:49:33.745+0000] {task_command.py:423} INFO - Running <TaskInstance: etl_pipeline_dag.extract_data scheduled__2025-12-13T00:00:00+00:00 [running]> on host f4643585deea
[2025-12-14T16:49:33.819+0000] {taskinstance.py:2480} INFO - Exporting env vars: AIRFLOW_CTX_DAG_OWNER='airflow' AIRFLOW_CTX_DAG_ID='etl_pipeline_dag' AIRFLOW_CTX_TASK_ID='extract_data' AIRFLOW_CTX_EXECUTION_DATE='2025-12-13T00:00:00+00:00' AIRFLOW_CTX_TRY_NUMBER='1' AIRFLOW_CTX_DAG_RUN_ID='scheduled__2025-12-13T00:00:00+00:00'
[2025-12-14T16:49:33.821+0000] {logging_mixin.py:188} INFO - Extracting data...
[2025-12-14T16:49:33.821+0000] {python.py:201} INFO - Done. Returned value was: ['name,age', 'Alice,25', 'Bob,30']
[2025-12-14T16:49:33.847+0000] {taskinstance.py:1138} INFO - Marking task as SUCCESS. dag_id=etl_pipeline_dag, task_id=extract_data, execution_date=20251213T000000, start_date=20251214T164933, end_date=20251214T164933
[2025-12-14T16:49:33.894+0000] {local_task_job_runner.py:234} INFO - Task exited with return code 0
[2025-12-14T16:49:33.916+0000] {taskinstance.py:3280} INFO - 1 downstream tasks scheduled from follow-on schedule check
