[2026-01-12T16:44:21.824+0000] {processor.py:161} INFO - Started process (PID=190) to work on /opt/airflow/dags/amazon_scoring_quality_dag.py
[2026-01-12T16:44:21.828+0000] {processor.py:830} INFO - Processing file /opt/airflow/dags/amazon_scoring_quality_dag.py for tasks to queue
[2026-01-12T16:44:21.829+0000] {logging_mixin.py:188} INFO - [2026-01-12T16:44:21.829+0000] {dagbag.py:538} INFO - Filling up the DagBag from /opt/airflow/dags/amazon_scoring_quality_dag.py
[2026-01-12T16:44:22.549+0000] {processor.py:840} INFO - DAG(s) 'amazon_scoring_quality_metrics' retrieved from /opt/airflow/dags/amazon_scoring_quality_dag.py
[2026-01-12T16:44:22.596+0000] {logging_mixin.py:188} INFO - [2026-01-12T16:44:22.595+0000] {dag.py:3036} INFO - Sync 1 DAGs
[2026-01-12T16:44:22.614+0000] {logging_mixin.py:188} INFO - [2026-01-12T16:44:22.614+0000] {dag.py:3823} INFO - Setting next_dagrun for amazon_scoring_quality_metrics to None, run_after=None
[2026-01-12T16:44:22.677+0000] {processor.py:183} INFO - Processing /opt/airflow/dags/amazon_scoring_quality_dag.py took 0.858 seconds
[2026-01-12T16:44:53.068+0000] {processor.py:161} INFO - Started process (PID=232) to work on /opt/airflow/dags/amazon_scoring_quality_dag.py
[2026-01-12T16:44:53.070+0000] {processor.py:830} INFO - Processing file /opt/airflow/dags/amazon_scoring_quality_dag.py for tasks to queue
[2026-01-12T16:44:53.072+0000] {logging_mixin.py:188} INFO - [2026-01-12T16:44:53.072+0000] {dagbag.py:538} INFO - Filling up the DagBag from /opt/airflow/dags/amazon_scoring_quality_dag.py
[2026-01-12T16:44:53.651+0000] {processor.py:840} INFO - DAG(s) 'amazon_scoring_quality_metrics' retrieved from /opt/airflow/dags/amazon_scoring_quality_dag.py
[2026-01-12T16:44:53.681+0000] {logging_mixin.py:188} INFO - [2026-01-12T16:44:53.681+0000] {dag.py:3036} INFO - Sync 1 DAGs
[2026-01-12T16:44:53.697+0000] {logging_mixin.py:188} INFO - [2026-01-12T16:44:53.696+0000] {dag.py:3823} INFO - Setting next_dagrun for amazon_scoring_quality_metrics to None, run_after=None
[2026-01-12T16:44:53.738+0000] {processor.py:183} INFO - Processing /opt/airflow/dags/amazon_scoring_quality_dag.py took 0.676 seconds
[2026-01-12T16:45:24.182+0000] {processor.py:161} INFO - Started process (PID=272) to work on /opt/airflow/dags/amazon_scoring_quality_dag.py
[2026-01-12T16:45:24.184+0000] {processor.py:830} INFO - Processing file /opt/airflow/dags/amazon_scoring_quality_dag.py for tasks to queue
[2026-01-12T16:45:24.190+0000] {logging_mixin.py:188} INFO - [2026-01-12T16:45:24.189+0000] {dagbag.py:538} INFO - Filling up the DagBag from /opt/airflow/dags/amazon_scoring_quality_dag.py
[2026-01-12T16:45:24.963+0000] {processor.py:840} INFO - DAG(s) 'amazon_scoring_quality_metrics' retrieved from /opt/airflow/dags/amazon_scoring_quality_dag.py
[2026-01-12T16:45:25.003+0000] {logging_mixin.py:188} INFO - [2026-01-12T16:45:25.001+0000] {dag.py:3036} INFO - Sync 1 DAGs
[2026-01-12T16:45:25.026+0000] {logging_mixin.py:188} INFO - [2026-01-12T16:45:25.025+0000] {dag.py:3823} INFO - Setting next_dagrun for amazon_scoring_quality_metrics to None, run_after=None
[2026-01-12T16:45:25.089+0000] {processor.py:183} INFO - Processing /opt/airflow/dags/amazon_scoring_quality_dag.py took 0.915 seconds
[2026-01-12T16:45:55.233+0000] {processor.py:161} INFO - Started process (PID=314) to work on /opt/airflow/dags/amazon_scoring_quality_dag.py
[2026-01-12T16:45:55.234+0000] {processor.py:830} INFO - Processing file /opt/airflow/dags/amazon_scoring_quality_dag.py for tasks to queue
[2026-01-12T16:45:55.235+0000] {logging_mixin.py:188} INFO - [2026-01-12T16:45:55.235+0000] {dagbag.py:538} INFO - Filling up the DagBag from /opt/airflow/dags/amazon_scoring_quality_dag.py
[2026-01-12T16:45:55.588+0000] {processor.py:840} INFO - DAG(s) 'amazon_scoring_quality_metrics' retrieved from /opt/airflow/dags/amazon_scoring_quality_dag.py
[2026-01-12T16:45:55.598+0000] {logging_mixin.py:188} INFO - [2026-01-12T16:45:55.597+0000] {dag.py:3036} INFO - Sync 1 DAGs
[2026-01-12T16:45:55.608+0000] {logging_mixin.py:188} INFO - [2026-01-12T16:45:55.608+0000] {dag.py:3823} INFO - Setting next_dagrun for amazon_scoring_quality_metrics to None, run_after=None
[2026-01-12T16:45:55.636+0000] {processor.py:183} INFO - Processing /opt/airflow/dags/amazon_scoring_quality_dag.py took 0.406 seconds
[2026-01-12T16:46:26.071+0000] {processor.py:161} INFO - Started process (PID=354) to work on /opt/airflow/dags/amazon_scoring_quality_dag.py
[2026-01-12T16:46:26.072+0000] {processor.py:830} INFO - Processing file /opt/airflow/dags/amazon_scoring_quality_dag.py for tasks to queue
[2026-01-12T16:46:26.073+0000] {logging_mixin.py:188} INFO - [2026-01-12T16:46:26.073+0000] {dagbag.py:538} INFO - Filling up the DagBag from /opt/airflow/dags/amazon_scoring_quality_dag.py
[2026-01-12T16:46:26.603+0000] {processor.py:840} INFO - DAG(s) 'amazon_scoring_quality_metrics' retrieved from /opt/airflow/dags/amazon_scoring_quality_dag.py
[2026-01-12T16:46:26.762+0000] {logging_mixin.py:188} INFO - [2026-01-12T16:46:26.761+0000] {dag.py:3036} INFO - Sync 1 DAGs
[2026-01-12T16:46:26.776+0000] {logging_mixin.py:188} INFO - [2026-01-12T16:46:26.776+0000] {dag.py:3823} INFO - Setting next_dagrun for amazon_scoring_quality_metrics to None, run_after=None
[2026-01-12T16:46:26.830+0000] {processor.py:183} INFO - Processing /opt/airflow/dags/amazon_scoring_quality_dag.py took 0.763 seconds
[2026-01-12T16:46:57.132+0000] {processor.py:161} INFO - Started process (PID=399) to work on /opt/airflow/dags/amazon_scoring_quality_dag.py
[2026-01-12T16:46:57.134+0000] {processor.py:830} INFO - Processing file /opt/airflow/dags/amazon_scoring_quality_dag.py for tasks to queue
[2026-01-12T16:46:57.135+0000] {logging_mixin.py:188} INFO - [2026-01-12T16:46:57.135+0000] {dagbag.py:538} INFO - Filling up the DagBag from /opt/airflow/dags/amazon_scoring_quality_dag.py
[2026-01-12T16:46:57.590+0000] {processor.py:840} INFO - DAG(s) 'amazon_scoring_quality_metrics' retrieved from /opt/airflow/dags/amazon_scoring_quality_dag.py
[2026-01-12T16:46:57.612+0000] {logging_mixin.py:188} INFO - [2026-01-12T16:46:57.612+0000] {dag.py:3036} INFO - Sync 1 DAGs
[2026-01-12T16:46:57.621+0000] {logging_mixin.py:188} INFO - [2026-01-12T16:46:57.621+0000] {dag.py:3823} INFO - Setting next_dagrun for amazon_scoring_quality_metrics to None, run_after=None
[2026-01-12T16:46:57.650+0000] {processor.py:183} INFO - Processing /opt/airflow/dags/amazon_scoring_quality_dag.py took 0.521 seconds
[2026-01-12T16:47:27.775+0000] {processor.py:161} INFO - Started process (PID=437) to work on /opt/airflow/dags/amazon_scoring_quality_dag.py
[2026-01-12T16:47:27.777+0000] {processor.py:830} INFO - Processing file /opt/airflow/dags/amazon_scoring_quality_dag.py for tasks to queue
[2026-01-12T16:47:27.779+0000] {logging_mixin.py:188} INFO - [2026-01-12T16:47:27.779+0000] {dagbag.py:538} INFO - Filling up the DagBag from /opt/airflow/dags/amazon_scoring_quality_dag.py
[2026-01-12T16:47:28.889+0000] {processor.py:840} INFO - DAG(s) 'amazon_scoring_quality_metrics' retrieved from /opt/airflow/dags/amazon_scoring_quality_dag.py
[2026-01-12T16:47:28.922+0000] {logging_mixin.py:188} INFO - [2026-01-12T16:47:28.920+0000] {dag.py:3036} INFO - Sync 1 DAGs
[2026-01-12T16:47:28.935+0000] {logging_mixin.py:188} INFO - [2026-01-12T16:47:28.935+0000] {dag.py:3823} INFO - Setting next_dagrun for amazon_scoring_quality_metrics to None, run_after=None
[2026-01-12T16:47:28.978+0000] {processor.py:183} INFO - Processing /opt/airflow/dags/amazon_scoring_quality_dag.py took 1.210 seconds
[2026-01-12T16:47:59.180+0000] {processor.py:161} INFO - Started process (PID=477) to work on /opt/airflow/dags/amazon_scoring_quality_dag.py
[2026-01-12T16:47:59.181+0000] {processor.py:830} INFO - Processing file /opt/airflow/dags/amazon_scoring_quality_dag.py for tasks to queue
[2026-01-12T16:47:59.183+0000] {logging_mixin.py:188} INFO - [2026-01-12T16:47:59.182+0000] {dagbag.py:538} INFO - Filling up the DagBag from /opt/airflow/dags/amazon_scoring_quality_dag.py
[2026-01-12T16:48:00.014+0000] {processor.py:840} INFO - DAG(s) 'amazon_scoring_quality_metrics' retrieved from /opt/airflow/dags/amazon_scoring_quality_dag.py
[2026-01-12T16:48:00.072+0000] {logging_mixin.py:188} INFO - [2026-01-12T16:48:00.071+0000] {dag.py:3036} INFO - Sync 1 DAGs
[2026-01-12T16:48:00.107+0000] {logging_mixin.py:188} INFO - [2026-01-12T16:48:00.107+0000] {dag.py:3823} INFO - Setting next_dagrun for amazon_scoring_quality_metrics to None, run_after=None
[2026-01-12T16:48:00.178+0000] {processor.py:183} INFO - Processing /opt/airflow/dags/amazon_scoring_quality_dag.py took 1.008 seconds
[2026-01-12T16:48:30.306+0000] {processor.py:161} INFO - Started process (PID=517) to work on /opt/airflow/dags/amazon_scoring_quality_dag.py
[2026-01-12T16:48:30.311+0000] {processor.py:830} INFO - Processing file /opt/airflow/dags/amazon_scoring_quality_dag.py for tasks to queue
[2026-01-12T16:48:30.315+0000] {logging_mixin.py:188} INFO - [2026-01-12T16:48:30.314+0000] {dagbag.py:538} INFO - Filling up the DagBag from /opt/airflow/dags/amazon_scoring_quality_dag.py
[2026-01-12T16:48:31.257+0000] {processor.py:840} INFO - DAG(s) 'amazon_scoring_quality_metrics' retrieved from /opt/airflow/dags/amazon_scoring_quality_dag.py
[2026-01-12T16:48:31.306+0000] {logging_mixin.py:188} INFO - [2026-01-12T16:48:31.305+0000] {dag.py:3036} INFO - Sync 1 DAGs
[2026-01-12T16:48:31.329+0000] {logging_mixin.py:188} INFO - [2026-01-12T16:48:31.328+0000] {dag.py:3823} INFO - Setting next_dagrun for amazon_scoring_quality_metrics to None, run_after=None
[2026-01-12T16:48:31.402+0000] {processor.py:183} INFO - Processing /opt/airflow/dags/amazon_scoring_quality_dag.py took 1.102 seconds
[2026-01-12T16:49:02.047+0000] {processor.py:161} INFO - Started process (PID=557) to work on /opt/airflow/dags/amazon_scoring_quality_dag.py
[2026-01-12T16:49:02.049+0000] {processor.py:830} INFO - Processing file /opt/airflow/dags/amazon_scoring_quality_dag.py for tasks to queue
[2026-01-12T16:49:02.051+0000] {logging_mixin.py:188} INFO - [2026-01-12T16:49:02.051+0000] {dagbag.py:538} INFO - Filling up the DagBag from /opt/airflow/dags/amazon_scoring_quality_dag.py
[2026-01-12T16:49:02.742+0000] {processor.py:840} INFO - DAG(s) 'amazon_scoring_quality_metrics' retrieved from /opt/airflow/dags/amazon_scoring_quality_dag.py
[2026-01-12T16:49:02.779+0000] {logging_mixin.py:188} INFO - [2026-01-12T16:49:02.778+0000] {dag.py:3036} INFO - Sync 1 DAGs
[2026-01-12T16:49:02.795+0000] {logging_mixin.py:188} INFO - [2026-01-12T16:49:02.794+0000] {dag.py:3823} INFO - Setting next_dagrun for amazon_scoring_quality_metrics to None, run_after=None
[2026-01-12T16:49:03.299+0000] {processor.py:183} INFO - Processing /opt/airflow/dags/amazon_scoring_quality_dag.py took 1.258 seconds
[2026-01-12T16:49:33.480+0000] {processor.py:161} INFO - Started process (PID=596) to work on /opt/airflow/dags/amazon_scoring_quality_dag.py
[2026-01-12T16:49:33.482+0000] {processor.py:830} INFO - Processing file /opt/airflow/dags/amazon_scoring_quality_dag.py for tasks to queue
[2026-01-12T16:49:33.486+0000] {logging_mixin.py:188} INFO - [2026-01-12T16:49:33.485+0000] {dagbag.py:538} INFO - Filling up the DagBag from /opt/airflow/dags/amazon_scoring_quality_dag.py
[2026-01-12T16:49:34.466+0000] {processor.py:840} INFO - DAG(s) 'amazon_scoring_quality_metrics' retrieved from /opt/airflow/dags/amazon_scoring_quality_dag.py
[2026-01-12T16:49:34.510+0000] {logging_mixin.py:188} INFO - [2026-01-12T16:49:34.510+0000] {dag.py:3036} INFO - Sync 1 DAGs
[2026-01-12T16:49:34.531+0000] {logging_mixin.py:188} INFO - [2026-01-12T16:49:34.531+0000] {dag.py:3823} INFO - Setting next_dagrun for amazon_scoring_quality_metrics to None, run_after=None
[2026-01-12T16:49:34.843+0000] {processor.py:183} INFO - Processing /opt/airflow/dags/amazon_scoring_quality_dag.py took 1.368 seconds
[2026-01-12T16:50:04.975+0000] {processor.py:161} INFO - Started process (PID=633) to work on /opt/airflow/dags/amazon_scoring_quality_dag.py
[2026-01-12T16:50:04.979+0000] {processor.py:830} INFO - Processing file /opt/airflow/dags/amazon_scoring_quality_dag.py for tasks to queue
[2026-01-12T16:50:04.983+0000] {logging_mixin.py:188} INFO - [2026-01-12T16:50:04.982+0000] {dagbag.py:538} INFO - Filling up the DagBag from /opt/airflow/dags/amazon_scoring_quality_dag.py
[2026-01-12T16:50:05.981+0000] {processor.py:840} INFO - DAG(s) 'amazon_scoring_quality_metrics' retrieved from /opt/airflow/dags/amazon_scoring_quality_dag.py
[2026-01-12T16:50:06.066+0000] {logging_mixin.py:188} INFO - [2026-01-12T16:50:06.063+0000] {dag.py:3036} INFO - Sync 1 DAGs
[2026-01-12T16:50:06.107+0000] {logging_mixin.py:188} INFO - [2026-01-12T16:50:06.107+0000] {dag.py:3823} INFO - Setting next_dagrun for amazon_scoring_quality_metrics to None, run_after=None
[2026-01-12T16:50:06.476+0000] {processor.py:183} INFO - Processing /opt/airflow/dags/amazon_scoring_quality_dag.py took 1.509 seconds
[2026-01-12T16:50:37.594+0000] {processor.py:161} INFO - Started process (PID=676) to work on /opt/airflow/dags/amazon_scoring_quality_dag.py
[2026-01-12T16:50:37.596+0000] {processor.py:830} INFO - Processing file /opt/airflow/dags/amazon_scoring_quality_dag.py for tasks to queue
[2026-01-12T16:50:37.598+0000] {logging_mixin.py:188} INFO - [2026-01-12T16:50:37.598+0000] {dagbag.py:538} INFO - Filling up the DagBag from /opt/airflow/dags/amazon_scoring_quality_dag.py
[2026-01-12T16:50:38.512+0000] {processor.py:840} INFO - DAG(s) 'amazon_scoring_quality_metrics' retrieved from /opt/airflow/dags/amazon_scoring_quality_dag.py
[2026-01-12T16:50:38.564+0000] {logging_mixin.py:188} INFO - [2026-01-12T16:50:38.563+0000] {dag.py:3036} INFO - Sync 1 DAGs
[2026-01-12T16:50:38.585+0000] {logging_mixin.py:188} INFO - [2026-01-12T16:50:38.584+0000] {dag.py:3823} INFO - Setting next_dagrun for amazon_scoring_quality_metrics to None, run_after=None
[2026-01-12T16:50:38.690+0000] {processor.py:183} INFO - Processing /opt/airflow/dags/amazon_scoring_quality_dag.py took 1.104 seconds
[2026-01-12T16:51:08.988+0000] {processor.py:161} INFO - Started process (PID=716) to work on /opt/airflow/dags/amazon_scoring_quality_dag.py
[2026-01-12T16:51:08.990+0000] {processor.py:830} INFO - Processing file /opt/airflow/dags/amazon_scoring_quality_dag.py for tasks to queue
[2026-01-12T16:51:08.991+0000] {logging_mixin.py:188} INFO - [2026-01-12T16:51:08.991+0000] {dagbag.py:538} INFO - Filling up the DagBag from /opt/airflow/dags/amazon_scoring_quality_dag.py
[2026-01-12T16:51:09.550+0000] {processor.py:840} INFO - DAG(s) 'amazon_scoring_quality_metrics' retrieved from /opt/airflow/dags/amazon_scoring_quality_dag.py
[2026-01-12T16:51:09.581+0000] {logging_mixin.py:188} INFO - [2026-01-12T16:51:09.580+0000] {dag.py:3036} INFO - Sync 1 DAGs
[2026-01-12T16:51:09.593+0000] {logging_mixin.py:188} INFO - [2026-01-12T16:51:09.593+0000] {dag.py:3823} INFO - Setting next_dagrun for amazon_scoring_quality_metrics to None, run_after=None
[2026-01-12T16:51:09.640+0000] {processor.py:183} INFO - Processing /opt/airflow/dags/amazon_scoring_quality_dag.py took 0.655 seconds
[2026-01-12T16:51:40.369+0000] {processor.py:161} INFO - Started process (PID=756) to work on /opt/airflow/dags/amazon_scoring_quality_dag.py
[2026-01-12T16:51:40.370+0000] {processor.py:830} INFO - Processing file /opt/airflow/dags/amazon_scoring_quality_dag.py for tasks to queue
[2026-01-12T16:51:40.372+0000] {logging_mixin.py:188} INFO - [2026-01-12T16:51:40.372+0000] {dagbag.py:538} INFO - Filling up the DagBag from /opt/airflow/dags/amazon_scoring_quality_dag.py
[2026-01-12T16:51:40.993+0000] {processor.py:840} INFO - DAG(s) 'amazon_scoring_quality_metrics' retrieved from /opt/airflow/dags/amazon_scoring_quality_dag.py
[2026-01-12T16:51:41.027+0000] {logging_mixin.py:188} INFO - [2026-01-12T16:51:41.027+0000] {dag.py:3036} INFO - Sync 1 DAGs
[2026-01-12T16:51:41.048+0000] {logging_mixin.py:188} INFO - [2026-01-12T16:51:41.046+0000] {dag.py:3823} INFO - Setting next_dagrun for amazon_scoring_quality_metrics to None, run_after=None
[2026-01-12T16:51:41.100+0000] {processor.py:183} INFO - Processing /opt/airflow/dags/amazon_scoring_quality_dag.py took 0.736 seconds
[2026-01-12T16:52:11.815+0000] {processor.py:161} INFO - Started process (PID=796) to work on /opt/airflow/dags/amazon_scoring_quality_dag.py
[2026-01-12T16:52:11.818+0000] {processor.py:830} INFO - Processing file /opt/airflow/dags/amazon_scoring_quality_dag.py for tasks to queue
[2026-01-12T16:52:11.820+0000] {logging_mixin.py:188} INFO - [2026-01-12T16:52:11.820+0000] {dagbag.py:538} INFO - Filling up the DagBag from /opt/airflow/dags/amazon_scoring_quality_dag.py
[2026-01-12T16:52:12.555+0000] {processor.py:840} INFO - DAG(s) 'amazon_scoring_quality_metrics' retrieved from /opt/airflow/dags/amazon_scoring_quality_dag.py
[2026-01-12T16:52:12.584+0000] {logging_mixin.py:188} INFO - [2026-01-12T16:52:12.584+0000] {dag.py:3036} INFO - Sync 1 DAGs
[2026-01-12T16:52:12.601+0000] {logging_mixin.py:188} INFO - [2026-01-12T16:52:12.600+0000] {dag.py:3823} INFO - Setting next_dagrun for amazon_scoring_quality_metrics to None, run_after=None
[2026-01-12T16:52:12.652+0000] {processor.py:183} INFO - Processing /opt/airflow/dags/amazon_scoring_quality_dag.py took 0.845 seconds
[2026-01-12T16:52:43.396+0000] {processor.py:161} INFO - Started process (PID=836) to work on /opt/airflow/dags/amazon_scoring_quality_dag.py
[2026-01-12T16:52:43.398+0000] {processor.py:830} INFO - Processing file /opt/airflow/dags/amazon_scoring_quality_dag.py for tasks to queue
[2026-01-12T16:52:43.400+0000] {logging_mixin.py:188} INFO - [2026-01-12T16:52:43.400+0000] {dagbag.py:538} INFO - Filling up the DagBag from /opt/airflow/dags/amazon_scoring_quality_dag.py
[2026-01-12T16:52:43.959+0000] {processor.py:840} INFO - DAG(s) 'amazon_scoring_quality_metrics' retrieved from /opt/airflow/dags/amazon_scoring_quality_dag.py
[2026-01-12T16:52:43.989+0000] {logging_mixin.py:188} INFO - [2026-01-12T16:52:43.989+0000] {dag.py:3036} INFO - Sync 1 DAGs
[2026-01-12T16:52:44.004+0000] {logging_mixin.py:188} INFO - [2026-01-12T16:52:44.004+0000] {dag.py:3823} INFO - Setting next_dagrun for amazon_scoring_quality_metrics to None, run_after=None
[2026-01-12T16:52:44.046+0000] {processor.py:183} INFO - Processing /opt/airflow/dags/amazon_scoring_quality_dag.py took 0.654 seconds
[2026-01-12T16:53:14.168+0000] {processor.py:161} INFO - Started process (PID=876) to work on /opt/airflow/dags/amazon_scoring_quality_dag.py
[2026-01-12T16:53:14.171+0000] {processor.py:830} INFO - Processing file /opt/airflow/dags/amazon_scoring_quality_dag.py for tasks to queue
[2026-01-12T16:53:14.174+0000] {logging_mixin.py:188} INFO - [2026-01-12T16:53:14.173+0000] {dagbag.py:538} INFO - Filling up the DagBag from /opt/airflow/dags/amazon_scoring_quality_dag.py
[2026-01-12T16:53:14.740+0000] {processor.py:840} INFO - DAG(s) 'amazon_scoring_quality_metrics' retrieved from /opt/airflow/dags/amazon_scoring_quality_dag.py
[2026-01-12T16:53:14.773+0000] {logging_mixin.py:188} INFO - [2026-01-12T16:53:14.772+0000] {dag.py:3036} INFO - Sync 1 DAGs
[2026-01-12T16:53:14.786+0000] {logging_mixin.py:188} INFO - [2026-01-12T16:53:14.786+0000] {dag.py:3823} INFO - Setting next_dagrun for amazon_scoring_quality_metrics to None, run_after=None
[2026-01-12T16:53:14.840+0000] {processor.py:183} INFO - Processing /opt/airflow/dags/amazon_scoring_quality_dag.py took 0.677 seconds
[2026-01-12T16:53:45.463+0000] {processor.py:161} INFO - Started process (PID=916) to work on /opt/airflow/dags/amazon_scoring_quality_dag.py
[2026-01-12T16:53:45.465+0000] {processor.py:830} INFO - Processing file /opt/airflow/dags/amazon_scoring_quality_dag.py for tasks to queue
[2026-01-12T16:53:45.467+0000] {logging_mixin.py:188} INFO - [2026-01-12T16:53:45.466+0000] {dagbag.py:538} INFO - Filling up the DagBag from /opt/airflow/dags/amazon_scoring_quality_dag.py
[2026-01-12T16:53:45.981+0000] {processor.py:840} INFO - DAG(s) 'amazon_scoring_quality_metrics' retrieved from /opt/airflow/dags/amazon_scoring_quality_dag.py
[2026-01-12T16:53:46.009+0000] {logging_mixin.py:188} INFO - [2026-01-12T16:53:46.008+0000] {dag.py:3036} INFO - Sync 1 DAGs
[2026-01-12T16:53:46.020+0000] {logging_mixin.py:188} INFO - [2026-01-12T16:53:46.020+0000] {dag.py:3823} INFO - Setting next_dagrun for amazon_scoring_quality_metrics to None, run_after=None
[2026-01-12T16:53:46.059+0000] {processor.py:183} INFO - Processing /opt/airflow/dags/amazon_scoring_quality_dag.py took 0.602 seconds
[2026-01-12T16:54:16.441+0000] {processor.py:161} INFO - Started process (PID=956) to work on /opt/airflow/dags/amazon_scoring_quality_dag.py
[2026-01-12T16:54:16.445+0000] {processor.py:830} INFO - Processing file /opt/airflow/dags/amazon_scoring_quality_dag.py for tasks to queue
[2026-01-12T16:54:16.447+0000] {logging_mixin.py:188} INFO - [2026-01-12T16:54:16.446+0000] {dagbag.py:538} INFO - Filling up the DagBag from /opt/airflow/dags/amazon_scoring_quality_dag.py
[2026-01-12T16:54:17.084+0000] {processor.py:840} INFO - DAG(s) 'amazon_scoring_quality_metrics' retrieved from /opt/airflow/dags/amazon_scoring_quality_dag.py
[2026-01-12T16:54:17.114+0000] {logging_mixin.py:188} INFO - [2026-01-12T16:54:17.113+0000] {dag.py:3036} INFO - Sync 1 DAGs
[2026-01-12T16:54:17.130+0000] {logging_mixin.py:188} INFO - [2026-01-12T16:54:17.130+0000] {dag.py:3823} INFO - Setting next_dagrun for amazon_scoring_quality_metrics to None, run_after=None
[2026-01-12T16:54:17.181+0000] {processor.py:183} INFO - Processing /opt/airflow/dags/amazon_scoring_quality_dag.py took 0.748 seconds
[2026-01-12T16:54:47.301+0000] {processor.py:161} INFO - Started process (PID=996) to work on /opt/airflow/dags/amazon_scoring_quality_dag.py
[2026-01-12T16:54:47.303+0000] {processor.py:830} INFO - Processing file /opt/airflow/dags/amazon_scoring_quality_dag.py for tasks to queue
[2026-01-12T16:54:47.304+0000] {logging_mixin.py:188} INFO - [2026-01-12T16:54:47.303+0000] {dagbag.py:538} INFO - Filling up the DagBag from /opt/airflow/dags/amazon_scoring_quality_dag.py
[2026-01-12T16:54:47.803+0000] {processor.py:840} INFO - DAG(s) 'amazon_scoring_quality_metrics' retrieved from /opt/airflow/dags/amazon_scoring_quality_dag.py
[2026-01-12T16:54:47.829+0000] {logging_mixin.py:188} INFO - [2026-01-12T16:54:47.829+0000] {dag.py:3036} INFO - Sync 1 DAGs
[2026-01-12T16:54:47.841+0000] {logging_mixin.py:188} INFO - [2026-01-12T16:54:47.840+0000] {dag.py:3823} INFO - Setting next_dagrun for amazon_scoring_quality_metrics to None, run_after=None
[2026-01-12T16:54:47.879+0000] {processor.py:183} INFO - Processing /opt/airflow/dags/amazon_scoring_quality_dag.py took 0.581 seconds
[2026-01-12T16:55:18.102+0000] {processor.py:161} INFO - Started process (PID=1036) to work on /opt/airflow/dags/amazon_scoring_quality_dag.py
[2026-01-12T16:55:18.103+0000] {processor.py:830} INFO - Processing file /opt/airflow/dags/amazon_scoring_quality_dag.py for tasks to queue
[2026-01-12T16:55:18.104+0000] {logging_mixin.py:188} INFO - [2026-01-12T16:55:18.104+0000] {dagbag.py:538} INFO - Filling up the DagBag from /opt/airflow/dags/amazon_scoring_quality_dag.py
[2026-01-12T16:55:18.658+0000] {processor.py:840} INFO - DAG(s) 'amazon_scoring_quality_metrics' retrieved from /opt/airflow/dags/amazon_scoring_quality_dag.py
[2026-01-12T16:55:18.684+0000] {logging_mixin.py:188} INFO - [2026-01-12T16:55:18.683+0000] {dag.py:3036} INFO - Sync 1 DAGs
[2026-01-12T16:55:18.696+0000] {logging_mixin.py:188} INFO - [2026-01-12T16:55:18.696+0000] {dag.py:3823} INFO - Setting next_dagrun for amazon_scoring_quality_metrics to None, run_after=None
[2026-01-12T16:55:18.742+0000] {processor.py:183} INFO - Processing /opt/airflow/dags/amazon_scoring_quality_dag.py took 0.646 seconds
[2026-01-12T16:55:48.996+0000] {processor.py:161} INFO - Started process (PID=1076) to work on /opt/airflow/dags/amazon_scoring_quality_dag.py
[2026-01-12T16:55:48.999+0000] {processor.py:830} INFO - Processing file /opt/airflow/dags/amazon_scoring_quality_dag.py for tasks to queue
[2026-01-12T16:55:49.001+0000] {logging_mixin.py:188} INFO - [2026-01-12T16:55:49.000+0000] {dagbag.py:538} INFO - Filling up the DagBag from /opt/airflow/dags/amazon_scoring_quality_dag.py
[2026-01-12T16:55:49.569+0000] {processor.py:840} INFO - DAG(s) 'amazon_scoring_quality_metrics' retrieved from /opt/airflow/dags/amazon_scoring_quality_dag.py
[2026-01-12T16:55:49.592+0000] {logging_mixin.py:188} INFO - [2026-01-12T16:55:49.592+0000] {dag.py:3036} INFO - Sync 1 DAGs
[2026-01-12T16:55:49.611+0000] {logging_mixin.py:188} INFO - [2026-01-12T16:55:49.611+0000] {dag.py:3823} INFO - Setting next_dagrun for amazon_scoring_quality_metrics to None, run_after=None
[2026-01-12T16:55:49.652+0000] {processor.py:183} INFO - Processing /opt/airflow/dags/amazon_scoring_quality_dag.py took 0.661 seconds
[2026-01-12T16:56:20.062+0000] {processor.py:161} INFO - Started process (PID=1116) to work on /opt/airflow/dags/amazon_scoring_quality_dag.py
[2026-01-12T16:56:20.064+0000] {processor.py:830} INFO - Processing file /opt/airflow/dags/amazon_scoring_quality_dag.py for tasks to queue
[2026-01-12T16:56:20.066+0000] {logging_mixin.py:188} INFO - [2026-01-12T16:56:20.065+0000] {dagbag.py:538} INFO - Filling up the DagBag from /opt/airflow/dags/amazon_scoring_quality_dag.py
[2026-01-12T16:56:20.557+0000] {processor.py:840} INFO - DAG(s) 'amazon_scoring_quality_metrics' retrieved from /opt/airflow/dags/amazon_scoring_quality_dag.py
[2026-01-12T16:56:20.581+0000] {logging_mixin.py:188} INFO - [2026-01-12T16:56:20.581+0000] {dag.py:3036} INFO - Sync 1 DAGs
[2026-01-12T16:56:20.593+0000] {logging_mixin.py:188} INFO - [2026-01-12T16:56:20.593+0000] {dag.py:3823} INFO - Setting next_dagrun for amazon_scoring_quality_metrics to None, run_after=None
[2026-01-12T16:56:20.629+0000] {processor.py:183} INFO - Processing /opt/airflow/dags/amazon_scoring_quality_dag.py took 0.571 seconds
[2026-01-12T16:56:50.908+0000] {processor.py:161} INFO - Started process (PID=1156) to work on /opt/airflow/dags/amazon_scoring_quality_dag.py
[2026-01-12T16:56:50.913+0000] {processor.py:830} INFO - Processing file /opt/airflow/dags/amazon_scoring_quality_dag.py for tasks to queue
[2026-01-12T16:56:50.915+0000] {logging_mixin.py:188} INFO - [2026-01-12T16:56:50.914+0000] {dagbag.py:538} INFO - Filling up the DagBag from /opt/airflow/dags/amazon_scoring_quality_dag.py
[2026-01-12T16:56:51.502+0000] {processor.py:840} INFO - DAG(s) 'amazon_scoring_quality_metrics' retrieved from /opt/airflow/dags/amazon_scoring_quality_dag.py
[2026-01-12T16:56:51.526+0000] {logging_mixin.py:188} INFO - [2026-01-12T16:56:51.525+0000] {dag.py:3036} INFO - Sync 1 DAGs
[2026-01-12T16:56:51.539+0000] {logging_mixin.py:188} INFO - [2026-01-12T16:56:51.539+0000] {dag.py:3823} INFO - Setting next_dagrun for amazon_scoring_quality_metrics to None, run_after=None
[2026-01-12T16:56:51.575+0000] {processor.py:183} INFO - Processing /opt/airflow/dags/amazon_scoring_quality_dag.py took 0.670 seconds
[2026-01-12T16:57:21.755+0000] {processor.py:161} INFO - Started process (PID=1196) to work on /opt/airflow/dags/amazon_scoring_quality_dag.py
[2026-01-12T16:57:21.757+0000] {processor.py:830} INFO - Processing file /opt/airflow/dags/amazon_scoring_quality_dag.py for tasks to queue
[2026-01-12T16:57:21.758+0000] {logging_mixin.py:188} INFO - [2026-01-12T16:57:21.758+0000] {dagbag.py:538} INFO - Filling up the DagBag from /opt/airflow/dags/amazon_scoring_quality_dag.py
[2026-01-12T16:57:22.283+0000] {processor.py:840} INFO - DAG(s) 'amazon_scoring_quality_metrics' retrieved from /opt/airflow/dags/amazon_scoring_quality_dag.py
[2026-01-12T16:57:22.314+0000] {logging_mixin.py:188} INFO - [2026-01-12T16:57:22.313+0000] {dag.py:3036} INFO - Sync 1 DAGs
[2026-01-12T16:57:22.326+0000] {logging_mixin.py:188} INFO - [2026-01-12T16:57:22.326+0000] {dag.py:3823} INFO - Setting next_dagrun for amazon_scoring_quality_metrics to None, run_after=None
[2026-01-12T16:57:22.372+0000] {processor.py:183} INFO - Processing /opt/airflow/dags/amazon_scoring_quality_dag.py took 0.620 seconds
[2026-01-12T16:57:52.519+0000] {processor.py:161} INFO - Started process (PID=1236) to work on /opt/airflow/dags/amazon_scoring_quality_dag.py
[2026-01-12T16:57:52.520+0000] {processor.py:830} INFO - Processing file /opt/airflow/dags/amazon_scoring_quality_dag.py for tasks to queue
[2026-01-12T16:57:52.521+0000] {logging_mixin.py:188} INFO - [2026-01-12T16:57:52.521+0000] {dagbag.py:538} INFO - Filling up the DagBag from /opt/airflow/dags/amazon_scoring_quality_dag.py
[2026-01-12T16:57:52.993+0000] {processor.py:840} INFO - DAG(s) 'amazon_scoring_quality_metrics' retrieved from /opt/airflow/dags/amazon_scoring_quality_dag.py
[2026-01-12T16:57:53.020+0000] {logging_mixin.py:188} INFO - [2026-01-12T16:57:53.020+0000] {dag.py:3036} INFO - Sync 1 DAGs
[2026-01-12T16:57:53.032+0000] {logging_mixin.py:188} INFO - [2026-01-12T16:57:53.032+0000] {dag.py:3823} INFO - Setting next_dagrun for amazon_scoring_quality_metrics to None, run_after=None
[2026-01-12T16:57:53.069+0000] {processor.py:183} INFO - Processing /opt/airflow/dags/amazon_scoring_quality_dag.py took 0.555 seconds
[2026-01-12T16:58:23.361+0000] {processor.py:161} INFO - Started process (PID=1276) to work on /opt/airflow/dags/amazon_scoring_quality_dag.py
[2026-01-12T16:58:23.362+0000] {processor.py:830} INFO - Processing file /opt/airflow/dags/amazon_scoring_quality_dag.py for tasks to queue
[2026-01-12T16:58:23.363+0000] {logging_mixin.py:188} INFO - [2026-01-12T16:58:23.363+0000] {dagbag.py:538} INFO - Filling up the DagBag from /opt/airflow/dags/amazon_scoring_quality_dag.py
[2026-01-12T16:58:23.898+0000] {processor.py:840} INFO - DAG(s) 'amazon_scoring_quality_metrics' retrieved from /opt/airflow/dags/amazon_scoring_quality_dag.py
[2026-01-12T16:58:23.929+0000] {logging_mixin.py:188} INFO - [2026-01-12T16:58:23.928+0000] {dag.py:3036} INFO - Sync 1 DAGs
[2026-01-12T16:58:23.941+0000] {logging_mixin.py:188} INFO - [2026-01-12T16:58:23.941+0000] {dag.py:3823} INFO - Setting next_dagrun for amazon_scoring_quality_metrics to None, run_after=None
[2026-01-12T16:58:23.989+0000] {processor.py:183} INFO - Processing /opt/airflow/dags/amazon_scoring_quality_dag.py took 0.632 seconds
[2026-01-12T16:58:54.169+0000] {processor.py:161} INFO - Started process (PID=1316) to work on /opt/airflow/dags/amazon_scoring_quality_dag.py
[2026-01-12T16:58:54.171+0000] {processor.py:830} INFO - Processing file /opt/airflow/dags/amazon_scoring_quality_dag.py for tasks to queue
[2026-01-12T16:58:54.173+0000] {logging_mixin.py:188} INFO - [2026-01-12T16:58:54.172+0000] {dagbag.py:538} INFO - Filling up the DagBag from /opt/airflow/dags/amazon_scoring_quality_dag.py
[2026-01-12T16:58:54.657+0000] {processor.py:840} INFO - DAG(s) 'amazon_scoring_quality_metrics' retrieved from /opt/airflow/dags/amazon_scoring_quality_dag.py
[2026-01-12T16:58:54.679+0000] {logging_mixin.py:188} INFO - [2026-01-12T16:58:54.679+0000] {dag.py:3036} INFO - Sync 1 DAGs
[2026-01-12T16:58:54.692+0000] {logging_mixin.py:188} INFO - [2026-01-12T16:58:54.692+0000] {dag.py:3823} INFO - Setting next_dagrun for amazon_scoring_quality_metrics to None, run_after=None
[2026-01-12T16:58:54.727+0000] {processor.py:183} INFO - Processing /opt/airflow/dags/amazon_scoring_quality_dag.py took 0.564 seconds
[2026-01-12T16:59:25.066+0000] {processor.py:161} INFO - Started process (PID=1356) to work on /opt/airflow/dags/amazon_scoring_quality_dag.py
[2026-01-12T16:59:25.068+0000] {processor.py:830} INFO - Processing file /opt/airflow/dags/amazon_scoring_quality_dag.py for tasks to queue
[2026-01-12T16:59:25.070+0000] {logging_mixin.py:188} INFO - [2026-01-12T16:59:25.069+0000] {dagbag.py:538} INFO - Filling up the DagBag from /opt/airflow/dags/amazon_scoring_quality_dag.py
[2026-01-12T16:59:25.584+0000] {processor.py:840} INFO - DAG(s) 'amazon_scoring_quality_metrics' retrieved from /opt/airflow/dags/amazon_scoring_quality_dag.py
[2026-01-12T16:59:25.616+0000] {logging_mixin.py:188} INFO - [2026-01-12T16:59:25.615+0000] {dag.py:3036} INFO - Sync 1 DAGs
[2026-01-12T16:59:25.630+0000] {logging_mixin.py:188} INFO - [2026-01-12T16:59:25.630+0000] {dag.py:3823} INFO - Setting next_dagrun for amazon_scoring_quality_metrics to None, run_after=None
[2026-01-12T16:59:25.668+0000] {processor.py:183} INFO - Processing /opt/airflow/dags/amazon_scoring_quality_dag.py took 0.606 seconds
[2026-01-12T16:59:56.099+0000] {processor.py:161} INFO - Started process (PID=1396) to work on /opt/airflow/dags/amazon_scoring_quality_dag.py
[2026-01-12T16:59:56.102+0000] {processor.py:830} INFO - Processing file /opt/airflow/dags/amazon_scoring_quality_dag.py for tasks to queue
[2026-01-12T16:59:56.103+0000] {logging_mixin.py:188} INFO - [2026-01-12T16:59:56.103+0000] {dagbag.py:538} INFO - Filling up the DagBag from /opt/airflow/dags/amazon_scoring_quality_dag.py
[2026-01-12T16:59:56.550+0000] {processor.py:840} INFO - DAG(s) 'amazon_scoring_quality_metrics' retrieved from /opt/airflow/dags/amazon_scoring_quality_dag.py
[2026-01-12T16:59:56.571+0000] {logging_mixin.py:188} INFO - [2026-01-12T16:59:56.571+0000] {dag.py:3036} INFO - Sync 1 DAGs
[2026-01-12T16:59:56.581+0000] {logging_mixin.py:188} INFO - [2026-01-12T16:59:56.581+0000] {dag.py:3823} INFO - Setting next_dagrun for amazon_scoring_quality_metrics to None, run_after=None
[2026-01-12T16:59:56.613+0000] {processor.py:183} INFO - Processing /opt/airflow/dags/amazon_scoring_quality_dag.py took 0.518 seconds
[2026-01-12T17:00:26.820+0000] {processor.py:161} INFO - Started process (PID=1436) to work on /opt/airflow/dags/amazon_scoring_quality_dag.py
[2026-01-12T17:00:26.821+0000] {processor.py:830} INFO - Processing file /opt/airflow/dags/amazon_scoring_quality_dag.py for tasks to queue
[2026-01-12T17:00:26.823+0000] {logging_mixin.py:188} INFO - [2026-01-12T17:00:26.823+0000] {dagbag.py:538} INFO - Filling up the DagBag from /opt/airflow/dags/amazon_scoring_quality_dag.py
[2026-01-12T17:00:27.419+0000] {processor.py:840} INFO - DAG(s) 'amazon_scoring_quality_metrics' retrieved from /opt/airflow/dags/amazon_scoring_quality_dag.py
[2026-01-12T17:00:27.448+0000] {logging_mixin.py:188} INFO - [2026-01-12T17:00:27.447+0000] {dag.py:3036} INFO - Sync 1 DAGs
[2026-01-12T17:00:27.461+0000] {logging_mixin.py:188} INFO - [2026-01-12T17:00:27.461+0000] {dag.py:3823} INFO - Setting next_dagrun for amazon_scoring_quality_metrics to None, run_after=None
[2026-01-12T17:00:27.498+0000] {processor.py:183} INFO - Processing /opt/airflow/dags/amazon_scoring_quality_dag.py took 0.684 seconds
[2026-01-12T17:00:57.825+0000] {processor.py:161} INFO - Started process (PID=1476) to work on /opt/airflow/dags/amazon_scoring_quality_dag.py
[2026-01-12T17:00:57.827+0000] {processor.py:830} INFO - Processing file /opt/airflow/dags/amazon_scoring_quality_dag.py for tasks to queue
[2026-01-12T17:00:57.829+0000] {logging_mixin.py:188} INFO - [2026-01-12T17:00:57.829+0000] {dagbag.py:538} INFO - Filling up the DagBag from /opt/airflow/dags/amazon_scoring_quality_dag.py
[2026-01-12T17:00:58.298+0000] {processor.py:840} INFO - DAG(s) 'amazon_scoring_quality_metrics' retrieved from /opt/airflow/dags/amazon_scoring_quality_dag.py
[2026-01-12T17:00:58.328+0000] {logging_mixin.py:188} INFO - [2026-01-12T17:00:58.328+0000] {dag.py:3036} INFO - Sync 1 DAGs
[2026-01-12T17:00:58.345+0000] {logging_mixin.py:188} INFO - [2026-01-12T17:00:58.345+0000] {dag.py:3823} INFO - Setting next_dagrun for amazon_scoring_quality_metrics to None, run_after=None
[2026-01-12T17:00:58.413+0000] {processor.py:183} INFO - Processing /opt/airflow/dags/amazon_scoring_quality_dag.py took 0.592 seconds
[2026-01-12T17:01:28.616+0000] {processor.py:161} INFO - Started process (PID=1516) to work on /opt/airflow/dags/amazon_scoring_quality_dag.py
[2026-01-12T17:01:28.618+0000] {processor.py:830} INFO - Processing file /opt/airflow/dags/amazon_scoring_quality_dag.py for tasks to queue
[2026-01-12T17:01:28.620+0000] {logging_mixin.py:188} INFO - [2026-01-12T17:01:28.619+0000] {dagbag.py:538} INFO - Filling up the DagBag from /opt/airflow/dags/amazon_scoring_quality_dag.py
[2026-01-12T17:01:29.140+0000] {processor.py:840} INFO - DAG(s) 'amazon_scoring_quality_metrics' retrieved from /opt/airflow/dags/amazon_scoring_quality_dag.py
[2026-01-12T17:01:29.162+0000] {logging_mixin.py:188} INFO - [2026-01-12T17:01:29.162+0000] {dag.py:3036} INFO - Sync 1 DAGs
[2026-01-12T17:01:29.175+0000] {logging_mixin.py:188} INFO - [2026-01-12T17:01:29.175+0000] {dag.py:3823} INFO - Setting next_dagrun for amazon_scoring_quality_metrics to None, run_after=None
[2026-01-12T17:01:29.213+0000] {processor.py:183} INFO - Processing /opt/airflow/dags/amazon_scoring_quality_dag.py took 0.603 seconds
[2026-01-12T17:01:59.613+0000] {processor.py:161} INFO - Started process (PID=1556) to work on /opt/airflow/dags/amazon_scoring_quality_dag.py
[2026-01-12T17:01:59.615+0000] {processor.py:830} INFO - Processing file /opt/airflow/dags/amazon_scoring_quality_dag.py for tasks to queue
[2026-01-12T17:01:59.617+0000] {logging_mixin.py:188} INFO - [2026-01-12T17:01:59.616+0000] {dagbag.py:538} INFO - Filling up the DagBag from /opt/airflow/dags/amazon_scoring_quality_dag.py
[2026-01-12T17:02:00.102+0000] {processor.py:840} INFO - DAG(s) 'amazon_scoring_quality_metrics' retrieved from /opt/airflow/dags/amazon_scoring_quality_dag.py
[2026-01-12T17:02:00.126+0000] {logging_mixin.py:188} INFO - [2026-01-12T17:02:00.126+0000] {dag.py:3036} INFO - Sync 1 DAGs
[2026-01-12T17:02:00.136+0000] {logging_mixin.py:188} INFO - [2026-01-12T17:02:00.136+0000] {dag.py:3823} INFO - Setting next_dagrun for amazon_scoring_quality_metrics to None, run_after=None
[2026-01-12T17:02:00.177+0000] {processor.py:183} INFO - Processing /opt/airflow/dags/amazon_scoring_quality_dag.py took 0.569 seconds
[2026-01-12T17:02:30.376+0000] {processor.py:161} INFO - Started process (PID=1596) to work on /opt/airflow/dags/amazon_scoring_quality_dag.py
[2026-01-12T17:02:30.377+0000] {processor.py:830} INFO - Processing file /opt/airflow/dags/amazon_scoring_quality_dag.py for tasks to queue
[2026-01-12T17:02:30.378+0000] {logging_mixin.py:188} INFO - [2026-01-12T17:02:30.378+0000] {dagbag.py:538} INFO - Filling up the DagBag from /opt/airflow/dags/amazon_scoring_quality_dag.py
[2026-01-12T17:02:30.827+0000] {processor.py:840} INFO - DAG(s) 'amazon_scoring_quality_metrics' retrieved from /opt/airflow/dags/amazon_scoring_quality_dag.py
[2026-01-12T17:02:30.851+0000] {logging_mixin.py:188} INFO - [2026-01-12T17:02:30.850+0000] {dag.py:3036} INFO - Sync 1 DAGs
[2026-01-12T17:02:30.862+0000] {logging_mixin.py:188} INFO - [2026-01-12T17:02:30.862+0000] {dag.py:3823} INFO - Setting next_dagrun for amazon_scoring_quality_metrics to None, run_after=None
[2026-01-12T17:02:30.900+0000] {processor.py:183} INFO - Processing /opt/airflow/dags/amazon_scoring_quality_dag.py took 0.527 seconds
[2026-01-12T17:03:01.317+0000] {processor.py:161} INFO - Started process (PID=1636) to work on /opt/airflow/dags/amazon_scoring_quality_dag.py
[2026-01-12T17:03:01.318+0000] {processor.py:830} INFO - Processing file /opt/airflow/dags/amazon_scoring_quality_dag.py for tasks to queue
[2026-01-12T17:03:01.320+0000] {logging_mixin.py:188} INFO - [2026-01-12T17:03:01.320+0000] {dagbag.py:538} INFO - Filling up the DagBag from /opt/airflow/dags/amazon_scoring_quality_dag.py
[2026-01-12T17:03:01.841+0000] {processor.py:840} INFO - DAG(s) 'amazon_scoring_quality_metrics' retrieved from /opt/airflow/dags/amazon_scoring_quality_dag.py
[2026-01-12T17:03:01.867+0000] {logging_mixin.py:188} INFO - [2026-01-12T17:03:01.867+0000] {dag.py:3036} INFO - Sync 1 DAGs
[2026-01-12T17:03:01.882+0000] {logging_mixin.py:188} INFO - [2026-01-12T17:03:01.882+0000] {dag.py:3823} INFO - Setting next_dagrun for amazon_scoring_quality_metrics to None, run_after=None
[2026-01-12T17:03:01.925+0000] {processor.py:183} INFO - Processing /opt/airflow/dags/amazon_scoring_quality_dag.py took 0.612 seconds
[2026-01-12T17:03:32.472+0000] {processor.py:161} INFO - Started process (PID=1676) to work on /opt/airflow/dags/amazon_scoring_quality_dag.py
[2026-01-12T17:03:32.474+0000] {processor.py:830} INFO - Processing file /opt/airflow/dags/amazon_scoring_quality_dag.py for tasks to queue
[2026-01-12T17:03:32.475+0000] {logging_mixin.py:188} INFO - [2026-01-12T17:03:32.475+0000] {dagbag.py:538} INFO - Filling up the DagBag from /opt/airflow/dags/amazon_scoring_quality_dag.py
[2026-01-12T17:03:32.931+0000] {processor.py:840} INFO - DAG(s) 'amazon_scoring_quality_metrics' retrieved from /opt/airflow/dags/amazon_scoring_quality_dag.py
[2026-01-12T17:03:32.956+0000] {logging_mixin.py:188} INFO - [2026-01-12T17:03:32.955+0000] {dag.py:3036} INFO - Sync 1 DAGs
[2026-01-12T17:03:32.970+0000] {logging_mixin.py:188} INFO - [2026-01-12T17:03:32.970+0000] {dag.py:3823} INFO - Setting next_dagrun for amazon_scoring_quality_metrics to None, run_after=None
[2026-01-12T17:03:33.014+0000] {processor.py:183} INFO - Processing /opt/airflow/dags/amazon_scoring_quality_dag.py took 0.545 seconds
[2026-01-12T17:04:03.413+0000] {processor.py:161} INFO - Started process (PID=1716) to work on /opt/airflow/dags/amazon_scoring_quality_dag.py
[2026-01-12T17:04:03.415+0000] {processor.py:830} INFO - Processing file /opt/airflow/dags/amazon_scoring_quality_dag.py for tasks to queue
[2026-01-12T17:04:03.416+0000] {logging_mixin.py:188} INFO - [2026-01-12T17:04:03.416+0000] {dagbag.py:538} INFO - Filling up the DagBag from /opt/airflow/dags/amazon_scoring_quality_dag.py
[2026-01-12T17:04:03.838+0000] {processor.py:840} INFO - DAG(s) 'amazon_scoring_quality_metrics' retrieved from /opt/airflow/dags/amazon_scoring_quality_dag.py
[2026-01-12T17:04:03.861+0000] {logging_mixin.py:188} INFO - [2026-01-12T17:04:03.861+0000] {dag.py:3036} INFO - Sync 1 DAGs
[2026-01-12T17:04:03.873+0000] {logging_mixin.py:188} INFO - [2026-01-12T17:04:03.873+0000] {dag.py:3823} INFO - Setting next_dagrun for amazon_scoring_quality_metrics to None, run_after=None
[2026-01-12T17:04:03.912+0000] {processor.py:183} INFO - Processing /opt/airflow/dags/amazon_scoring_quality_dag.py took 0.504 seconds
[2026-01-12T17:04:34.096+0000] {processor.py:161} INFO - Started process (PID=1756) to work on /opt/airflow/dags/amazon_scoring_quality_dag.py
[2026-01-12T17:04:34.098+0000] {processor.py:830} INFO - Processing file /opt/airflow/dags/amazon_scoring_quality_dag.py for tasks to queue
[2026-01-12T17:04:34.101+0000] {logging_mixin.py:188} INFO - [2026-01-12T17:04:34.100+0000] {dagbag.py:538} INFO - Filling up the DagBag from /opt/airflow/dags/amazon_scoring_quality_dag.py
[2026-01-12T17:04:34.697+0000] {processor.py:840} INFO - DAG(s) 'amazon_scoring_quality_metrics' retrieved from /opt/airflow/dags/amazon_scoring_quality_dag.py
[2026-01-12T17:04:34.727+0000] {logging_mixin.py:188} INFO - [2026-01-12T17:04:34.726+0000] {dag.py:3036} INFO - Sync 1 DAGs
[2026-01-12T17:04:34.742+0000] {logging_mixin.py:188} INFO - [2026-01-12T17:04:34.741+0000] {dag.py:3823} INFO - Setting next_dagrun for amazon_scoring_quality_metrics to None, run_after=None
[2026-01-12T17:04:34.779+0000] {processor.py:183} INFO - Processing /opt/airflow/dags/amazon_scoring_quality_dag.py took 0.688 seconds
[2026-01-12T17:05:04.969+0000] {processor.py:161} INFO - Started process (PID=1796) to work on /opt/airflow/dags/amazon_scoring_quality_dag.py
[2026-01-12T17:05:04.970+0000] {processor.py:830} INFO - Processing file /opt/airflow/dags/amazon_scoring_quality_dag.py for tasks to queue
[2026-01-12T17:05:04.971+0000] {logging_mixin.py:188} INFO - [2026-01-12T17:05:04.971+0000] {dagbag.py:538} INFO - Filling up the DagBag from /opt/airflow/dags/amazon_scoring_quality_dag.py
[2026-01-12T17:05:05.436+0000] {processor.py:840} INFO - DAG(s) 'amazon_scoring_quality_metrics' retrieved from /opt/airflow/dags/amazon_scoring_quality_dag.py
[2026-01-12T17:05:05.457+0000] {logging_mixin.py:188} INFO - [2026-01-12T17:05:05.457+0000] {dag.py:3036} INFO - Sync 1 DAGs
[2026-01-12T17:05:05.469+0000] {logging_mixin.py:188} INFO - [2026-01-12T17:05:05.468+0000] {dag.py:3823} INFO - Setting next_dagrun for amazon_scoring_quality_metrics to None, run_after=None
[2026-01-12T17:05:05.505+0000] {processor.py:183} INFO - Processing /opt/airflow/dags/amazon_scoring_quality_dag.py took 0.541 seconds
[2026-01-12T17:05:36.004+0000] {processor.py:161} INFO - Started process (PID=1836) to work on /opt/airflow/dags/amazon_scoring_quality_dag.py
[2026-01-12T17:05:36.005+0000] {processor.py:830} INFO - Processing file /opt/airflow/dags/amazon_scoring_quality_dag.py for tasks to queue
[2026-01-12T17:05:36.007+0000] {logging_mixin.py:188} INFO - [2026-01-12T17:05:36.006+0000] {dagbag.py:538} INFO - Filling up the DagBag from /opt/airflow/dags/amazon_scoring_quality_dag.py
[2026-01-12T17:05:36.543+0000] {processor.py:840} INFO - DAG(s) 'amazon_scoring_quality_metrics' retrieved from /opt/airflow/dags/amazon_scoring_quality_dag.py
[2026-01-12T17:05:36.574+0000] {logging_mixin.py:188} INFO - [2026-01-12T17:05:36.573+0000] {dag.py:3036} INFO - Sync 1 DAGs
[2026-01-12T17:05:36.587+0000] {logging_mixin.py:188} INFO - [2026-01-12T17:05:36.587+0000] {dag.py:3823} INFO - Setting next_dagrun for amazon_scoring_quality_metrics to None, run_after=None
[2026-01-12T17:05:36.633+0000] {processor.py:183} INFO - Processing /opt/airflow/dags/amazon_scoring_quality_dag.py took 0.633 seconds
[2026-01-12T17:06:07.403+0000] {processor.py:161} INFO - Started process (PID=1877) to work on /opt/airflow/dags/amazon_scoring_quality_dag.py
[2026-01-12T17:06:07.405+0000] {processor.py:830} INFO - Processing file /opt/airflow/dags/amazon_scoring_quality_dag.py for tasks to queue
[2026-01-12T17:06:07.406+0000] {logging_mixin.py:188} INFO - [2026-01-12T17:06:07.406+0000] {dagbag.py:538} INFO - Filling up the DagBag from /opt/airflow/dags/amazon_scoring_quality_dag.py
[2026-01-12T17:06:07.813+0000] {processor.py:840} INFO - DAG(s) 'amazon_scoring_quality_metrics' retrieved from /opt/airflow/dags/amazon_scoring_quality_dag.py
[2026-01-12T17:06:07.828+0000] {logging_mixin.py:188} INFO - [2026-01-12T17:06:07.828+0000] {dag.py:3036} INFO - Sync 1 DAGs
[2026-01-12T17:06:07.837+0000] {logging_mixin.py:188} INFO - [2026-01-12T17:06:07.837+0000] {dag.py:3823} INFO - Setting next_dagrun for amazon_scoring_quality_metrics to None, run_after=None
[2026-01-12T17:06:07.867+0000] {processor.py:183} INFO - Processing /opt/airflow/dags/amazon_scoring_quality_dag.py took 0.467 seconds
[2026-01-12T17:06:38.160+0000] {processor.py:161} INFO - Started process (PID=1917) to work on /opt/airflow/dags/amazon_scoring_quality_dag.py
[2026-01-12T17:06:38.162+0000] {processor.py:830} INFO - Processing file /opt/airflow/dags/amazon_scoring_quality_dag.py for tasks to queue
[2026-01-12T17:06:38.163+0000] {logging_mixin.py:188} INFO - [2026-01-12T17:06:38.163+0000] {dagbag.py:538} INFO - Filling up the DagBag from /opt/airflow/dags/amazon_scoring_quality_dag.py
[2026-01-12T17:06:38.515+0000] {processor.py:840} INFO - DAG(s) 'amazon_scoring_quality_metrics' retrieved from /opt/airflow/dags/amazon_scoring_quality_dag.py
[2026-01-12T17:06:38.531+0000] {logging_mixin.py:188} INFO - [2026-01-12T17:06:38.530+0000] {dag.py:3036} INFO - Sync 1 DAGs
[2026-01-12T17:06:38.539+0000] {logging_mixin.py:188} INFO - [2026-01-12T17:06:38.539+0000] {dag.py:3823} INFO - Setting next_dagrun for amazon_scoring_quality_metrics to None, run_after=None
[2026-01-12T17:06:38.561+0000] {processor.py:183} INFO - Processing /opt/airflow/dags/amazon_scoring_quality_dag.py took 0.404 seconds
[2026-01-12T17:07:09.050+0000] {processor.py:161} INFO - Started process (PID=1957) to work on /opt/airflow/dags/amazon_scoring_quality_dag.py
[2026-01-12T17:07:09.057+0000] {processor.py:830} INFO - Processing file /opt/airflow/dags/amazon_scoring_quality_dag.py for tasks to queue
[2026-01-12T17:07:09.058+0000] {logging_mixin.py:188} INFO - [2026-01-12T17:07:09.058+0000] {dagbag.py:538} INFO - Filling up the DagBag from /opt/airflow/dags/amazon_scoring_quality_dag.py
[2026-01-12T17:07:09.493+0000] {processor.py:840} INFO - DAG(s) 'amazon_scoring_quality_metrics' retrieved from /opt/airflow/dags/amazon_scoring_quality_dag.py
[2026-01-12T17:07:09.512+0000] {logging_mixin.py:188} INFO - [2026-01-12T17:07:09.512+0000] {dag.py:3036} INFO - Sync 1 DAGs
[2026-01-12T17:07:09.523+0000] {logging_mixin.py:188} INFO - [2026-01-12T17:07:09.522+0000] {dag.py:3823} INFO - Setting next_dagrun for amazon_scoring_quality_metrics to None, run_after=None
[2026-01-12T17:07:09.555+0000] {processor.py:183} INFO - Processing /opt/airflow/dags/amazon_scoring_quality_dag.py took 0.509 seconds
[2026-01-12T17:07:40.312+0000] {processor.py:161} INFO - Started process (PID=1997) to work on /opt/airflow/dags/amazon_scoring_quality_dag.py
[2026-01-12T17:07:40.313+0000] {processor.py:830} INFO - Processing file /opt/airflow/dags/amazon_scoring_quality_dag.py for tasks to queue
[2026-01-12T17:07:40.315+0000] {logging_mixin.py:188} INFO - [2026-01-12T17:07:40.314+0000] {dagbag.py:538} INFO - Filling up the DagBag from /opt/airflow/dags/amazon_scoring_quality_dag.py
[2026-01-12T17:07:40.733+0000] {processor.py:840} INFO - DAG(s) 'amazon_scoring_quality_metrics' retrieved from /opt/airflow/dags/amazon_scoring_quality_dag.py
[2026-01-12T17:07:40.757+0000] {logging_mixin.py:188} INFO - [2026-01-12T17:07:40.757+0000] {dag.py:3036} INFO - Sync 1 DAGs
[2026-01-12T17:07:40.768+0000] {logging_mixin.py:188} INFO - [2026-01-12T17:07:40.768+0000] {dag.py:3823} INFO - Setting next_dagrun for amazon_scoring_quality_metrics to None, run_after=None
[2026-01-12T17:07:40.800+0000] {processor.py:183} INFO - Processing /opt/airflow/dags/amazon_scoring_quality_dag.py took 0.492 seconds
[2026-01-12T17:08:10.939+0000] {processor.py:161} INFO - Started process (PID=2036) to work on /opt/airflow/dags/amazon_scoring_quality_dag.py
[2026-01-12T17:08:10.940+0000] {processor.py:830} INFO - Processing file /opt/airflow/dags/amazon_scoring_quality_dag.py for tasks to queue
[2026-01-12T17:08:10.941+0000] {logging_mixin.py:188} INFO - [2026-01-12T17:08:10.941+0000] {dagbag.py:538} INFO - Filling up the DagBag from /opt/airflow/dags/amazon_scoring_quality_dag.py
[2026-01-12T17:08:11.461+0000] {processor.py:840} INFO - DAG(s) 'amazon_scoring_quality_metrics' retrieved from /opt/airflow/dags/amazon_scoring_quality_dag.py
[2026-01-12T17:08:11.483+0000] {logging_mixin.py:188} INFO - [2026-01-12T17:08:11.483+0000] {dag.py:3036} INFO - Sync 1 DAGs
[2026-01-12T17:08:11.497+0000] {logging_mixin.py:188} INFO - [2026-01-12T17:08:11.496+0000] {dag.py:3823} INFO - Setting next_dagrun for amazon_scoring_quality_metrics to None, run_after=None
[2026-01-12T17:08:11.527+0000] {processor.py:183} INFO - Processing /opt/airflow/dags/amazon_scoring_quality_dag.py took 0.592 seconds
[2026-01-12T17:08:41.668+0000] {processor.py:161} INFO - Started process (PID=2076) to work on /opt/airflow/dags/amazon_scoring_quality_dag.py
[2026-01-12T17:08:41.670+0000] {processor.py:830} INFO - Processing file /opt/airflow/dags/amazon_scoring_quality_dag.py for tasks to queue
[2026-01-12T17:08:41.671+0000] {logging_mixin.py:188} INFO - [2026-01-12T17:08:41.671+0000] {dagbag.py:538} INFO - Filling up the DagBag from /opt/airflow/dags/amazon_scoring_quality_dag.py
[2026-01-12T17:08:42.143+0000] {processor.py:840} INFO - DAG(s) 'amazon_scoring_quality_metrics' retrieved from /opt/airflow/dags/amazon_scoring_quality_dag.py
[2026-01-12T17:08:42.167+0000] {logging_mixin.py:188} INFO - [2026-01-12T17:08:42.167+0000] {dag.py:3036} INFO - Sync 1 DAGs
[2026-01-12T17:08:42.180+0000] {logging_mixin.py:188} INFO - [2026-01-12T17:08:42.180+0000] {dag.py:3823} INFO - Setting next_dagrun for amazon_scoring_quality_metrics to None, run_after=None
[2026-01-12T17:08:42.214+0000] {processor.py:183} INFO - Processing /opt/airflow/dags/amazon_scoring_quality_dag.py took 0.550 seconds
[2026-01-12T17:09:12.399+0000] {processor.py:161} INFO - Started process (PID=2116) to work on /opt/airflow/dags/amazon_scoring_quality_dag.py
[2026-01-12T17:09:12.401+0000] {processor.py:830} INFO - Processing file /opt/airflow/dags/amazon_scoring_quality_dag.py for tasks to queue
[2026-01-12T17:09:12.402+0000] {logging_mixin.py:188} INFO - [2026-01-12T17:09:12.402+0000] {dagbag.py:538} INFO - Filling up the DagBag from /opt/airflow/dags/amazon_scoring_quality_dag.py
[2026-01-12T17:09:12.871+0000] {processor.py:840} INFO - DAG(s) 'amazon_scoring_quality_metrics' retrieved from /opt/airflow/dags/amazon_scoring_quality_dag.py
[2026-01-12T17:09:12.897+0000] {logging_mixin.py:188} INFO - [2026-01-12T17:09:12.896+0000] {dag.py:3036} INFO - Sync 1 DAGs
[2026-01-12T17:09:12.909+0000] {logging_mixin.py:188} INFO - [2026-01-12T17:09:12.908+0000] {dag.py:3823} INFO - Setting next_dagrun for amazon_scoring_quality_metrics to None, run_after=None
[2026-01-12T17:09:12.940+0000] {processor.py:183} INFO - Processing /opt/airflow/dags/amazon_scoring_quality_dag.py took 0.544 seconds
[2026-01-12T17:09:43.491+0000] {processor.py:161} INFO - Started process (PID=2157) to work on /opt/airflow/dags/amazon_scoring_quality_dag.py
[2026-01-12T17:09:43.493+0000] {processor.py:830} INFO - Processing file /opt/airflow/dags/amazon_scoring_quality_dag.py for tasks to queue
[2026-01-12T17:09:43.495+0000] {logging_mixin.py:188} INFO - [2026-01-12T17:09:43.494+0000] {dagbag.py:538} INFO - Filling up the DagBag from /opt/airflow/dags/amazon_scoring_quality_dag.py
[2026-01-12T17:09:43.923+0000] {processor.py:840} INFO - DAG(s) 'amazon_scoring_quality_metrics' retrieved from /opt/airflow/dags/amazon_scoring_quality_dag.py
[2026-01-12T17:09:43.943+0000] {logging_mixin.py:188} INFO - [2026-01-12T17:09:43.943+0000] {dag.py:3036} INFO - Sync 1 DAGs
[2026-01-12T17:09:43.953+0000] {logging_mixin.py:188} INFO - [2026-01-12T17:09:43.953+0000] {dag.py:3823} INFO - Setting next_dagrun for amazon_scoring_quality_metrics to None, run_after=None
[2026-01-12T17:09:43.985+0000] {processor.py:183} INFO - Processing /opt/airflow/dags/amazon_scoring_quality_dag.py took 0.497 seconds
[2026-01-12T17:10:14.869+0000] {processor.py:161} INFO - Started process (PID=2197) to work on /opt/airflow/dags/amazon_scoring_quality_dag.py
[2026-01-12T17:10:14.870+0000] {processor.py:830} INFO - Processing file /opt/airflow/dags/amazon_scoring_quality_dag.py for tasks to queue
[2026-01-12T17:10:14.871+0000] {logging_mixin.py:188} INFO - [2026-01-12T17:10:14.871+0000] {dagbag.py:538} INFO - Filling up the DagBag from /opt/airflow/dags/amazon_scoring_quality_dag.py
[2026-01-12T17:10:15.328+0000] {processor.py:840} INFO - DAG(s) 'amazon_scoring_quality_metrics' retrieved from /opt/airflow/dags/amazon_scoring_quality_dag.py
[2026-01-12T17:10:15.351+0000] {logging_mixin.py:188} INFO - [2026-01-12T17:10:15.351+0000] {dag.py:3036} INFO - Sync 1 DAGs
[2026-01-12T17:10:15.362+0000] {logging_mixin.py:188} INFO - [2026-01-12T17:10:15.362+0000] {dag.py:3823} INFO - Setting next_dagrun for amazon_scoring_quality_metrics to None, run_after=None
[2026-01-12T17:10:15.397+0000] {processor.py:183} INFO - Processing /opt/airflow/dags/amazon_scoring_quality_dag.py took 0.531 seconds
[2026-01-12T17:10:46.069+0000] {processor.py:161} INFO - Started process (PID=2237) to work on /opt/airflow/dags/amazon_scoring_quality_dag.py
[2026-01-12T17:10:46.070+0000] {processor.py:830} INFO - Processing file /opt/airflow/dags/amazon_scoring_quality_dag.py for tasks to queue
[2026-01-12T17:10:46.072+0000] {logging_mixin.py:188} INFO - [2026-01-12T17:10:46.072+0000] {dagbag.py:538} INFO - Filling up the DagBag from /opt/airflow/dags/amazon_scoring_quality_dag.py
[2026-01-12T17:10:46.592+0000] {processor.py:840} INFO - DAG(s) 'amazon_scoring_quality_metrics' retrieved from /opt/airflow/dags/amazon_scoring_quality_dag.py
[2026-01-12T17:10:46.621+0000] {logging_mixin.py:188} INFO - [2026-01-12T17:10:46.620+0000] {dag.py:3036} INFO - Sync 1 DAGs
[2026-01-12T17:10:46.632+0000] {logging_mixin.py:188} INFO - [2026-01-12T17:10:46.632+0000] {dag.py:3823} INFO - Setting next_dagrun for amazon_scoring_quality_metrics to None, run_after=None
[2026-01-12T17:10:46.671+0000] {processor.py:183} INFO - Processing /opt/airflow/dags/amazon_scoring_quality_dag.py took 0.608 seconds
[2026-01-12T17:11:17.265+0000] {processor.py:161} INFO - Started process (PID=2277) to work on /opt/airflow/dags/amazon_scoring_quality_dag.py
[2026-01-12T17:11:17.266+0000] {processor.py:830} INFO - Processing file /opt/airflow/dags/amazon_scoring_quality_dag.py for tasks to queue
[2026-01-12T17:11:17.268+0000] {logging_mixin.py:188} INFO - [2026-01-12T17:11:17.267+0000] {dagbag.py:538} INFO - Filling up the DagBag from /opt/airflow/dags/amazon_scoring_quality_dag.py
[2026-01-12T17:11:17.738+0000] {processor.py:840} INFO - DAG(s) 'amazon_scoring_quality_metrics' retrieved from /opt/airflow/dags/amazon_scoring_quality_dag.py
[2026-01-12T17:11:17.762+0000] {logging_mixin.py:188} INFO - [2026-01-12T17:11:17.762+0000] {dag.py:3036} INFO - Sync 1 DAGs
[2026-01-12T17:11:17.776+0000] {logging_mixin.py:188} INFO - [2026-01-12T17:11:17.776+0000] {dag.py:3823} INFO - Setting next_dagrun for amazon_scoring_quality_metrics to None, run_after=None
[2026-01-12T17:11:17.812+0000] {processor.py:183} INFO - Processing /opt/airflow/dags/amazon_scoring_quality_dag.py took 0.552 seconds
