[2026-01-12T16:44:22.760+0000] {processor.py:161} INFO - Started process (PID=204) to work on /opt/airflow/dags/etl_sample_dag.py
[2026-01-12T16:44:22.761+0000] {processor.py:830} INFO - Processing file /opt/airflow/dags/etl_sample_dag.py for tasks to queue
[2026-01-12T16:44:22.763+0000] {logging_mixin.py:188} INFO - [2026-01-12T16:44:22.763+0000] {dagbag.py:538} INFO - Filling up the DagBag from /opt/airflow/dags/etl_sample_dag.py
[2026-01-12T16:44:23.266+0000] {processor.py:840} INFO - DAG(s) 'etl_sample_dag' retrieved from /opt/airflow/dags/etl_sample_dag.py
[2026-01-12T16:44:23.306+0000] {logging_mixin.py:188} INFO - [2026-01-12T16:44:23.305+0000] {dag.py:3036} INFO - Sync 1 DAGs
[2026-01-12T16:44:23.321+0000] {logging_mixin.py:188} INFO - [2026-01-12T16:44:23.321+0000] {dag.py:3823} INFO - Setting next_dagrun for etl_sample_dag to None, run_after=None
[2026-01-12T16:44:23.370+0000] {processor.py:183} INFO - Processing /opt/airflow/dags/etl_sample_dag.py took 0.615 seconds
[2026-01-12T16:44:53.798+0000] {processor.py:161} INFO - Started process (PID=244) to work on /opt/airflow/dags/etl_sample_dag.py
[2026-01-12T16:44:53.800+0000] {processor.py:830} INFO - Processing file /opt/airflow/dags/etl_sample_dag.py for tasks to queue
[2026-01-12T16:44:53.802+0000] {logging_mixin.py:188} INFO - [2026-01-12T16:44:53.801+0000] {dagbag.py:538} INFO - Filling up the DagBag from /opt/airflow/dags/etl_sample_dag.py
[2026-01-12T16:44:54.347+0000] {processor.py:840} INFO - DAG(s) 'etl_sample_dag' retrieved from /opt/airflow/dags/etl_sample_dag.py
[2026-01-12T16:44:54.374+0000] {logging_mixin.py:188} INFO - [2026-01-12T16:44:54.374+0000] {dag.py:3036} INFO - Sync 1 DAGs
[2026-01-12T16:44:54.387+0000] {logging_mixin.py:188} INFO - [2026-01-12T16:44:54.387+0000] {dag.py:3823} INFO - Setting next_dagrun for etl_sample_dag to None, run_after=None
[2026-01-12T16:44:54.444+0000] {processor.py:183} INFO - Processing /opt/airflow/dags/etl_sample_dag.py took 0.650 seconds
[2026-01-12T16:45:25.439+0000] {processor.py:161} INFO - Started process (PID=289) to work on /opt/airflow/dags/etl_sample_dag.py
[2026-01-12T16:45:25.441+0000] {processor.py:830} INFO - Processing file /opt/airflow/dags/etl_sample_dag.py for tasks to queue
[2026-01-12T16:45:25.443+0000] {logging_mixin.py:188} INFO - [2026-01-12T16:45:25.442+0000] {dagbag.py:538} INFO - Filling up the DagBag from /opt/airflow/dags/etl_sample_dag.py
[2026-01-12T16:45:26.122+0000] {processor.py:840} INFO - DAG(s) 'etl_sample_dag' retrieved from /opt/airflow/dags/etl_sample_dag.py
[2026-01-12T16:45:26.148+0000] {logging_mixin.py:188} INFO - [2026-01-12T16:45:26.147+0000] {dag.py:3036} INFO - Sync 1 DAGs
[2026-01-12T16:45:26.160+0000] {logging_mixin.py:188} INFO - [2026-01-12T16:45:26.159+0000] {dag.py:3823} INFO - Setting next_dagrun for etl_sample_dag to None, run_after=None
[2026-01-12T16:45:26.201+0000] {processor.py:183} INFO - Processing /opt/airflow/dags/etl_sample_dag.py took 0.765 seconds
[2026-01-12T16:45:56.298+0000] {processor.py:161} INFO - Started process (PID=331) to work on /opt/airflow/dags/etl_sample_dag.py
[2026-01-12T16:45:56.299+0000] {processor.py:830} INFO - Processing file /opt/airflow/dags/etl_sample_dag.py for tasks to queue
[2026-01-12T16:45:56.301+0000] {logging_mixin.py:188} INFO - [2026-01-12T16:45:56.300+0000] {dagbag.py:538} INFO - Filling up the DagBag from /opt/airflow/dags/etl_sample_dag.py
[2026-01-12T16:45:56.740+0000] {processor.py:840} INFO - DAG(s) 'etl_sample_dag' retrieved from /opt/airflow/dags/etl_sample_dag.py
[2026-01-12T16:45:56.750+0000] {logging_mixin.py:188} INFO - [2026-01-12T16:45:56.750+0000] {dag.py:3036} INFO - Sync 1 DAGs
[2026-01-12T16:45:56.759+0000] {logging_mixin.py:188} INFO - [2026-01-12T16:45:56.758+0000] {dag.py:3823} INFO - Setting next_dagrun for etl_sample_dag to None, run_after=None
[2026-01-12T16:45:56.783+0000] {processor.py:183} INFO - Processing /opt/airflow/dags/etl_sample_dag.py took 0.488 seconds
[2026-01-12T16:46:26.943+0000] {processor.py:161} INFO - Started process (PID=369) to work on /opt/airflow/dags/etl_sample_dag.py
[2026-01-12T16:46:26.945+0000] {processor.py:830} INFO - Processing file /opt/airflow/dags/etl_sample_dag.py for tasks to queue
[2026-01-12T16:46:26.948+0000] {logging_mixin.py:188} INFO - [2026-01-12T16:46:26.947+0000] {dagbag.py:538} INFO - Filling up the DagBag from /opt/airflow/dags/etl_sample_dag.py
[2026-01-12T16:46:27.702+0000] {processor.py:840} INFO - DAG(s) 'etl_sample_dag' retrieved from /opt/airflow/dags/etl_sample_dag.py
[2026-01-12T16:46:27.850+0000] {logging_mixin.py:188} INFO - [2026-01-12T16:46:27.849+0000] {dag.py:3036} INFO - Sync 1 DAGs
[2026-01-12T16:46:27.863+0000] {logging_mixin.py:188} INFO - [2026-01-12T16:46:27.863+0000] {dag.py:3823} INFO - Setting next_dagrun for etl_sample_dag to None, run_after=None
[2026-01-12T16:46:27.919+0000] {processor.py:183} INFO - Processing /opt/airflow/dags/etl_sample_dag.py took 0.981 seconds
[2026-01-12T16:46:58.363+0000] {processor.py:161} INFO - Started process (PID=411) to work on /opt/airflow/dags/etl_sample_dag.py
[2026-01-12T16:46:58.365+0000] {processor.py:830} INFO - Processing file /opt/airflow/dags/etl_sample_dag.py for tasks to queue
[2026-01-12T16:46:58.366+0000] {logging_mixin.py:188} INFO - [2026-01-12T16:46:58.366+0000] {dagbag.py:538} INFO - Filling up the DagBag from /opt/airflow/dags/etl_sample_dag.py
[2026-01-12T16:46:58.865+0000] {processor.py:840} INFO - DAG(s) 'etl_sample_dag' retrieved from /opt/airflow/dags/etl_sample_dag.py
[2026-01-12T16:46:58.898+0000] {logging_mixin.py:188} INFO - [2026-01-12T16:46:58.897+0000] {dag.py:3036} INFO - Sync 1 DAGs
[2026-01-12T16:46:58.913+0000] {logging_mixin.py:188} INFO - [2026-01-12T16:46:58.912+0000] {dag.py:3823} INFO - Setting next_dagrun for etl_sample_dag to None, run_after=None
[2026-01-12T16:46:58.943+0000] {processor.py:183} INFO - Processing /opt/airflow/dags/etl_sample_dag.py took 0.584 seconds
[2026-01-12T16:47:29.076+0000] {processor.py:161} INFO - Started process (PID=449) to work on /opt/airflow/dags/etl_sample_dag.py
[2026-01-12T16:47:29.078+0000] {processor.py:830} INFO - Processing file /opt/airflow/dags/etl_sample_dag.py for tasks to queue
[2026-01-12T16:47:29.081+0000] {logging_mixin.py:188} INFO - [2026-01-12T16:47:29.080+0000] {dagbag.py:538} INFO - Filling up the DagBag from /opt/airflow/dags/etl_sample_dag.py
[2026-01-12T16:47:29.695+0000] {processor.py:840} INFO - DAG(s) 'etl_sample_dag' retrieved from /opt/airflow/dags/etl_sample_dag.py
[2026-01-12T16:47:29.721+0000] {logging_mixin.py:188} INFO - [2026-01-12T16:47:29.720+0000] {dag.py:3036} INFO - Sync 1 DAGs
[2026-01-12T16:47:29.744+0000] {logging_mixin.py:188} INFO - [2026-01-12T16:47:29.744+0000] {dag.py:3823} INFO - Setting next_dagrun for etl_sample_dag to None, run_after=None
[2026-01-12T16:47:29.790+0000] {processor.py:183} INFO - Processing /opt/airflow/dags/etl_sample_dag.py took 0.716 seconds
[2026-01-12T16:48:00.320+0000] {processor.py:161} INFO - Started process (PID=489) to work on /opt/airflow/dags/etl_sample_dag.py
[2026-01-12T16:48:00.324+0000] {processor.py:830} INFO - Processing file /opt/airflow/dags/etl_sample_dag.py for tasks to queue
[2026-01-12T16:48:00.329+0000] {logging_mixin.py:188} INFO - [2026-01-12T16:48:00.328+0000] {dagbag.py:538} INFO - Filling up the DagBag from /opt/airflow/dags/etl_sample_dag.py
[2026-01-12T16:48:01.179+0000] {processor.py:840} INFO - DAG(s) 'etl_sample_dag' retrieved from /opt/airflow/dags/etl_sample_dag.py
[2026-01-12T16:48:01.222+0000] {logging_mixin.py:188} INFO - [2026-01-12T16:48:01.221+0000] {dag.py:3036} INFO - Sync 1 DAGs
[2026-01-12T16:48:01.241+0000] {logging_mixin.py:188} INFO - [2026-01-12T16:48:01.240+0000] {dag.py:3823} INFO - Setting next_dagrun for etl_sample_dag to None, run_after=None
[2026-01-12T16:48:01.286+0000] {processor.py:183} INFO - Processing /opt/airflow/dags/etl_sample_dag.py took 0.974 seconds
[2026-01-12T16:48:31.533+0000] {processor.py:161} INFO - Started process (PID=529) to work on /opt/airflow/dags/etl_sample_dag.py
[2026-01-12T16:48:31.536+0000] {processor.py:830} INFO - Processing file /opt/airflow/dags/etl_sample_dag.py for tasks to queue
[2026-01-12T16:48:31.539+0000] {logging_mixin.py:188} INFO - [2026-01-12T16:48:31.538+0000] {dagbag.py:538} INFO - Filling up the DagBag from /opt/airflow/dags/etl_sample_dag.py
[2026-01-12T16:48:32.442+0000] {processor.py:840} INFO - DAG(s) 'etl_sample_dag' retrieved from /opt/airflow/dags/etl_sample_dag.py
[2026-01-12T16:48:32.501+0000] {logging_mixin.py:188} INFO - [2026-01-12T16:48:32.501+0000] {dag.py:3036} INFO - Sync 1 DAGs
[2026-01-12T16:48:32.524+0000] {logging_mixin.py:188} INFO - [2026-01-12T16:48:32.522+0000] {dag.py:3823} INFO - Setting next_dagrun for etl_sample_dag to None, run_after=None
[2026-01-12T16:48:32.605+0000] {processor.py:183} INFO - Processing /opt/airflow/dags/etl_sample_dag.py took 1.082 seconds
[2026-01-12T16:49:03.395+0000] {processor.py:161} INFO - Started process (PID=568) to work on /opt/airflow/dags/etl_sample_dag.py
[2026-01-12T16:49:03.399+0000] {processor.py:830} INFO - Processing file /opt/airflow/dags/etl_sample_dag.py for tasks to queue
[2026-01-12T16:49:03.401+0000] {logging_mixin.py:188} INFO - [2026-01-12T16:49:03.400+0000] {dagbag.py:538} INFO - Filling up the DagBag from /opt/airflow/dags/etl_sample_dag.py
[2026-01-12T16:49:04.222+0000] {processor.py:840} INFO - DAG(s) 'etl_sample_dag' retrieved from /opt/airflow/dags/etl_sample_dag.py
[2026-01-12T16:49:04.269+0000] {logging_mixin.py:188} INFO - [2026-01-12T16:49:04.269+0000] {dag.py:3036} INFO - Sync 1 DAGs
[2026-01-12T16:49:04.285+0000] {logging_mixin.py:188} INFO - [2026-01-12T16:49:04.285+0000] {dag.py:3823} INFO - Setting next_dagrun for etl_sample_dag to None, run_after=None
[2026-01-12T16:49:04.693+0000] {processor.py:183} INFO - Processing /opt/airflow/dags/etl_sample_dag.py took 1.306 seconds
[2026-01-12T16:49:34.960+0000] {processor.py:161} INFO - Started process (PID=605) to work on /opt/airflow/dags/etl_sample_dag.py
[2026-01-12T16:49:34.961+0000] {processor.py:830} INFO - Processing file /opt/airflow/dags/etl_sample_dag.py for tasks to queue
[2026-01-12T16:49:34.963+0000] {logging_mixin.py:188} INFO - [2026-01-12T16:49:34.963+0000] {dagbag.py:538} INFO - Filling up the DagBag from /opt/airflow/dags/etl_sample_dag.py
[2026-01-12T16:49:35.650+0000] {processor.py:840} INFO - DAG(s) 'etl_sample_dag' retrieved from /opt/airflow/dags/etl_sample_dag.py
[2026-01-12T16:49:35.689+0000] {logging_mixin.py:188} INFO - [2026-01-12T16:49:35.689+0000] {dag.py:3036} INFO - Sync 1 DAGs
[2026-01-12T16:49:35.710+0000] {logging_mixin.py:188} INFO - [2026-01-12T16:49:35.710+0000] {dag.py:3823} INFO - Setting next_dagrun for etl_sample_dag to None, run_after=None
[2026-01-12T16:49:36.004+0000] {processor.py:183} INFO - Processing /opt/airflow/dags/etl_sample_dag.py took 1.047 seconds
[2026-01-12T16:50:06.584+0000] {processor.py:161} INFO - Started process (PID=643) to work on /opt/airflow/dags/etl_sample_dag.py
[2026-01-12T16:50:06.588+0000] {processor.py:830} INFO - Processing file /opt/airflow/dags/etl_sample_dag.py for tasks to queue
[2026-01-12T16:50:06.591+0000] {logging_mixin.py:188} INFO - [2026-01-12T16:50:06.590+0000] {dagbag.py:538} INFO - Filling up the DagBag from /opt/airflow/dags/etl_sample_dag.py
[2026-01-12T16:50:07.310+0000] {processor.py:840} INFO - DAG(s) 'etl_sample_dag' retrieved from /opt/airflow/dags/etl_sample_dag.py
[2026-01-12T16:50:07.343+0000] {logging_mixin.py:188} INFO - [2026-01-12T16:50:07.342+0000] {dag.py:3036} INFO - Sync 1 DAGs
[2026-01-12T16:50:07.354+0000] {logging_mixin.py:188} INFO - [2026-01-12T16:50:07.354+0000] {dag.py:3823} INFO - Setting next_dagrun for etl_sample_dag to None, run_after=None
[2026-01-12T16:50:07.732+0000] {processor.py:183} INFO - Processing /opt/airflow/dags/etl_sample_dag.py took 1.153 seconds
[2026-01-12T16:50:38.744+0000] {processor.py:161} INFO - Started process (PID=685) to work on /opt/airflow/dags/etl_sample_dag.py
[2026-01-12T16:50:38.748+0000] {processor.py:830} INFO - Processing file /opt/airflow/dags/etl_sample_dag.py for tasks to queue
[2026-01-12T16:50:38.751+0000] {logging_mixin.py:188} INFO - [2026-01-12T16:50:38.750+0000] {dagbag.py:538} INFO - Filling up the DagBag from /opt/airflow/dags/etl_sample_dag.py
[2026-01-12T16:50:39.659+0000] {processor.py:840} INFO - DAG(s) 'etl_sample_dag' retrieved from /opt/airflow/dags/etl_sample_dag.py
[2026-01-12T16:50:39.713+0000] {logging_mixin.py:188} INFO - [2026-01-12T16:50:39.712+0000] {dag.py:3036} INFO - Sync 1 DAGs
[2026-01-12T16:50:39.743+0000] {logging_mixin.py:188} INFO - [2026-01-12T16:50:39.743+0000] {dag.py:3823} INFO - Setting next_dagrun for etl_sample_dag to None, run_after=None
[2026-01-12T16:50:39.829+0000] {processor.py:183} INFO - Processing /opt/airflow/dags/etl_sample_dag.py took 1.094 seconds
[2026-01-12T16:51:10.108+0000] {processor.py:161} INFO - Started process (PID=725) to work on /opt/airflow/dags/etl_sample_dag.py
[2026-01-12T16:51:10.109+0000] {processor.py:830} INFO - Processing file /opt/airflow/dags/etl_sample_dag.py for tasks to queue
[2026-01-12T16:51:10.111+0000] {logging_mixin.py:188} INFO - [2026-01-12T16:51:10.111+0000] {dagbag.py:538} INFO - Filling up the DagBag from /opt/airflow/dags/etl_sample_dag.py
[2026-01-12T16:51:10.629+0000] {processor.py:840} INFO - DAG(s) 'etl_sample_dag' retrieved from /opt/airflow/dags/etl_sample_dag.py
[2026-01-12T16:51:10.658+0000] {logging_mixin.py:188} INFO - [2026-01-12T16:51:10.658+0000] {dag.py:3036} INFO - Sync 1 DAGs
[2026-01-12T16:51:10.670+0000] {logging_mixin.py:188} INFO - [2026-01-12T16:51:10.669+0000] {dag.py:3823} INFO - Setting next_dagrun for etl_sample_dag to None, run_after=None
[2026-01-12T16:51:10.704+0000] {processor.py:183} INFO - Processing /opt/airflow/dags/etl_sample_dag.py took 0.601 seconds
[2026-01-12T16:51:41.467+0000] {processor.py:161} INFO - Started process (PID=769) to work on /opt/airflow/dags/etl_sample_dag.py
[2026-01-12T16:51:41.469+0000] {processor.py:830} INFO - Processing file /opt/airflow/dags/etl_sample_dag.py for tasks to queue
[2026-01-12T16:51:41.470+0000] {logging_mixin.py:188} INFO - [2026-01-12T16:51:41.470+0000] {dagbag.py:538} INFO - Filling up the DagBag from /opt/airflow/dags/etl_sample_dag.py
[2026-01-12T16:51:42.136+0000] {processor.py:840} INFO - DAG(s) 'etl_sample_dag' retrieved from /opt/airflow/dags/etl_sample_dag.py
[2026-01-12T16:51:42.175+0000] {logging_mixin.py:188} INFO - [2026-01-12T16:51:42.174+0000] {dag.py:3036} INFO - Sync 1 DAGs
[2026-01-12T16:51:42.193+0000] {logging_mixin.py:188} INFO - [2026-01-12T16:51:42.193+0000] {dag.py:3823} INFO - Setting next_dagrun for etl_sample_dag to None, run_after=None
[2026-01-12T16:51:42.255+0000] {processor.py:183} INFO - Processing /opt/airflow/dags/etl_sample_dag.py took 0.794 seconds
[2026-01-12T16:52:12.944+0000] {processor.py:161} INFO - Started process (PID=809) to work on /opt/airflow/dags/etl_sample_dag.py
[2026-01-12T16:52:12.947+0000] {processor.py:830} INFO - Processing file /opt/airflow/dags/etl_sample_dag.py for tasks to queue
[2026-01-12T16:52:12.950+0000] {logging_mixin.py:188} INFO - [2026-01-12T16:52:12.950+0000] {dagbag.py:538} INFO - Filling up the DagBag from /opt/airflow/dags/etl_sample_dag.py
[2026-01-12T16:52:13.547+0000] {processor.py:840} INFO - DAG(s) 'etl_sample_dag' retrieved from /opt/airflow/dags/etl_sample_dag.py
[2026-01-12T16:52:13.584+0000] {logging_mixin.py:188} INFO - [2026-01-12T16:52:13.583+0000] {dag.py:3036} INFO - Sync 1 DAGs
[2026-01-12T16:52:13.598+0000] {logging_mixin.py:188} INFO - [2026-01-12T16:52:13.598+0000] {dag.py:3823} INFO - Setting next_dagrun for etl_sample_dag to None, run_after=None
[2026-01-12T16:52:13.637+0000] {processor.py:183} INFO - Processing /opt/airflow/dags/etl_sample_dag.py took 0.701 seconds
[2026-01-12T16:52:44.108+0000] {processor.py:161} INFO - Started process (PID=848) to work on /opt/airflow/dags/etl_sample_dag.py
[2026-01-12T16:52:44.110+0000] {processor.py:830} INFO - Processing file /opt/airflow/dags/etl_sample_dag.py for tasks to queue
[2026-01-12T16:52:44.111+0000] {logging_mixin.py:188} INFO - [2026-01-12T16:52:44.111+0000] {dagbag.py:538} INFO - Filling up the DagBag from /opt/airflow/dags/etl_sample_dag.py
[2026-01-12T16:52:44.663+0000] {processor.py:840} INFO - DAG(s) 'etl_sample_dag' retrieved from /opt/airflow/dags/etl_sample_dag.py
[2026-01-12T16:52:44.691+0000] {logging_mixin.py:188} INFO - [2026-01-12T16:52:44.690+0000] {dag.py:3036} INFO - Sync 1 DAGs
[2026-01-12T16:52:44.702+0000] {logging_mixin.py:188} INFO - [2026-01-12T16:52:44.701+0000] {dag.py:3823} INFO - Setting next_dagrun for etl_sample_dag to None, run_after=None
[2026-01-12T16:52:44.742+0000] {processor.py:183} INFO - Processing /opt/airflow/dags/etl_sample_dag.py took 0.638 seconds
[2026-01-12T16:53:15.609+0000] {processor.py:161} INFO - Started process (PID=891) to work on /opt/airflow/dags/etl_sample_dag.py
[2026-01-12T16:53:15.611+0000] {processor.py:830} INFO - Processing file /opt/airflow/dags/etl_sample_dag.py for tasks to queue
[2026-01-12T16:53:15.613+0000] {logging_mixin.py:188} INFO - [2026-01-12T16:53:15.612+0000] {dagbag.py:538} INFO - Filling up the DagBag from /opt/airflow/dags/etl_sample_dag.py
[2026-01-12T16:53:16.179+0000] {processor.py:840} INFO - DAG(s) 'etl_sample_dag' retrieved from /opt/airflow/dags/etl_sample_dag.py
[2026-01-12T16:53:16.219+0000] {logging_mixin.py:188} INFO - [2026-01-12T16:53:16.218+0000] {dag.py:3036} INFO - Sync 1 DAGs
[2026-01-12T16:53:16.241+0000] {logging_mixin.py:188} INFO - [2026-01-12T16:53:16.241+0000] {dag.py:3823} INFO - Setting next_dagrun for etl_sample_dag to None, run_after=None
[2026-01-12T16:53:16.282+0000] {processor.py:183} INFO - Processing /opt/airflow/dags/etl_sample_dag.py took 0.679 seconds
[2026-01-12T16:53:46.737+0000] {processor.py:161} INFO - Started process (PID=931) to work on /opt/airflow/dags/etl_sample_dag.py
[2026-01-12T16:53:46.739+0000] {processor.py:830} INFO - Processing file /opt/airflow/dags/etl_sample_dag.py for tasks to queue
[2026-01-12T16:53:46.741+0000] {logging_mixin.py:188} INFO - [2026-01-12T16:53:46.741+0000] {dagbag.py:538} INFO - Filling up the DagBag from /opt/airflow/dags/etl_sample_dag.py
[2026-01-12T16:53:47.208+0000] {processor.py:840} INFO - DAG(s) 'etl_sample_dag' retrieved from /opt/airflow/dags/etl_sample_dag.py
[2026-01-12T16:53:47.241+0000] {logging_mixin.py:188} INFO - [2026-01-12T16:53:47.240+0000] {dag.py:3036} INFO - Sync 1 DAGs
[2026-01-12T16:53:47.251+0000] {logging_mixin.py:188} INFO - [2026-01-12T16:53:47.251+0000] {dag.py:3823} INFO - Setting next_dagrun for etl_sample_dag to None, run_after=None
[2026-01-12T16:53:47.292+0000] {processor.py:183} INFO - Processing /opt/airflow/dags/etl_sample_dag.py took 0.559 seconds
[2026-01-12T16:54:17.529+0000] {processor.py:161} INFO - Started process (PID=969) to work on /opt/airflow/dags/etl_sample_dag.py
[2026-01-12T16:54:17.531+0000] {processor.py:830} INFO - Processing file /opt/airflow/dags/etl_sample_dag.py for tasks to queue
[2026-01-12T16:54:17.534+0000] {logging_mixin.py:188} INFO - [2026-01-12T16:54:17.533+0000] {dagbag.py:538} INFO - Filling up the DagBag from /opt/airflow/dags/etl_sample_dag.py
[2026-01-12T16:54:18.132+0000] {processor.py:840} INFO - DAG(s) 'etl_sample_dag' retrieved from /opt/airflow/dags/etl_sample_dag.py
[2026-01-12T16:54:18.155+0000] {logging_mixin.py:188} INFO - [2026-01-12T16:54:18.154+0000] {dag.py:3036} INFO - Sync 1 DAGs
[2026-01-12T16:54:18.167+0000] {logging_mixin.py:188} INFO - [2026-01-12T16:54:18.167+0000] {dag.py:3823} INFO - Setting next_dagrun for etl_sample_dag to None, run_after=None
[2026-01-12T16:54:18.207+0000] {processor.py:183} INFO - Processing /opt/airflow/dags/etl_sample_dag.py took 0.683 seconds
[2026-01-12T16:54:48.801+0000] {processor.py:161} INFO - Started process (PID=1008) to work on /opt/airflow/dags/etl_sample_dag.py
[2026-01-12T16:54:48.802+0000] {processor.py:830} INFO - Processing file /opt/airflow/dags/etl_sample_dag.py for tasks to queue
[2026-01-12T16:54:48.804+0000] {logging_mixin.py:188} INFO - [2026-01-12T16:54:48.803+0000] {dagbag.py:538} INFO - Filling up the DagBag from /opt/airflow/dags/etl_sample_dag.py
[2026-01-12T16:54:49.289+0000] {processor.py:840} INFO - DAG(s) 'etl_sample_dag' retrieved from /opt/airflow/dags/etl_sample_dag.py
[2026-01-12T16:54:49.314+0000] {logging_mixin.py:188} INFO - [2026-01-12T16:54:49.313+0000] {dag.py:3036} INFO - Sync 1 DAGs
[2026-01-12T16:54:49.326+0000] {logging_mixin.py:188} INFO - [2026-01-12T16:54:49.326+0000] {dag.py:3823} INFO - Setting next_dagrun for etl_sample_dag to None, run_after=None
[2026-01-12T16:54:49.368+0000] {processor.py:183} INFO - Processing /opt/airflow/dags/etl_sample_dag.py took 0.571 seconds
[2026-01-12T16:55:19.625+0000] {processor.py:161} INFO - Started process (PID=1048) to work on /opt/airflow/dags/etl_sample_dag.py
[2026-01-12T16:55:19.627+0000] {processor.py:830} INFO - Processing file /opt/airflow/dags/etl_sample_dag.py for tasks to queue
[2026-01-12T16:55:19.629+0000] {logging_mixin.py:188} INFO - [2026-01-12T16:55:19.628+0000] {dagbag.py:538} INFO - Filling up the DagBag from /opt/airflow/dags/etl_sample_dag.py
[2026-01-12T16:55:20.208+0000] {processor.py:840} INFO - DAG(s) 'etl_sample_dag' retrieved from /opt/airflow/dags/etl_sample_dag.py
[2026-01-12T16:55:20.253+0000] {logging_mixin.py:188} INFO - [2026-01-12T16:55:20.252+0000] {dag.py:3036} INFO - Sync 1 DAGs
[2026-01-12T16:55:20.266+0000] {logging_mixin.py:188} INFO - [2026-01-12T16:55:20.266+0000] {dag.py:3823} INFO - Setting next_dagrun for etl_sample_dag to None, run_after=None
[2026-01-12T16:55:20.326+0000] {processor.py:183} INFO - Processing /opt/airflow/dags/etl_sample_dag.py took 0.704 seconds
[2026-01-12T16:55:50.730+0000] {processor.py:161} INFO - Started process (PID=1088) to work on /opt/airflow/dags/etl_sample_dag.py
[2026-01-12T16:55:50.732+0000] {processor.py:830} INFO - Processing file /opt/airflow/dags/etl_sample_dag.py for tasks to queue
[2026-01-12T16:55:50.733+0000] {logging_mixin.py:188} INFO - [2026-01-12T16:55:50.733+0000] {dagbag.py:538} INFO - Filling up the DagBag from /opt/airflow/dags/etl_sample_dag.py
[2026-01-12T16:55:51.182+0000] {processor.py:840} INFO - DAG(s) 'etl_sample_dag' retrieved from /opt/airflow/dags/etl_sample_dag.py
[2026-01-12T16:55:51.207+0000] {logging_mixin.py:188} INFO - [2026-01-12T16:55:51.207+0000] {dag.py:3036} INFO - Sync 1 DAGs
[2026-01-12T16:55:51.220+0000] {logging_mixin.py:188} INFO - [2026-01-12T16:55:51.220+0000] {dag.py:3823} INFO - Setting next_dagrun for etl_sample_dag to None, run_after=None
[2026-01-12T16:55:51.253+0000] {processor.py:183} INFO - Processing /opt/airflow/dags/etl_sample_dag.py took 0.525 seconds
[2026-01-12T16:56:21.623+0000] {processor.py:161} INFO - Started process (PID=1128) to work on /opt/airflow/dags/etl_sample_dag.py
[2026-01-12T16:56:21.625+0000] {processor.py:830} INFO - Processing file /opt/airflow/dags/etl_sample_dag.py for tasks to queue
[2026-01-12T16:56:21.627+0000] {logging_mixin.py:188} INFO - [2026-01-12T16:56:21.626+0000] {dagbag.py:538} INFO - Filling up the DagBag from /opt/airflow/dags/etl_sample_dag.py
[2026-01-12T16:56:22.097+0000] {processor.py:840} INFO - DAG(s) 'etl_sample_dag' retrieved from /opt/airflow/dags/etl_sample_dag.py
[2026-01-12T16:56:22.121+0000] {logging_mixin.py:188} INFO - [2026-01-12T16:56:22.121+0000] {dag.py:3036} INFO - Sync 1 DAGs
[2026-01-12T16:56:22.135+0000] {logging_mixin.py:188} INFO - [2026-01-12T16:56:22.135+0000] {dag.py:3823} INFO - Setting next_dagrun for etl_sample_dag to None, run_after=None
[2026-01-12T16:56:22.172+0000] {processor.py:183} INFO - Processing /opt/airflow/dags/etl_sample_dag.py took 0.552 seconds
[2026-01-12T16:56:52.469+0000] {processor.py:161} INFO - Started process (PID=1168) to work on /opt/airflow/dags/etl_sample_dag.py
[2026-01-12T16:56:52.470+0000] {processor.py:830} INFO - Processing file /opt/airflow/dags/etl_sample_dag.py for tasks to queue
[2026-01-12T16:56:52.472+0000] {logging_mixin.py:188} INFO - [2026-01-12T16:56:52.472+0000] {dagbag.py:538} INFO - Filling up the DagBag from /opt/airflow/dags/etl_sample_dag.py
[2026-01-12T16:56:52.938+0000] {processor.py:840} INFO - DAG(s) 'etl_sample_dag' retrieved from /opt/airflow/dags/etl_sample_dag.py
[2026-01-12T16:56:52.963+0000] {logging_mixin.py:188} INFO - [2026-01-12T16:56:52.962+0000] {dag.py:3036} INFO - Sync 1 DAGs
[2026-01-12T16:56:52.976+0000] {logging_mixin.py:188} INFO - [2026-01-12T16:56:52.975+0000] {dag.py:3823} INFO - Setting next_dagrun for etl_sample_dag to None, run_after=None
[2026-01-12T16:56:53.010+0000] {processor.py:183} INFO - Processing /opt/airflow/dags/etl_sample_dag.py took 0.547 seconds
[2026-01-12T16:57:23.260+0000] {processor.py:161} INFO - Started process (PID=1208) to work on /opt/airflow/dags/etl_sample_dag.py
[2026-01-12T16:57:23.263+0000] {processor.py:830} INFO - Processing file /opt/airflow/dags/etl_sample_dag.py for tasks to queue
[2026-01-12T16:57:23.264+0000] {logging_mixin.py:188} INFO - [2026-01-12T16:57:23.264+0000] {dagbag.py:538} INFO - Filling up the DagBag from /opt/airflow/dags/etl_sample_dag.py
[2026-01-12T16:57:23.739+0000] {processor.py:840} INFO - DAG(s) 'etl_sample_dag' retrieved from /opt/airflow/dags/etl_sample_dag.py
[2026-01-12T16:57:23.762+0000] {logging_mixin.py:188} INFO - [2026-01-12T16:57:23.762+0000] {dag.py:3036} INFO - Sync 1 DAGs
[2026-01-12T16:57:23.773+0000] {logging_mixin.py:188} INFO - [2026-01-12T16:57:23.773+0000] {dag.py:3823} INFO - Setting next_dagrun for etl_sample_dag to None, run_after=None
[2026-01-12T16:57:23.811+0000] {processor.py:183} INFO - Processing /opt/airflow/dags/etl_sample_dag.py took 0.556 seconds
[2026-01-12T16:57:53.994+0000] {processor.py:161} INFO - Started process (PID=1248) to work on /opt/airflow/dags/etl_sample_dag.py
[2026-01-12T16:57:53.996+0000] {processor.py:830} INFO - Processing file /opt/airflow/dags/etl_sample_dag.py for tasks to queue
[2026-01-12T16:57:53.997+0000] {logging_mixin.py:188} INFO - [2026-01-12T16:57:53.997+0000] {dagbag.py:538} INFO - Filling up the DagBag from /opt/airflow/dags/etl_sample_dag.py
[2026-01-12T16:57:54.482+0000] {processor.py:840} INFO - DAG(s) 'etl_sample_dag' retrieved from /opt/airflow/dags/etl_sample_dag.py
[2026-01-12T16:57:54.510+0000] {logging_mixin.py:188} INFO - [2026-01-12T16:57:54.509+0000] {dag.py:3036} INFO - Sync 1 DAGs
[2026-01-12T16:57:54.521+0000] {logging_mixin.py:188} INFO - [2026-01-12T16:57:54.521+0000] {dag.py:3823} INFO - Setting next_dagrun for etl_sample_dag to None, run_after=None
[2026-01-12T16:57:54.556+0000] {processor.py:183} INFO - Processing /opt/airflow/dags/etl_sample_dag.py took 0.566 seconds
[2026-01-12T16:58:24.880+0000] {processor.py:161} INFO - Started process (PID=1288) to work on /opt/airflow/dags/etl_sample_dag.py
[2026-01-12T16:58:24.881+0000] {processor.py:830} INFO - Processing file /opt/airflow/dags/etl_sample_dag.py for tasks to queue
[2026-01-12T16:58:24.882+0000] {logging_mixin.py:188} INFO - [2026-01-12T16:58:24.882+0000] {dagbag.py:538} INFO - Filling up the DagBag from /opt/airflow/dags/etl_sample_dag.py
[2026-01-12T16:58:25.339+0000] {processor.py:840} INFO - DAG(s) 'etl_sample_dag' retrieved from /opt/airflow/dags/etl_sample_dag.py
[2026-01-12T16:58:25.361+0000] {logging_mixin.py:188} INFO - [2026-01-12T16:58:25.361+0000] {dag.py:3036} INFO - Sync 1 DAGs
[2026-01-12T16:58:25.373+0000] {logging_mixin.py:188} INFO - [2026-01-12T16:58:25.372+0000] {dag.py:3823} INFO - Setting next_dagrun for etl_sample_dag to None, run_after=None
[2026-01-12T16:58:25.411+0000] {processor.py:183} INFO - Processing /opt/airflow/dags/etl_sample_dag.py took 0.534 seconds
[2026-01-12T16:58:55.796+0000] {processor.py:161} INFO - Started process (PID=1328) to work on /opt/airflow/dags/etl_sample_dag.py
[2026-01-12T16:58:55.797+0000] {processor.py:830} INFO - Processing file /opt/airflow/dags/etl_sample_dag.py for tasks to queue
[2026-01-12T16:58:55.798+0000] {logging_mixin.py:188} INFO - [2026-01-12T16:58:55.798+0000] {dagbag.py:538} INFO - Filling up the DagBag from /opt/airflow/dags/etl_sample_dag.py
[2026-01-12T16:58:56.244+0000] {processor.py:840} INFO - DAG(s) 'etl_sample_dag' retrieved from /opt/airflow/dags/etl_sample_dag.py
[2026-01-12T16:58:56.269+0000] {logging_mixin.py:188} INFO - [2026-01-12T16:58:56.268+0000] {dag.py:3036} INFO - Sync 1 DAGs
[2026-01-12T16:58:56.280+0000] {logging_mixin.py:188} INFO - [2026-01-12T16:58:56.280+0000] {dag.py:3823} INFO - Setting next_dagrun for etl_sample_dag to None, run_after=None
[2026-01-12T16:58:56.315+0000] {processor.py:183} INFO - Processing /opt/airflow/dags/etl_sample_dag.py took 0.522 seconds
[2026-01-12T16:59:26.747+0000] {processor.py:161} INFO - Started process (PID=1368) to work on /opt/airflow/dags/etl_sample_dag.py
[2026-01-12T16:59:26.749+0000] {processor.py:830} INFO - Processing file /opt/airflow/dags/etl_sample_dag.py for tasks to queue
[2026-01-12T16:59:26.750+0000] {logging_mixin.py:188} INFO - [2026-01-12T16:59:26.749+0000] {dagbag.py:538} INFO - Filling up the DagBag from /opt/airflow/dags/etl_sample_dag.py
[2026-01-12T16:59:27.224+0000] {processor.py:840} INFO - DAG(s) 'etl_sample_dag' retrieved from /opt/airflow/dags/etl_sample_dag.py
[2026-01-12T16:59:27.310+0000] {logging_mixin.py:188} INFO - [2026-01-12T16:59:27.309+0000] {dag.py:3036} INFO - Sync 1 DAGs
[2026-01-12T16:59:27.330+0000] {logging_mixin.py:188} INFO - [2026-01-12T16:59:27.329+0000] {dag.py:3823} INFO - Setting next_dagrun for etl_sample_dag to None, run_after=None
[2026-01-12T16:59:27.365+0000] {processor.py:183} INFO - Processing /opt/airflow/dags/etl_sample_dag.py took 0.621 seconds
[2026-01-12T16:59:57.596+0000] {processor.py:161} INFO - Started process (PID=1408) to work on /opt/airflow/dags/etl_sample_dag.py
[2026-01-12T16:59:57.598+0000] {processor.py:830} INFO - Processing file /opt/airflow/dags/etl_sample_dag.py for tasks to queue
[2026-01-12T16:59:57.599+0000] {logging_mixin.py:188} INFO - [2026-01-12T16:59:57.599+0000] {dagbag.py:538} INFO - Filling up the DagBag from /opt/airflow/dags/etl_sample_dag.py
[2026-01-12T16:59:58.006+0000] {processor.py:840} INFO - DAG(s) 'etl_sample_dag' retrieved from /opt/airflow/dags/etl_sample_dag.py
[2026-01-12T16:59:58.027+0000] {logging_mixin.py:188} INFO - [2026-01-12T16:59:58.027+0000] {dag.py:3036} INFO - Sync 1 DAGs
[2026-01-12T16:59:58.039+0000] {logging_mixin.py:188} INFO - [2026-01-12T16:59:58.039+0000] {dag.py:3823} INFO - Setting next_dagrun for etl_sample_dag to None, run_after=None
[2026-01-12T16:59:58.073+0000] {processor.py:183} INFO - Processing /opt/airflow/dags/etl_sample_dag.py took 0.480 seconds
[2026-01-12T17:00:28.574+0000] {processor.py:161} INFO - Started process (PID=1448) to work on /opt/airflow/dags/etl_sample_dag.py
[2026-01-12T17:00:28.575+0000] {processor.py:830} INFO - Processing file /opt/airflow/dags/etl_sample_dag.py for tasks to queue
[2026-01-12T17:00:28.577+0000] {logging_mixin.py:188} INFO - [2026-01-12T17:00:28.576+0000] {dagbag.py:538} INFO - Filling up the DagBag from /opt/airflow/dags/etl_sample_dag.py
[2026-01-12T17:00:29.001+0000] {processor.py:840} INFO - DAG(s) 'etl_sample_dag' retrieved from /opt/airflow/dags/etl_sample_dag.py
[2026-01-12T17:00:29.028+0000] {logging_mixin.py:188} INFO - [2026-01-12T17:00:29.027+0000] {dag.py:3036} INFO - Sync 1 DAGs
[2026-01-12T17:00:29.039+0000] {logging_mixin.py:188} INFO - [2026-01-12T17:00:29.039+0000] {dag.py:3823} INFO - Setting next_dagrun for etl_sample_dag to None, run_after=None
[2026-01-12T17:00:29.078+0000] {processor.py:183} INFO - Processing /opt/airflow/dags/etl_sample_dag.py took 0.507 seconds
[2026-01-12T17:00:59.187+0000] {processor.py:161} INFO - Started process (PID=1488) to work on /opt/airflow/dags/etl_sample_dag.py
[2026-01-12T17:00:59.189+0000] {processor.py:830} INFO - Processing file /opt/airflow/dags/etl_sample_dag.py for tasks to queue
[2026-01-12T17:00:59.190+0000] {logging_mixin.py:188} INFO - [2026-01-12T17:00:59.190+0000] {dagbag.py:538} INFO - Filling up the DagBag from /opt/airflow/dags/etl_sample_dag.py
[2026-01-12T17:00:59.706+0000] {processor.py:840} INFO - DAG(s) 'etl_sample_dag' retrieved from /opt/airflow/dags/etl_sample_dag.py
[2026-01-12T17:00:59.730+0000] {logging_mixin.py:188} INFO - [2026-01-12T17:00:59.729+0000] {dag.py:3036} INFO - Sync 1 DAGs
[2026-01-12T17:00:59.741+0000] {logging_mixin.py:188} INFO - [2026-01-12T17:00:59.741+0000] {dag.py:3823} INFO - Setting next_dagrun for etl_sample_dag to None, run_after=None
[2026-01-12T17:00:59.772+0000] {processor.py:183} INFO - Processing /opt/airflow/dags/etl_sample_dag.py took 0.591 seconds
[2026-01-12T17:01:30.283+0000] {processor.py:161} INFO - Started process (PID=1528) to work on /opt/airflow/dags/etl_sample_dag.py
[2026-01-12T17:01:30.285+0000] {processor.py:830} INFO - Processing file /opt/airflow/dags/etl_sample_dag.py for tasks to queue
[2026-01-12T17:01:30.286+0000] {logging_mixin.py:188} INFO - [2026-01-12T17:01:30.286+0000] {dagbag.py:538} INFO - Filling up the DagBag from /opt/airflow/dags/etl_sample_dag.py
[2026-01-12T17:01:30.779+0000] {processor.py:840} INFO - DAG(s) 'etl_sample_dag' retrieved from /opt/airflow/dags/etl_sample_dag.py
[2026-01-12T17:01:30.806+0000] {logging_mixin.py:188} INFO - [2026-01-12T17:01:30.806+0000] {dag.py:3036} INFO - Sync 1 DAGs
[2026-01-12T17:01:30.820+0000] {logging_mixin.py:188} INFO - [2026-01-12T17:01:30.820+0000] {dag.py:3823} INFO - Setting next_dagrun for etl_sample_dag to None, run_after=None
[2026-01-12T17:01:30.863+0000] {processor.py:183} INFO - Processing /opt/airflow/dags/etl_sample_dag.py took 0.584 seconds
[2026-01-12T17:02:01.239+0000] {processor.py:161} INFO - Started process (PID=1568) to work on /opt/airflow/dags/etl_sample_dag.py
[2026-01-12T17:02:01.240+0000] {processor.py:830} INFO - Processing file /opt/airflow/dags/etl_sample_dag.py for tasks to queue
[2026-01-12T17:02:01.241+0000] {logging_mixin.py:188} INFO - [2026-01-12T17:02:01.241+0000] {dagbag.py:538} INFO - Filling up the DagBag from /opt/airflow/dags/etl_sample_dag.py
[2026-01-12T17:02:01.655+0000] {processor.py:840} INFO - DAG(s) 'etl_sample_dag' retrieved from /opt/airflow/dags/etl_sample_dag.py
[2026-01-12T17:02:01.674+0000] {logging_mixin.py:188} INFO - [2026-01-12T17:02:01.674+0000] {dag.py:3036} INFO - Sync 1 DAGs
[2026-01-12T17:02:01.683+0000] {logging_mixin.py:188} INFO - [2026-01-12T17:02:01.683+0000] {dag.py:3823} INFO - Setting next_dagrun for etl_sample_dag to None, run_after=None
[2026-01-12T17:02:01.716+0000] {processor.py:183} INFO - Processing /opt/airflow/dags/etl_sample_dag.py took 0.480 seconds
[2026-01-12T17:02:31.972+0000] {processor.py:161} INFO - Started process (PID=1608) to work on /opt/airflow/dags/etl_sample_dag.py
[2026-01-12T17:02:31.973+0000] {processor.py:830} INFO - Processing file /opt/airflow/dags/etl_sample_dag.py for tasks to queue
[2026-01-12T17:02:31.975+0000] {logging_mixin.py:188} INFO - [2026-01-12T17:02:31.974+0000] {dagbag.py:538} INFO - Filling up the DagBag from /opt/airflow/dags/etl_sample_dag.py
[2026-01-12T17:02:32.519+0000] {processor.py:840} INFO - DAG(s) 'etl_sample_dag' retrieved from /opt/airflow/dags/etl_sample_dag.py
[2026-01-12T17:02:32.552+0000] {logging_mixin.py:188} INFO - [2026-01-12T17:02:32.551+0000] {dag.py:3036} INFO - Sync 1 DAGs
[2026-01-12T17:02:32.563+0000] {logging_mixin.py:188} INFO - [2026-01-12T17:02:32.562+0000] {dag.py:3823} INFO - Setting next_dagrun for etl_sample_dag to None, run_after=None
[2026-01-12T17:02:32.596+0000] {processor.py:183} INFO - Processing /opt/airflow/dags/etl_sample_dag.py took 0.629 seconds
[2026-01-12T17:03:02.999+0000] {processor.py:161} INFO - Started process (PID=1648) to work on /opt/airflow/dags/etl_sample_dag.py
[2026-01-12T17:03:03.001+0000] {processor.py:830} INFO - Processing file /opt/airflow/dags/etl_sample_dag.py for tasks to queue
[2026-01-12T17:03:03.003+0000] {logging_mixin.py:188} INFO - [2026-01-12T17:03:03.002+0000] {dagbag.py:538} INFO - Filling up the DagBag from /opt/airflow/dags/etl_sample_dag.py
[2026-01-12T17:03:03.589+0000] {processor.py:840} INFO - DAG(s) 'etl_sample_dag' retrieved from /opt/airflow/dags/etl_sample_dag.py
[2026-01-12T17:03:03.611+0000] {logging_mixin.py:188} INFO - [2026-01-12T17:03:03.611+0000] {dag.py:3036} INFO - Sync 1 DAGs
[2026-01-12T17:03:03.622+0000] {logging_mixin.py:188} INFO - [2026-01-12T17:03:03.621+0000] {dag.py:3823} INFO - Setting next_dagrun for etl_sample_dag to None, run_after=None
[2026-01-12T17:03:03.657+0000] {processor.py:183} INFO - Processing /opt/airflow/dags/etl_sample_dag.py took 0.664 seconds
[2026-01-12T17:03:34.092+0000] {processor.py:161} INFO - Started process (PID=1688) to work on /opt/airflow/dags/etl_sample_dag.py
[2026-01-12T17:03:34.094+0000] {processor.py:830} INFO - Processing file /opt/airflow/dags/etl_sample_dag.py for tasks to queue
[2026-01-12T17:03:34.096+0000] {logging_mixin.py:188} INFO - [2026-01-12T17:03:34.095+0000] {dagbag.py:538} INFO - Filling up the DagBag from /opt/airflow/dags/etl_sample_dag.py
[2026-01-12T17:03:34.649+0000] {processor.py:840} INFO - DAG(s) 'etl_sample_dag' retrieved from /opt/airflow/dags/etl_sample_dag.py
[2026-01-12T17:03:34.673+0000] {logging_mixin.py:188} INFO - [2026-01-12T17:03:34.672+0000] {dag.py:3036} INFO - Sync 1 DAGs
[2026-01-12T17:03:34.685+0000] {logging_mixin.py:188} INFO - [2026-01-12T17:03:34.685+0000] {dag.py:3823} INFO - Setting next_dagrun for etl_sample_dag to None, run_after=None
[2026-01-12T17:03:34.716+0000] {processor.py:183} INFO - Processing /opt/airflow/dags/etl_sample_dag.py took 0.628 seconds
[2026-01-12T17:04:05.005+0000] {processor.py:161} INFO - Started process (PID=1728) to work on /opt/airflow/dags/etl_sample_dag.py
[2026-01-12T17:04:05.007+0000] {processor.py:830} INFO - Processing file /opt/airflow/dags/etl_sample_dag.py for tasks to queue
[2026-01-12T17:04:05.009+0000] {logging_mixin.py:188} INFO - [2026-01-12T17:04:05.008+0000] {dagbag.py:538} INFO - Filling up the DagBag from /opt/airflow/dags/etl_sample_dag.py
[2026-01-12T17:04:05.573+0000] {processor.py:840} INFO - DAG(s) 'etl_sample_dag' retrieved from /opt/airflow/dags/etl_sample_dag.py
[2026-01-12T17:04:05.600+0000] {logging_mixin.py:188} INFO - [2026-01-12T17:04:05.599+0000] {dag.py:3036} INFO - Sync 1 DAGs
[2026-01-12T17:04:05.613+0000] {logging_mixin.py:188} INFO - [2026-01-12T17:04:05.612+0000] {dag.py:3823} INFO - Setting next_dagrun for etl_sample_dag to None, run_after=None
[2026-01-12T17:04:05.648+0000] {processor.py:183} INFO - Processing /opt/airflow/dags/etl_sample_dag.py took 0.647 seconds
[2026-01-12T17:04:35.850+0000] {processor.py:161} INFO - Started process (PID=1768) to work on /opt/airflow/dags/etl_sample_dag.py
[2026-01-12T17:04:35.851+0000] {processor.py:830} INFO - Processing file /opt/airflow/dags/etl_sample_dag.py for tasks to queue
[2026-01-12T17:04:35.853+0000] {logging_mixin.py:188} INFO - [2026-01-12T17:04:35.853+0000] {dagbag.py:538} INFO - Filling up the DagBag from /opt/airflow/dags/etl_sample_dag.py
[2026-01-12T17:04:36.559+0000] {processor.py:840} INFO - DAG(s) 'etl_sample_dag' retrieved from /opt/airflow/dags/etl_sample_dag.py
[2026-01-12T17:04:36.588+0000] {logging_mixin.py:188} INFO - [2026-01-12T17:04:36.587+0000] {dag.py:3036} INFO - Sync 1 DAGs
[2026-01-12T17:04:36.601+0000] {logging_mixin.py:188} INFO - [2026-01-12T17:04:36.601+0000] {dag.py:3823} INFO - Setting next_dagrun for etl_sample_dag to None, run_after=None
[2026-01-12T17:04:36.738+0000] {processor.py:183} INFO - Processing /opt/airflow/dags/etl_sample_dag.py took 0.892 seconds
[2026-01-12T17:05:07.029+0000] {processor.py:161} INFO - Started process (PID=1808) to work on /opt/airflow/dags/etl_sample_dag.py
[2026-01-12T17:05:07.031+0000] {processor.py:830} INFO - Processing file /opt/airflow/dags/etl_sample_dag.py for tasks to queue
[2026-01-12T17:05:07.033+0000] {logging_mixin.py:188} INFO - [2026-01-12T17:05:07.033+0000] {dagbag.py:538} INFO - Filling up the DagBag from /opt/airflow/dags/etl_sample_dag.py
[2026-01-12T17:05:07.681+0000] {processor.py:840} INFO - DAG(s) 'etl_sample_dag' retrieved from /opt/airflow/dags/etl_sample_dag.py
[2026-01-12T17:05:07.704+0000] {logging_mixin.py:188} INFO - [2026-01-12T17:05:07.704+0000] {dag.py:3036} INFO - Sync 1 DAGs
[2026-01-12T17:05:07.716+0000] {logging_mixin.py:188} INFO - [2026-01-12T17:05:07.715+0000] {dag.py:3823} INFO - Setting next_dagrun for etl_sample_dag to None, run_after=None
[2026-01-12T17:05:07.750+0000] {processor.py:183} INFO - Processing /opt/airflow/dags/etl_sample_dag.py took 0.725 seconds
[2026-01-12T17:05:38.598+0000] {processor.py:161} INFO - Started process (PID=1848) to work on /opt/airflow/dags/etl_sample_dag.py
[2026-01-12T17:05:38.599+0000] {processor.py:830} INFO - Processing file /opt/airflow/dags/etl_sample_dag.py for tasks to queue
[2026-01-12T17:05:38.601+0000] {logging_mixin.py:188} INFO - [2026-01-12T17:05:38.600+0000] {dagbag.py:538} INFO - Filling up the DagBag from /opt/airflow/dags/etl_sample_dag.py
[2026-01-12T17:05:39.120+0000] {processor.py:840} INFO - DAG(s) 'etl_sample_dag' retrieved from /opt/airflow/dags/etl_sample_dag.py
[2026-01-12T17:05:39.148+0000] {logging_mixin.py:188} INFO - [2026-01-12T17:05:39.148+0000] {dag.py:3036} INFO - Sync 1 DAGs
[2026-01-12T17:05:39.161+0000] {logging_mixin.py:188} INFO - [2026-01-12T17:05:39.160+0000] {dag.py:3823} INFO - Setting next_dagrun for etl_sample_dag to None, run_after=None
[2026-01-12T17:05:39.205+0000] {processor.py:183} INFO - Processing /opt/airflow/dags/etl_sample_dag.py took 0.612 seconds
[2026-01-12T17:06:09.522+0000] {processor.py:161} INFO - Started process (PID=1888) to work on /opt/airflow/dags/etl_sample_dag.py
[2026-01-12T17:06:09.524+0000] {processor.py:830} INFO - Processing file /opt/airflow/dags/etl_sample_dag.py for tasks to queue
[2026-01-12T17:06:09.525+0000] {logging_mixin.py:188} INFO - [2026-01-12T17:06:09.525+0000] {dagbag.py:538} INFO - Filling up the DagBag from /opt/airflow/dags/etl_sample_dag.py
[2026-01-12T17:06:09.964+0000] {processor.py:840} INFO - DAG(s) 'etl_sample_dag' retrieved from /opt/airflow/dags/etl_sample_dag.py
[2026-01-12T17:06:09.985+0000] {logging_mixin.py:188} INFO - [2026-01-12T17:06:09.984+0000] {dag.py:3036} INFO - Sync 1 DAGs
[2026-01-12T17:06:09.997+0000] {logging_mixin.py:188} INFO - [2026-01-12T17:06:09.997+0000] {dag.py:3823} INFO - Setting next_dagrun for etl_sample_dag to None, run_after=None
[2026-01-12T17:06:10.030+0000] {processor.py:183} INFO - Processing /opt/airflow/dags/etl_sample_dag.py took 0.512 seconds
[2026-01-12T17:06:40.261+0000] {processor.py:161} INFO - Started process (PID=1928) to work on /opt/airflow/dags/etl_sample_dag.py
[2026-01-12T17:06:40.262+0000] {processor.py:830} INFO - Processing file /opt/airflow/dags/etl_sample_dag.py for tasks to queue
[2026-01-12T17:06:40.264+0000] {logging_mixin.py:188} INFO - [2026-01-12T17:06:40.264+0000] {dagbag.py:538} INFO - Filling up the DagBag from /opt/airflow/dags/etl_sample_dag.py
[2026-01-12T17:06:40.785+0000] {processor.py:840} INFO - DAG(s) 'etl_sample_dag' retrieved from /opt/airflow/dags/etl_sample_dag.py
[2026-01-12T17:06:40.809+0000] {logging_mixin.py:188} INFO - [2026-01-12T17:06:40.809+0000] {dag.py:3036} INFO - Sync 1 DAGs
[2026-01-12T17:06:40.821+0000] {logging_mixin.py:188} INFO - [2026-01-12T17:06:40.821+0000] {dag.py:3823} INFO - Setting next_dagrun for etl_sample_dag to None, run_after=None
[2026-01-12T17:06:40.860+0000] {processor.py:183} INFO - Processing /opt/airflow/dags/etl_sample_dag.py took 0.602 seconds
[2026-01-12T17:07:11.184+0000] {processor.py:161} INFO - Started process (PID=1968) to work on /opt/airflow/dags/etl_sample_dag.py
[2026-01-12T17:07:11.186+0000] {processor.py:830} INFO - Processing file /opt/airflow/dags/etl_sample_dag.py for tasks to queue
[2026-01-12T17:07:11.187+0000] {logging_mixin.py:188} INFO - [2026-01-12T17:07:11.187+0000] {dagbag.py:538} INFO - Filling up the DagBag from /opt/airflow/dags/etl_sample_dag.py
[2026-01-12T17:07:11.683+0000] {processor.py:840} INFO - DAG(s) 'etl_sample_dag' retrieved from /opt/airflow/dags/etl_sample_dag.py
[2026-01-12T17:07:11.707+0000] {logging_mixin.py:188} INFO - [2026-01-12T17:07:11.707+0000] {dag.py:3036} INFO - Sync 1 DAGs
[2026-01-12T17:07:11.719+0000] {logging_mixin.py:188} INFO - [2026-01-12T17:07:11.719+0000] {dag.py:3823} INFO - Setting next_dagrun for etl_sample_dag to None, run_after=None
[2026-01-12T17:07:11.752+0000] {processor.py:183} INFO - Processing /opt/airflow/dags/etl_sample_dag.py took 0.572 seconds
[2026-01-12T17:07:41.917+0000] {processor.py:161} INFO - Started process (PID=2008) to work on /opt/airflow/dags/etl_sample_dag.py
[2026-01-12T17:07:41.919+0000] {processor.py:830} INFO - Processing file /opt/airflow/dags/etl_sample_dag.py for tasks to queue
[2026-01-12T17:07:41.920+0000] {logging_mixin.py:188} INFO - [2026-01-12T17:07:41.920+0000] {dagbag.py:538} INFO - Filling up the DagBag from /opt/airflow/dags/etl_sample_dag.py
[2026-01-12T17:07:42.430+0000] {processor.py:840} INFO - DAG(s) 'etl_sample_dag' retrieved from /opt/airflow/dags/etl_sample_dag.py
[2026-01-12T17:07:42.458+0000] {logging_mixin.py:188} INFO - [2026-01-12T17:07:42.458+0000] {dag.py:3036} INFO - Sync 1 DAGs
[2026-01-12T17:07:42.471+0000] {logging_mixin.py:188} INFO - [2026-01-12T17:07:42.471+0000] {dag.py:3823} INFO - Setting next_dagrun for etl_sample_dag to None, run_after=None
[2026-01-12T17:07:42.510+0000] {processor.py:183} INFO - Processing /opt/airflow/dags/etl_sample_dag.py took 0.597 seconds
[2026-01-12T17:08:12.603+0000] {processor.py:161} INFO - Started process (PID=2048) to work on /opt/airflow/dags/etl_sample_dag.py
[2026-01-12T17:08:12.604+0000] {processor.py:830} INFO - Processing file /opt/airflow/dags/etl_sample_dag.py for tasks to queue
[2026-01-12T17:08:12.606+0000] {logging_mixin.py:188} INFO - [2026-01-12T17:08:12.605+0000] {dagbag.py:538} INFO - Filling up the DagBag from /opt/airflow/dags/etl_sample_dag.py
[2026-01-12T17:08:13.085+0000] {processor.py:840} INFO - DAG(s) 'etl_sample_dag' retrieved from /opt/airflow/dags/etl_sample_dag.py
[2026-01-12T17:08:13.112+0000] {logging_mixin.py:188} INFO - [2026-01-12T17:08:13.111+0000] {dag.py:3036} INFO - Sync 1 DAGs
[2026-01-12T17:08:13.125+0000] {logging_mixin.py:188} INFO - [2026-01-12T17:08:13.124+0000] {dag.py:3823} INFO - Setting next_dagrun for etl_sample_dag to None, run_after=None
[2026-01-12T17:08:13.171+0000] {processor.py:183} INFO - Processing /opt/airflow/dags/etl_sample_dag.py took 0.573 seconds
[2026-01-12T17:08:43.332+0000] {processor.py:161} INFO - Started process (PID=2088) to work on /opt/airflow/dags/etl_sample_dag.py
[2026-01-12T17:08:43.334+0000] {processor.py:830} INFO - Processing file /opt/airflow/dags/etl_sample_dag.py for tasks to queue
[2026-01-12T17:08:43.335+0000] {logging_mixin.py:188} INFO - [2026-01-12T17:08:43.335+0000] {dagbag.py:538} INFO - Filling up the DagBag from /opt/airflow/dags/etl_sample_dag.py
[2026-01-12T17:08:43.788+0000] {processor.py:840} INFO - DAG(s) 'etl_sample_dag' retrieved from /opt/airflow/dags/etl_sample_dag.py
[2026-01-12T17:08:43.812+0000] {logging_mixin.py:188} INFO - [2026-01-12T17:08:43.811+0000] {dag.py:3036} INFO - Sync 1 DAGs
[2026-01-12T17:08:43.825+0000] {logging_mixin.py:188} INFO - [2026-01-12T17:08:43.825+0000] {dag.py:3823} INFO - Setting next_dagrun for etl_sample_dag to None, run_after=None
[2026-01-12T17:08:43.857+0000] {processor.py:183} INFO - Processing /opt/airflow/dags/etl_sample_dag.py took 0.528 seconds
[2026-01-12T17:09:14.035+0000] {processor.py:161} INFO - Started process (PID=2128) to work on /opt/airflow/dags/etl_sample_dag.py
[2026-01-12T17:09:14.036+0000] {processor.py:830} INFO - Processing file /opt/airflow/dags/etl_sample_dag.py for tasks to queue
[2026-01-12T17:09:14.037+0000] {logging_mixin.py:188} INFO - [2026-01-12T17:09:14.037+0000] {dagbag.py:538} INFO - Filling up the DagBag from /opt/airflow/dags/etl_sample_dag.py
[2026-01-12T17:09:14.564+0000] {processor.py:840} INFO - DAG(s) 'etl_sample_dag' retrieved from /opt/airflow/dags/etl_sample_dag.py
[2026-01-12T17:09:14.590+0000] {logging_mixin.py:188} INFO - [2026-01-12T17:09:14.590+0000] {dag.py:3036} INFO - Sync 1 DAGs
[2026-01-12T17:09:14.601+0000] {logging_mixin.py:188} INFO - [2026-01-12T17:09:14.601+0000] {dag.py:3823} INFO - Setting next_dagrun for etl_sample_dag to None, run_after=None
[2026-01-12T17:09:14.640+0000] {processor.py:183} INFO - Processing /opt/airflow/dags/etl_sample_dag.py took 0.610 seconds
[2026-01-12T17:09:45.067+0000] {processor.py:161} INFO - Started process (PID=2169) to work on /opt/airflow/dags/etl_sample_dag.py
[2026-01-12T17:09:45.068+0000] {processor.py:830} INFO - Processing file /opt/airflow/dags/etl_sample_dag.py for tasks to queue
[2026-01-12T17:09:45.070+0000] {logging_mixin.py:188} INFO - [2026-01-12T17:09:45.070+0000] {dagbag.py:538} INFO - Filling up the DagBag from /opt/airflow/dags/etl_sample_dag.py
[2026-01-12T17:09:45.551+0000] {processor.py:840} INFO - DAG(s) 'etl_sample_dag' retrieved from /opt/airflow/dags/etl_sample_dag.py
[2026-01-12T17:09:45.573+0000] {logging_mixin.py:188} INFO - [2026-01-12T17:09:45.572+0000] {dag.py:3036} INFO - Sync 1 DAGs
[2026-01-12T17:09:45.583+0000] {logging_mixin.py:188} INFO - [2026-01-12T17:09:45.583+0000] {dag.py:3823} INFO - Setting next_dagrun for etl_sample_dag to None, run_after=None
[2026-01-12T17:09:45.613+0000] {processor.py:183} INFO - Processing /opt/airflow/dags/etl_sample_dag.py took 0.550 seconds
[2026-01-12T17:10:15.968+0000] {processor.py:161} INFO - Started process (PID=2209) to work on /opt/airflow/dags/etl_sample_dag.py
[2026-01-12T17:10:15.969+0000] {processor.py:830} INFO - Processing file /opt/airflow/dags/etl_sample_dag.py for tasks to queue
[2026-01-12T17:10:15.970+0000] {logging_mixin.py:188} INFO - [2026-01-12T17:10:15.970+0000] {dagbag.py:538} INFO - Filling up the DagBag from /opt/airflow/dags/etl_sample_dag.py
[2026-01-12T17:10:16.429+0000] {processor.py:840} INFO - DAG(s) 'etl_sample_dag' retrieved from /opt/airflow/dags/etl_sample_dag.py
[2026-01-12T17:10:16.452+0000] {logging_mixin.py:188} INFO - [2026-01-12T17:10:16.452+0000] {dag.py:3036} INFO - Sync 1 DAGs
[2026-01-12T17:10:16.463+0000] {logging_mixin.py:188} INFO - [2026-01-12T17:10:16.463+0000] {dag.py:3823} INFO - Setting next_dagrun for etl_sample_dag to None, run_after=None
[2026-01-12T17:10:16.499+0000] {processor.py:183} INFO - Processing /opt/airflow/dags/etl_sample_dag.py took 0.536 seconds
[2026-01-12T17:10:46.783+0000] {processor.py:161} INFO - Started process (PID=2251) to work on /opt/airflow/dags/etl_sample_dag.py
[2026-01-12T17:10:46.784+0000] {processor.py:830} INFO - Processing file /opt/airflow/dags/etl_sample_dag.py for tasks to queue
[2026-01-12T17:10:46.786+0000] {logging_mixin.py:188} INFO - [2026-01-12T17:10:46.785+0000] {dagbag.py:538} INFO - Filling up the DagBag from /opt/airflow/dags/etl_sample_dag.py
[2026-01-12T17:10:47.322+0000] {processor.py:840} INFO - DAG(s) 'etl_sample_dag' retrieved from /opt/airflow/dags/etl_sample_dag.py
[2026-01-12T17:10:47.347+0000] {logging_mixin.py:188} INFO - [2026-01-12T17:10:47.346+0000] {dag.py:3036} INFO - Sync 1 DAGs
[2026-01-12T17:10:47.357+0000] {logging_mixin.py:188} INFO - [2026-01-12T17:10:47.357+0000] {dag.py:3823} INFO - Setting next_dagrun for etl_sample_dag to None, run_after=None
[2026-01-12T17:10:47.398+0000] {processor.py:183} INFO - Processing /opt/airflow/dags/etl_sample_dag.py took 0.619 seconds
[2026-01-12T17:11:17.902+0000] {processor.py:161} INFO - Started process (PID=2289) to work on /opt/airflow/dags/etl_sample_dag.py
[2026-01-12T17:11:17.904+0000] {processor.py:830} INFO - Processing file /opt/airflow/dags/etl_sample_dag.py for tasks to queue
[2026-01-12T17:11:17.905+0000] {logging_mixin.py:188} INFO - [2026-01-12T17:11:17.905+0000] {dagbag.py:538} INFO - Filling up the DagBag from /opt/airflow/dags/etl_sample_dag.py
[2026-01-12T17:11:18.390+0000] {processor.py:840} INFO - DAG(s) 'etl_sample_dag' retrieved from /opt/airflow/dags/etl_sample_dag.py
[2026-01-12T17:11:18.411+0000] {logging_mixin.py:188} INFO - [2026-01-12T17:11:18.411+0000] {dag.py:3036} INFO - Sync 1 DAGs
[2026-01-12T17:11:18.422+0000] {logging_mixin.py:188} INFO - [2026-01-12T17:11:18.422+0000] {dag.py:3823} INFO - Setting next_dagrun for etl_sample_dag to None, run_after=None
[2026-01-12T17:11:18.460+0000] {processor.py:183} INFO - Processing /opt/airflow/dags/etl_sample_dag.py took 0.562 seconds
