[2026-01-12T16:44:20.652+0000] {processor.py:161} INFO - Started process (PID=176) to work on /opt/airflow/dags/etl_pipeline_dag.py
[2026-01-12T16:44:20.654+0000] {processor.py:830} INFO - Processing file /opt/airflow/dags/etl_pipeline_dag.py for tasks to queue
[2026-01-12T16:44:20.656+0000] {logging_mixin.py:188} INFO - [2026-01-12T16:44:20.656+0000] {dagbag.py:538} INFO - Filling up the DagBag from /opt/airflow/dags/etl_pipeline_dag.py
[2026-01-12T16:44:21.757+0000] {processor.py:840} INFO - DAG(s) 'etl_csv_pipeline' retrieved from /opt/airflow/dags/etl_pipeline_dag.py
[2026-01-12T16:44:21.813+0000] {logging_mixin.py:188} INFO - [2026-01-12T16:44:21.812+0000] {dag.py:3036} INFO - Sync 1 DAGs
[2026-01-12T16:44:21.828+0000] {logging_mixin.py:188} INFO - [2026-01-12T16:44:21.828+0000] {dag.py:3823} INFO - Setting next_dagrun for etl_csv_pipeline to None, run_after=None
[2026-01-12T16:44:21.878+0000] {processor.py:183} INFO - Processing /opt/airflow/dags/etl_pipeline_dag.py took 1.230 seconds
[2026-01-12T16:44:52.415+0000] {processor.py:161} INFO - Started process (PID=222) to work on /opt/airflow/dags/etl_pipeline_dag.py
[2026-01-12T16:44:52.416+0000] {processor.py:830} INFO - Processing file /opt/airflow/dags/etl_pipeline_dag.py for tasks to queue
[2026-01-12T16:44:52.417+0000] {logging_mixin.py:188} INFO - [2026-01-12T16:44:52.417+0000] {dagbag.py:538} INFO - Filling up the DagBag from /opt/airflow/dags/etl_pipeline_dag.py
[2026-01-12T16:44:52.964+0000] {processor.py:840} INFO - DAG(s) 'etl_csv_pipeline' retrieved from /opt/airflow/dags/etl_pipeline_dag.py
[2026-01-12T16:44:52.996+0000] {logging_mixin.py:188} INFO - [2026-01-12T16:44:52.996+0000] {dag.py:3036} INFO - Sync 1 DAGs
[2026-01-12T16:44:53.011+0000] {logging_mixin.py:188} INFO - [2026-01-12T16:44:53.010+0000] {dag.py:3823} INFO - Setting next_dagrun for etl_csv_pipeline to None, run_after=None
[2026-01-12T16:44:53.052+0000] {processor.py:183} INFO - Processing /opt/airflow/dags/etl_pipeline_dag.py took 0.642 seconds
[2026-01-12T16:45:23.695+0000] {processor.py:161} INFO - Started process (PID=268) to work on /opt/airflow/dags/etl_pipeline_dag.py
[2026-01-12T16:45:23.697+0000] {processor.py:830} INFO - Processing file /opt/airflow/dags/etl_pipeline_dag.py for tasks to queue
[2026-01-12T16:45:23.699+0000] {logging_mixin.py:188} INFO - [2026-01-12T16:45:23.699+0000] {dagbag.py:538} INFO - Filling up the DagBag from /opt/airflow/dags/etl_pipeline_dag.py
[2026-01-12T16:45:24.585+0000] {processor.py:840} INFO - DAG(s) 'etl_csv_pipeline' retrieved from /opt/airflow/dags/etl_pipeline_dag.py
[2026-01-12T16:45:24.623+0000] {logging_mixin.py:188} INFO - [2026-01-12T16:45:24.623+0000] {dag.py:3036} INFO - Sync 1 DAGs
[2026-01-12T16:45:24.637+0000] {logging_mixin.py:188} INFO - [2026-01-12T16:45:24.637+0000] {dag.py:3823} INFO - Setting next_dagrun for etl_csv_pipeline to None, run_after=None
[2026-01-12T16:45:24.694+0000] {processor.py:183} INFO - Processing /opt/airflow/dags/etl_pipeline_dag.py took 1.005 seconds
[2026-01-12T16:45:54.755+0000] {processor.py:161} INFO - Started process (PID=308) to work on /opt/airflow/dags/etl_pipeline_dag.py
[2026-01-12T16:45:54.757+0000] {processor.py:830} INFO - Processing file /opt/airflow/dags/etl_pipeline_dag.py for tasks to queue
[2026-01-12T16:45:54.757+0000] {logging_mixin.py:188} INFO - [2026-01-12T16:45:54.757+0000] {dagbag.py:538} INFO - Filling up the DagBag from /opt/airflow/dags/etl_pipeline_dag.py
[2026-01-12T16:45:55.123+0000] {processor.py:840} INFO - DAG(s) 'etl_csv_pipeline' retrieved from /opt/airflow/dags/etl_pipeline_dag.py
[2026-01-12T16:45:55.133+0000] {logging_mixin.py:188} INFO - [2026-01-12T16:45:55.133+0000] {dag.py:3036} INFO - Sync 1 DAGs
[2026-01-12T16:45:55.144+0000] {logging_mixin.py:188} INFO - [2026-01-12T16:45:55.143+0000] {dag.py:3823} INFO - Setting next_dagrun for etl_csv_pipeline to None, run_after=None
[2026-01-12T16:45:55.170+0000] {processor.py:183} INFO - Processing /opt/airflow/dags/etl_pipeline_dag.py took 0.418 seconds
[2026-01-12T16:46:25.345+0000] {processor.py:161} INFO - Started process (PID=348) to work on /opt/airflow/dags/etl_pipeline_dag.py
[2026-01-12T16:46:25.346+0000] {processor.py:830} INFO - Processing file /opt/airflow/dags/etl_pipeline_dag.py for tasks to queue
[2026-01-12T16:46:25.348+0000] {logging_mixin.py:188} INFO - [2026-01-12T16:46:25.347+0000] {dagbag.py:538} INFO - Filling up the DagBag from /opt/airflow/dags/etl_pipeline_dag.py
[2026-01-12T16:46:25.770+0000] {processor.py:840} INFO - DAG(s) 'etl_csv_pipeline' retrieved from /opt/airflow/dags/etl_pipeline_dag.py
[2026-01-12T16:46:25.933+0000] {logging_mixin.py:188} INFO - [2026-01-12T16:46:25.933+0000] {dag.py:3036} INFO - Sync 1 DAGs
[2026-01-12T16:46:25.945+0000] {logging_mixin.py:188} INFO - [2026-01-12T16:46:25.945+0000] {dag.py:3823} INFO - Setting next_dagrun for etl_csv_pipeline to None, run_after=None
[2026-01-12T16:46:25.994+0000] {processor.py:183} INFO - Processing /opt/airflow/dags/etl_pipeline_dag.py took 0.652 seconds
[2026-01-12T16:46:56.446+0000] {processor.py:161} INFO - Started process (PID=388) to work on /opt/airflow/dags/etl_pipeline_dag.py
[2026-01-12T16:46:56.447+0000] {processor.py:830} INFO - Processing file /opt/airflow/dags/etl_pipeline_dag.py for tasks to queue
[2026-01-12T16:46:56.450+0000] {logging_mixin.py:188} INFO - [2026-01-12T16:46:56.449+0000] {dagbag.py:538} INFO - Filling up the DagBag from /opt/airflow/dags/etl_pipeline_dag.py
[2026-01-12T16:46:56.980+0000] {processor.py:840} INFO - DAG(s) 'etl_csv_pipeline' retrieved from /opt/airflow/dags/etl_pipeline_dag.py
[2026-01-12T16:46:57.003+0000] {logging_mixin.py:188} INFO - [2026-01-12T16:46:57.003+0000] {dag.py:3036} INFO - Sync 1 DAGs
[2026-01-12T16:46:57.018+0000] {logging_mixin.py:188} INFO - [2026-01-12T16:46:57.017+0000] {dag.py:3823} INFO - Setting next_dagrun for etl_csv_pipeline to None, run_after=None
[2026-01-12T16:46:57.062+0000] {processor.py:183} INFO - Processing /opt/airflow/dags/etl_pipeline_dag.py took 0.620 seconds
[2026-01-12T16:47:27.177+0000] {processor.py:161} INFO - Started process (PID=431) to work on /opt/airflow/dags/etl_pipeline_dag.py
[2026-01-12T16:47:27.179+0000] {processor.py:830} INFO - Processing file /opt/airflow/dags/etl_pipeline_dag.py for tasks to queue
[2026-01-12T16:47:27.180+0000] {logging_mixin.py:188} INFO - [2026-01-12T16:47:27.180+0000] {dagbag.py:538} INFO - Filling up the DagBag from /opt/airflow/dags/etl_pipeline_dag.py
[2026-01-12T16:47:27.949+0000] {processor.py:840} INFO - DAG(s) 'etl_csv_pipeline' retrieved from /opt/airflow/dags/etl_pipeline_dag.py
[2026-01-12T16:47:28.018+0000] {logging_mixin.py:188} INFO - [2026-01-12T16:47:28.017+0000] {dag.py:3036} INFO - Sync 1 DAGs
[2026-01-12T16:47:28.068+0000] {logging_mixin.py:188} INFO - [2026-01-12T16:47:28.065+0000] {dag.py:3823} INFO - Setting next_dagrun for etl_csv_pipeline to None, run_after=None
[2026-01-12T16:47:28.146+0000] {processor.py:183} INFO - Processing /opt/airflow/dags/etl_pipeline_dag.py took 0.973 seconds
[2026-01-12T16:47:58.319+0000] {processor.py:161} INFO - Started process (PID=471) to work on /opt/airflow/dags/etl_pipeline_dag.py
[2026-01-12T16:47:58.323+0000] {processor.py:830} INFO - Processing file /opt/airflow/dags/etl_pipeline_dag.py for tasks to queue
[2026-01-12T16:47:58.326+0000] {logging_mixin.py:188} INFO - [2026-01-12T16:47:58.325+0000] {dagbag.py:538} INFO - Filling up the DagBag from /opt/airflow/dags/etl_pipeline_dag.py
[2026-01-12T16:47:59.237+0000] {processor.py:840} INFO - DAG(s) 'etl_csv_pipeline' retrieved from /opt/airflow/dags/etl_pipeline_dag.py
[2026-01-12T16:47:59.286+0000] {logging_mixin.py:188} INFO - [2026-01-12T16:47:59.286+0000] {dag.py:3036} INFO - Sync 1 DAGs
[2026-01-12T16:47:59.311+0000] {logging_mixin.py:188} INFO - [2026-01-12T16:47:59.311+0000] {dag.py:3823} INFO - Setting next_dagrun for etl_csv_pipeline to None, run_after=None
[2026-01-12T16:47:59.381+0000] {processor.py:183} INFO - Processing /opt/airflow/dags/etl_pipeline_dag.py took 1.073 seconds
[2026-01-12T16:48:29.785+0000] {processor.py:161} INFO - Started process (PID=511) to work on /opt/airflow/dags/etl_pipeline_dag.py
[2026-01-12T16:48:29.794+0000] {processor.py:830} INFO - Processing file /opt/airflow/dags/etl_pipeline_dag.py for tasks to queue
[2026-01-12T16:48:29.798+0000] {logging_mixin.py:188} INFO - [2026-01-12T16:48:29.796+0000] {dagbag.py:538} INFO - Filling up the DagBag from /opt/airflow/dags/etl_pipeline_dag.py
[2026-01-12T16:48:30.679+0000] {processor.py:840} INFO - DAG(s) 'etl_csv_pipeline' retrieved from /opt/airflow/dags/etl_pipeline_dag.py
[2026-01-12T16:48:30.752+0000] {logging_mixin.py:188} INFO - [2026-01-12T16:48:30.752+0000] {dag.py:3036} INFO - Sync 1 DAGs
[2026-01-12T16:48:30.778+0000] {logging_mixin.py:188} INFO - [2026-01-12T16:48:30.778+0000] {dag.py:3823} INFO - Setting next_dagrun for etl_csv_pipeline to None, run_after=None
[2026-01-12T16:48:30.859+0000] {processor.py:183} INFO - Processing /opt/airflow/dags/etl_pipeline_dag.py took 1.090 seconds
[2026-01-12T16:49:00.984+0000] {processor.py:161} INFO - Started process (PID=550) to work on /opt/airflow/dags/etl_pipeline_dag.py
[2026-01-12T16:49:00.988+0000] {processor.py:830} INFO - Processing file /opt/airflow/dags/etl_pipeline_dag.py for tasks to queue
[2026-01-12T16:49:00.993+0000] {logging_mixin.py:188} INFO - [2026-01-12T16:49:00.992+0000] {dagbag.py:538} INFO - Filling up the DagBag from /opt/airflow/dags/etl_pipeline_dag.py
[2026-01-12T16:49:02.092+0000] {processor.py:840} INFO - DAG(s) 'etl_csv_pipeline' retrieved from /opt/airflow/dags/etl_pipeline_dag.py
[2026-01-12T16:49:02.150+0000] {logging_mixin.py:188} INFO - [2026-01-12T16:49:02.149+0000] {dag.py:3036} INFO - Sync 1 DAGs
[2026-01-12T16:49:02.172+0000] {logging_mixin.py:188} INFO - [2026-01-12T16:49:02.171+0000] {dag.py:3823} INFO - Setting next_dagrun for etl_csv_pipeline to None, run_after=None
[2026-01-12T16:49:03.166+0000] {processor.py:183} INFO - Processing /opt/airflow/dags/etl_pipeline_dag.py took 2.187 seconds
[2026-01-12T16:49:33.395+0000] {processor.py:161} INFO - Started process (PID=593) to work on /opt/airflow/dags/etl_pipeline_dag.py
[2026-01-12T16:49:33.399+0000] {processor.py:830} INFO - Processing file /opt/airflow/dags/etl_pipeline_dag.py for tasks to queue
[2026-01-12T16:49:33.403+0000] {logging_mixin.py:188} INFO - [2026-01-12T16:49:33.402+0000] {dagbag.py:538} INFO - Filling up the DagBag from /opt/airflow/dags/etl_pipeline_dag.py
[2026-01-12T16:49:34.263+0000] {processor.py:840} INFO - DAG(s) 'etl_csv_pipeline' retrieved from /opt/airflow/dags/etl_pipeline_dag.py
[2026-01-12T16:49:34.305+0000] {logging_mixin.py:188} INFO - [2026-01-12T16:49:34.305+0000] {dag.py:3036} INFO - Sync 1 DAGs
[2026-01-12T16:49:34.340+0000] {logging_mixin.py:188} INFO - [2026-01-12T16:49:34.339+0000] {dag.py:3823} INFO - Setting next_dagrun for etl_csv_pipeline to None, run_after=None
[2026-01-12T16:49:34.843+0000] {processor.py:183} INFO - Processing /opt/airflow/dags/etl_pipeline_dag.py took 1.462 seconds
[2026-01-12T16:50:05.035+0000] {processor.py:161} INFO - Started process (PID=636) to work on /opt/airflow/dags/etl_pipeline_dag.py
[2026-01-12T16:50:05.037+0000] {processor.py:830} INFO - Processing file /opt/airflow/dags/etl_pipeline_dag.py for tasks to queue
[2026-01-12T16:50:05.041+0000] {logging_mixin.py:188} INFO - [2026-01-12T16:50:05.039+0000] {dagbag.py:538} INFO - Filling up the DagBag from /opt/airflow/dags/etl_pipeline_dag.py
[2026-01-12T16:50:06.021+0000] {processor.py:840} INFO - DAG(s) 'etl_csv_pipeline' retrieved from /opt/airflow/dags/etl_pipeline_dag.py
[2026-01-12T16:50:06.094+0000] {logging_mixin.py:188} INFO - [2026-01-12T16:50:06.093+0000] {dag.py:3036} INFO - Sync 1 DAGs
[2026-01-12T16:50:06.136+0000] {logging_mixin.py:188} INFO - [2026-01-12T16:50:06.135+0000] {dag.py:3823} INFO - Setting next_dagrun for etl_csv_pipeline to None, run_after=None
[2026-01-12T16:50:06.616+0000] {processor.py:183} INFO - Processing /opt/airflow/dags/etl_pipeline_dag.py took 1.588 seconds
[2026-01-12T16:50:37.579+0000] {processor.py:161} INFO - Started process (PID=673) to work on /opt/airflow/dags/etl_pipeline_dag.py
[2026-01-12T16:50:37.582+0000] {processor.py:830} INFO - Processing file /opt/airflow/dags/etl_pipeline_dag.py for tasks to queue
[2026-01-12T16:50:37.588+0000] {logging_mixin.py:188} INFO - [2026-01-12T16:50:37.585+0000] {dagbag.py:538} INFO - Filling up the DagBag from /opt/airflow/dags/etl_pipeline_dag.py
[2026-01-12T16:50:38.465+0000] {processor.py:840} INFO - DAG(s) 'etl_csv_pipeline' retrieved from /opt/airflow/dags/etl_pipeline_dag.py
[2026-01-12T16:50:38.518+0000] {logging_mixin.py:188} INFO - [2026-01-12T16:50:38.518+0000] {dag.py:3036} INFO - Sync 1 DAGs
[2026-01-12T16:50:38.540+0000] {logging_mixin.py:188} INFO - [2026-01-12T16:50:38.540+0000] {dag.py:3823} INFO - Setting next_dagrun for etl_csv_pipeline to None, run_after=None
[2026-01-12T16:50:38.622+0000] {processor.py:183} INFO - Processing /opt/airflow/dags/etl_pipeline_dag.py took 1.048 seconds
[2026-01-12T16:51:08.977+0000] {processor.py:161} INFO - Started process (PID=713) to work on /opt/airflow/dags/etl_pipeline_dag.py
[2026-01-12T16:51:08.979+0000] {processor.py:830} INFO - Processing file /opt/airflow/dags/etl_pipeline_dag.py for tasks to queue
[2026-01-12T16:51:08.981+0000] {logging_mixin.py:188} INFO - [2026-01-12T16:51:08.980+0000] {dagbag.py:538} INFO - Filling up the DagBag from /opt/airflow/dags/etl_pipeline_dag.py
[2026-01-12T16:51:09.551+0000] {processor.py:840} INFO - DAG(s) 'etl_csv_pipeline' retrieved from /opt/airflow/dags/etl_pipeline_dag.py
[2026-01-12T16:51:09.581+0000] {logging_mixin.py:188} INFO - [2026-01-12T16:51:09.581+0000] {dag.py:3036} INFO - Sync 1 DAGs
[2026-01-12T16:51:09.594+0000] {logging_mixin.py:188} INFO - [2026-01-12T16:51:09.593+0000] {dag.py:3823} INFO - Setting next_dagrun for etl_csv_pipeline to None, run_after=None
[2026-01-12T16:51:09.643+0000] {processor.py:183} INFO - Processing /opt/airflow/dags/etl_pipeline_dag.py took 0.673 seconds
[2026-01-12T16:51:40.358+0000] {processor.py:161} INFO - Started process (PID=753) to work on /opt/airflow/dags/etl_pipeline_dag.py
[2026-01-12T16:51:40.361+0000] {processor.py:830} INFO - Processing file /opt/airflow/dags/etl_pipeline_dag.py for tasks to queue
[2026-01-12T16:51:40.365+0000] {logging_mixin.py:188} INFO - [2026-01-12T16:51:40.364+0000] {dagbag.py:538} INFO - Filling up the DagBag from /opt/airflow/dags/etl_pipeline_dag.py
[2026-01-12T16:51:40.981+0000] {processor.py:840} INFO - DAG(s) 'etl_csv_pipeline' retrieved from /opt/airflow/dags/etl_pipeline_dag.py
[2026-01-12T16:51:41.021+0000] {logging_mixin.py:188} INFO - [2026-01-12T16:51:41.021+0000] {dag.py:3036} INFO - Sync 1 DAGs
[2026-01-12T16:51:41.041+0000] {logging_mixin.py:188} INFO - [2026-01-12T16:51:41.041+0000] {dag.py:3823} INFO - Setting next_dagrun for etl_csv_pipeline to None, run_after=None
[2026-01-12T16:51:41.092+0000] {processor.py:183} INFO - Processing /opt/airflow/dags/etl_pipeline_dag.py took 0.742 seconds
[2026-01-12T16:52:11.801+0000] {processor.py:161} INFO - Started process (PID=793) to work on /opt/airflow/dags/etl_pipeline_dag.py
[2026-01-12T16:52:11.804+0000] {processor.py:830} INFO - Processing file /opt/airflow/dags/etl_pipeline_dag.py for tasks to queue
[2026-01-12T16:52:11.806+0000] {logging_mixin.py:188} INFO - [2026-01-12T16:52:11.806+0000] {dagbag.py:538} INFO - Filling up the DagBag from /opt/airflow/dags/etl_pipeline_dag.py
[2026-01-12T16:52:12.539+0000] {processor.py:840} INFO - DAG(s) 'etl_csv_pipeline' retrieved from /opt/airflow/dags/etl_pipeline_dag.py
[2026-01-12T16:52:12.575+0000] {logging_mixin.py:188} INFO - [2026-01-12T16:52:12.575+0000] {dag.py:3036} INFO - Sync 1 DAGs
[2026-01-12T16:52:12.591+0000] {logging_mixin.py:188} INFO - [2026-01-12T16:52:12.590+0000] {dag.py:3823} INFO - Setting next_dagrun for etl_csv_pipeline to None, run_after=None
[2026-01-12T16:52:12.645+0000] {processor.py:183} INFO - Processing /opt/airflow/dags/etl_pipeline_dag.py took 0.855 seconds
[2026-01-12T16:52:43.384+0000] {processor.py:161} INFO - Started process (PID=833) to work on /opt/airflow/dags/etl_pipeline_dag.py
[2026-01-12T16:52:43.387+0000] {processor.py:830} INFO - Processing file /opt/airflow/dags/etl_pipeline_dag.py for tasks to queue
[2026-01-12T16:52:43.388+0000] {logging_mixin.py:188} INFO - [2026-01-12T16:52:43.388+0000] {dagbag.py:538} INFO - Filling up the DagBag from /opt/airflow/dags/etl_pipeline_dag.py
[2026-01-12T16:52:43.917+0000] {processor.py:840} INFO - DAG(s) 'etl_csv_pipeline' retrieved from /opt/airflow/dags/etl_pipeline_dag.py
[2026-01-12T16:52:43.945+0000] {logging_mixin.py:188} INFO - [2026-01-12T16:52:43.945+0000] {dag.py:3036} INFO - Sync 1 DAGs
[2026-01-12T16:52:43.957+0000] {logging_mixin.py:188} INFO - [2026-01-12T16:52:43.957+0000] {dag.py:3823} INFO - Setting next_dagrun for etl_csv_pipeline to None, run_after=None
[2026-01-12T16:52:43.997+0000] {processor.py:183} INFO - Processing /opt/airflow/dags/etl_pipeline_dag.py took 0.618 seconds
[2026-01-12T16:53:14.132+0000] {processor.py:161} INFO - Started process (PID=873) to work on /opt/airflow/dags/etl_pipeline_dag.py
[2026-01-12T16:53:14.134+0000] {processor.py:830} INFO - Processing file /opt/airflow/dags/etl_pipeline_dag.py for tasks to queue
[2026-01-12T16:53:14.136+0000] {logging_mixin.py:188} INFO - [2026-01-12T16:53:14.136+0000] {dagbag.py:538} INFO - Filling up the DagBag from /opt/airflow/dags/etl_pipeline_dag.py
[2026-01-12T16:53:14.746+0000] {processor.py:840} INFO - DAG(s) 'etl_csv_pipeline' retrieved from /opt/airflow/dags/etl_pipeline_dag.py
[2026-01-12T16:53:14.780+0000] {logging_mixin.py:188} INFO - [2026-01-12T16:53:14.779+0000] {dag.py:3036} INFO - Sync 1 DAGs
[2026-01-12T16:53:14.796+0000] {logging_mixin.py:188} INFO - [2026-01-12T16:53:14.795+0000] {dag.py:3823} INFO - Setting next_dagrun for etl_csv_pipeline to None, run_after=None
[2026-01-12T16:53:14.858+0000] {processor.py:183} INFO - Processing /opt/airflow/dags/etl_pipeline_dag.py took 0.731 seconds
[2026-01-12T16:53:45.450+0000] {processor.py:161} INFO - Started process (PID=913) to work on /opt/airflow/dags/etl_pipeline_dag.py
[2026-01-12T16:53:45.452+0000] {processor.py:830} INFO - Processing file /opt/airflow/dags/etl_pipeline_dag.py for tasks to queue
[2026-01-12T16:53:45.454+0000] {logging_mixin.py:188} INFO - [2026-01-12T16:53:45.453+0000] {dagbag.py:538} INFO - Filling up the DagBag from /opt/airflow/dags/etl_pipeline_dag.py
[2026-01-12T16:53:45.978+0000] {processor.py:840} INFO - DAG(s) 'etl_csv_pipeline' retrieved from /opt/airflow/dags/etl_pipeline_dag.py
[2026-01-12T16:53:46.005+0000] {logging_mixin.py:188} INFO - [2026-01-12T16:53:46.004+0000] {dag.py:3036} INFO - Sync 1 DAGs
[2026-01-12T16:53:46.019+0000] {logging_mixin.py:188} INFO - [2026-01-12T16:53:46.019+0000] {dag.py:3823} INFO - Setting next_dagrun for etl_csv_pipeline to None, run_after=None
[2026-01-12T16:53:46.060+0000] {processor.py:183} INFO - Processing /opt/airflow/dags/etl_pipeline_dag.py took 0.616 seconds
[2026-01-12T16:54:16.429+0000] {processor.py:161} INFO - Started process (PID=953) to work on /opt/airflow/dags/etl_pipeline_dag.py
[2026-01-12T16:54:16.431+0000] {processor.py:830} INFO - Processing file /opt/airflow/dags/etl_pipeline_dag.py for tasks to queue
[2026-01-12T16:54:16.433+0000] {logging_mixin.py:188} INFO - [2026-01-12T16:54:16.432+0000] {dagbag.py:538} INFO - Filling up the DagBag from /opt/airflow/dags/etl_pipeline_dag.py
[2026-01-12T16:54:17.070+0000] {processor.py:840} INFO - DAG(s) 'etl_csv_pipeline' retrieved from /opt/airflow/dags/etl_pipeline_dag.py
[2026-01-12T16:54:17.100+0000] {logging_mixin.py:188} INFO - [2026-01-12T16:54:17.099+0000] {dag.py:3036} INFO - Sync 1 DAGs
[2026-01-12T16:54:17.118+0000] {logging_mixin.py:188} INFO - [2026-01-12T16:54:17.117+0000] {dag.py:3823} INFO - Setting next_dagrun for etl_csv_pipeline to None, run_after=None
[2026-01-12T16:54:17.165+0000] {processor.py:183} INFO - Processing /opt/airflow/dags/etl_pipeline_dag.py took 0.748 seconds
[2026-01-12T16:54:47.292+0000] {processor.py:161} INFO - Started process (PID=993) to work on /opt/airflow/dags/etl_pipeline_dag.py
[2026-01-12T16:54:47.294+0000] {processor.py:830} INFO - Processing file /opt/airflow/dags/etl_pipeline_dag.py for tasks to queue
[2026-01-12T16:54:47.295+0000] {logging_mixin.py:188} INFO - [2026-01-12T16:54:47.295+0000] {dagbag.py:538} INFO - Filling up the DagBag from /opt/airflow/dags/etl_pipeline_dag.py
[2026-01-12T16:54:47.782+0000] {processor.py:840} INFO - DAG(s) 'etl_csv_pipeline' retrieved from /opt/airflow/dags/etl_pipeline_dag.py
[2026-01-12T16:54:47.811+0000] {logging_mixin.py:188} INFO - [2026-01-12T16:54:47.810+0000] {dag.py:3036} INFO - Sync 1 DAGs
[2026-01-12T16:54:47.825+0000] {logging_mixin.py:188} INFO - [2026-01-12T16:54:47.825+0000] {dag.py:3823} INFO - Setting next_dagrun for etl_csv_pipeline to None, run_after=None
[2026-01-12T16:54:47.865+0000] {processor.py:183} INFO - Processing /opt/airflow/dags/etl_pipeline_dag.py took 0.576 seconds
[2026-01-12T16:55:18.090+0000] {processor.py:161} INFO - Started process (PID=1033) to work on /opt/airflow/dags/etl_pipeline_dag.py
[2026-01-12T16:55:18.091+0000] {processor.py:830} INFO - Processing file /opt/airflow/dags/etl_pipeline_dag.py for tasks to queue
[2026-01-12T16:55:18.092+0000] {logging_mixin.py:188} INFO - [2026-01-12T16:55:18.092+0000] {dagbag.py:538} INFO - Filling up the DagBag from /opt/airflow/dags/etl_pipeline_dag.py
[2026-01-12T16:55:18.654+0000] {processor.py:840} INFO - DAG(s) 'etl_csv_pipeline' retrieved from /opt/airflow/dags/etl_pipeline_dag.py
[2026-01-12T16:55:18.686+0000] {logging_mixin.py:188} INFO - [2026-01-12T16:55:18.685+0000] {dag.py:3036} INFO - Sync 1 DAGs
[2026-01-12T16:55:18.697+0000] {logging_mixin.py:188} INFO - [2026-01-12T16:55:18.697+0000] {dag.py:3823} INFO - Setting next_dagrun for etl_csv_pipeline to None, run_after=None
[2026-01-12T16:55:18.742+0000] {processor.py:183} INFO - Processing /opt/airflow/dags/etl_pipeline_dag.py took 0.656 seconds
[2026-01-12T16:55:48.988+0000] {processor.py:161} INFO - Started process (PID=1073) to work on /opt/airflow/dags/etl_pipeline_dag.py
[2026-01-12T16:55:48.990+0000] {processor.py:830} INFO - Processing file /opt/airflow/dags/etl_pipeline_dag.py for tasks to queue
[2026-01-12T16:55:48.991+0000] {logging_mixin.py:188} INFO - [2026-01-12T16:55:48.990+0000] {dagbag.py:538} INFO - Filling up the DagBag from /opt/airflow/dags/etl_pipeline_dag.py
[2026-01-12T16:55:49.543+0000] {processor.py:840} INFO - DAG(s) 'etl_csv_pipeline' retrieved from /opt/airflow/dags/etl_pipeline_dag.py
[2026-01-12T16:55:49.572+0000] {logging_mixin.py:188} INFO - [2026-01-12T16:55:49.572+0000] {dag.py:3036} INFO - Sync 1 DAGs
[2026-01-12T16:55:49.585+0000] {logging_mixin.py:188} INFO - [2026-01-12T16:55:49.584+0000] {dag.py:3823} INFO - Setting next_dagrun for etl_csv_pipeline to None, run_after=None
[2026-01-12T16:55:49.626+0000] {processor.py:183} INFO - Processing /opt/airflow/dags/etl_pipeline_dag.py took 0.642 seconds
[2026-01-12T16:56:20.059+0000] {processor.py:161} INFO - Started process (PID=1113) to work on /opt/airflow/dags/etl_pipeline_dag.py
[2026-01-12T16:56:20.061+0000] {processor.py:830} INFO - Processing file /opt/airflow/dags/etl_pipeline_dag.py for tasks to queue
[2026-01-12T16:56:20.065+0000] {logging_mixin.py:188} INFO - [2026-01-12T16:56:20.064+0000] {dagbag.py:538} INFO - Filling up the DagBag from /opt/airflow/dags/etl_pipeline_dag.py
[2026-01-12T16:56:20.566+0000] {processor.py:840} INFO - DAG(s) 'etl_csv_pipeline' retrieved from /opt/airflow/dags/etl_pipeline_dag.py
[2026-01-12T16:56:20.590+0000] {logging_mixin.py:188} INFO - [2026-01-12T16:56:20.589+0000] {dag.py:3036} INFO - Sync 1 DAGs
[2026-01-12T16:56:20.603+0000] {logging_mixin.py:188} INFO - [2026-01-12T16:56:20.603+0000] {dag.py:3823} INFO - Setting next_dagrun for etl_csv_pipeline to None, run_after=None
[2026-01-12T16:56:20.639+0000] {processor.py:183} INFO - Processing /opt/airflow/dags/etl_pipeline_dag.py took 0.584 seconds
[2026-01-12T16:56:50.896+0000] {processor.py:161} INFO - Started process (PID=1153) to work on /opt/airflow/dags/etl_pipeline_dag.py
[2026-01-12T16:56:50.899+0000] {processor.py:830} INFO - Processing file /opt/airflow/dags/etl_pipeline_dag.py for tasks to queue
[2026-01-12T16:56:50.900+0000] {logging_mixin.py:188} INFO - [2026-01-12T16:56:50.900+0000] {dagbag.py:538} INFO - Filling up the DagBag from /opt/airflow/dags/etl_pipeline_dag.py
[2026-01-12T16:56:51.480+0000] {processor.py:840} INFO - DAG(s) 'etl_csv_pipeline' retrieved from /opt/airflow/dags/etl_pipeline_dag.py
[2026-01-12T16:56:51.510+0000] {logging_mixin.py:188} INFO - [2026-01-12T16:56:51.509+0000] {dag.py:3036} INFO - Sync 1 DAGs
[2026-01-12T16:56:51.522+0000] {logging_mixin.py:188} INFO - [2026-01-12T16:56:51.522+0000] {dag.py:3823} INFO - Setting next_dagrun for etl_csv_pipeline to None, run_after=None
[2026-01-12T16:56:51.557+0000] {processor.py:183} INFO - Processing /opt/airflow/dags/etl_pipeline_dag.py took 0.665 seconds
[2026-01-12T16:57:21.746+0000] {processor.py:161} INFO - Started process (PID=1193) to work on /opt/airflow/dags/etl_pipeline_dag.py
[2026-01-12T16:57:21.747+0000] {processor.py:830} INFO - Processing file /opt/airflow/dags/etl_pipeline_dag.py for tasks to queue
[2026-01-12T16:57:21.748+0000] {logging_mixin.py:188} INFO - [2026-01-12T16:57:21.748+0000] {dagbag.py:538} INFO - Filling up the DagBag from /opt/airflow/dags/etl_pipeline_dag.py
[2026-01-12T16:57:22.284+0000] {processor.py:840} INFO - DAG(s) 'etl_csv_pipeline' retrieved from /opt/airflow/dags/etl_pipeline_dag.py
[2026-01-12T16:57:22.315+0000] {logging_mixin.py:188} INFO - [2026-01-12T16:57:22.315+0000] {dag.py:3036} INFO - Sync 1 DAGs
[2026-01-12T16:57:22.327+0000] {logging_mixin.py:188} INFO - [2026-01-12T16:57:22.327+0000] {dag.py:3823} INFO - Setting next_dagrun for etl_csv_pipeline to None, run_after=None
[2026-01-12T16:57:22.371+0000] {processor.py:183} INFO - Processing /opt/airflow/dags/etl_pipeline_dag.py took 0.630 seconds
[2026-01-12T16:57:52.511+0000] {processor.py:161} INFO - Started process (PID=1233) to work on /opt/airflow/dags/etl_pipeline_dag.py
[2026-01-12T16:57:52.512+0000] {processor.py:830} INFO - Processing file /opt/airflow/dags/etl_pipeline_dag.py for tasks to queue
[2026-01-12T16:57:52.513+0000] {logging_mixin.py:188} INFO - [2026-01-12T16:57:52.513+0000] {dagbag.py:538} INFO - Filling up the DagBag from /opt/airflow/dags/etl_pipeline_dag.py
[2026-01-12T16:57:52.987+0000] {processor.py:840} INFO - DAG(s) 'etl_csv_pipeline' retrieved from /opt/airflow/dags/etl_pipeline_dag.py
[2026-01-12T16:57:53.015+0000] {logging_mixin.py:188} INFO - [2026-01-12T16:57:53.015+0000] {dag.py:3036} INFO - Sync 1 DAGs
[2026-01-12T16:57:53.028+0000] {logging_mixin.py:188} INFO - [2026-01-12T16:57:53.028+0000] {dag.py:3823} INFO - Setting next_dagrun for etl_csv_pipeline to None, run_after=None
[2026-01-12T16:57:53.063+0000] {processor.py:183} INFO - Processing /opt/airflow/dags/etl_pipeline_dag.py took 0.555 seconds
[2026-01-12T16:58:23.351+0000] {processor.py:161} INFO - Started process (PID=1273) to work on /opt/airflow/dags/etl_pipeline_dag.py
[2026-01-12T16:58:23.352+0000] {processor.py:830} INFO - Processing file /opt/airflow/dags/etl_pipeline_dag.py for tasks to queue
[2026-01-12T16:58:23.353+0000] {logging_mixin.py:188} INFO - [2026-01-12T16:58:23.353+0000] {dagbag.py:538} INFO - Filling up the DagBag from /opt/airflow/dags/etl_pipeline_dag.py
[2026-01-12T16:58:23.894+0000] {processor.py:840} INFO - DAG(s) 'etl_csv_pipeline' retrieved from /opt/airflow/dags/etl_pipeline_dag.py
[2026-01-12T16:58:23.929+0000] {logging_mixin.py:188} INFO - [2026-01-12T16:58:23.928+0000] {dag.py:3036} INFO - Sync 1 DAGs
[2026-01-12T16:58:23.942+0000] {logging_mixin.py:188} INFO - [2026-01-12T16:58:23.941+0000] {dag.py:3823} INFO - Setting next_dagrun for etl_csv_pipeline to None, run_after=None
[2026-01-12T16:58:23.991+0000] {processor.py:183} INFO - Processing /opt/airflow/dags/etl_pipeline_dag.py took 0.644 seconds
[2026-01-12T16:58:54.161+0000] {processor.py:161} INFO - Started process (PID=1313) to work on /opt/airflow/dags/etl_pipeline_dag.py
[2026-01-12T16:58:54.162+0000] {processor.py:830} INFO - Processing file /opt/airflow/dags/etl_pipeline_dag.py for tasks to queue
[2026-01-12T16:58:54.163+0000] {logging_mixin.py:188} INFO - [2026-01-12T16:58:54.163+0000] {dagbag.py:538} INFO - Filling up the DagBag from /opt/airflow/dags/etl_pipeline_dag.py
[2026-01-12T16:58:54.636+0000] {processor.py:840} INFO - DAG(s) 'etl_csv_pipeline' retrieved from /opt/airflow/dags/etl_pipeline_dag.py
[2026-01-12T16:58:54.660+0000] {logging_mixin.py:188} INFO - [2026-01-12T16:58:54.660+0000] {dag.py:3036} INFO - Sync 1 DAGs
[2026-01-12T16:58:54.672+0000] {logging_mixin.py:188} INFO - [2026-01-12T16:58:54.672+0000] {dag.py:3823} INFO - Setting next_dagrun for etl_csv_pipeline to None, run_after=None
[2026-01-12T16:58:54.704+0000] {processor.py:183} INFO - Processing /opt/airflow/dags/etl_pipeline_dag.py took 0.546 seconds
[2026-01-12T16:59:25.059+0000] {processor.py:161} INFO - Started process (PID=1353) to work on /opt/airflow/dags/etl_pipeline_dag.py
[2026-01-12T16:59:25.060+0000] {processor.py:830} INFO - Processing file /opt/airflow/dags/etl_pipeline_dag.py for tasks to queue
[2026-01-12T16:59:25.061+0000] {logging_mixin.py:188} INFO - [2026-01-12T16:59:25.061+0000] {dagbag.py:538} INFO - Filling up the DagBag from /opt/airflow/dags/etl_pipeline_dag.py
[2026-01-12T16:59:25.566+0000] {processor.py:840} INFO - DAG(s) 'etl_csv_pipeline' retrieved from /opt/airflow/dags/etl_pipeline_dag.py
[2026-01-12T16:59:25.596+0000] {logging_mixin.py:188} INFO - [2026-01-12T16:59:25.596+0000] {dag.py:3036} INFO - Sync 1 DAGs
[2026-01-12T16:59:25.612+0000] {logging_mixin.py:188} INFO - [2026-01-12T16:59:25.611+0000] {dag.py:3823} INFO - Setting next_dagrun for etl_csv_pipeline to None, run_after=None
[2026-01-12T16:59:25.650+0000] {processor.py:183} INFO - Processing /opt/airflow/dags/etl_pipeline_dag.py took 0.594 seconds
[2026-01-12T16:59:56.091+0000] {processor.py:161} INFO - Started process (PID=1393) to work on /opt/airflow/dags/etl_pipeline_dag.py
[2026-01-12T16:59:56.092+0000] {processor.py:830} INFO - Processing file /opt/airflow/dags/etl_pipeline_dag.py for tasks to queue
[2026-01-12T16:59:56.094+0000] {logging_mixin.py:188} INFO - [2026-01-12T16:59:56.093+0000] {dagbag.py:538} INFO - Filling up the DagBag from /opt/airflow/dags/etl_pipeline_dag.py
[2026-01-12T16:59:56.550+0000] {processor.py:840} INFO - DAG(s) 'etl_csv_pipeline' retrieved from /opt/airflow/dags/etl_pipeline_dag.py
[2026-01-12T16:59:56.571+0000] {logging_mixin.py:188} INFO - [2026-01-12T16:59:56.571+0000] {dag.py:3036} INFO - Sync 1 DAGs
[2026-01-12T16:59:56.582+0000] {logging_mixin.py:188} INFO - [2026-01-12T16:59:56.582+0000] {dag.py:3823} INFO - Setting next_dagrun for etl_csv_pipeline to None, run_after=None
[2026-01-12T16:59:56.613+0000] {processor.py:183} INFO - Processing /opt/airflow/dags/etl_pipeline_dag.py took 0.525 seconds
[2026-01-12T17:00:26.812+0000] {processor.py:161} INFO - Started process (PID=1433) to work on /opt/airflow/dags/etl_pipeline_dag.py
[2026-01-12T17:00:26.813+0000] {processor.py:830} INFO - Processing file /opt/airflow/dags/etl_pipeline_dag.py for tasks to queue
[2026-01-12T17:00:26.814+0000] {logging_mixin.py:188} INFO - [2026-01-12T17:00:26.814+0000] {dagbag.py:538} INFO - Filling up the DagBag from /opt/airflow/dags/etl_pipeline_dag.py
[2026-01-12T17:00:27.401+0000] {processor.py:840} INFO - DAG(s) 'etl_csv_pipeline' retrieved from /opt/airflow/dags/etl_pipeline_dag.py
[2026-01-12T17:00:27.433+0000] {logging_mixin.py:188} INFO - [2026-01-12T17:00:27.433+0000] {dag.py:3036} INFO - Sync 1 DAGs
[2026-01-12T17:00:27.447+0000] {logging_mixin.py:188} INFO - [2026-01-12T17:00:27.446+0000] {dag.py:3823} INFO - Setting next_dagrun for etl_csv_pipeline to None, run_after=None
[2026-01-12T17:00:27.484+0000] {processor.py:183} INFO - Processing /opt/airflow/dags/etl_pipeline_dag.py took 0.676 seconds
[2026-01-12T17:00:57.818+0000] {processor.py:161} INFO - Started process (PID=1473) to work on /opt/airflow/dags/etl_pipeline_dag.py
[2026-01-12T17:00:57.819+0000] {processor.py:830} INFO - Processing file /opt/airflow/dags/etl_pipeline_dag.py for tasks to queue
[2026-01-12T17:00:57.820+0000] {logging_mixin.py:188} INFO - [2026-01-12T17:00:57.820+0000] {dagbag.py:538} INFO - Filling up the DagBag from /opt/airflow/dags/etl_pipeline_dag.py
[2026-01-12T17:00:58.276+0000] {processor.py:840} INFO - DAG(s) 'etl_csv_pipeline' retrieved from /opt/airflow/dags/etl_pipeline_dag.py
[2026-01-12T17:00:58.302+0000] {logging_mixin.py:188} INFO - [2026-01-12T17:00:58.301+0000] {dag.py:3036} INFO - Sync 1 DAGs
[2026-01-12T17:00:58.320+0000] {logging_mixin.py:188} INFO - [2026-01-12T17:00:58.319+0000] {dag.py:3823} INFO - Setting next_dagrun for etl_csv_pipeline to None, run_after=None
[2026-01-12T17:00:58.362+0000] {processor.py:183} INFO - Processing /opt/airflow/dags/etl_pipeline_dag.py took 0.548 seconds
[2026-01-12T17:01:28.599+0000] {processor.py:161} INFO - Started process (PID=1513) to work on /opt/airflow/dags/etl_pipeline_dag.py
[2026-01-12T17:01:28.601+0000] {processor.py:830} INFO - Processing file /opt/airflow/dags/etl_pipeline_dag.py for tasks to queue
[2026-01-12T17:01:28.603+0000] {logging_mixin.py:188} INFO - [2026-01-12T17:01:28.602+0000] {dagbag.py:538} INFO - Filling up the DagBag from /opt/airflow/dags/etl_pipeline_dag.py
[2026-01-12T17:01:29.112+0000] {processor.py:840} INFO - DAG(s) 'etl_csv_pipeline' retrieved from /opt/airflow/dags/etl_pipeline_dag.py
[2026-01-12T17:01:29.136+0000] {logging_mixin.py:188} INFO - [2026-01-12T17:01:29.136+0000] {dag.py:3036} INFO - Sync 1 DAGs
[2026-01-12T17:01:29.148+0000] {logging_mixin.py:188} INFO - [2026-01-12T17:01:29.148+0000] {dag.py:3823} INFO - Setting next_dagrun for etl_csv_pipeline to None, run_after=None
[2026-01-12T17:01:29.182+0000] {processor.py:183} INFO - Processing /opt/airflow/dags/etl_pipeline_dag.py took 0.590 seconds
[2026-01-12T17:01:59.598+0000] {processor.py:161} INFO - Started process (PID=1553) to work on /opt/airflow/dags/etl_pipeline_dag.py
[2026-01-12T17:01:59.600+0000] {processor.py:830} INFO - Processing file /opt/airflow/dags/etl_pipeline_dag.py for tasks to queue
[2026-01-12T17:01:59.602+0000] {logging_mixin.py:188} INFO - [2026-01-12T17:01:59.602+0000] {dagbag.py:538} INFO - Filling up the DagBag from /opt/airflow/dags/etl_pipeline_dag.py
[2026-01-12T17:02:00.073+0000] {processor.py:840} INFO - DAG(s) 'etl_csv_pipeline' retrieved from /opt/airflow/dags/etl_pipeline_dag.py
[2026-01-12T17:02:00.105+0000] {logging_mixin.py:188} INFO - [2026-01-12T17:02:00.105+0000] {dag.py:3036} INFO - Sync 1 DAGs
[2026-01-12T17:02:00.116+0000] {logging_mixin.py:188} INFO - [2026-01-12T17:02:00.115+0000] {dag.py:3823} INFO - Setting next_dagrun for etl_csv_pipeline to None, run_after=None
[2026-01-12T17:02:00.151+0000] {processor.py:183} INFO - Processing /opt/airflow/dags/etl_pipeline_dag.py took 0.560 seconds
[2026-01-12T17:02:30.369+0000] {processor.py:161} INFO - Started process (PID=1593) to work on /opt/airflow/dags/etl_pipeline_dag.py
[2026-01-12T17:02:30.371+0000] {processor.py:830} INFO - Processing file /opt/airflow/dags/etl_pipeline_dag.py for tasks to queue
[2026-01-12T17:02:30.372+0000] {logging_mixin.py:188} INFO - [2026-01-12T17:02:30.371+0000] {dagbag.py:538} INFO - Filling up the DagBag from /opt/airflow/dags/etl_pipeline_dag.py
[2026-01-12T17:02:30.792+0000] {processor.py:840} INFO - DAG(s) 'etl_csv_pipeline' retrieved from /opt/airflow/dags/etl_pipeline_dag.py
[2026-01-12T17:02:30.816+0000] {logging_mixin.py:188} INFO - [2026-01-12T17:02:30.815+0000] {dag.py:3036} INFO - Sync 1 DAGs
[2026-01-12T17:02:30.828+0000] {logging_mixin.py:188} INFO - [2026-01-12T17:02:30.827+0000] {dag.py:3823} INFO - Setting next_dagrun for etl_csv_pipeline to None, run_after=None
[2026-01-12T17:02:30.859+0000] {processor.py:183} INFO - Processing /opt/airflow/dags/etl_pipeline_dag.py took 0.493 seconds
[2026-01-12T17:03:01.313+0000] {processor.py:161} INFO - Started process (PID=1633) to work on /opt/airflow/dags/etl_pipeline_dag.py
[2026-01-12T17:03:01.315+0000] {processor.py:830} INFO - Processing file /opt/airflow/dags/etl_pipeline_dag.py for tasks to queue
[2026-01-12T17:03:01.317+0000] {logging_mixin.py:188} INFO - [2026-01-12T17:03:01.316+0000] {dagbag.py:538} INFO - Filling up the DagBag from /opt/airflow/dags/etl_pipeline_dag.py
[2026-01-12T17:03:01.800+0000] {processor.py:840} INFO - DAG(s) 'etl_csv_pipeline' retrieved from /opt/airflow/dags/etl_pipeline_dag.py
[2026-01-12T17:03:01.832+0000] {logging_mixin.py:188} INFO - [2026-01-12T17:03:01.832+0000] {dag.py:3036} INFO - Sync 1 DAGs
[2026-01-12T17:03:01.846+0000] {logging_mixin.py:188} INFO - [2026-01-12T17:03:01.846+0000] {dag.py:3823} INFO - Setting next_dagrun for etl_csv_pipeline to None, run_after=None
[2026-01-12T17:03:01.887+0000] {processor.py:183} INFO - Processing /opt/airflow/dags/etl_pipeline_dag.py took 0.577 seconds
[2026-01-12T17:03:32.464+0000] {processor.py:161} INFO - Started process (PID=1673) to work on /opt/airflow/dags/etl_pipeline_dag.py
[2026-01-12T17:03:32.466+0000] {processor.py:830} INFO - Processing file /opt/airflow/dags/etl_pipeline_dag.py for tasks to queue
[2026-01-12T17:03:32.467+0000] {logging_mixin.py:188} INFO - [2026-01-12T17:03:32.467+0000] {dagbag.py:538} INFO - Filling up the DagBag from /opt/airflow/dags/etl_pipeline_dag.py
[2026-01-12T17:03:32.908+0000] {processor.py:840} INFO - DAG(s) 'etl_csv_pipeline' retrieved from /opt/airflow/dags/etl_pipeline_dag.py
[2026-01-12T17:03:32.931+0000] {logging_mixin.py:188} INFO - [2026-01-12T17:03:32.931+0000] {dag.py:3036} INFO - Sync 1 DAGs
[2026-01-12T17:03:32.944+0000] {logging_mixin.py:188} INFO - [2026-01-12T17:03:32.944+0000] {dag.py:3823} INFO - Setting next_dagrun for etl_csv_pipeline to None, run_after=None
[2026-01-12T17:03:32.981+0000] {processor.py:183} INFO - Processing /opt/airflow/dags/etl_pipeline_dag.py took 0.520 seconds
[2026-01-12T17:04:03.406+0000] {processor.py:161} INFO - Started process (PID=1713) to work on /opt/airflow/dags/etl_pipeline_dag.py
[2026-01-12T17:04:03.407+0000] {processor.py:830} INFO - Processing file /opt/airflow/dags/etl_pipeline_dag.py for tasks to queue
[2026-01-12T17:04:03.409+0000] {logging_mixin.py:188} INFO - [2026-01-12T17:04:03.408+0000] {dagbag.py:538} INFO - Filling up the DagBag from /opt/airflow/dags/etl_pipeline_dag.py
[2026-01-12T17:04:03.817+0000] {processor.py:840} INFO - DAG(s) 'etl_csv_pipeline' retrieved from /opt/airflow/dags/etl_pipeline_dag.py
[2026-01-12T17:04:03.841+0000] {logging_mixin.py:188} INFO - [2026-01-12T17:04:03.840+0000] {dag.py:3036} INFO - Sync 1 DAGs
[2026-01-12T17:04:03.852+0000] {logging_mixin.py:188} INFO - [2026-01-12T17:04:03.852+0000] {dag.py:3823} INFO - Setting next_dagrun for etl_csv_pipeline to None, run_after=None
[2026-01-12T17:04:03.890+0000] {processor.py:183} INFO - Processing /opt/airflow/dags/etl_pipeline_dag.py took 0.487 seconds
[2026-01-12T17:04:34.082+0000] {processor.py:161} INFO - Started process (PID=1753) to work on /opt/airflow/dags/etl_pipeline_dag.py
[2026-01-12T17:04:34.084+0000] {processor.py:830} INFO - Processing file /opt/airflow/dags/etl_pipeline_dag.py for tasks to queue
[2026-01-12T17:04:34.086+0000] {logging_mixin.py:188} INFO - [2026-01-12T17:04:34.086+0000] {dagbag.py:538} INFO - Filling up the DagBag from /opt/airflow/dags/etl_pipeline_dag.py
[2026-01-12T17:04:34.652+0000] {processor.py:840} INFO - DAG(s) 'etl_csv_pipeline' retrieved from /opt/airflow/dags/etl_pipeline_dag.py
[2026-01-12T17:04:34.684+0000] {logging_mixin.py:188} INFO - [2026-01-12T17:04:34.684+0000] {dag.py:3036} INFO - Sync 1 DAGs
[2026-01-12T17:04:34.698+0000] {logging_mixin.py:188} INFO - [2026-01-12T17:04:34.697+0000] {dag.py:3823} INFO - Setting next_dagrun for etl_csv_pipeline to None, run_after=None
[2026-01-12T17:04:34.742+0000] {processor.py:183} INFO - Processing /opt/airflow/dags/etl_pipeline_dag.py took 0.666 seconds
[2026-01-12T17:05:04.957+0000] {processor.py:161} INFO - Started process (PID=1793) to work on /opt/airflow/dags/etl_pipeline_dag.py
[2026-01-12T17:05:04.959+0000] {processor.py:830} INFO - Processing file /opt/airflow/dags/etl_pipeline_dag.py for tasks to queue
[2026-01-12T17:05:04.960+0000] {logging_mixin.py:188} INFO - [2026-01-12T17:05:04.960+0000] {dagbag.py:538} INFO - Filling up the DagBag from /opt/airflow/dags/etl_pipeline_dag.py
[2026-01-12T17:05:05.433+0000] {processor.py:840} INFO - DAG(s) 'etl_csv_pipeline' retrieved from /opt/airflow/dags/etl_pipeline_dag.py
[2026-01-12T17:05:05.457+0000] {logging_mixin.py:188} INFO - [2026-01-12T17:05:05.457+0000] {dag.py:3036} INFO - Sync 1 DAGs
[2026-01-12T17:05:05.469+0000] {logging_mixin.py:188} INFO - [2026-01-12T17:05:05.468+0000] {dag.py:3823} INFO - Setting next_dagrun for etl_csv_pipeline to None, run_after=None
[2026-01-12T17:05:05.506+0000] {processor.py:183} INFO - Processing /opt/airflow/dags/etl_pipeline_dag.py took 0.554 seconds
[2026-01-12T17:05:35.993+0000] {processor.py:161} INFO - Started process (PID=1833) to work on /opt/airflow/dags/etl_pipeline_dag.py
[2026-01-12T17:05:35.995+0000] {processor.py:830} INFO - Processing file /opt/airflow/dags/etl_pipeline_dag.py for tasks to queue
[2026-01-12T17:05:35.997+0000] {logging_mixin.py:188} INFO - [2026-01-12T17:05:35.997+0000] {dagbag.py:538} INFO - Filling up the DagBag from /opt/airflow/dags/etl_pipeline_dag.py
[2026-01-12T17:05:36.523+0000] {processor.py:840} INFO - DAG(s) 'etl_csv_pipeline' retrieved from /opt/airflow/dags/etl_pipeline_dag.py
[2026-01-12T17:05:36.552+0000] {logging_mixin.py:188} INFO - [2026-01-12T17:05:36.552+0000] {dag.py:3036} INFO - Sync 1 DAGs
[2026-01-12T17:05:36.568+0000] {logging_mixin.py:188} INFO - [2026-01-12T17:05:36.568+0000] {dag.py:3823} INFO - Setting next_dagrun for etl_csv_pipeline to None, run_after=None
[2026-01-12T17:05:36.612+0000] {processor.py:183} INFO - Processing /opt/airflow/dags/etl_pipeline_dag.py took 0.622 seconds
[2026-01-12T17:06:06.891+0000] {processor.py:161} INFO - Started process (PID=1867) to work on /opt/airflow/dags/etl_pipeline_dag.py
[2026-01-12T17:06:06.894+0000] {processor.py:830} INFO - Processing file /opt/airflow/dags/etl_pipeline_dag.py for tasks to queue
[2026-01-12T17:06:06.895+0000] {logging_mixin.py:188} INFO - [2026-01-12T17:06:06.895+0000] {dagbag.py:538} INFO - Filling up the DagBag from /opt/airflow/dags/etl_pipeline_dag.py
[2026-01-12T17:06:07.337+0000] {processor.py:840} INFO - DAG(s) 'etl_csv_pipeline' retrieved from /opt/airflow/dags/etl_pipeline_dag.py
[2026-01-12T17:06:07.360+0000] {logging_mixin.py:188} INFO - [2026-01-12T17:06:07.360+0000] {dag.py:3036} INFO - Sync 1 DAGs
[2026-01-12T17:06:07.374+0000] {logging_mixin.py:188} INFO - [2026-01-12T17:06:07.373+0000] {dag.py:3823} INFO - Setting next_dagrun for etl_csv_pipeline to None, run_after=None
[2026-01-12T17:06:07.409+0000] {processor.py:183} INFO - Processing /opt/airflow/dags/etl_pipeline_dag.py took 0.521 seconds
[2026-01-12T17:06:37.638+0000] {processor.py:161} INFO - Started process (PID=1907) to work on /opt/airflow/dags/etl_pipeline_dag.py
[2026-01-12T17:06:37.640+0000] {processor.py:830} INFO - Processing file /opt/airflow/dags/etl_pipeline_dag.py for tasks to queue
[2026-01-12T17:06:37.641+0000] {logging_mixin.py:188} INFO - [2026-01-12T17:06:37.641+0000] {dagbag.py:538} INFO - Filling up the DagBag from /opt/airflow/dags/etl_pipeline_dag.py
[2026-01-12T17:06:38.078+0000] {processor.py:840} INFO - DAG(s) 'etl_csv_pipeline' retrieved from /opt/airflow/dags/etl_pipeline_dag.py
[2026-01-12T17:06:38.106+0000] {logging_mixin.py:188} INFO - [2026-01-12T17:06:38.105+0000] {dag.py:3036} INFO - Sync 1 DAGs
[2026-01-12T17:06:38.117+0000] {logging_mixin.py:188} INFO - [2026-01-12T17:06:38.116+0000] {dag.py:3823} INFO - Setting next_dagrun for etl_csv_pipeline to None, run_after=None
[2026-01-12T17:06:38.151+0000] {processor.py:183} INFO - Processing /opt/airflow/dags/etl_pipeline_dag.py took 0.517 seconds
[2026-01-12T17:07:08.479+0000] {processor.py:161} INFO - Started process (PID=1947) to work on /opt/airflow/dags/etl_pipeline_dag.py
[2026-01-12T17:07:08.481+0000] {processor.py:830} INFO - Processing file /opt/airflow/dags/etl_pipeline_dag.py for tasks to queue
[2026-01-12T17:07:08.482+0000] {logging_mixin.py:188} INFO - [2026-01-12T17:07:08.482+0000] {dagbag.py:538} INFO - Filling up the DagBag from /opt/airflow/dags/etl_pipeline_dag.py
[2026-01-12T17:07:08.968+0000] {processor.py:840} INFO - DAG(s) 'etl_csv_pipeline' retrieved from /opt/airflow/dags/etl_pipeline_dag.py
[2026-01-12T17:07:08.993+0000] {logging_mixin.py:188} INFO - [2026-01-12T17:07:08.993+0000] {dag.py:3036} INFO - Sync 1 DAGs
[2026-01-12T17:07:09.008+0000] {logging_mixin.py:188} INFO - [2026-01-12T17:07:09.007+0000] {dag.py:3823} INFO - Setting next_dagrun for etl_csv_pipeline to None, run_after=None
[2026-01-12T17:07:09.046+0000] {processor.py:183} INFO - Processing /opt/airflow/dags/etl_pipeline_dag.py took 0.571 seconds
[2026-01-12T17:07:39.728+0000] {processor.py:161} INFO - Started process (PID=1987) to work on /opt/airflow/dags/etl_pipeline_dag.py
[2026-01-12T17:07:39.730+0000] {processor.py:830} INFO - Processing file /opt/airflow/dags/etl_pipeline_dag.py for tasks to queue
[2026-01-12T17:07:39.731+0000] {logging_mixin.py:188} INFO - [2026-01-12T17:07:39.731+0000] {dagbag.py:538} INFO - Filling up the DagBag from /opt/airflow/dags/etl_pipeline_dag.py
[2026-01-12T17:07:40.244+0000] {processor.py:840} INFO - DAG(s) 'etl_csv_pipeline' retrieved from /opt/airflow/dags/etl_pipeline_dag.py
[2026-01-12T17:07:40.272+0000] {logging_mixin.py:188} INFO - [2026-01-12T17:07:40.272+0000] {dag.py:3036} INFO - Sync 1 DAGs
[2026-01-12T17:07:40.286+0000] {logging_mixin.py:188} INFO - [2026-01-12T17:07:40.285+0000] {dag.py:3823} INFO - Setting next_dagrun for etl_csv_pipeline to None, run_after=None
[2026-01-12T17:07:40.317+0000] {processor.py:183} INFO - Processing /opt/airflow/dags/etl_pipeline_dag.py took 0.594 seconds
[2026-01-12T17:08:10.932+0000] {processor.py:161} INFO - Started process (PID=2033) to work on /opt/airflow/dags/etl_pipeline_dag.py
[2026-01-12T17:08:10.934+0000] {processor.py:830} INFO - Processing file /opt/airflow/dags/etl_pipeline_dag.py for tasks to queue
[2026-01-12T17:08:10.935+0000] {logging_mixin.py:188} INFO - [2026-01-12T17:08:10.935+0000] {dagbag.py:538} INFO - Filling up the DagBag from /opt/airflow/dags/etl_pipeline_dag.py
[2026-01-12T17:08:11.411+0000] {processor.py:840} INFO - DAG(s) 'etl_csv_pipeline' retrieved from /opt/airflow/dags/etl_pipeline_dag.py
[2026-01-12T17:08:11.439+0000] {logging_mixin.py:188} INFO - [2026-01-12T17:08:11.439+0000] {dag.py:3036} INFO - Sync 1 DAGs
[2026-01-12T17:08:11.451+0000] {logging_mixin.py:188} INFO - [2026-01-12T17:08:11.451+0000] {dag.py:3823} INFO - Setting next_dagrun for etl_csv_pipeline to None, run_after=None
[2026-01-12T17:08:11.484+0000] {processor.py:183} INFO - Processing /opt/airflow/dags/etl_pipeline_dag.py took 0.555 seconds
[2026-01-12T17:08:41.659+0000] {processor.py:161} INFO - Started process (PID=2073) to work on /opt/airflow/dags/etl_pipeline_dag.py
[2026-01-12T17:08:41.660+0000] {processor.py:830} INFO - Processing file /opt/airflow/dags/etl_pipeline_dag.py for tasks to queue
[2026-01-12T17:08:41.662+0000] {logging_mixin.py:188} INFO - [2026-01-12T17:08:41.662+0000] {dagbag.py:538} INFO - Filling up the DagBag from /opt/airflow/dags/etl_pipeline_dag.py
[2026-01-12T17:08:42.141+0000] {processor.py:840} INFO - DAG(s) 'etl_csv_pipeline' retrieved from /opt/airflow/dags/etl_pipeline_dag.py
[2026-01-12T17:08:42.167+0000] {logging_mixin.py:188} INFO - [2026-01-12T17:08:42.167+0000] {dag.py:3036} INFO - Sync 1 DAGs
[2026-01-12T17:08:42.179+0000] {logging_mixin.py:188} INFO - [2026-01-12T17:08:42.179+0000] {dag.py:3823} INFO - Setting next_dagrun for etl_csv_pipeline to None, run_after=None
[2026-01-12T17:08:42.215+0000] {processor.py:183} INFO - Processing /opt/airflow/dags/etl_pipeline_dag.py took 0.561 seconds
[2026-01-12T17:09:12.395+0000] {processor.py:161} INFO - Started process (PID=2113) to work on /opt/airflow/dags/etl_pipeline_dag.py
[2026-01-12T17:09:12.397+0000] {processor.py:830} INFO - Processing file /opt/airflow/dags/etl_pipeline_dag.py for tasks to queue
[2026-01-12T17:09:12.398+0000] {logging_mixin.py:188} INFO - [2026-01-12T17:09:12.398+0000] {dagbag.py:538} INFO - Filling up the DagBag from /opt/airflow/dags/etl_pipeline_dag.py
[2026-01-12T17:09:12.869+0000] {processor.py:840} INFO - DAG(s) 'etl_csv_pipeline' retrieved from /opt/airflow/dags/etl_pipeline_dag.py
[2026-01-12T17:09:12.897+0000] {logging_mixin.py:188} INFO - [2026-01-12T17:09:12.897+0000] {dag.py:3036} INFO - Sync 1 DAGs
[2026-01-12T17:09:12.908+0000] {logging_mixin.py:188} INFO - [2026-01-12T17:09:12.908+0000] {dag.py:3823} INFO - Setting next_dagrun for etl_csv_pipeline to None, run_after=None
[2026-01-12T17:09:12.939+0000] {processor.py:183} INFO - Processing /opt/airflow/dags/etl_pipeline_dag.py took 0.547 seconds
[2026-01-12T17:09:43.074+0000] {processor.py:161} INFO - Started process (PID=2151) to work on /opt/airflow/dags/etl_pipeline_dag.py
[2026-01-12T17:09:43.077+0000] {processor.py:830} INFO - Processing file /opt/airflow/dags/etl_pipeline_dag.py for tasks to queue
[2026-01-12T17:09:43.078+0000] {logging_mixin.py:188} INFO - [2026-01-12T17:09:43.078+0000] {dagbag.py:538} INFO - Filling up the DagBag from /opt/airflow/dags/etl_pipeline_dag.py
[2026-01-12T17:09:43.566+0000] {processor.py:840} INFO - DAG(s) 'etl_csv_pipeline' retrieved from /opt/airflow/dags/etl_pipeline_dag.py
[2026-01-12T17:09:43.588+0000] {logging_mixin.py:188} INFO - [2026-01-12T17:09:43.588+0000] {dag.py:3036} INFO - Sync 1 DAGs
[2026-01-12T17:09:43.599+0000] {logging_mixin.py:188} INFO - [2026-01-12T17:09:43.598+0000] {dag.py:3823} INFO - Setting next_dagrun for etl_csv_pipeline to None, run_after=None
[2026-01-12T17:09:43.628+0000] {processor.py:183} INFO - Processing /opt/airflow/dags/etl_pipeline_dag.py took 0.558 seconds
[2026-01-12T17:10:14.291+0000] {processor.py:161} INFO - Started process (PID=2187) to work on /opt/airflow/dags/etl_pipeline_dag.py
[2026-01-12T17:10:14.293+0000] {processor.py:830} INFO - Processing file /opt/airflow/dags/etl_pipeline_dag.py for tasks to queue
[2026-01-12T17:10:14.294+0000] {logging_mixin.py:188} INFO - [2026-01-12T17:10:14.294+0000] {dagbag.py:538} INFO - Filling up the DagBag from /opt/airflow/dags/etl_pipeline_dag.py
[2026-01-12T17:10:14.821+0000] {processor.py:840} INFO - DAG(s) 'etl_csv_pipeline' retrieved from /opt/airflow/dags/etl_pipeline_dag.py
[2026-01-12T17:10:14.846+0000] {logging_mixin.py:188} INFO - [2026-01-12T17:10:14.846+0000] {dag.py:3036} INFO - Sync 1 DAGs
[2026-01-12T17:10:14.858+0000] {logging_mixin.py:188} INFO - [2026-01-12T17:10:14.858+0000] {dag.py:3823} INFO - Setting next_dagrun for etl_csv_pipeline to None, run_after=None
[2026-01-12T17:10:14.888+0000] {processor.py:183} INFO - Processing /opt/airflow/dags/etl_pipeline_dag.py took 0.601 seconds
[2026-01-12T17:10:45.447+0000] {processor.py:161} INFO - Started process (PID=2227) to work on /opt/airflow/dags/etl_pipeline_dag.py
[2026-01-12T17:10:45.448+0000] {processor.py:830} INFO - Processing file /opt/airflow/dags/etl_pipeline_dag.py for tasks to queue
[2026-01-12T17:10:45.450+0000] {logging_mixin.py:188} INFO - [2026-01-12T17:10:45.450+0000] {dagbag.py:538} INFO - Filling up the DagBag from /opt/airflow/dags/etl_pipeline_dag.py
[2026-01-12T17:10:45.989+0000] {processor.py:840} INFO - DAG(s) 'etl_csv_pipeline' retrieved from /opt/airflow/dags/etl_pipeline_dag.py
[2026-01-12T17:10:46.015+0000] {logging_mixin.py:188} INFO - [2026-01-12T17:10:46.015+0000] {dag.py:3036} INFO - Sync 1 DAGs
[2026-01-12T17:10:46.027+0000] {logging_mixin.py:188} INFO - [2026-01-12T17:10:46.026+0000] {dag.py:3823} INFO - Setting next_dagrun for etl_csv_pipeline to None, run_after=None
[2026-01-12T17:10:46.070+0000] {processor.py:183} INFO - Processing /opt/airflow/dags/etl_pipeline_dag.py took 0.628 seconds
[2026-01-12T17:11:16.675+0000] {processor.py:161} INFO - Started process (PID=2267) to work on /opt/airflow/dags/etl_pipeline_dag.py
[2026-01-12T17:11:16.677+0000] {processor.py:830} INFO - Processing file /opt/airflow/dags/etl_pipeline_dag.py for tasks to queue
[2026-01-12T17:11:16.679+0000] {logging_mixin.py:188} INFO - [2026-01-12T17:11:16.679+0000] {dagbag.py:538} INFO - Filling up the DagBag from /opt/airflow/dags/etl_pipeline_dag.py
[2026-01-12T17:11:17.193+0000] {processor.py:840} INFO - DAG(s) 'etl_csv_pipeline' retrieved from /opt/airflow/dags/etl_pipeline_dag.py
[2026-01-12T17:11:17.225+0000] {logging_mixin.py:188} INFO - [2026-01-12T17:11:17.224+0000] {dag.py:3036} INFO - Sync 1 DAGs
[2026-01-12T17:11:17.240+0000] {logging_mixin.py:188} INFO - [2026-01-12T17:11:17.240+0000] {dag.py:3823} INFO - Setting next_dagrun for etl_csv_pipeline to None, run_after=None
[2026-01-12T17:11:17.274+0000] {processor.py:183} INFO - Processing /opt/airflow/dags/etl_pipeline_dag.py took 0.603 seconds
