[2026-01-12T16:44:22.983+0000] {processor.py:161} INFO - Started process (PID=210) to work on /opt/airflow/dags/first_dag.py
[2026-01-12T16:44:22.985+0000] {processor.py:830} INFO - Processing file /opt/airflow/dags/first_dag.py for tasks to queue
[2026-01-12T16:44:22.986+0000] {logging_mixin.py:188} INFO - [2026-01-12T16:44:22.986+0000] {dagbag.py:538} INFO - Filling up the DagBag from /opt/airflow/dags/first_dag.py
[2026-01-12T16:44:23.028+0000] {processor.py:840} INFO - DAG(s) 'first_airflow_dag' retrieved from /opt/airflow/dags/first_dag.py
[2026-01-12T16:44:23.069+0000] {logging_mixin.py:188} INFO - [2026-01-12T16:44:23.069+0000] {dag.py:3036} INFO - Sync 1 DAGs
[2026-01-12T16:44:23.103+0000] {logging_mixin.py:188} INFO - [2026-01-12T16:44:23.103+0000] {dag.py:3823} INFO - Setting next_dagrun for first_airflow_dag to 2026-01-11 00:00:00+00:00, run_after=2026-01-12 00:00:00+00:00
[2026-01-12T16:44:23.162+0000] {processor.py:183} INFO - Processing /opt/airflow/dags/first_dag.py took 0.184 seconds
[2026-01-12T16:44:53.909+0000] {processor.py:161} INFO - Started process (PID=249) to work on /opt/airflow/dags/first_dag.py
[2026-01-12T16:44:53.911+0000] {processor.py:830} INFO - Processing file /opt/airflow/dags/first_dag.py for tasks to queue
[2026-01-12T16:44:53.913+0000] {logging_mixin.py:188} INFO - [2026-01-12T16:44:53.912+0000] {dagbag.py:538} INFO - Filling up the DagBag from /opt/airflow/dags/first_dag.py
[2026-01-12T16:44:53.945+0000] {processor.py:840} INFO - DAG(s) 'first_airflow_dag' retrieved from /opt/airflow/dags/first_dag.py
[2026-01-12T16:44:53.983+0000] {logging_mixin.py:188} INFO - [2026-01-12T16:44:53.982+0000] {dag.py:3036} INFO - Sync 1 DAGs
[2026-01-12T16:44:54.017+0000] {logging_mixin.py:188} INFO - [2026-01-12T16:44:54.017+0000] {dag.py:3823} INFO - Setting next_dagrun for first_airflow_dag to 2026-01-11 00:00:00+00:00, run_after=2026-01-12 00:00:00+00:00
[2026-01-12T16:44:54.067+0000] {processor.py:183} INFO - Processing /opt/airflow/dags/first_dag.py took 0.162 seconds
[2026-01-12T16:45:25.156+0000] {processor.py:161} INFO - Started process (PID=284) to work on /opt/airflow/dags/first_dag.py
[2026-01-12T16:45:25.159+0000] {processor.py:830} INFO - Processing file /opt/airflow/dags/first_dag.py for tasks to queue
[2026-01-12T16:45:25.161+0000] {logging_mixin.py:188} INFO - [2026-01-12T16:45:25.160+0000] {dagbag.py:538} INFO - Filling up the DagBag from /opt/airflow/dags/first_dag.py
[2026-01-12T16:45:25.208+0000] {processor.py:840} INFO - DAG(s) 'first_airflow_dag' retrieved from /opt/airflow/dags/first_dag.py
[2026-01-12T16:45:25.258+0000] {logging_mixin.py:188} INFO - [2026-01-12T16:45:25.258+0000] {dag.py:3036} INFO - Sync 1 DAGs
[2026-01-12T16:45:25.309+0000] {logging_mixin.py:188} INFO - [2026-01-12T16:45:25.309+0000] {dag.py:3823} INFO - Setting next_dagrun for first_airflow_dag to 2026-01-11 00:00:00+00:00, run_after=2026-01-12 00:00:00+00:00
[2026-01-12T16:45:25.368+0000] {processor.py:183} INFO - Processing /opt/airflow/dags/first_dag.py took 0.215 seconds
[2026-01-12T16:45:55.717+0000] {processor.py:161} INFO - Started process (PID=323) to work on /opt/airflow/dags/first_dag.py
[2026-01-12T16:45:55.719+0000] {processor.py:830} INFO - Processing file /opt/airflow/dags/first_dag.py for tasks to queue
[2026-01-12T16:45:55.720+0000] {logging_mixin.py:188} INFO - [2026-01-12T16:45:55.719+0000] {dagbag.py:538} INFO - Filling up the DagBag from /opt/airflow/dags/first_dag.py
[2026-01-12T16:45:55.745+0000] {processor.py:840} INFO - DAG(s) 'first_airflow_dag' retrieved from /opt/airflow/dags/first_dag.py
[2026-01-12T16:45:55.767+0000] {logging_mixin.py:188} INFO - [2026-01-12T16:45:55.766+0000] {dag.py:3036} INFO - Sync 1 DAGs
[2026-01-12T16:45:55.798+0000] {logging_mixin.py:188} INFO - [2026-01-12T16:45:55.797+0000] {dag.py:3823} INFO - Setting next_dagrun for first_airflow_dag to 2026-01-11 00:00:00+00:00, run_after=2026-01-12 00:00:00+00:00
[2026-01-12T16:45:55.839+0000] {processor.py:183} INFO - Processing /opt/airflow/dags/first_dag.py took 0.126 seconds
[2026-01-12T16:46:26.079+0000] {processor.py:161} INFO - Started process (PID=357) to work on /opt/airflow/dags/first_dag.py
[2026-01-12T16:46:26.081+0000] {processor.py:830} INFO - Processing file /opt/airflow/dags/first_dag.py for tasks to queue
[2026-01-12T16:46:26.082+0000] {logging_mixin.py:188} INFO - [2026-01-12T16:46:26.082+0000] {dagbag.py:538} INFO - Filling up the DagBag from /opt/airflow/dags/first_dag.py
[2026-01-12T16:46:26.115+0000] {processor.py:840} INFO - DAG(s) 'first_airflow_dag' retrieved from /opt/airflow/dags/first_dag.py
[2026-01-12T16:46:26.225+0000] {logging_mixin.py:188} INFO - [2026-01-12T16:46:26.225+0000] {dag.py:3036} INFO - Sync 1 DAGs
[2026-01-12T16:46:26.248+0000] {logging_mixin.py:188} INFO - [2026-01-12T16:46:26.248+0000] {dag.py:3823} INFO - Setting next_dagrun for first_airflow_dag to 2026-01-11 00:00:00+00:00, run_after=2026-01-12 00:00:00+00:00
[2026-01-12T16:46:26.288+0000] {processor.py:183} INFO - Processing /opt/airflow/dags/first_dag.py took 0.212 seconds
[2026-01-12T16:46:56.455+0000] {processor.py:161} INFO - Started process (PID=391) to work on /opt/airflow/dags/first_dag.py
[2026-01-12T16:46:56.456+0000] {processor.py:830} INFO - Processing file /opt/airflow/dags/first_dag.py for tasks to queue
[2026-01-12T16:46:56.458+0000] {logging_mixin.py:188} INFO - [2026-01-12T16:46:56.457+0000] {dagbag.py:538} INFO - Filling up the DagBag from /opt/airflow/dags/first_dag.py
[2026-01-12T16:46:56.485+0000] {processor.py:840} INFO - DAG(s) 'first_airflow_dag' retrieved from /opt/airflow/dags/first_dag.py
[2026-01-12T16:46:56.520+0000] {logging_mixin.py:188} INFO - [2026-01-12T16:46:56.519+0000] {dag.py:3036} INFO - Sync 1 DAGs
[2026-01-12T16:46:56.564+0000] {logging_mixin.py:188} INFO - [2026-01-12T16:46:56.564+0000] {dag.py:3823} INFO - Setting next_dagrun for first_airflow_dag to 2026-01-11 00:00:00+00:00, run_after=2026-01-12 00:00:00+00:00
[2026-01-12T16:46:56.634+0000] {processor.py:183} INFO - Processing /opt/airflow/dags/first_dag.py took 0.183 seconds
[2026-01-12T16:47:26.910+0000] {processor.py:161} INFO - Started process (PID=425) to work on /opt/airflow/dags/first_dag.py
[2026-01-12T16:47:26.912+0000] {processor.py:830} INFO - Processing file /opt/airflow/dags/first_dag.py for tasks to queue
[2026-01-12T16:47:26.914+0000] {logging_mixin.py:188} INFO - [2026-01-12T16:47:26.913+0000] {dagbag.py:538} INFO - Filling up the DagBag from /opt/airflow/dags/first_dag.py
[2026-01-12T16:47:26.957+0000] {processor.py:840} INFO - DAG(s) 'first_airflow_dag' retrieved from /opt/airflow/dags/first_dag.py
[2026-01-12T16:47:27.005+0000] {logging_mixin.py:188} INFO - [2026-01-12T16:47:27.005+0000] {dag.py:3036} INFO - Sync 1 DAGs
[2026-01-12T16:47:27.049+0000] {logging_mixin.py:188} INFO - [2026-01-12T16:47:27.049+0000] {dag.py:3823} INFO - Setting next_dagrun for first_airflow_dag to 2026-01-11 00:00:00+00:00, run_after=2026-01-12 00:00:00+00:00
[2026-01-12T16:47:27.094+0000] {processor.py:183} INFO - Processing /opt/airflow/dags/first_dag.py took 0.191 seconds
[2026-01-12T16:47:57.901+0000] {processor.py:161} INFO - Started process (PID=465) to work on /opt/airflow/dags/first_dag.py
[2026-01-12T16:47:57.904+0000] {processor.py:830} INFO - Processing file /opt/airflow/dags/first_dag.py for tasks to queue
[2026-01-12T16:47:57.906+0000] {logging_mixin.py:188} INFO - [2026-01-12T16:47:57.906+0000] {dagbag.py:538} INFO - Filling up the DagBag from /opt/airflow/dags/first_dag.py
[2026-01-12T16:47:57.971+0000] {processor.py:840} INFO - DAG(s) 'first_airflow_dag' retrieved from /opt/airflow/dags/first_dag.py
[2026-01-12T16:47:58.062+0000] {logging_mixin.py:188} INFO - [2026-01-12T16:47:58.061+0000] {dag.py:3036} INFO - Sync 1 DAGs
[2026-01-12T16:47:58.130+0000] {logging_mixin.py:188} INFO - [2026-01-12T16:47:58.130+0000] {dag.py:3823} INFO - Setting next_dagrun for first_airflow_dag to 2026-01-11 00:00:00+00:00, run_after=2026-01-12 00:00:00+00:00
[2026-01-12T16:47:58.214+0000] {processor.py:183} INFO - Processing /opt/airflow/dags/first_dag.py took 0.326 seconds
[2026-01-12T16:48:28.670+0000] {processor.py:161} INFO - Started process (PID=502) to work on /opt/airflow/dags/first_dag.py
[2026-01-12T16:48:28.673+0000] {processor.py:830} INFO - Processing file /opt/airflow/dags/first_dag.py for tasks to queue
[2026-01-12T16:48:28.680+0000] {logging_mixin.py:188} INFO - [2026-01-12T16:48:28.676+0000] {dagbag.py:538} INFO - Filling up the DagBag from /opt/airflow/dags/first_dag.py
[2026-01-12T16:48:28.738+0000] {processor.py:840} INFO - DAG(s) 'first_airflow_dag' retrieved from /opt/airflow/dags/first_dag.py
[2026-01-12T16:48:28.799+0000] {logging_mixin.py:188} INFO - [2026-01-12T16:48:28.798+0000] {dag.py:3036} INFO - Sync 1 DAGs
[2026-01-12T16:48:28.861+0000] {logging_mixin.py:188} INFO - [2026-01-12T16:48:28.861+0000] {dag.py:3823} INFO - Setting next_dagrun for first_airflow_dag to 2026-01-11 00:00:00+00:00, run_after=2026-01-12 00:00:00+00:00
[2026-01-12T16:48:28.953+0000] {processor.py:183} INFO - Processing /opt/airflow/dags/first_dag.py took 0.288 seconds
[2026-01-12T16:48:59.678+0000] {processor.py:161} INFO - Started process (PID=542) to work on /opt/airflow/dags/first_dag.py
[2026-01-12T16:48:59.682+0000] {processor.py:830} INFO - Processing file /opt/airflow/dags/first_dag.py for tasks to queue
[2026-01-12T16:48:59.685+0000] {logging_mixin.py:188} INFO - [2026-01-12T16:48:59.684+0000] {dagbag.py:538} INFO - Filling up the DagBag from /opt/airflow/dags/first_dag.py
[2026-01-12T16:48:59.739+0000] {processor.py:840} INFO - DAG(s) 'first_airflow_dag' retrieved from /opt/airflow/dags/first_dag.py
[2026-01-12T16:48:59.791+0000] {logging_mixin.py:188} INFO - [2026-01-12T16:48:59.789+0000] {dag.py:3036} INFO - Sync 1 DAGs
[2026-01-12T16:48:59.838+0000] {logging_mixin.py:188} INFO - [2026-01-12T16:48:59.838+0000] {dag.py:3823} INFO - Setting next_dagrun for first_airflow_dag to 2026-01-11 00:00:00+00:00, run_after=2026-01-12 00:00:00+00:00
[2026-01-12T16:48:59.908+0000] {processor.py:183} INFO - Processing /opt/airflow/dags/first_dag.py took 0.237 seconds
[2026-01-12T16:49:30.795+0000] {processor.py:161} INFO - Started process (PID=582) to work on /opt/airflow/dags/first_dag.py
[2026-01-12T16:49:30.798+0000] {processor.py:830} INFO - Processing file /opt/airflow/dags/first_dag.py for tasks to queue
[2026-01-12T16:49:30.803+0000] {logging_mixin.py:188} INFO - [2026-01-12T16:49:30.802+0000] {dagbag.py:538} INFO - Filling up the DagBag from /opt/airflow/dags/first_dag.py
[2026-01-12T16:49:30.861+0000] {processor.py:840} INFO - DAG(s) 'first_airflow_dag' retrieved from /opt/airflow/dags/first_dag.py
[2026-01-12T16:49:30.927+0000] {logging_mixin.py:188} INFO - [2026-01-12T16:49:30.926+0000] {dag.py:3036} INFO - Sync 1 DAGs
[2026-01-12T16:49:30.982+0000] {logging_mixin.py:188} INFO - [2026-01-12T16:49:30.981+0000] {dag.py:3823} INFO - Setting next_dagrun for first_airflow_dag to 2026-01-11 00:00:00+00:00, run_after=2026-01-12 00:00:00+00:00
[2026-01-12T16:49:31.764+0000] {processor.py:183} INFO - Processing /opt/airflow/dags/first_dag.py took 0.978 seconds
[2026-01-12T16:50:01.944+0000] {processor.py:161} INFO - Started process (PID=622) to work on /opt/airflow/dags/first_dag.py
[2026-01-12T16:50:01.946+0000] {processor.py:830} INFO - Processing file /opt/airflow/dags/first_dag.py for tasks to queue
[2026-01-12T16:50:01.947+0000] {logging_mixin.py:188} INFO - [2026-01-12T16:50:01.947+0000] {dagbag.py:538} INFO - Filling up the DagBag from /opt/airflow/dags/first_dag.py
[2026-01-12T16:50:01.989+0000] {processor.py:840} INFO - DAG(s) 'first_airflow_dag' retrieved from /opt/airflow/dags/first_dag.py
[2026-01-12T16:50:02.040+0000] {logging_mixin.py:188} INFO - [2026-01-12T16:50:02.040+0000] {dag.py:3036} INFO - Sync 1 DAGs
[2026-01-12T16:50:02.071+0000] {logging_mixin.py:188} INFO - [2026-01-12T16:50:02.070+0000] {dag.py:3823} INFO - Setting next_dagrun for first_airflow_dag to 2026-01-11 00:00:00+00:00, run_after=2026-01-12 00:00:00+00:00
[2026-01-12T16:50:02.132+0000] {processor.py:183} INFO - Processing /opt/airflow/dags/first_dag.py took 0.192 seconds
[2026-01-12T16:50:32.448+0000] {processor.py:161} INFO - Started process (PID=662) to work on /opt/airflow/dags/first_dag.py
[2026-01-12T16:50:32.450+0000] {processor.py:830} INFO - Processing file /opt/airflow/dags/first_dag.py for tasks to queue
[2026-01-12T16:50:32.452+0000] {logging_mixin.py:188} INFO - [2026-01-12T16:50:32.452+0000] {dagbag.py:538} INFO - Filling up the DagBag from /opt/airflow/dags/first_dag.py
[2026-01-12T16:50:32.504+0000] {processor.py:840} INFO - DAG(s) 'first_airflow_dag' retrieved from /opt/airflow/dags/first_dag.py
[2026-01-12T16:50:32.550+0000] {logging_mixin.py:188} INFO - [2026-01-12T16:50:32.550+0000] {dag.py:3036} INFO - Sync 1 DAGs
[2026-01-12T16:50:32.579+0000] {logging_mixin.py:188} INFO - [2026-01-12T16:50:32.579+0000] {dag.py:3823} INFO - Setting next_dagrun for first_airflow_dag to 2026-01-11 00:00:00+00:00, run_after=2026-01-12 00:00:00+00:00
[2026-01-12T16:50:32.623+0000] {processor.py:183} INFO - Processing /opt/airflow/dags/first_dag.py took 0.178 seconds
[2026-01-12T16:51:03.347+0000] {processor.py:161} INFO - Started process (PID=702) to work on /opt/airflow/dags/first_dag.py
[2026-01-12T16:51:03.349+0000] {processor.py:830} INFO - Processing file /opt/airflow/dags/first_dag.py for tasks to queue
[2026-01-12T16:51:03.351+0000] {logging_mixin.py:188} INFO - [2026-01-12T16:51:03.351+0000] {dagbag.py:538} INFO - Filling up the DagBag from /opt/airflow/dags/first_dag.py
[2026-01-12T16:51:03.393+0000] {processor.py:840} INFO - DAG(s) 'first_airflow_dag' retrieved from /opt/airflow/dags/first_dag.py
[2026-01-12T16:51:03.431+0000] {logging_mixin.py:188} INFO - [2026-01-12T16:51:03.431+0000] {dag.py:3036} INFO - Sync 1 DAGs
[2026-01-12T16:51:03.462+0000] {logging_mixin.py:188} INFO - [2026-01-12T16:51:03.462+0000] {dag.py:3823} INFO - Setting next_dagrun for first_airflow_dag to 2026-01-11 00:00:00+00:00, run_after=2026-01-12 00:00:00+00:00
[2026-01-12T16:51:03.519+0000] {processor.py:183} INFO - Processing /opt/airflow/dags/first_dag.py took 0.178 seconds
[2026-01-12T16:51:33.948+0000] {processor.py:161} INFO - Started process (PID=742) to work on /opt/airflow/dags/first_dag.py
[2026-01-12T16:51:33.951+0000] {processor.py:830} INFO - Processing file /opt/airflow/dags/first_dag.py for tasks to queue
[2026-01-12T16:51:33.953+0000] {logging_mixin.py:188} INFO - [2026-01-12T16:51:33.952+0000] {dagbag.py:538} INFO - Filling up the DagBag from /opt/airflow/dags/first_dag.py
[2026-01-12T16:51:33.991+0000] {processor.py:840} INFO - DAG(s) 'first_airflow_dag' retrieved from /opt/airflow/dags/first_dag.py
[2026-01-12T16:51:34.035+0000] {logging_mixin.py:188} INFO - [2026-01-12T16:51:34.035+0000] {dag.py:3036} INFO - Sync 1 DAGs
[2026-01-12T16:51:34.060+0000] {logging_mixin.py:188} INFO - [2026-01-12T16:51:34.060+0000] {dag.py:3823} INFO - Setting next_dagrun for first_airflow_dag to 2026-01-11 00:00:00+00:00, run_after=2026-01-12 00:00:00+00:00
[2026-01-12T16:51:34.100+0000] {processor.py:183} INFO - Processing /opt/airflow/dags/first_dag.py took 0.159 seconds
[2026-01-12T16:52:04.501+0000] {processor.py:161} INFO - Started process (PID=782) to work on /opt/airflow/dags/first_dag.py
[2026-01-12T16:52:04.502+0000] {processor.py:830} INFO - Processing file /opt/airflow/dags/first_dag.py for tasks to queue
[2026-01-12T16:52:04.504+0000] {logging_mixin.py:188} INFO - [2026-01-12T16:52:04.503+0000] {dagbag.py:538} INFO - Filling up the DagBag from /opt/airflow/dags/first_dag.py
[2026-01-12T16:52:04.536+0000] {processor.py:840} INFO - DAG(s) 'first_airflow_dag' retrieved from /opt/airflow/dags/first_dag.py
[2026-01-12T16:52:04.567+0000] {logging_mixin.py:188} INFO - [2026-01-12T16:52:04.567+0000] {dag.py:3036} INFO - Sync 1 DAGs
[2026-01-12T16:52:04.591+0000] {logging_mixin.py:188} INFO - [2026-01-12T16:52:04.590+0000] {dag.py:3823} INFO - Setting next_dagrun for first_airflow_dag to 2026-01-11 00:00:00+00:00, run_after=2026-01-12 00:00:00+00:00
[2026-01-12T16:52:04.621+0000] {processor.py:183} INFO - Processing /opt/airflow/dags/first_dag.py took 0.124 seconds
[2026-01-12T16:52:35.039+0000] {processor.py:161} INFO - Started process (PID=822) to work on /opt/airflow/dags/first_dag.py
[2026-01-12T16:52:35.040+0000] {processor.py:830} INFO - Processing file /opt/airflow/dags/first_dag.py for tasks to queue
[2026-01-12T16:52:35.042+0000] {logging_mixin.py:188} INFO - [2026-01-12T16:52:35.042+0000] {dagbag.py:538} INFO - Filling up the DagBag from /opt/airflow/dags/first_dag.py
[2026-01-12T16:52:35.080+0000] {processor.py:840} INFO - DAG(s) 'first_airflow_dag' retrieved from /opt/airflow/dags/first_dag.py
[2026-01-12T16:52:35.109+0000] {logging_mixin.py:188} INFO - [2026-01-12T16:52:35.109+0000] {dag.py:3036} INFO - Sync 1 DAGs
[2026-01-12T16:52:35.134+0000] {logging_mixin.py:188} INFO - [2026-01-12T16:52:35.133+0000] {dag.py:3823} INFO - Setting next_dagrun for first_airflow_dag to 2026-01-11 00:00:00+00:00, run_after=2026-01-12 00:00:00+00:00
[2026-01-12T16:52:35.161+0000] {processor.py:183} INFO - Processing /opt/airflow/dags/first_dag.py took 0.126 seconds
[2026-01-12T16:53:05.666+0000] {processor.py:161} INFO - Started process (PID=862) to work on /opt/airflow/dags/first_dag.py
[2026-01-12T16:53:05.668+0000] {processor.py:830} INFO - Processing file /opt/airflow/dags/first_dag.py for tasks to queue
[2026-01-12T16:53:05.670+0000] {logging_mixin.py:188} INFO - [2026-01-12T16:53:05.669+0000] {dagbag.py:538} INFO - Filling up the DagBag from /opt/airflow/dags/first_dag.py
[2026-01-12T16:53:05.706+0000] {processor.py:840} INFO - DAG(s) 'first_airflow_dag' retrieved from /opt/airflow/dags/first_dag.py
[2026-01-12T16:53:05.737+0000] {logging_mixin.py:188} INFO - [2026-01-12T16:53:05.737+0000] {dag.py:3036} INFO - Sync 1 DAGs
[2026-01-12T16:53:05.762+0000] {logging_mixin.py:188} INFO - [2026-01-12T16:53:05.762+0000] {dag.py:3823} INFO - Setting next_dagrun for first_airflow_dag to 2026-01-11 00:00:00+00:00, run_after=2026-01-12 00:00:00+00:00
[2026-01-12T16:53:05.799+0000] {processor.py:183} INFO - Processing /opt/airflow/dags/first_dag.py took 0.137 seconds
[2026-01-12T16:53:36.299+0000] {processor.py:161} INFO - Started process (PID=902) to work on /opt/airflow/dags/first_dag.py
[2026-01-12T16:53:36.300+0000] {processor.py:830} INFO - Processing file /opt/airflow/dags/first_dag.py for tasks to queue
[2026-01-12T16:53:36.302+0000] {logging_mixin.py:188} INFO - [2026-01-12T16:53:36.301+0000] {dagbag.py:538} INFO - Filling up the DagBag from /opt/airflow/dags/first_dag.py
[2026-01-12T16:53:36.333+0000] {processor.py:840} INFO - DAG(s) 'first_airflow_dag' retrieved from /opt/airflow/dags/first_dag.py
[2026-01-12T16:53:36.363+0000] {logging_mixin.py:188} INFO - [2026-01-12T16:53:36.363+0000] {dag.py:3036} INFO - Sync 1 DAGs
[2026-01-12T16:53:36.389+0000] {logging_mixin.py:188} INFO - [2026-01-12T16:53:36.389+0000] {dag.py:3823} INFO - Setting next_dagrun for first_airflow_dag to 2026-01-11 00:00:00+00:00, run_after=2026-01-12 00:00:00+00:00
[2026-01-12T16:53:36.428+0000] {processor.py:183} INFO - Processing /opt/airflow/dags/first_dag.py took 0.132 seconds
[2026-01-12T16:54:06.833+0000] {processor.py:161} INFO - Started process (PID=942) to work on /opt/airflow/dags/first_dag.py
[2026-01-12T16:54:06.835+0000] {processor.py:830} INFO - Processing file /opt/airflow/dags/first_dag.py for tasks to queue
[2026-01-12T16:54:06.837+0000] {logging_mixin.py:188} INFO - [2026-01-12T16:54:06.837+0000] {dagbag.py:538} INFO - Filling up the DagBag from /opt/airflow/dags/first_dag.py
[2026-01-12T16:54:06.881+0000] {processor.py:840} INFO - DAG(s) 'first_airflow_dag' retrieved from /opt/airflow/dags/first_dag.py
[2026-01-12T16:54:06.923+0000] {logging_mixin.py:188} INFO - [2026-01-12T16:54:06.922+0000] {dag.py:3036} INFO - Sync 1 DAGs
[2026-01-12T16:54:06.959+0000] {logging_mixin.py:188} INFO - [2026-01-12T16:54:06.959+0000] {dag.py:3823} INFO - Setting next_dagrun for first_airflow_dag to 2026-01-11 00:00:00+00:00, run_after=2026-01-12 00:00:00+00:00
[2026-01-12T16:54:07.001+0000] {processor.py:183} INFO - Processing /opt/airflow/dags/first_dag.py took 0.172 seconds
[2026-01-12T16:54:37.410+0000] {processor.py:161} INFO - Started process (PID=982) to work on /opt/airflow/dags/first_dag.py
[2026-01-12T16:54:37.411+0000] {processor.py:830} INFO - Processing file /opt/airflow/dags/first_dag.py for tasks to queue
[2026-01-12T16:54:37.412+0000] {logging_mixin.py:188} INFO - [2026-01-12T16:54:37.412+0000] {dagbag.py:538} INFO - Filling up the DagBag from /opt/airflow/dags/first_dag.py
[2026-01-12T16:54:37.437+0000] {processor.py:840} INFO - DAG(s) 'first_airflow_dag' retrieved from /opt/airflow/dags/first_dag.py
[2026-01-12T16:54:37.472+0000] {logging_mixin.py:188} INFO - [2026-01-12T16:54:37.472+0000] {dag.py:3036} INFO - Sync 1 DAGs
[2026-01-12T16:54:37.499+0000] {logging_mixin.py:188} INFO - [2026-01-12T16:54:37.499+0000] {dag.py:3823} INFO - Setting next_dagrun for first_airflow_dag to 2026-01-11 00:00:00+00:00, run_after=2026-01-12 00:00:00+00:00
[2026-01-12T16:54:37.538+0000] {processor.py:183} INFO - Processing /opt/airflow/dags/first_dag.py took 0.131 seconds
[2026-01-12T16:55:07.761+0000] {processor.py:161} INFO - Started process (PID=1022) to work on /opt/airflow/dags/first_dag.py
[2026-01-12T16:55:07.762+0000] {processor.py:830} INFO - Processing file /opt/airflow/dags/first_dag.py for tasks to queue
[2026-01-12T16:55:07.764+0000] {logging_mixin.py:188} INFO - [2026-01-12T16:55:07.763+0000] {dagbag.py:538} INFO - Filling up the DagBag from /opt/airflow/dags/first_dag.py
[2026-01-12T16:55:07.788+0000] {processor.py:840} INFO - DAG(s) 'first_airflow_dag' retrieved from /opt/airflow/dags/first_dag.py
[2026-01-12T16:55:07.816+0000] {logging_mixin.py:188} INFO - [2026-01-12T16:55:07.816+0000] {dag.py:3036} INFO - Sync 1 DAGs
[2026-01-12T16:55:07.842+0000] {logging_mixin.py:188} INFO - [2026-01-12T16:55:07.841+0000] {dag.py:3823} INFO - Setting next_dagrun for first_airflow_dag to 2026-01-11 00:00:00+00:00, run_after=2026-01-12 00:00:00+00:00
[2026-01-12T16:55:07.870+0000] {processor.py:183} INFO - Processing /opt/airflow/dags/first_dag.py took 0.113 seconds
[2026-01-12T16:55:38.150+0000] {processor.py:161} INFO - Started process (PID=1062) to work on /opt/airflow/dags/first_dag.py
[2026-01-12T16:55:38.151+0000] {processor.py:830} INFO - Processing file /opt/airflow/dags/first_dag.py for tasks to queue
[2026-01-12T16:55:38.153+0000] {logging_mixin.py:188} INFO - [2026-01-12T16:55:38.152+0000] {dagbag.py:538} INFO - Filling up the DagBag from /opt/airflow/dags/first_dag.py
[2026-01-12T16:55:38.182+0000] {processor.py:840} INFO - DAG(s) 'first_airflow_dag' retrieved from /opt/airflow/dags/first_dag.py
[2026-01-12T16:55:38.212+0000] {logging_mixin.py:188} INFO - [2026-01-12T16:55:38.211+0000] {dag.py:3036} INFO - Sync 1 DAGs
[2026-01-12T16:55:38.240+0000] {logging_mixin.py:188} INFO - [2026-01-12T16:55:38.239+0000] {dag.py:3823} INFO - Setting next_dagrun for first_airflow_dag to 2026-01-11 00:00:00+00:00, run_after=2026-01-12 00:00:00+00:00
[2026-01-12T16:55:38.271+0000] {processor.py:183} INFO - Processing /opt/airflow/dags/first_dag.py took 0.125 seconds
[2026-01-12T16:56:08.618+0000] {processor.py:161} INFO - Started process (PID=1102) to work on /opt/airflow/dags/first_dag.py
[2026-01-12T16:56:08.619+0000] {processor.py:830} INFO - Processing file /opt/airflow/dags/first_dag.py for tasks to queue
[2026-01-12T16:56:08.621+0000] {logging_mixin.py:188} INFO - [2026-01-12T16:56:08.620+0000] {dagbag.py:538} INFO - Filling up the DagBag from /opt/airflow/dags/first_dag.py
[2026-01-12T16:56:08.653+0000] {processor.py:840} INFO - DAG(s) 'first_airflow_dag' retrieved from /opt/airflow/dags/first_dag.py
[2026-01-12T16:56:08.687+0000] {logging_mixin.py:188} INFO - [2026-01-12T16:56:08.687+0000] {dag.py:3036} INFO - Sync 1 DAGs
[2026-01-12T16:56:08.719+0000] {logging_mixin.py:188} INFO - [2026-01-12T16:56:08.718+0000] {dag.py:3823} INFO - Setting next_dagrun for first_airflow_dag to 2026-01-11 00:00:00+00:00, run_after=2026-01-12 00:00:00+00:00
[2026-01-12T16:56:08.791+0000] {processor.py:183} INFO - Processing /opt/airflow/dags/first_dag.py took 0.177 seconds
[2026-01-12T16:56:39.011+0000] {processor.py:161} INFO - Started process (PID=1142) to work on /opt/airflow/dags/first_dag.py
[2026-01-12T16:56:39.013+0000] {processor.py:830} INFO - Processing file /opt/airflow/dags/first_dag.py for tasks to queue
[2026-01-12T16:56:39.014+0000] {logging_mixin.py:188} INFO - [2026-01-12T16:56:39.014+0000] {dagbag.py:538} INFO - Filling up the DagBag from /opt/airflow/dags/first_dag.py
[2026-01-12T16:56:39.039+0000] {processor.py:840} INFO - DAG(s) 'first_airflow_dag' retrieved from /opt/airflow/dags/first_dag.py
[2026-01-12T16:56:39.072+0000] {logging_mixin.py:188} INFO - [2026-01-12T16:56:39.072+0000] {dag.py:3036} INFO - Sync 1 DAGs
[2026-01-12T16:56:39.098+0000] {logging_mixin.py:188} INFO - [2026-01-12T16:56:39.098+0000] {dag.py:3823} INFO - Setting next_dagrun for first_airflow_dag to 2026-01-11 00:00:00+00:00, run_after=2026-01-12 00:00:00+00:00
[2026-01-12T16:56:39.145+0000] {processor.py:183} INFO - Processing /opt/airflow/dags/first_dag.py took 0.137 seconds
[2026-01-12T16:57:09.369+0000] {processor.py:161} INFO - Started process (PID=1182) to work on /opt/airflow/dags/first_dag.py
[2026-01-12T16:57:09.370+0000] {processor.py:830} INFO - Processing file /opt/airflow/dags/first_dag.py for tasks to queue
[2026-01-12T16:57:09.372+0000] {logging_mixin.py:188} INFO - [2026-01-12T16:57:09.372+0000] {dagbag.py:538} INFO - Filling up the DagBag from /opt/airflow/dags/first_dag.py
[2026-01-12T16:57:09.419+0000] {processor.py:840} INFO - DAG(s) 'first_airflow_dag' retrieved from /opt/airflow/dags/first_dag.py
[2026-01-12T16:57:09.447+0000] {logging_mixin.py:188} INFO - [2026-01-12T16:57:09.447+0000] {dag.py:3036} INFO - Sync 1 DAGs
[2026-01-12T16:57:09.471+0000] {logging_mixin.py:188} INFO - [2026-01-12T16:57:09.471+0000] {dag.py:3823} INFO - Setting next_dagrun for first_airflow_dag to 2026-01-11 00:00:00+00:00, run_after=2026-01-12 00:00:00+00:00
[2026-01-12T16:57:09.503+0000] {processor.py:183} INFO - Processing /opt/airflow/dags/first_dag.py took 0.139 seconds
[2026-01-12T16:57:40.153+0000] {processor.py:161} INFO - Started process (PID=1222) to work on /opt/airflow/dags/first_dag.py
[2026-01-12T16:57:40.154+0000] {processor.py:830} INFO - Processing file /opt/airflow/dags/first_dag.py for tasks to queue
[2026-01-12T16:57:40.156+0000] {logging_mixin.py:188} INFO - [2026-01-12T16:57:40.156+0000] {dagbag.py:538} INFO - Filling up the DagBag from /opt/airflow/dags/first_dag.py
[2026-01-12T16:57:40.185+0000] {processor.py:840} INFO - DAG(s) 'first_airflow_dag' retrieved from /opt/airflow/dags/first_dag.py
[2026-01-12T16:57:40.221+0000] {logging_mixin.py:188} INFO - [2026-01-12T16:57:40.220+0000] {dag.py:3036} INFO - Sync 1 DAGs
[2026-01-12T16:57:40.248+0000] {logging_mixin.py:188} INFO - [2026-01-12T16:57:40.247+0000] {dag.py:3823} INFO - Setting next_dagrun for first_airflow_dag to 2026-01-11 00:00:00+00:00, run_after=2026-01-12 00:00:00+00:00
[2026-01-12T16:57:40.284+0000] {processor.py:183} INFO - Processing /opt/airflow/dags/first_dag.py took 0.134 seconds
[2026-01-12T16:58:10.467+0000] {processor.py:161} INFO - Started process (PID=1262) to work on /opt/airflow/dags/first_dag.py
[2026-01-12T16:58:10.468+0000] {processor.py:830} INFO - Processing file /opt/airflow/dags/first_dag.py for tasks to queue
[2026-01-12T16:58:10.469+0000] {logging_mixin.py:188} INFO - [2026-01-12T16:58:10.469+0000] {dagbag.py:538} INFO - Filling up the DagBag from /opt/airflow/dags/first_dag.py
[2026-01-12T16:58:10.491+0000] {processor.py:840} INFO - DAG(s) 'first_airflow_dag' retrieved from /opt/airflow/dags/first_dag.py
[2026-01-12T16:58:10.514+0000] {logging_mixin.py:188} INFO - [2026-01-12T16:58:10.514+0000] {dag.py:3036} INFO - Sync 1 DAGs
[2026-01-12T16:58:10.538+0000] {logging_mixin.py:188} INFO - [2026-01-12T16:58:10.538+0000] {dag.py:3823} INFO - Setting next_dagrun for first_airflow_dag to 2026-01-11 00:00:00+00:00, run_after=2026-01-12 00:00:00+00:00
[2026-01-12T16:58:10.572+0000] {processor.py:183} INFO - Processing /opt/airflow/dags/first_dag.py took 0.109 seconds
[2026-01-12T16:58:40.742+0000] {processor.py:161} INFO - Started process (PID=1302) to work on /opt/airflow/dags/first_dag.py
[2026-01-12T16:58:40.744+0000] {processor.py:830} INFO - Processing file /opt/airflow/dags/first_dag.py for tasks to queue
[2026-01-12T16:58:40.745+0000] {logging_mixin.py:188} INFO - [2026-01-12T16:58:40.745+0000] {dagbag.py:538} INFO - Filling up the DagBag from /opt/airflow/dags/first_dag.py
[2026-01-12T16:58:40.775+0000] {processor.py:840} INFO - DAG(s) 'first_airflow_dag' retrieved from /opt/airflow/dags/first_dag.py
[2026-01-12T16:58:40.808+0000] {logging_mixin.py:188} INFO - [2026-01-12T16:58:40.808+0000] {dag.py:3036} INFO - Sync 1 DAGs
[2026-01-12T16:58:40.844+0000] {logging_mixin.py:188} INFO - [2026-01-12T16:58:40.843+0000] {dag.py:3823} INFO - Setting next_dagrun for first_airflow_dag to 2026-01-11 00:00:00+00:00, run_after=2026-01-12 00:00:00+00:00
[2026-01-12T16:58:40.889+0000] {processor.py:183} INFO - Processing /opt/airflow/dags/first_dag.py took 0.149 seconds
[2026-01-12T16:59:11.094+0000] {processor.py:161} INFO - Started process (PID=1342) to work on /opt/airflow/dags/first_dag.py
[2026-01-12T16:59:11.096+0000] {processor.py:830} INFO - Processing file /opt/airflow/dags/first_dag.py for tasks to queue
[2026-01-12T16:59:11.097+0000] {logging_mixin.py:188} INFO - [2026-01-12T16:59:11.096+0000] {dagbag.py:538} INFO - Filling up the DagBag from /opt/airflow/dags/first_dag.py
[2026-01-12T16:59:11.117+0000] {processor.py:840} INFO - DAG(s) 'first_airflow_dag' retrieved from /opt/airflow/dags/first_dag.py
[2026-01-12T16:59:11.141+0000] {logging_mixin.py:188} INFO - [2026-01-12T16:59:11.140+0000] {dag.py:3036} INFO - Sync 1 DAGs
[2026-01-12T16:59:11.163+0000] {logging_mixin.py:188} INFO - [2026-01-12T16:59:11.163+0000] {dag.py:3823} INFO - Setting next_dagrun for first_airflow_dag to 2026-01-11 00:00:00+00:00, run_after=2026-01-12 00:00:00+00:00
[2026-01-12T16:59:11.192+0000] {processor.py:183} INFO - Processing /opt/airflow/dags/first_dag.py took 0.101 seconds
[2026-01-12T16:59:41.706+0000] {processor.py:161} INFO - Started process (PID=1382) to work on /opt/airflow/dags/first_dag.py
[2026-01-12T16:59:41.707+0000] {processor.py:830} INFO - Processing file /opt/airflow/dags/first_dag.py for tasks to queue
[2026-01-12T16:59:41.708+0000] {logging_mixin.py:188} INFO - [2026-01-12T16:59:41.708+0000] {dagbag.py:538} INFO - Filling up the DagBag from /opt/airflow/dags/first_dag.py
[2026-01-12T16:59:41.730+0000] {processor.py:840} INFO - DAG(s) 'first_airflow_dag' retrieved from /opt/airflow/dags/first_dag.py
[2026-01-12T16:59:41.755+0000] {logging_mixin.py:188} INFO - [2026-01-12T16:59:41.755+0000] {dag.py:3036} INFO - Sync 1 DAGs
[2026-01-12T16:59:41.776+0000] {logging_mixin.py:188} INFO - [2026-01-12T16:59:41.776+0000] {dag.py:3823} INFO - Setting next_dagrun for first_airflow_dag to 2026-01-11 00:00:00+00:00, run_after=2026-01-12 00:00:00+00:00
[2026-01-12T16:59:41.812+0000] {processor.py:183} INFO - Processing /opt/airflow/dags/first_dag.py took 0.111 seconds
[2026-01-12T17:00:11.949+0000] {processor.py:161} INFO - Started process (PID=1422) to work on /opt/airflow/dags/first_dag.py
[2026-01-12T17:00:11.951+0000] {processor.py:830} INFO - Processing file /opt/airflow/dags/first_dag.py for tasks to queue
[2026-01-12T17:00:11.952+0000] {logging_mixin.py:188} INFO - [2026-01-12T17:00:11.952+0000] {dagbag.py:538} INFO - Filling up the DagBag from /opt/airflow/dags/first_dag.py
[2026-01-12T17:00:11.982+0000] {processor.py:840} INFO - DAG(s) 'first_airflow_dag' retrieved from /opt/airflow/dags/first_dag.py
[2026-01-12T17:00:12.006+0000] {logging_mixin.py:188} INFO - [2026-01-12T17:00:12.006+0000] {dag.py:3036} INFO - Sync 1 DAGs
[2026-01-12T17:00:12.032+0000] {logging_mixin.py:188} INFO - [2026-01-12T17:00:12.031+0000] {dag.py:3823} INFO - Setting next_dagrun for first_airflow_dag to 2026-01-11 00:00:00+00:00, run_after=2026-01-12 00:00:00+00:00
[2026-01-12T17:00:12.074+0000] {processor.py:183} INFO - Processing /opt/airflow/dags/first_dag.py took 0.128 seconds
[2026-01-12T17:00:42.395+0000] {processor.py:161} INFO - Started process (PID=1462) to work on /opt/airflow/dags/first_dag.py
[2026-01-12T17:00:42.397+0000] {processor.py:830} INFO - Processing file /opt/airflow/dags/first_dag.py for tasks to queue
[2026-01-12T17:00:42.399+0000] {logging_mixin.py:188} INFO - [2026-01-12T17:00:42.399+0000] {dagbag.py:538} INFO - Filling up the DagBag from /opt/airflow/dags/first_dag.py
[2026-01-12T17:00:42.421+0000] {processor.py:840} INFO - DAG(s) 'first_airflow_dag' retrieved from /opt/airflow/dags/first_dag.py
[2026-01-12T17:00:42.452+0000] {logging_mixin.py:188} INFO - [2026-01-12T17:00:42.452+0000] {dag.py:3036} INFO - Sync 1 DAGs
[2026-01-12T17:00:42.477+0000] {logging_mixin.py:188} INFO - [2026-01-12T17:00:42.477+0000] {dag.py:3823} INFO - Setting next_dagrun for first_airflow_dag to 2026-01-11 00:00:00+00:00, run_after=2026-01-12 00:00:00+00:00
[2026-01-12T17:00:42.508+0000] {processor.py:183} INFO - Processing /opt/airflow/dags/first_dag.py took 0.116 seconds
[2026-01-12T17:01:12.694+0000] {processor.py:161} INFO - Started process (PID=1502) to work on /opt/airflow/dags/first_dag.py
[2026-01-12T17:01:12.697+0000] {processor.py:830} INFO - Processing file /opt/airflow/dags/first_dag.py for tasks to queue
[2026-01-12T17:01:12.699+0000] {logging_mixin.py:188} INFO - [2026-01-12T17:01:12.699+0000] {dagbag.py:538} INFO - Filling up the DagBag from /opt/airflow/dags/first_dag.py
[2026-01-12T17:01:12.723+0000] {processor.py:840} INFO - DAG(s) 'first_airflow_dag' retrieved from /opt/airflow/dags/first_dag.py
[2026-01-12T17:01:12.747+0000] {logging_mixin.py:188} INFO - [2026-01-12T17:01:12.747+0000] {dag.py:3036} INFO - Sync 1 DAGs
[2026-01-12T17:01:12.769+0000] {logging_mixin.py:188} INFO - [2026-01-12T17:01:12.769+0000] {dag.py:3823} INFO - Setting next_dagrun for first_airflow_dag to 2026-01-11 00:00:00+00:00, run_after=2026-01-12 00:00:00+00:00
[2026-01-12T17:01:12.801+0000] {processor.py:183} INFO - Processing /opt/airflow/dags/first_dag.py took 0.110 seconds
[2026-01-12T17:01:43.159+0000] {processor.py:161} INFO - Started process (PID=1542) to work on /opt/airflow/dags/first_dag.py
[2026-01-12T17:01:43.161+0000] {processor.py:830} INFO - Processing file /opt/airflow/dags/first_dag.py for tasks to queue
[2026-01-12T17:01:43.162+0000] {logging_mixin.py:188} INFO - [2026-01-12T17:01:43.162+0000] {dagbag.py:538} INFO - Filling up the DagBag from /opt/airflow/dags/first_dag.py
[2026-01-12T17:01:43.194+0000] {processor.py:840} INFO - DAG(s) 'first_airflow_dag' retrieved from /opt/airflow/dags/first_dag.py
[2026-01-12T17:01:43.226+0000] {logging_mixin.py:188} INFO - [2026-01-12T17:01:43.226+0000] {dag.py:3036} INFO - Sync 1 DAGs
[2026-01-12T17:01:43.253+0000] {logging_mixin.py:188} INFO - [2026-01-12T17:01:43.252+0000] {dag.py:3823} INFO - Setting next_dagrun for first_airflow_dag to 2026-01-11 00:00:00+00:00, run_after=2026-01-12 00:00:00+00:00
[2026-01-12T17:01:43.289+0000] {processor.py:183} INFO - Processing /opt/airflow/dags/first_dag.py took 0.134 seconds
[2026-01-12T17:02:13.470+0000] {processor.py:161} INFO - Started process (PID=1582) to work on /opt/airflow/dags/first_dag.py
[2026-01-12T17:02:13.471+0000] {processor.py:830} INFO - Processing file /opt/airflow/dags/first_dag.py for tasks to queue
[2026-01-12T17:02:13.472+0000] {logging_mixin.py:188} INFO - [2026-01-12T17:02:13.472+0000] {dagbag.py:538} INFO - Filling up the DagBag from /opt/airflow/dags/first_dag.py
[2026-01-12T17:02:13.493+0000] {processor.py:840} INFO - DAG(s) 'first_airflow_dag' retrieved from /opt/airflow/dags/first_dag.py
[2026-01-12T17:02:13.517+0000] {logging_mixin.py:188} INFO - [2026-01-12T17:02:13.517+0000] {dag.py:3036} INFO - Sync 1 DAGs
[2026-01-12T17:02:13.539+0000] {logging_mixin.py:188} INFO - [2026-01-12T17:02:13.539+0000] {dag.py:3823} INFO - Setting next_dagrun for first_airflow_dag to 2026-01-11 00:00:00+00:00, run_after=2026-01-12 00:00:00+00:00
[2026-01-12T17:02:13.570+0000] {processor.py:183} INFO - Processing /opt/airflow/dags/first_dag.py took 0.103 seconds
[2026-01-12T17:02:43.874+0000] {processor.py:161} INFO - Started process (PID=1622) to work on /opt/airflow/dags/first_dag.py
[2026-01-12T17:02:43.875+0000] {processor.py:830} INFO - Processing file /opt/airflow/dags/first_dag.py for tasks to queue
[2026-01-12T17:02:43.876+0000] {logging_mixin.py:188} INFO - [2026-01-12T17:02:43.876+0000] {dagbag.py:538} INFO - Filling up the DagBag from /opt/airflow/dags/first_dag.py
[2026-01-12T17:02:43.895+0000] {processor.py:840} INFO - DAG(s) 'first_airflow_dag' retrieved from /opt/airflow/dags/first_dag.py
[2026-01-12T17:02:43.924+0000] {logging_mixin.py:188} INFO - [2026-01-12T17:02:43.923+0000] {dag.py:3036} INFO - Sync 1 DAGs
[2026-01-12T17:02:43.956+0000] {logging_mixin.py:188} INFO - [2026-01-12T17:02:43.956+0000] {dag.py:3823} INFO - Setting next_dagrun for first_airflow_dag to 2026-01-11 00:00:00+00:00, run_after=2026-01-12 00:00:00+00:00
[2026-01-12T17:02:43.994+0000] {processor.py:183} INFO - Processing /opt/airflow/dags/first_dag.py took 0.123 seconds
[2026-01-12T17:03:14.932+0000] {processor.py:161} INFO - Started process (PID=1662) to work on /opt/airflow/dags/first_dag.py
[2026-01-12T17:03:14.934+0000] {processor.py:830} INFO - Processing file /opt/airflow/dags/first_dag.py for tasks to queue
[2026-01-12T17:03:14.937+0000] {logging_mixin.py:188} INFO - [2026-01-12T17:03:14.936+0000] {dagbag.py:538} INFO - Filling up the DagBag from /opt/airflow/dags/first_dag.py
[2026-01-12T17:03:14.970+0000] {processor.py:840} INFO - DAG(s) 'first_airflow_dag' retrieved from /opt/airflow/dags/first_dag.py
[2026-01-12T17:03:15.004+0000] {logging_mixin.py:188} INFO - [2026-01-12T17:03:15.004+0000] {dag.py:3036} INFO - Sync 1 DAGs
[2026-01-12T17:03:15.033+0000] {logging_mixin.py:188} INFO - [2026-01-12T17:03:15.033+0000] {dag.py:3823} INFO - Setting next_dagrun for first_airflow_dag to 2026-01-11 00:00:00+00:00, run_after=2026-01-12 00:00:00+00:00
[2026-01-12T17:03:15.073+0000] {processor.py:183} INFO - Processing /opt/airflow/dags/first_dag.py took 0.145 seconds
[2026-01-12T17:03:45.987+0000] {processor.py:161} INFO - Started process (PID=1702) to work on /opt/airflow/dags/first_dag.py
[2026-01-12T17:03:45.989+0000] {processor.py:830} INFO - Processing file /opt/airflow/dags/first_dag.py for tasks to queue
[2026-01-12T17:03:45.990+0000] {logging_mixin.py:188} INFO - [2026-01-12T17:03:45.990+0000] {dagbag.py:538} INFO - Filling up the DagBag from /opt/airflow/dags/first_dag.py
[2026-01-12T17:03:46.016+0000] {processor.py:840} INFO - DAG(s) 'first_airflow_dag' retrieved from /opt/airflow/dags/first_dag.py
[2026-01-12T17:03:46.040+0000] {logging_mixin.py:188} INFO - [2026-01-12T17:03:46.040+0000] {dag.py:3036} INFO - Sync 1 DAGs
[2026-01-12T17:03:46.064+0000] {logging_mixin.py:188} INFO - [2026-01-12T17:03:46.064+0000] {dag.py:3823} INFO - Setting next_dagrun for first_airflow_dag to 2026-01-11 00:00:00+00:00, run_after=2026-01-12 00:00:00+00:00
[2026-01-12T17:03:46.090+0000] {processor.py:183} INFO - Processing /opt/airflow/dags/first_dag.py took 0.106 seconds
[2026-01-12T17:04:16.254+0000] {processor.py:161} INFO - Started process (PID=1742) to work on /opt/airflow/dags/first_dag.py
[2026-01-12T17:04:16.256+0000] {processor.py:830} INFO - Processing file /opt/airflow/dags/first_dag.py for tasks to queue
[2026-01-12T17:04:16.257+0000] {logging_mixin.py:188} INFO - [2026-01-12T17:04:16.257+0000] {dagbag.py:538} INFO - Filling up the DagBag from /opt/airflow/dags/first_dag.py
[2026-01-12T17:04:16.282+0000] {processor.py:840} INFO - DAG(s) 'first_airflow_dag' retrieved from /opt/airflow/dags/first_dag.py
[2026-01-12T17:04:16.305+0000] {logging_mixin.py:188} INFO - [2026-01-12T17:04:16.305+0000] {dag.py:3036} INFO - Sync 1 DAGs
[2026-01-12T17:04:16.330+0000] {logging_mixin.py:188} INFO - [2026-01-12T17:04:16.329+0000] {dag.py:3823} INFO - Setting next_dagrun for first_airflow_dag to 2026-01-11 00:00:00+00:00, run_after=2026-01-12 00:00:00+00:00
[2026-01-12T17:04:16.358+0000] {processor.py:183} INFO - Processing /opt/airflow/dags/first_dag.py took 0.107 seconds
[2026-01-12T17:04:47.064+0000] {processor.py:161} INFO - Started process (PID=1782) to work on /opt/airflow/dags/first_dag.py
[2026-01-12T17:04:47.068+0000] {processor.py:830} INFO - Processing file /opt/airflow/dags/first_dag.py for tasks to queue
[2026-01-12T17:04:47.071+0000] {logging_mixin.py:188} INFO - [2026-01-12T17:04:47.070+0000] {dagbag.py:538} INFO - Filling up the DagBag from /opt/airflow/dags/first_dag.py
[2026-01-12T17:04:47.098+0000] {processor.py:840} INFO - DAG(s) 'first_airflow_dag' retrieved from /opt/airflow/dags/first_dag.py
[2026-01-12T17:04:47.126+0000] {logging_mixin.py:188} INFO - [2026-01-12T17:04:47.125+0000] {dag.py:3036} INFO - Sync 1 DAGs
[2026-01-12T17:04:47.153+0000] {logging_mixin.py:188} INFO - [2026-01-12T17:04:47.152+0000] {dag.py:3823} INFO - Setting next_dagrun for first_airflow_dag to 2026-01-11 00:00:00+00:00, run_after=2026-01-12 00:00:00+00:00
[2026-01-12T17:04:47.201+0000] {processor.py:183} INFO - Processing /opt/airflow/dags/first_dag.py took 0.140 seconds
[2026-01-12T17:05:18.002+0000] {processor.py:161} INFO - Started process (PID=1822) to work on /opt/airflow/dags/first_dag.py
[2026-01-12T17:05:18.004+0000] {processor.py:830} INFO - Processing file /opt/airflow/dags/first_dag.py for tasks to queue
[2026-01-12T17:05:18.006+0000] {logging_mixin.py:188} INFO - [2026-01-12T17:05:18.005+0000] {dagbag.py:538} INFO - Filling up the DagBag from /opt/airflow/dags/first_dag.py
[2026-01-12T17:05:18.034+0000] {processor.py:840} INFO - DAG(s) 'first_airflow_dag' retrieved from /opt/airflow/dags/first_dag.py
[2026-01-12T17:05:18.059+0000] {logging_mixin.py:188} INFO - [2026-01-12T17:05:18.059+0000] {dag.py:3036} INFO - Sync 1 DAGs
[2026-01-12T17:05:18.082+0000] {logging_mixin.py:188} INFO - [2026-01-12T17:05:18.081+0000] {dag.py:3823} INFO - Setting next_dagrun for first_airflow_dag to 2026-01-11 00:00:00+00:00, run_after=2026-01-12 00:00:00+00:00
[2026-01-12T17:05:18.110+0000] {processor.py:183} INFO - Processing /opt/airflow/dags/first_dag.py took 0.111 seconds
[2026-01-12T17:05:48.416+0000] {processor.py:161} INFO - Started process (PID=1862) to work on /opt/airflow/dags/first_dag.py
[2026-01-12T17:05:48.418+0000] {processor.py:830} INFO - Processing file /opt/airflow/dags/first_dag.py for tasks to queue
[2026-01-12T17:05:48.419+0000] {logging_mixin.py:188} INFO - [2026-01-12T17:05:48.419+0000] {dagbag.py:538} INFO - Filling up the DagBag from /opt/airflow/dags/first_dag.py
[2026-01-12T17:05:48.443+0000] {processor.py:840} INFO - DAG(s) 'first_airflow_dag' retrieved from /opt/airflow/dags/first_dag.py
[2026-01-12T17:05:48.469+0000] {logging_mixin.py:188} INFO - [2026-01-12T17:05:48.469+0000] {dag.py:3036} INFO - Sync 1 DAGs
[2026-01-12T17:05:48.491+0000] {logging_mixin.py:188} INFO - [2026-01-12T17:05:48.491+0000] {dag.py:3823} INFO - Setting next_dagrun for first_airflow_dag to 2026-01-11 00:00:00+00:00, run_after=2026-01-12 00:00:00+00:00
[2026-01-12T17:05:48.523+0000] {processor.py:183} INFO - Processing /opt/airflow/dags/first_dag.py took 0.112 seconds
[2026-01-12T17:06:19.249+0000] {processor.py:161} INFO - Started process (PID=1902) to work on /opt/airflow/dags/first_dag.py
[2026-01-12T17:06:19.251+0000] {processor.py:830} INFO - Processing file /opt/airflow/dags/first_dag.py for tasks to queue
[2026-01-12T17:06:19.252+0000] {logging_mixin.py:188} INFO - [2026-01-12T17:06:19.251+0000] {dagbag.py:538} INFO - Filling up the DagBag from /opt/airflow/dags/first_dag.py
[2026-01-12T17:06:19.273+0000] {processor.py:840} INFO - DAG(s) 'first_airflow_dag' retrieved from /opt/airflow/dags/first_dag.py
[2026-01-12T17:06:19.293+0000] {logging_mixin.py:188} INFO - [2026-01-12T17:06:19.293+0000] {dag.py:3036} INFO - Sync 1 DAGs
[2026-01-12T17:06:19.313+0000] {logging_mixin.py:188} INFO - [2026-01-12T17:06:19.312+0000] {dag.py:3823} INFO - Setting next_dagrun for first_airflow_dag to 2026-01-11 00:00:00+00:00, run_after=2026-01-12 00:00:00+00:00
[2026-01-12T17:06:19.342+0000] {processor.py:183} INFO - Processing /opt/airflow/dags/first_dag.py took 0.095 seconds
[2026-01-12T17:06:49.851+0000] {processor.py:161} INFO - Started process (PID=1942) to work on /opt/airflow/dags/first_dag.py
[2026-01-12T17:06:49.853+0000] {processor.py:830} INFO - Processing file /opt/airflow/dags/first_dag.py for tasks to queue
[2026-01-12T17:06:49.855+0000] {logging_mixin.py:188} INFO - [2026-01-12T17:06:49.854+0000] {dagbag.py:538} INFO - Filling up the DagBag from /opt/airflow/dags/first_dag.py
[2026-01-12T17:06:49.894+0000] {processor.py:840} INFO - DAG(s) 'first_airflow_dag' retrieved from /opt/airflow/dags/first_dag.py
[2026-01-12T17:06:49.923+0000] {logging_mixin.py:188} INFO - [2026-01-12T17:06:49.923+0000] {dag.py:3036} INFO - Sync 1 DAGs
[2026-01-12T17:06:49.948+0000] {logging_mixin.py:188} INFO - [2026-01-12T17:06:49.947+0000] {dag.py:3823} INFO - Setting next_dagrun for first_airflow_dag to 2026-01-11 00:00:00+00:00, run_after=2026-01-12 00:00:00+00:00
[2026-01-12T17:06:49.986+0000] {processor.py:183} INFO - Processing /opt/airflow/dags/first_dag.py took 0.138 seconds
[2026-01-12T17:07:20.172+0000] {processor.py:161} INFO - Started process (PID=1982) to work on /opt/airflow/dags/first_dag.py
[2026-01-12T17:07:20.174+0000] {processor.py:830} INFO - Processing file /opt/airflow/dags/first_dag.py for tasks to queue
[2026-01-12T17:07:20.176+0000] {logging_mixin.py:188} INFO - [2026-01-12T17:07:20.175+0000] {dagbag.py:538} INFO - Filling up the DagBag from /opt/airflow/dags/first_dag.py
[2026-01-12T17:07:20.207+0000] {processor.py:840} INFO - DAG(s) 'first_airflow_dag' retrieved from /opt/airflow/dags/first_dag.py
[2026-01-12T17:07:20.235+0000] {logging_mixin.py:188} INFO - [2026-01-12T17:07:20.235+0000] {dag.py:3036} INFO - Sync 1 DAGs
[2026-01-12T17:07:20.259+0000] {logging_mixin.py:188} INFO - [2026-01-12T17:07:20.259+0000] {dag.py:3823} INFO - Setting next_dagrun for first_airflow_dag to 2026-01-11 00:00:00+00:00, run_after=2026-01-12 00:00:00+00:00
[2026-01-12T17:07:20.293+0000] {processor.py:183} INFO - Processing /opt/airflow/dags/first_dag.py took 0.125 seconds
[2026-01-12T17:07:50.781+0000] {processor.py:161} INFO - Started process (PID=2022) to work on /opt/airflow/dags/first_dag.py
[2026-01-12T17:07:50.783+0000] {processor.py:830} INFO - Processing file /opt/airflow/dags/first_dag.py for tasks to queue
[2026-01-12T17:07:50.784+0000] {logging_mixin.py:188} INFO - [2026-01-12T17:07:50.784+0000] {dagbag.py:538} INFO - Filling up the DagBag from /opt/airflow/dags/first_dag.py
[2026-01-12T17:07:50.823+0000] {processor.py:840} INFO - DAG(s) 'first_airflow_dag' retrieved from /opt/airflow/dags/first_dag.py
[2026-01-12T17:07:50.850+0000] {logging_mixin.py:188} INFO - [2026-01-12T17:07:50.850+0000] {dag.py:3036} INFO - Sync 1 DAGs
[2026-01-12T17:07:50.875+0000] {logging_mixin.py:188} INFO - [2026-01-12T17:07:50.874+0000] {dag.py:3823} INFO - Setting next_dagrun for first_airflow_dag to 2026-01-11 00:00:00+00:00, run_after=2026-01-12 00:00:00+00:00
[2026-01-12T17:07:50.911+0000] {processor.py:183} INFO - Processing /opt/airflow/dags/first_dag.py took 0.133 seconds
[2026-01-12T17:08:21.441+0000] {processor.py:161} INFO - Started process (PID=2062) to work on /opt/airflow/dags/first_dag.py
[2026-01-12T17:08:21.442+0000] {processor.py:830} INFO - Processing file /opt/airflow/dags/first_dag.py for tasks to queue
[2026-01-12T17:08:21.444+0000] {logging_mixin.py:188} INFO - [2026-01-12T17:08:21.444+0000] {dagbag.py:538} INFO - Filling up the DagBag from /opt/airflow/dags/first_dag.py
[2026-01-12T17:08:21.483+0000] {processor.py:840} INFO - DAG(s) 'first_airflow_dag' retrieved from /opt/airflow/dags/first_dag.py
[2026-01-12T17:08:21.511+0000] {logging_mixin.py:188} INFO - [2026-01-12T17:08:21.511+0000] {dag.py:3036} INFO - Sync 1 DAGs
[2026-01-12T17:08:21.539+0000] {logging_mixin.py:188} INFO - [2026-01-12T17:08:21.538+0000] {dag.py:3823} INFO - Setting next_dagrun for first_airflow_dag to 2026-01-11 00:00:00+00:00, run_after=2026-01-12 00:00:00+00:00
[2026-01-12T17:08:21.575+0000] {processor.py:183} INFO - Processing /opt/airflow/dags/first_dag.py took 0.137 seconds
[2026-01-12T17:08:52.163+0000] {processor.py:161} INFO - Started process (PID=2102) to work on /opt/airflow/dags/first_dag.py
[2026-01-12T17:08:52.165+0000] {processor.py:830} INFO - Processing file /opt/airflow/dags/first_dag.py for tasks to queue
[2026-01-12T17:08:52.166+0000] {logging_mixin.py:188} INFO - [2026-01-12T17:08:52.166+0000] {dagbag.py:538} INFO - Filling up the DagBag from /opt/airflow/dags/first_dag.py
[2026-01-12T17:08:52.206+0000] {processor.py:840} INFO - DAG(s) 'first_airflow_dag' retrieved from /opt/airflow/dags/first_dag.py
[2026-01-12T17:08:52.239+0000] {logging_mixin.py:188} INFO - [2026-01-12T17:08:52.239+0000] {dag.py:3036} INFO - Sync 1 DAGs
[2026-01-12T17:08:52.264+0000] {logging_mixin.py:188} INFO - [2026-01-12T17:08:52.264+0000] {dag.py:3823} INFO - Setting next_dagrun for first_airflow_dag to 2026-01-11 00:00:00+00:00, run_after=2026-01-12 00:00:00+00:00
[2026-01-12T17:08:52.299+0000] {processor.py:183} INFO - Processing /opt/airflow/dags/first_dag.py took 0.139 seconds
[2026-01-12T17:09:23.336+0000] {processor.py:161} INFO - Started process (PID=2142) to work on /opt/airflow/dags/first_dag.py
[2026-01-12T17:09:23.338+0000] {processor.py:830} INFO - Processing file /opt/airflow/dags/first_dag.py for tasks to queue
[2026-01-12T17:09:23.340+0000] {logging_mixin.py:188} INFO - [2026-01-12T17:09:23.339+0000] {dagbag.py:538} INFO - Filling up the DagBag from /opt/airflow/dags/first_dag.py
[2026-01-12T17:09:23.380+0000] {processor.py:840} INFO - DAG(s) 'first_airflow_dag' retrieved from /opt/airflow/dags/first_dag.py
[2026-01-12T17:09:23.411+0000] {logging_mixin.py:188} INFO - [2026-01-12T17:09:23.411+0000] {dag.py:3036} INFO - Sync 1 DAGs
[2026-01-12T17:09:23.436+0000] {logging_mixin.py:188} INFO - [2026-01-12T17:09:23.436+0000] {dag.py:3823} INFO - Setting next_dagrun for first_airflow_dag to 2026-01-11 00:00:00+00:00, run_after=2026-01-12 00:00:00+00:00
[2026-01-12T17:09:23.474+0000] {processor.py:183} INFO - Processing /opt/airflow/dags/first_dag.py took 0.142 seconds
[2026-01-12T17:09:53.570+0000] {processor.py:161} INFO - Started process (PID=2182) to work on /opt/airflow/dags/first_dag.py
[2026-01-12T17:09:53.571+0000] {processor.py:830} INFO - Processing file /opt/airflow/dags/first_dag.py for tasks to queue
[2026-01-12T17:09:53.573+0000] {logging_mixin.py:188} INFO - [2026-01-12T17:09:53.572+0000] {dagbag.py:538} INFO - Filling up the DagBag from /opt/airflow/dags/first_dag.py
[2026-01-12T17:09:53.608+0000] {processor.py:840} INFO - DAG(s) 'first_airflow_dag' retrieved from /opt/airflow/dags/first_dag.py
[2026-01-12T17:09:53.638+0000] {logging_mixin.py:188} INFO - [2026-01-12T17:09:53.638+0000] {dag.py:3036} INFO - Sync 1 DAGs
[2026-01-12T17:09:53.661+0000] {logging_mixin.py:188} INFO - [2026-01-12T17:09:53.661+0000] {dag.py:3823} INFO - Setting next_dagrun for first_airflow_dag to 2026-01-11 00:00:00+00:00, run_after=2026-01-12 00:00:00+00:00
[2026-01-12T17:09:53.698+0000] {processor.py:183} INFO - Processing /opt/airflow/dags/first_dag.py took 0.131 seconds
[2026-01-12T17:10:23.777+0000] {processor.py:161} INFO - Started process (PID=2222) to work on /opt/airflow/dags/first_dag.py
[2026-01-12T17:10:23.778+0000] {processor.py:830} INFO - Processing file /opt/airflow/dags/first_dag.py for tasks to queue
[2026-01-12T17:10:23.780+0000] {logging_mixin.py:188} INFO - [2026-01-12T17:10:23.780+0000] {dagbag.py:538} INFO - Filling up the DagBag from /opt/airflow/dags/first_dag.py
[2026-01-12T17:10:23.814+0000] {processor.py:840} INFO - DAG(s) 'first_airflow_dag' retrieved from /opt/airflow/dags/first_dag.py
[2026-01-12T17:10:23.844+0000] {logging_mixin.py:188} INFO - [2026-01-12T17:10:23.844+0000] {dag.py:3036} INFO - Sync 1 DAGs
[2026-01-12T17:10:23.876+0000] {logging_mixin.py:188} INFO - [2026-01-12T17:10:23.875+0000] {dag.py:3823} INFO - Setting next_dagrun for first_airflow_dag to 2026-01-11 00:00:00+00:00, run_after=2026-01-12 00:00:00+00:00
[2026-01-12T17:10:23.913+0000] {processor.py:183} INFO - Processing /opt/airflow/dags/first_dag.py took 0.140 seconds
[2026-01-12T17:10:53.997+0000] {processor.py:161} INFO - Started process (PID=2262) to work on /opt/airflow/dags/first_dag.py
[2026-01-12T17:10:53.999+0000] {processor.py:830} INFO - Processing file /opt/airflow/dags/first_dag.py for tasks to queue
[2026-01-12T17:10:54.000+0000] {logging_mixin.py:188} INFO - [2026-01-12T17:10:54.000+0000] {dagbag.py:538} INFO - Filling up the DagBag from /opt/airflow/dags/first_dag.py
[2026-01-12T17:10:54.033+0000] {processor.py:840} INFO - DAG(s) 'first_airflow_dag' retrieved from /opt/airflow/dags/first_dag.py
[2026-01-12T17:10:54.065+0000] {logging_mixin.py:188} INFO - [2026-01-12T17:10:54.064+0000] {dag.py:3036} INFO - Sync 1 DAGs
[2026-01-12T17:10:54.091+0000] {logging_mixin.py:188} INFO - [2026-01-12T17:10:54.090+0000] {dag.py:3823} INFO - Setting next_dagrun for first_airflow_dag to 2026-01-11 00:00:00+00:00, run_after=2026-01-12 00:00:00+00:00
[2026-01-12T17:10:54.127+0000] {processor.py:183} INFO - Processing /opt/airflow/dags/first_dag.py took 0.134 seconds
[2026-01-12T17:11:24.737+0000] {processor.py:161} INFO - Started process (PID=2302) to work on /opt/airflow/dags/first_dag.py
[2026-01-12T17:11:24.738+0000] {processor.py:830} INFO - Processing file /opt/airflow/dags/first_dag.py for tasks to queue
[2026-01-12T17:11:24.740+0000] {logging_mixin.py:188} INFO - [2026-01-12T17:11:24.739+0000] {dagbag.py:538} INFO - Filling up the DagBag from /opt/airflow/dags/first_dag.py
[2026-01-12T17:11:24.774+0000] {processor.py:840} INFO - DAG(s) 'first_airflow_dag' retrieved from /opt/airflow/dags/first_dag.py
[2026-01-12T17:11:24.800+0000] {logging_mixin.py:188} INFO - [2026-01-12T17:11:24.800+0000] {dag.py:3036} INFO - Sync 1 DAGs
[2026-01-12T17:11:24.826+0000] {logging_mixin.py:188} INFO - [2026-01-12T17:11:24.826+0000] {dag.py:3823} INFO - Setting next_dagrun for first_airflow_dag to 2026-01-11 00:00:00+00:00, run_after=2026-01-12 00:00:00+00:00
[2026-01-12T17:11:24.861+0000] {processor.py:183} INFO - Processing /opt/airflow/dags/first_dag.py took 0.128 seconds
