[2026-01-12T16:44:20.605+0000] {processor.py:161} INFO - Started process (PID=173) to work on /opt/airflow/dags/queue_demo_dag.py
[2026-01-12T16:44:20.608+0000] {processor.py:830} INFO - Processing file /opt/airflow/dags/queue_demo_dag.py for tasks to queue
[2026-01-12T16:44:20.609+0000] {logging_mixin.py:188} INFO - [2026-01-12T16:44:20.609+0000] {dagbag.py:538} INFO - Filling up the DagBag from /opt/airflow/dags/queue_demo_dag.py
[2026-01-12T16:44:20.638+0000] {processor.py:840} INFO - DAG(s) 'queue_demo_dag' retrieved from /opt/airflow/dags/queue_demo_dag.py
[2026-01-12T16:44:20.720+0000] {logging_mixin.py:188} INFO - [2026-01-12T16:44:20.720+0000] {dag.py:3036} INFO - Sync 1 DAGs
[2026-01-12T16:44:20.741+0000] {logging_mixin.py:188} INFO - [2026-01-12T16:44:20.740+0000] {dag.py:3823} INFO - Setting next_dagrun for queue_demo_dag to None, run_after=None
[2026-01-12T16:44:20.798+0000] {processor.py:183} INFO - Processing /opt/airflow/dags/queue_demo_dag.py took 0.197 seconds
[2026-01-12T16:44:51.298+0000] {processor.py:161} INFO - Started process (PID=217) to work on /opt/airflow/dags/queue_demo_dag.py
[2026-01-12T16:44:51.299+0000] {processor.py:830} INFO - Processing file /opt/airflow/dags/queue_demo_dag.py for tasks to queue
[2026-01-12T16:44:51.301+0000] {logging_mixin.py:188} INFO - [2026-01-12T16:44:51.300+0000] {dagbag.py:538} INFO - Filling up the DagBag from /opt/airflow/dags/queue_demo_dag.py
[2026-01-12T16:44:51.329+0000] {processor.py:840} INFO - DAG(s) 'queue_demo_dag' retrieved from /opt/airflow/dags/queue_demo_dag.py
[2026-01-12T16:44:51.360+0000] {logging_mixin.py:188} INFO - [2026-01-12T16:44:51.359+0000] {dag.py:3036} INFO - Sync 1 DAGs
[2026-01-12T16:44:51.373+0000] {logging_mixin.py:188} INFO - [2026-01-12T16:44:51.373+0000] {dag.py:3823} INFO - Setting next_dagrun for queue_demo_dag to None, run_after=None
[2026-01-12T16:44:51.422+0000] {processor.py:183} INFO - Processing /opt/airflow/dags/queue_demo_dag.py took 0.129 seconds
[2026-01-12T16:45:21.881+0000] {processor.py:161} INFO - Started process (PID=257) to work on /opt/airflow/dags/queue_demo_dag.py
[2026-01-12T16:45:21.888+0000] {processor.py:830} INFO - Processing file /opt/airflow/dags/queue_demo_dag.py for tasks to queue
[2026-01-12T16:45:21.890+0000] {logging_mixin.py:188} INFO - [2026-01-12T16:45:21.889+0000] {dagbag.py:538} INFO - Filling up the DagBag from /opt/airflow/dags/queue_demo_dag.py
[2026-01-12T16:45:21.930+0000] {processor.py:840} INFO - DAG(s) 'queue_demo_dag' retrieved from /opt/airflow/dags/queue_demo_dag.py
[2026-01-12T16:45:21.975+0000] {logging_mixin.py:188} INFO - [2026-01-12T16:45:21.974+0000] {dag.py:3036} INFO - Sync 1 DAGs
[2026-01-12T16:45:21.991+0000] {logging_mixin.py:188} INFO - [2026-01-12T16:45:21.991+0000] {dag.py:3823} INFO - Setting next_dagrun for queue_demo_dag to None, run_after=None
[2026-01-12T16:45:22.035+0000] {processor.py:183} INFO - Processing /opt/airflow/dags/queue_demo_dag.py took 0.162 seconds
[2026-01-12T16:45:52.492+0000] {processor.py:161} INFO - Started process (PID=297) to work on /opt/airflow/dags/queue_demo_dag.py
[2026-01-12T16:45:52.493+0000] {processor.py:830} INFO - Processing file /opt/airflow/dags/queue_demo_dag.py for tasks to queue
[2026-01-12T16:45:52.495+0000] {logging_mixin.py:188} INFO - [2026-01-12T16:45:52.494+0000] {dagbag.py:538} INFO - Filling up the DagBag from /opt/airflow/dags/queue_demo_dag.py
[2026-01-12T16:45:52.526+0000] {processor.py:840} INFO - DAG(s) 'queue_demo_dag' retrieved from /opt/airflow/dags/queue_demo_dag.py
[2026-01-12T16:45:52.545+0000] {logging_mixin.py:188} INFO - [2026-01-12T16:45:52.544+0000] {dag.py:3036} INFO - Sync 1 DAGs
[2026-01-12T16:45:52.559+0000] {logging_mixin.py:188} INFO - [2026-01-12T16:45:52.559+0000] {dag.py:3823} INFO - Setting next_dagrun for queue_demo_dag to None, run_after=None
[2026-01-12T16:45:52.589+0000] {processor.py:183} INFO - Processing /opt/airflow/dags/queue_demo_dag.py took 0.101 seconds
[2026-01-12T16:46:23.061+0000] {processor.py:161} INFO - Started process (PID=337) to work on /opt/airflow/dags/queue_demo_dag.py
[2026-01-12T16:46:23.063+0000] {processor.py:830} INFO - Processing file /opt/airflow/dags/queue_demo_dag.py for tasks to queue
[2026-01-12T16:46:23.065+0000] {logging_mixin.py:188} INFO - [2026-01-12T16:46:23.065+0000] {dagbag.py:538} INFO - Filling up the DagBag from /opt/airflow/dags/queue_demo_dag.py
[2026-01-12T16:46:23.095+0000] {processor.py:840} INFO - DAG(s) 'queue_demo_dag' retrieved from /opt/airflow/dags/queue_demo_dag.py
[2026-01-12T16:46:23.233+0000] {logging_mixin.py:188} INFO - [2026-01-12T16:46:23.232+0000] {dag.py:3036} INFO - Sync 1 DAGs
[2026-01-12T16:46:23.242+0000] {logging_mixin.py:188} INFO - [2026-01-12T16:46:23.242+0000] {dag.py:3823} INFO - Setting next_dagrun for queue_demo_dag to None, run_after=None
[2026-01-12T16:46:23.266+0000] {processor.py:183} INFO - Processing /opt/airflow/dags/queue_demo_dag.py took 0.210 seconds
[2026-01-12T16:46:53.755+0000] {processor.py:161} INFO - Started process (PID=377) to work on /opt/airflow/dags/queue_demo_dag.py
[2026-01-12T16:46:53.756+0000] {processor.py:830} INFO - Processing file /opt/airflow/dags/queue_demo_dag.py for tasks to queue
[2026-01-12T16:46:53.758+0000] {logging_mixin.py:188} INFO - [2026-01-12T16:46:53.757+0000] {dagbag.py:538} INFO - Filling up the DagBag from /opt/airflow/dags/queue_demo_dag.py
[2026-01-12T16:46:53.785+0000] {processor.py:840} INFO - DAG(s) 'queue_demo_dag' retrieved from /opt/airflow/dags/queue_demo_dag.py
[2026-01-12T16:46:53.814+0000] {logging_mixin.py:188} INFO - [2026-01-12T16:46:53.813+0000] {dag.py:3036} INFO - Sync 1 DAGs
[2026-01-12T16:46:53.823+0000] {logging_mixin.py:188} INFO - [2026-01-12T16:46:53.823+0000] {dag.py:3823} INFO - Setting next_dagrun for queue_demo_dag to None, run_after=None
[2026-01-12T16:46:53.862+0000] {processor.py:183} INFO - Processing /opt/airflow/dags/queue_demo_dag.py took 0.112 seconds
[2026-01-12T16:47:24.458+0000] {processor.py:161} INFO - Started process (PID=417) to work on /opt/airflow/dags/queue_demo_dag.py
[2026-01-12T16:47:24.460+0000] {processor.py:830} INFO - Processing file /opt/airflow/dags/queue_demo_dag.py for tasks to queue
[2026-01-12T16:47:24.464+0000] {logging_mixin.py:188} INFO - [2026-01-12T16:47:24.463+0000] {dagbag.py:538} INFO - Filling up the DagBag from /opt/airflow/dags/queue_demo_dag.py
[2026-01-12T16:47:24.516+0000] {processor.py:840} INFO - DAG(s) 'queue_demo_dag' retrieved from /opt/airflow/dags/queue_demo_dag.py
[2026-01-12T16:47:24.587+0000] {logging_mixin.py:188} INFO - [2026-01-12T16:47:24.587+0000] {dag.py:3036} INFO - Sync 1 DAGs
[2026-01-12T16:47:24.622+0000] {logging_mixin.py:188} INFO - [2026-01-12T16:47:24.621+0000] {dag.py:3823} INFO - Setting next_dagrun for queue_demo_dag to None, run_after=None
[2026-01-12T16:47:24.700+0000] {processor.py:183} INFO - Processing /opt/airflow/dags/queue_demo_dag.py took 0.248 seconds
[2026-01-12T16:47:55.433+0000] {processor.py:161} INFO - Started process (PID=457) to work on /opt/airflow/dags/queue_demo_dag.py
[2026-01-12T16:47:55.436+0000] {processor.py:830} INFO - Processing file /opt/airflow/dags/queue_demo_dag.py for tasks to queue
[2026-01-12T16:47:55.440+0000] {logging_mixin.py:188} INFO - [2026-01-12T16:47:55.440+0000] {dagbag.py:538} INFO - Filling up the DagBag from /opt/airflow/dags/queue_demo_dag.py
[2026-01-12T16:47:55.497+0000] {processor.py:840} INFO - DAG(s) 'queue_demo_dag' retrieved from /opt/airflow/dags/queue_demo_dag.py
[2026-01-12T16:47:55.560+0000] {logging_mixin.py:188} INFO - [2026-01-12T16:47:55.560+0000] {dag.py:3036} INFO - Sync 1 DAGs
[2026-01-12T16:47:55.581+0000] {logging_mixin.py:188} INFO - [2026-01-12T16:47:55.580+0000] {dag.py:3823} INFO - Setting next_dagrun for queue_demo_dag to None, run_after=None
[2026-01-12T16:47:55.641+0000] {processor.py:183} INFO - Processing /opt/airflow/dags/queue_demo_dag.py took 0.214 seconds
[2026-01-12T16:48:25.826+0000] {processor.py:161} INFO - Started process (PID=497) to work on /opt/airflow/dags/queue_demo_dag.py
[2026-01-12T16:48:25.828+0000] {processor.py:830} INFO - Processing file /opt/airflow/dags/queue_demo_dag.py for tasks to queue
[2026-01-12T16:48:25.831+0000] {logging_mixin.py:188} INFO - [2026-01-12T16:48:25.830+0000] {dagbag.py:538} INFO - Filling up the DagBag from /opt/airflow/dags/queue_demo_dag.py
[2026-01-12T16:48:25.895+0000] {processor.py:840} INFO - DAG(s) 'queue_demo_dag' retrieved from /opt/airflow/dags/queue_demo_dag.py
[2026-01-12T16:48:25.946+0000] {logging_mixin.py:188} INFO - [2026-01-12T16:48:25.946+0000] {dag.py:3036} INFO - Sync 1 DAGs
[2026-01-12T16:48:25.973+0000] {logging_mixin.py:188} INFO - [2026-01-12T16:48:25.972+0000] {dag.py:3823} INFO - Setting next_dagrun for queue_demo_dag to None, run_after=None
[2026-01-12T16:48:26.049+0000] {processor.py:183} INFO - Processing /opt/airflow/dags/queue_demo_dag.py took 0.228 seconds
[2026-01-12T16:48:56.328+0000] {processor.py:161} INFO - Started process (PID=537) to work on /opt/airflow/dags/queue_demo_dag.py
[2026-01-12T16:48:56.330+0000] {processor.py:830} INFO - Processing file /opt/airflow/dags/queue_demo_dag.py for tasks to queue
[2026-01-12T16:48:56.332+0000] {logging_mixin.py:188} INFO - [2026-01-12T16:48:56.332+0000] {dagbag.py:538} INFO - Filling up the DagBag from /opt/airflow/dags/queue_demo_dag.py
[2026-01-12T16:48:56.367+0000] {processor.py:840} INFO - DAG(s) 'queue_demo_dag' retrieved from /opt/airflow/dags/queue_demo_dag.py
[2026-01-12T16:48:56.398+0000] {logging_mixin.py:188} INFO - [2026-01-12T16:48:56.398+0000] {dag.py:3036} INFO - Sync 1 DAGs
[2026-01-12T16:48:56.421+0000] {logging_mixin.py:188} INFO - [2026-01-12T16:48:56.421+0000] {dag.py:3823} INFO - Setting next_dagrun for queue_demo_dag to None, run_after=None
[2026-01-12T16:48:57.282+0000] {processor.py:183} INFO - Processing /opt/airflow/dags/queue_demo_dag.py took 0.957 seconds
[2026-01-12T16:49:28.346+0000] {processor.py:161} INFO - Started process (PID=577) to work on /opt/airflow/dags/queue_demo_dag.py
[2026-01-12T16:49:28.348+0000] {processor.py:830} INFO - Processing file /opt/airflow/dags/queue_demo_dag.py for tasks to queue
[2026-01-12T16:49:28.349+0000] {logging_mixin.py:188} INFO - [2026-01-12T16:49:28.349+0000] {dagbag.py:538} INFO - Filling up the DagBag from /opt/airflow/dags/queue_demo_dag.py
[2026-01-12T16:49:28.382+0000] {processor.py:840} INFO - DAG(s) 'queue_demo_dag' retrieved from /opt/airflow/dags/queue_demo_dag.py
[2026-01-12T16:49:28.414+0000] {logging_mixin.py:188} INFO - [2026-01-12T16:49:28.414+0000] {dag.py:3036} INFO - Sync 1 DAGs
[2026-01-12T16:49:28.429+0000] {logging_mixin.py:188} INFO - [2026-01-12T16:49:28.429+0000] {dag.py:3823} INFO - Setting next_dagrun for queue_demo_dag to None, run_after=None
[2026-01-12T16:49:28.832+0000] {processor.py:183} INFO - Processing /opt/airflow/dags/queue_demo_dag.py took 0.490 seconds
[2026-01-12T16:49:59.029+0000] {processor.py:161} INFO - Started process (PID=617) to work on /opt/airflow/dags/queue_demo_dag.py
[2026-01-12T16:49:59.031+0000] {processor.py:830} INFO - Processing file /opt/airflow/dags/queue_demo_dag.py for tasks to queue
[2026-01-12T16:49:59.037+0000] {logging_mixin.py:188} INFO - [2026-01-12T16:49:59.036+0000] {dagbag.py:538} INFO - Filling up the DagBag from /opt/airflow/dags/queue_demo_dag.py
[2026-01-12T16:49:59.080+0000] {processor.py:840} INFO - DAG(s) 'queue_demo_dag' retrieved from /opt/airflow/dags/queue_demo_dag.py
[2026-01-12T16:49:59.128+0000] {logging_mixin.py:188} INFO - [2026-01-12T16:49:59.128+0000] {dag.py:3036} INFO - Sync 1 DAGs
[2026-01-12T16:49:59.153+0000] {logging_mixin.py:188} INFO - [2026-01-12T16:49:59.152+0000] {dag.py:3823} INFO - Setting next_dagrun for queue_demo_dag to None, run_after=None
[2026-01-12T16:49:59.581+0000] {processor.py:183} INFO - Processing /opt/airflow/dags/queue_demo_dag.py took 0.557 seconds
[2026-01-12T16:50:29.705+0000] {processor.py:161} INFO - Started process (PID=657) to work on /opt/airflow/dags/queue_demo_dag.py
[2026-01-12T16:50:29.708+0000] {processor.py:830} INFO - Processing file /opt/airflow/dags/queue_demo_dag.py for tasks to queue
[2026-01-12T16:50:29.709+0000] {logging_mixin.py:188} INFO - [2026-01-12T16:50:29.709+0000] {dagbag.py:538} INFO - Filling up the DagBag from /opt/airflow/dags/queue_demo_dag.py
[2026-01-12T16:50:29.742+0000] {processor.py:840} INFO - DAG(s) 'queue_demo_dag' retrieved from /opt/airflow/dags/queue_demo_dag.py
[2026-01-12T16:50:29.784+0000] {logging_mixin.py:188} INFO - [2026-01-12T16:50:29.783+0000] {dag.py:3036} INFO - Sync 1 DAGs
[2026-01-12T16:50:29.809+0000] {logging_mixin.py:188} INFO - [2026-01-12T16:50:29.808+0000] {dag.py:3823} INFO - Setting next_dagrun for queue_demo_dag to None, run_after=None
[2026-01-12T16:50:29.874+0000] {processor.py:183} INFO - Processing /opt/airflow/dags/queue_demo_dag.py took 0.174 seconds
[2026-01-12T16:50:59.998+0000] {processor.py:161} INFO - Started process (PID=697) to work on /opt/airflow/dags/queue_demo_dag.py
[2026-01-12T16:51:00.000+0000] {processor.py:830} INFO - Processing file /opt/airflow/dags/queue_demo_dag.py for tasks to queue
[2026-01-12T16:51:00.002+0000] {logging_mixin.py:188} INFO - [2026-01-12T16:51:00.002+0000] {dagbag.py:538} INFO - Filling up the DagBag from /opt/airflow/dags/queue_demo_dag.py
[2026-01-12T16:51:00.061+0000] {processor.py:840} INFO - DAG(s) 'queue_demo_dag' retrieved from /opt/airflow/dags/queue_demo_dag.py
[2026-01-12T16:51:00.109+0000] {logging_mixin.py:188} INFO - [2026-01-12T16:51:00.109+0000] {dag.py:3036} INFO - Sync 1 DAGs
[2026-01-12T16:51:00.129+0000] {logging_mixin.py:188} INFO - [2026-01-12T16:51:00.128+0000] {dag.py:3823} INFO - Setting next_dagrun for queue_demo_dag to None, run_after=None
[2026-01-12T16:51:00.169+0000] {processor.py:183} INFO - Processing /opt/airflow/dags/queue_demo_dag.py took 0.180 seconds
[2026-01-12T16:51:30.337+0000] {processor.py:161} INFO - Started process (PID=737) to work on /opt/airflow/dags/queue_demo_dag.py
[2026-01-12T16:51:30.344+0000] {processor.py:830} INFO - Processing file /opt/airflow/dags/queue_demo_dag.py for tasks to queue
[2026-01-12T16:51:30.347+0000] {logging_mixin.py:188} INFO - [2026-01-12T16:51:30.346+0000] {dagbag.py:538} INFO - Filling up the DagBag from /opt/airflow/dags/queue_demo_dag.py
[2026-01-12T16:51:30.389+0000] {processor.py:840} INFO - DAG(s) 'queue_demo_dag' retrieved from /opt/airflow/dags/queue_demo_dag.py
[2026-01-12T16:51:30.418+0000] {logging_mixin.py:188} INFO - [2026-01-12T16:51:30.417+0000] {dag.py:3036} INFO - Sync 1 DAGs
[2026-01-12T16:51:30.430+0000] {logging_mixin.py:188} INFO - [2026-01-12T16:51:30.429+0000] {dag.py:3823} INFO - Setting next_dagrun for queue_demo_dag to None, run_after=None
[2026-01-12T16:51:30.458+0000] {processor.py:183} INFO - Processing /opt/airflow/dags/queue_demo_dag.py took 0.127 seconds
[2026-01-12T16:52:00.547+0000] {processor.py:161} INFO - Started process (PID=777) to work on /opt/airflow/dags/queue_demo_dag.py
[2026-01-12T16:52:00.549+0000] {processor.py:830} INFO - Processing file /opt/airflow/dags/queue_demo_dag.py for tasks to queue
[2026-01-12T16:52:00.550+0000] {logging_mixin.py:188} INFO - [2026-01-12T16:52:00.550+0000] {dagbag.py:538} INFO - Filling up the DagBag from /opt/airflow/dags/queue_demo_dag.py
[2026-01-12T16:52:00.581+0000] {processor.py:840} INFO - DAG(s) 'queue_demo_dag' retrieved from /opt/airflow/dags/queue_demo_dag.py
[2026-01-12T16:52:00.615+0000] {logging_mixin.py:188} INFO - [2026-01-12T16:52:00.615+0000] {dag.py:3036} INFO - Sync 1 DAGs
[2026-01-12T16:52:00.629+0000] {logging_mixin.py:188} INFO - [2026-01-12T16:52:00.629+0000] {dag.py:3823} INFO - Setting next_dagrun for queue_demo_dag to None, run_after=None
[2026-01-12T16:52:00.678+0000] {processor.py:183} INFO - Processing /opt/airflow/dags/queue_demo_dag.py took 0.138 seconds
[2026-01-12T16:52:30.740+0000] {processor.py:161} INFO - Started process (PID=817) to work on /opt/airflow/dags/queue_demo_dag.py
[2026-01-12T16:52:30.741+0000] {processor.py:830} INFO - Processing file /opt/airflow/dags/queue_demo_dag.py for tasks to queue
[2026-01-12T16:52:30.742+0000] {logging_mixin.py:188} INFO - [2026-01-12T16:52:30.742+0000] {dagbag.py:538} INFO - Filling up the DagBag from /opt/airflow/dags/queue_demo_dag.py
[2026-01-12T16:52:30.762+0000] {processor.py:840} INFO - DAG(s) 'queue_demo_dag' retrieved from /opt/airflow/dags/queue_demo_dag.py
[2026-01-12T16:52:30.783+0000] {logging_mixin.py:188} INFO - [2026-01-12T16:52:30.783+0000] {dag.py:3036} INFO - Sync 1 DAGs
[2026-01-12T16:52:30.796+0000] {logging_mixin.py:188} INFO - [2026-01-12T16:52:30.796+0000] {dag.py:3823} INFO - Setting next_dagrun for queue_demo_dag to None, run_after=None
[2026-01-12T16:52:30.829+0000] {processor.py:183} INFO - Processing /opt/airflow/dags/queue_demo_dag.py took 0.092 seconds
[2026-01-12T16:53:00.879+0000] {processor.py:161} INFO - Started process (PID=857) to work on /opt/airflow/dags/queue_demo_dag.py
[2026-01-12T16:53:00.880+0000] {processor.py:830} INFO - Processing file /opt/airflow/dags/queue_demo_dag.py for tasks to queue
[2026-01-12T16:53:00.881+0000] {logging_mixin.py:188} INFO - [2026-01-12T16:53:00.881+0000] {dagbag.py:538} INFO - Filling up the DagBag from /opt/airflow/dags/queue_demo_dag.py
[2026-01-12T16:53:00.902+0000] {processor.py:840} INFO - DAG(s) 'queue_demo_dag' retrieved from /opt/airflow/dags/queue_demo_dag.py
[2026-01-12T16:53:00.923+0000] {logging_mixin.py:188} INFO - [2026-01-12T16:53:00.923+0000] {dag.py:3036} INFO - Sync 1 DAGs
[2026-01-12T16:53:00.935+0000] {logging_mixin.py:188} INFO - [2026-01-12T16:53:00.935+0000] {dag.py:3823} INFO - Setting next_dagrun for queue_demo_dag to None, run_after=None
[2026-01-12T16:53:00.960+0000] {processor.py:183} INFO - Processing /opt/airflow/dags/queue_demo_dag.py took 0.084 seconds
[2026-01-12T16:53:31.095+0000] {processor.py:161} INFO - Started process (PID=897) to work on /opt/airflow/dags/queue_demo_dag.py
[2026-01-12T16:53:31.096+0000] {processor.py:830} INFO - Processing file /opt/airflow/dags/queue_demo_dag.py for tasks to queue
[2026-01-12T16:53:31.097+0000] {logging_mixin.py:188} INFO - [2026-01-12T16:53:31.097+0000] {dagbag.py:538} INFO - Filling up the DagBag from /opt/airflow/dags/queue_demo_dag.py
[2026-01-12T16:53:31.119+0000] {processor.py:840} INFO - DAG(s) 'queue_demo_dag' retrieved from /opt/airflow/dags/queue_demo_dag.py
[2026-01-12T16:53:31.145+0000] {logging_mixin.py:188} INFO - [2026-01-12T16:53:31.145+0000] {dag.py:3036} INFO - Sync 1 DAGs
[2026-01-12T16:53:31.158+0000] {logging_mixin.py:188} INFO - [2026-01-12T16:53:31.158+0000] {dag.py:3823} INFO - Setting next_dagrun for queue_demo_dag to None, run_after=None
[2026-01-12T16:53:31.186+0000] {processor.py:183} INFO - Processing /opt/airflow/dags/queue_demo_dag.py took 0.094 seconds
[2026-01-12T16:54:01.290+0000] {processor.py:161} INFO - Started process (PID=937) to work on /opt/airflow/dags/queue_demo_dag.py
[2026-01-12T16:54:01.291+0000] {processor.py:830} INFO - Processing file /opt/airflow/dags/queue_demo_dag.py for tasks to queue
[2026-01-12T16:54:01.292+0000] {logging_mixin.py:188} INFO - [2026-01-12T16:54:01.292+0000] {dagbag.py:538} INFO - Filling up the DagBag from /opt/airflow/dags/queue_demo_dag.py
[2026-01-12T16:54:01.314+0000] {processor.py:840} INFO - DAG(s) 'queue_demo_dag' retrieved from /opt/airflow/dags/queue_demo_dag.py
[2026-01-12T16:54:01.343+0000] {logging_mixin.py:188} INFO - [2026-01-12T16:54:01.343+0000] {dag.py:3036} INFO - Sync 1 DAGs
[2026-01-12T16:54:01.357+0000] {logging_mixin.py:188} INFO - [2026-01-12T16:54:01.356+0000] {dag.py:3823} INFO - Setting next_dagrun for queue_demo_dag to None, run_after=None
[2026-01-12T16:54:01.388+0000] {processor.py:183} INFO - Processing /opt/airflow/dags/queue_demo_dag.py took 0.101 seconds
[2026-01-12T16:54:32.304+0000] {processor.py:161} INFO - Started process (PID=977) to work on /opt/airflow/dags/queue_demo_dag.py
[2026-01-12T16:54:32.305+0000] {processor.py:830} INFO - Processing file /opt/airflow/dags/queue_demo_dag.py for tasks to queue
[2026-01-12T16:54:32.308+0000] {logging_mixin.py:188} INFO - [2026-01-12T16:54:32.307+0000] {dagbag.py:538} INFO - Filling up the DagBag from /opt/airflow/dags/queue_demo_dag.py
[2026-01-12T16:54:32.335+0000] {processor.py:840} INFO - DAG(s) 'queue_demo_dag' retrieved from /opt/airflow/dags/queue_demo_dag.py
[2026-01-12T16:54:32.369+0000] {logging_mixin.py:188} INFO - [2026-01-12T16:54:32.369+0000] {dag.py:3036} INFO - Sync 1 DAGs
[2026-01-12T16:54:32.384+0000] {logging_mixin.py:188} INFO - [2026-01-12T16:54:32.384+0000] {dag.py:3823} INFO - Setting next_dagrun for queue_demo_dag to None, run_after=None
[2026-01-12T16:54:32.424+0000] {processor.py:183} INFO - Processing /opt/airflow/dags/queue_demo_dag.py took 0.126 seconds
[2026-01-12T16:55:02.658+0000] {processor.py:161} INFO - Started process (PID=1017) to work on /opt/airflow/dags/queue_demo_dag.py
[2026-01-12T16:55:02.659+0000] {processor.py:830} INFO - Processing file /opt/airflow/dags/queue_demo_dag.py for tasks to queue
[2026-01-12T16:55:02.660+0000] {logging_mixin.py:188} INFO - [2026-01-12T16:55:02.660+0000] {dagbag.py:538} INFO - Filling up the DagBag from /opt/airflow/dags/queue_demo_dag.py
[2026-01-12T16:55:02.682+0000] {processor.py:840} INFO - DAG(s) 'queue_demo_dag' retrieved from /opt/airflow/dags/queue_demo_dag.py
[2026-01-12T16:55:02.708+0000] {logging_mixin.py:188} INFO - [2026-01-12T16:55:02.708+0000] {dag.py:3036} INFO - Sync 1 DAGs
[2026-01-12T16:55:02.722+0000] {logging_mixin.py:188} INFO - [2026-01-12T16:55:02.722+0000] {dag.py:3823} INFO - Setting next_dagrun for queue_demo_dag to None, run_after=None
[2026-01-12T16:55:02.754+0000] {processor.py:183} INFO - Processing /opt/airflow/dags/queue_demo_dag.py took 0.099 seconds
[2026-01-12T16:55:33.057+0000] {processor.py:161} INFO - Started process (PID=1057) to work on /opt/airflow/dags/queue_demo_dag.py
[2026-01-12T16:55:33.058+0000] {processor.py:830} INFO - Processing file /opt/airflow/dags/queue_demo_dag.py for tasks to queue
[2026-01-12T16:55:33.059+0000] {logging_mixin.py:188} INFO - [2026-01-12T16:55:33.059+0000] {dagbag.py:538} INFO - Filling up the DagBag from /opt/airflow/dags/queue_demo_dag.py
[2026-01-12T16:55:33.084+0000] {processor.py:840} INFO - DAG(s) 'queue_demo_dag' retrieved from /opt/airflow/dags/queue_demo_dag.py
[2026-01-12T16:55:33.111+0000] {logging_mixin.py:188} INFO - [2026-01-12T16:55:33.111+0000] {dag.py:3036} INFO - Sync 1 DAGs
[2026-01-12T16:55:33.127+0000] {logging_mixin.py:188} INFO - [2026-01-12T16:55:33.126+0000] {dag.py:3823} INFO - Setting next_dagrun for queue_demo_dag to None, run_after=None
[2026-01-12T16:55:33.156+0000] {processor.py:183} INFO - Processing /opt/airflow/dags/queue_demo_dag.py took 0.103 seconds
[2026-01-12T16:56:03.515+0000] {processor.py:161} INFO - Started process (PID=1097) to work on /opt/airflow/dags/queue_demo_dag.py
[2026-01-12T16:56:03.516+0000] {processor.py:830} INFO - Processing file /opt/airflow/dags/queue_demo_dag.py for tasks to queue
[2026-01-12T16:56:03.518+0000] {logging_mixin.py:188} INFO - [2026-01-12T16:56:03.518+0000] {dagbag.py:538} INFO - Filling up the DagBag from /opt/airflow/dags/queue_demo_dag.py
[2026-01-12T16:56:03.546+0000] {processor.py:840} INFO - DAG(s) 'queue_demo_dag' retrieved from /opt/airflow/dags/queue_demo_dag.py
[2026-01-12T16:56:03.573+0000] {logging_mixin.py:188} INFO - [2026-01-12T16:56:03.573+0000] {dag.py:3036} INFO - Sync 1 DAGs
[2026-01-12T16:56:03.589+0000] {logging_mixin.py:188} INFO - [2026-01-12T16:56:03.588+0000] {dag.py:3823} INFO - Setting next_dagrun for queue_demo_dag to None, run_after=None
[2026-01-12T16:56:03.623+0000] {processor.py:183} INFO - Processing /opt/airflow/dags/queue_demo_dag.py took 0.112 seconds
[2026-01-12T16:56:33.920+0000] {processor.py:161} INFO - Started process (PID=1137) to work on /opt/airflow/dags/queue_demo_dag.py
[2026-01-12T16:56:33.921+0000] {processor.py:830} INFO - Processing file /opt/airflow/dags/queue_demo_dag.py for tasks to queue
[2026-01-12T16:56:33.922+0000] {logging_mixin.py:188} INFO - [2026-01-12T16:56:33.922+0000] {dagbag.py:538} INFO - Filling up the DagBag from /opt/airflow/dags/queue_demo_dag.py
[2026-01-12T16:56:33.943+0000] {processor.py:840} INFO - DAG(s) 'queue_demo_dag' retrieved from /opt/airflow/dags/queue_demo_dag.py
[2026-01-12T16:56:33.964+0000] {logging_mixin.py:188} INFO - [2026-01-12T16:56:33.964+0000] {dag.py:3036} INFO - Sync 1 DAGs
[2026-01-12T16:56:33.976+0000] {logging_mixin.py:188} INFO - [2026-01-12T16:56:33.975+0000] {dag.py:3823} INFO - Setting next_dagrun for queue_demo_dag to None, run_after=None
[2026-01-12T16:56:34.008+0000] {processor.py:183} INFO - Processing /opt/airflow/dags/queue_demo_dag.py took 0.091 seconds
[2026-01-12T16:57:04.263+0000] {processor.py:161} INFO - Started process (PID=1177) to work on /opt/airflow/dags/queue_demo_dag.py
[2026-01-12T16:57:04.265+0000] {processor.py:830} INFO - Processing file /opt/airflow/dags/queue_demo_dag.py for tasks to queue
[2026-01-12T16:57:04.268+0000] {logging_mixin.py:188} INFO - [2026-01-12T16:57:04.267+0000] {dagbag.py:538} INFO - Filling up the DagBag from /opt/airflow/dags/queue_demo_dag.py
[2026-01-12T16:57:04.293+0000] {processor.py:840} INFO - DAG(s) 'queue_demo_dag' retrieved from /opt/airflow/dags/queue_demo_dag.py
[2026-01-12T16:57:04.319+0000] {logging_mixin.py:188} INFO - [2026-01-12T16:57:04.319+0000] {dag.py:3036} INFO - Sync 1 DAGs
[2026-01-12T16:57:04.333+0000] {logging_mixin.py:188} INFO - [2026-01-12T16:57:04.333+0000] {dag.py:3823} INFO - Setting next_dagrun for queue_demo_dag to None, run_after=None
[2026-01-12T16:57:04.367+0000] {processor.py:183} INFO - Processing /opt/airflow/dags/queue_demo_dag.py took 0.108 seconds
[2026-01-12T16:57:35.033+0000] {processor.py:161} INFO - Started process (PID=1217) to work on /opt/airflow/dags/queue_demo_dag.py
[2026-01-12T16:57:35.034+0000] {processor.py:830} INFO - Processing file /opt/airflow/dags/queue_demo_dag.py for tasks to queue
[2026-01-12T16:57:35.035+0000] {logging_mixin.py:188} INFO - [2026-01-12T16:57:35.035+0000] {dagbag.py:538} INFO - Filling up the DagBag from /opt/airflow/dags/queue_demo_dag.py
[2026-01-12T16:57:35.061+0000] {processor.py:840} INFO - DAG(s) 'queue_demo_dag' retrieved from /opt/airflow/dags/queue_demo_dag.py
[2026-01-12T16:57:35.086+0000] {logging_mixin.py:188} INFO - [2026-01-12T16:57:35.086+0000] {dag.py:3036} INFO - Sync 1 DAGs
[2026-01-12T16:57:35.099+0000] {logging_mixin.py:188} INFO - [2026-01-12T16:57:35.098+0000] {dag.py:3823} INFO - Setting next_dagrun for queue_demo_dag to None, run_after=None
[2026-01-12T16:57:35.138+0000] {processor.py:183} INFO - Processing /opt/airflow/dags/queue_demo_dag.py took 0.108 seconds
[2026-01-12T16:58:05.366+0000] {processor.py:161} INFO - Started process (PID=1257) to work on /opt/airflow/dags/queue_demo_dag.py
[2026-01-12T16:58:05.367+0000] {processor.py:830} INFO - Processing file /opt/airflow/dags/queue_demo_dag.py for tasks to queue
[2026-01-12T16:58:05.368+0000] {logging_mixin.py:188} INFO - [2026-01-12T16:58:05.368+0000] {dagbag.py:538} INFO - Filling up the DagBag from /opt/airflow/dags/queue_demo_dag.py
[2026-01-12T16:58:05.390+0000] {processor.py:840} INFO - DAG(s) 'queue_demo_dag' retrieved from /opt/airflow/dags/queue_demo_dag.py
[2026-01-12T16:58:05.417+0000] {logging_mixin.py:188} INFO - [2026-01-12T16:58:05.416+0000] {dag.py:3036} INFO - Sync 1 DAGs
[2026-01-12T16:58:05.430+0000] {logging_mixin.py:188} INFO - [2026-01-12T16:58:05.429+0000] {dag.py:3823} INFO - Setting next_dagrun for queue_demo_dag to None, run_after=None
[2026-01-12T16:58:05.462+0000] {processor.py:183} INFO - Processing /opt/airflow/dags/queue_demo_dag.py took 0.099 seconds
[2026-01-12T16:58:35.644+0000] {processor.py:161} INFO - Started process (PID=1297) to work on /opt/airflow/dags/queue_demo_dag.py
[2026-01-12T16:58:35.646+0000] {processor.py:830} INFO - Processing file /opt/airflow/dags/queue_demo_dag.py for tasks to queue
[2026-01-12T16:58:35.647+0000] {logging_mixin.py:188} INFO - [2026-01-12T16:58:35.647+0000] {dagbag.py:538} INFO - Filling up the DagBag from /opt/airflow/dags/queue_demo_dag.py
[2026-01-12T16:58:35.666+0000] {processor.py:840} INFO - DAG(s) 'queue_demo_dag' retrieved from /opt/airflow/dags/queue_demo_dag.py
[2026-01-12T16:58:35.688+0000] {logging_mixin.py:188} INFO - [2026-01-12T16:58:35.688+0000] {dag.py:3036} INFO - Sync 1 DAGs
[2026-01-12T16:58:35.699+0000] {logging_mixin.py:188} INFO - [2026-01-12T16:58:35.699+0000] {dag.py:3823} INFO - Setting next_dagrun for queue_demo_dag to None, run_after=None
[2026-01-12T16:58:35.728+0000] {processor.py:183} INFO - Processing /opt/airflow/dags/queue_demo_dag.py took 0.086 seconds
[2026-01-12T16:59:06.013+0000] {processor.py:161} INFO - Started process (PID=1337) to work on /opt/airflow/dags/queue_demo_dag.py
[2026-01-12T16:59:06.014+0000] {processor.py:830} INFO - Processing file /opt/airflow/dags/queue_demo_dag.py for tasks to queue
[2026-01-12T16:59:06.015+0000] {logging_mixin.py:188} INFO - [2026-01-12T16:59:06.015+0000] {dagbag.py:538} INFO - Filling up the DagBag from /opt/airflow/dags/queue_demo_dag.py
[2026-01-12T16:59:06.041+0000] {processor.py:840} INFO - DAG(s) 'queue_demo_dag' retrieved from /opt/airflow/dags/queue_demo_dag.py
[2026-01-12T16:59:06.089+0000] {logging_mixin.py:188} INFO - [2026-01-12T16:59:06.088+0000] {dag.py:3036} INFO - Sync 1 DAGs
[2026-01-12T16:59:06.112+0000] {logging_mixin.py:188} INFO - [2026-01-12T16:59:06.112+0000] {dag.py:3823} INFO - Setting next_dagrun for queue_demo_dag to None, run_after=None
[2026-01-12T16:59:06.161+0000] {processor.py:183} INFO - Processing /opt/airflow/dags/queue_demo_dag.py took 0.151 seconds
[2026-01-12T16:59:36.609+0000] {processor.py:161} INFO - Started process (PID=1377) to work on /opt/airflow/dags/queue_demo_dag.py
[2026-01-12T16:59:36.611+0000] {processor.py:830} INFO - Processing file /opt/airflow/dags/queue_demo_dag.py for tasks to queue
[2026-01-12T16:59:36.612+0000] {logging_mixin.py:188} INFO - [2026-01-12T16:59:36.612+0000] {dagbag.py:538} INFO - Filling up the DagBag from /opt/airflow/dags/queue_demo_dag.py
[2026-01-12T16:59:36.640+0000] {processor.py:840} INFO - DAG(s) 'queue_demo_dag' retrieved from /opt/airflow/dags/queue_demo_dag.py
[2026-01-12T16:59:36.663+0000] {logging_mixin.py:188} INFO - [2026-01-12T16:59:36.663+0000] {dag.py:3036} INFO - Sync 1 DAGs
[2026-01-12T16:59:36.677+0000] {logging_mixin.py:188} INFO - [2026-01-12T16:59:36.677+0000] {dag.py:3823} INFO - Setting next_dagrun for queue_demo_dag to None, run_after=None
[2026-01-12T16:59:36.710+0000] {processor.py:183} INFO - Processing /opt/airflow/dags/queue_demo_dag.py took 0.104 seconds
[2026-01-12T17:00:06.843+0000] {processor.py:161} INFO - Started process (PID=1417) to work on /opt/airflow/dags/queue_demo_dag.py
[2026-01-12T17:00:06.845+0000] {processor.py:830} INFO - Processing file /opt/airflow/dags/queue_demo_dag.py for tasks to queue
[2026-01-12T17:00:06.848+0000] {logging_mixin.py:188} INFO - [2026-01-12T17:00:06.846+0000] {dagbag.py:538} INFO - Filling up the DagBag from /opt/airflow/dags/queue_demo_dag.py
[2026-01-12T17:00:06.879+0000] {processor.py:840} INFO - DAG(s) 'queue_demo_dag' retrieved from /opt/airflow/dags/queue_demo_dag.py
[2026-01-12T17:00:06.907+0000] {logging_mixin.py:188} INFO - [2026-01-12T17:00:06.907+0000] {dag.py:3036} INFO - Sync 1 DAGs
[2026-01-12T17:00:06.921+0000] {logging_mixin.py:188} INFO - [2026-01-12T17:00:06.920+0000] {dag.py:3823} INFO - Setting next_dagrun for queue_demo_dag to None, run_after=None
[2026-01-12T17:00:06.952+0000] {processor.py:183} INFO - Processing /opt/airflow/dags/queue_demo_dag.py took 0.112 seconds
[2026-01-12T17:00:37.287+0000] {processor.py:161} INFO - Started process (PID=1457) to work on /opt/airflow/dags/queue_demo_dag.py
[2026-01-12T17:00:37.289+0000] {processor.py:830} INFO - Processing file /opt/airflow/dags/queue_demo_dag.py for tasks to queue
[2026-01-12T17:00:37.291+0000] {logging_mixin.py:188} INFO - [2026-01-12T17:00:37.290+0000] {dagbag.py:538} INFO - Filling up the DagBag from /opt/airflow/dags/queue_demo_dag.py
[2026-01-12T17:00:37.328+0000] {processor.py:840} INFO - DAG(s) 'queue_demo_dag' retrieved from /opt/airflow/dags/queue_demo_dag.py
[2026-01-12T17:00:37.375+0000] {logging_mixin.py:188} INFO - [2026-01-12T17:00:37.374+0000] {dag.py:3036} INFO - Sync 1 DAGs
[2026-01-12T17:00:37.393+0000] {logging_mixin.py:188} INFO - [2026-01-12T17:00:37.392+0000] {dag.py:3823} INFO - Setting next_dagrun for queue_demo_dag to None, run_after=None
[2026-01-12T17:00:37.438+0000] {processor.py:183} INFO - Processing /opt/airflow/dags/queue_demo_dag.py took 0.157 seconds
[2026-01-12T17:01:07.610+0000] {processor.py:161} INFO - Started process (PID=1497) to work on /opt/airflow/dags/queue_demo_dag.py
[2026-01-12T17:01:07.611+0000] {processor.py:830} INFO - Processing file /opt/airflow/dags/queue_demo_dag.py for tasks to queue
[2026-01-12T17:01:07.613+0000] {logging_mixin.py:188} INFO - [2026-01-12T17:01:07.613+0000] {dagbag.py:538} INFO - Filling up the DagBag from /opt/airflow/dags/queue_demo_dag.py
[2026-01-12T17:01:07.633+0000] {processor.py:840} INFO - DAG(s) 'queue_demo_dag' retrieved from /opt/airflow/dags/queue_demo_dag.py
[2026-01-12T17:01:07.658+0000] {logging_mixin.py:188} INFO - [2026-01-12T17:01:07.658+0000] {dag.py:3036} INFO - Sync 1 DAGs
[2026-01-12T17:01:07.671+0000] {logging_mixin.py:188} INFO - [2026-01-12T17:01:07.671+0000] {dag.py:3823} INFO - Setting next_dagrun for queue_demo_dag to None, run_after=None
[2026-01-12T17:01:07.705+0000] {processor.py:183} INFO - Processing /opt/airflow/dags/queue_demo_dag.py took 0.098 seconds
[2026-01-12T17:01:38.063+0000] {processor.py:161} INFO - Started process (PID=1537) to work on /opt/airflow/dags/queue_demo_dag.py
[2026-01-12T17:01:38.065+0000] {processor.py:830} INFO - Processing file /opt/airflow/dags/queue_demo_dag.py for tasks to queue
[2026-01-12T17:01:38.066+0000] {logging_mixin.py:188} INFO - [2026-01-12T17:01:38.066+0000] {dagbag.py:538} INFO - Filling up the DagBag from /opt/airflow/dags/queue_demo_dag.py
[2026-01-12T17:01:38.090+0000] {processor.py:840} INFO - DAG(s) 'queue_demo_dag' retrieved from /opt/airflow/dags/queue_demo_dag.py
[2026-01-12T17:01:38.116+0000] {logging_mixin.py:188} INFO - [2026-01-12T17:01:38.115+0000] {dag.py:3036} INFO - Sync 1 DAGs
[2026-01-12T17:01:38.130+0000] {logging_mixin.py:188} INFO - [2026-01-12T17:01:38.129+0000] {dag.py:3823} INFO - Setting next_dagrun for queue_demo_dag to None, run_after=None
[2026-01-12T17:01:38.164+0000] {processor.py:183} INFO - Processing /opt/airflow/dags/queue_demo_dag.py took 0.105 seconds
[2026-01-12T17:02:08.371+0000] {processor.py:161} INFO - Started process (PID=1577) to work on /opt/airflow/dags/queue_demo_dag.py
[2026-01-12T17:02:08.372+0000] {processor.py:830} INFO - Processing file /opt/airflow/dags/queue_demo_dag.py for tasks to queue
[2026-01-12T17:02:08.373+0000] {logging_mixin.py:188} INFO - [2026-01-12T17:02:08.373+0000] {dagbag.py:538} INFO - Filling up the DagBag from /opt/airflow/dags/queue_demo_dag.py
[2026-01-12T17:02:08.394+0000] {processor.py:840} INFO - DAG(s) 'queue_demo_dag' retrieved from /opt/airflow/dags/queue_demo_dag.py
[2026-01-12T17:02:08.419+0000] {logging_mixin.py:188} INFO - [2026-01-12T17:02:08.419+0000] {dag.py:3036} INFO - Sync 1 DAGs
[2026-01-12T17:02:08.432+0000] {logging_mixin.py:188} INFO - [2026-01-12T17:02:08.432+0000] {dag.py:3823} INFO - Setting next_dagrun for queue_demo_dag to None, run_after=None
[2026-01-12T17:02:08.462+0000] {processor.py:183} INFO - Processing /opt/airflow/dags/queue_demo_dag.py took 0.094 seconds
[2026-01-12T17:02:38.780+0000] {processor.py:161} INFO - Started process (PID=1617) to work on /opt/airflow/dags/queue_demo_dag.py
[2026-01-12T17:02:38.782+0000] {processor.py:830} INFO - Processing file /opt/airflow/dags/queue_demo_dag.py for tasks to queue
[2026-01-12T17:02:38.783+0000] {logging_mixin.py:188} INFO - [2026-01-12T17:02:38.783+0000] {dagbag.py:538} INFO - Filling up the DagBag from /opt/airflow/dags/queue_demo_dag.py
[2026-01-12T17:02:38.801+0000] {processor.py:840} INFO - DAG(s) 'queue_demo_dag' retrieved from /opt/airflow/dags/queue_demo_dag.py
[2026-01-12T17:02:38.831+0000] {logging_mixin.py:188} INFO - [2026-01-12T17:02:38.830+0000] {dag.py:3036} INFO - Sync 1 DAGs
[2026-01-12T17:02:38.841+0000] {logging_mixin.py:188} INFO - [2026-01-12T17:02:38.841+0000] {dag.py:3823} INFO - Setting next_dagrun for queue_demo_dag to None, run_after=None
[2026-01-12T17:02:38.872+0000] {processor.py:183} INFO - Processing /opt/airflow/dags/queue_demo_dag.py took 0.096 seconds
[2026-01-12T17:03:09.792+0000] {processor.py:161} INFO - Started process (PID=1657) to work on /opt/airflow/dags/queue_demo_dag.py
[2026-01-12T17:03:09.794+0000] {processor.py:830} INFO - Processing file /opt/airflow/dags/queue_demo_dag.py for tasks to queue
[2026-01-12T17:03:09.795+0000] {logging_mixin.py:188} INFO - [2026-01-12T17:03:09.795+0000] {dagbag.py:538} INFO - Filling up the DagBag from /opt/airflow/dags/queue_demo_dag.py
[2026-01-12T17:03:09.817+0000] {processor.py:840} INFO - DAG(s) 'queue_demo_dag' retrieved from /opt/airflow/dags/queue_demo_dag.py
[2026-01-12T17:03:09.841+0000] {logging_mixin.py:188} INFO - [2026-01-12T17:03:09.841+0000] {dag.py:3036} INFO - Sync 1 DAGs
[2026-01-12T17:03:09.852+0000] {logging_mixin.py:188} INFO - [2026-01-12T17:03:09.852+0000] {dag.py:3823} INFO - Setting next_dagrun for queue_demo_dag to None, run_after=None
[2026-01-12T17:03:09.881+0000] {processor.py:183} INFO - Processing /opt/airflow/dags/queue_demo_dag.py took 0.092 seconds
[2026-01-12T17:03:40.875+0000] {processor.py:161} INFO - Started process (PID=1697) to work on /opt/airflow/dags/queue_demo_dag.py
[2026-01-12T17:03:40.877+0000] {processor.py:830} INFO - Processing file /opt/airflow/dags/queue_demo_dag.py for tasks to queue
[2026-01-12T17:03:40.878+0000] {logging_mixin.py:188} INFO - [2026-01-12T17:03:40.878+0000] {dagbag.py:538} INFO - Filling up the DagBag from /opt/airflow/dags/queue_demo_dag.py
[2026-01-12T17:03:40.896+0000] {processor.py:840} INFO - DAG(s) 'queue_demo_dag' retrieved from /opt/airflow/dags/queue_demo_dag.py
[2026-01-12T17:03:40.915+0000] {logging_mixin.py:188} INFO - [2026-01-12T17:03:40.915+0000] {dag.py:3036} INFO - Sync 1 DAGs
[2026-01-12T17:03:40.925+0000] {logging_mixin.py:188} INFO - [2026-01-12T17:03:40.925+0000] {dag.py:3823} INFO - Setting next_dagrun for queue_demo_dag to None, run_after=None
[2026-01-12T17:03:40.953+0000] {processor.py:183} INFO - Processing /opt/airflow/dags/queue_demo_dag.py took 0.081 seconds
[2026-01-12T17:04:11.157+0000] {processor.py:161} INFO - Started process (PID=1737) to work on /opt/airflow/dags/queue_demo_dag.py
[2026-01-12T17:04:11.159+0000] {processor.py:830} INFO - Processing file /opt/airflow/dags/queue_demo_dag.py for tasks to queue
[2026-01-12T17:04:11.160+0000] {logging_mixin.py:188} INFO - [2026-01-12T17:04:11.159+0000] {dagbag.py:538} INFO - Filling up the DagBag from /opt/airflow/dags/queue_demo_dag.py
[2026-01-12T17:04:11.178+0000] {processor.py:840} INFO - DAG(s) 'queue_demo_dag' retrieved from /opt/airflow/dags/queue_demo_dag.py
[2026-01-12T17:04:11.201+0000] {logging_mixin.py:188} INFO - [2026-01-12T17:04:11.201+0000] {dag.py:3036} INFO - Sync 1 DAGs
[2026-01-12T17:04:11.213+0000] {logging_mixin.py:188} INFO - [2026-01-12T17:04:11.213+0000] {dag.py:3823} INFO - Setting next_dagrun for queue_demo_dag to None, run_after=None
[2026-01-12T17:04:11.247+0000] {processor.py:183} INFO - Processing /opt/airflow/dags/queue_demo_dag.py took 0.094 seconds
[2026-01-12T17:04:41.889+0000] {processor.py:161} INFO - Started process (PID=1777) to work on /opt/airflow/dags/queue_demo_dag.py
[2026-01-12T17:04:41.890+0000] {processor.py:830} INFO - Processing file /opt/airflow/dags/queue_demo_dag.py for tasks to queue
[2026-01-12T17:04:41.891+0000] {logging_mixin.py:188} INFO - [2026-01-12T17:04:41.891+0000] {dagbag.py:538} INFO - Filling up the DagBag from /opt/airflow/dags/queue_demo_dag.py
[2026-01-12T17:04:41.911+0000] {processor.py:840} INFO - DAG(s) 'queue_demo_dag' retrieved from /opt/airflow/dags/queue_demo_dag.py
[2026-01-12T17:04:41.936+0000] {logging_mixin.py:188} INFO - [2026-01-12T17:04:41.935+0000] {dag.py:3036} INFO - Sync 1 DAGs
[2026-01-12T17:04:41.947+0000] {logging_mixin.py:188} INFO - [2026-01-12T17:04:41.947+0000] {dag.py:3823} INFO - Setting next_dagrun for queue_demo_dag to None, run_after=None
[2026-01-12T17:04:41.986+0000] {processor.py:183} INFO - Processing /opt/airflow/dags/queue_demo_dag.py took 0.100 seconds
[2026-01-12T17:05:12.885+0000] {processor.py:161} INFO - Started process (PID=1817) to work on /opt/airflow/dags/queue_demo_dag.py
[2026-01-12T17:05:12.886+0000] {processor.py:830} INFO - Processing file /opt/airflow/dags/queue_demo_dag.py for tasks to queue
[2026-01-12T17:05:12.887+0000] {logging_mixin.py:188} INFO - [2026-01-12T17:05:12.887+0000] {dagbag.py:538} INFO - Filling up the DagBag from /opt/airflow/dags/queue_demo_dag.py
[2026-01-12T17:05:12.910+0000] {processor.py:840} INFO - DAG(s) 'queue_demo_dag' retrieved from /opt/airflow/dags/queue_demo_dag.py
[2026-01-12T17:05:12.934+0000] {logging_mixin.py:188} INFO - [2026-01-12T17:05:12.934+0000] {dag.py:3036} INFO - Sync 1 DAGs
[2026-01-12T17:05:12.946+0000] {logging_mixin.py:188} INFO - [2026-01-12T17:05:12.946+0000] {dag.py:3823} INFO - Setting next_dagrun for queue_demo_dag to None, run_after=None
[2026-01-12T17:05:12.978+0000] {processor.py:183} INFO - Processing /opt/airflow/dags/queue_demo_dag.py took 0.097 seconds
[2026-01-12T17:05:43.321+0000] {processor.py:161} INFO - Started process (PID=1857) to work on /opt/airflow/dags/queue_demo_dag.py
[2026-01-12T17:05:43.322+0000] {processor.py:830} INFO - Processing file /opt/airflow/dags/queue_demo_dag.py for tasks to queue
[2026-01-12T17:05:43.323+0000] {logging_mixin.py:188} INFO - [2026-01-12T17:05:43.323+0000] {dagbag.py:538} INFO - Filling up the DagBag from /opt/airflow/dags/queue_demo_dag.py
[2026-01-12T17:05:43.345+0000] {processor.py:840} INFO - DAG(s) 'queue_demo_dag' retrieved from /opt/airflow/dags/queue_demo_dag.py
[2026-01-12T17:05:43.372+0000] {logging_mixin.py:188} INFO - [2026-01-12T17:05:43.371+0000] {dag.py:3036} INFO - Sync 1 DAGs
[2026-01-12T17:05:43.385+0000] {logging_mixin.py:188} INFO - [2026-01-12T17:05:43.385+0000] {dag.py:3823} INFO - Setting next_dagrun for queue_demo_dag to None, run_after=None
[2026-01-12T17:05:43.418+0000] {processor.py:183} INFO - Processing /opt/airflow/dags/queue_demo_dag.py took 0.100 seconds
[2026-01-12T17:06:14.145+0000] {processor.py:161} INFO - Started process (PID=1897) to work on /opt/airflow/dags/queue_demo_dag.py
[2026-01-12T17:06:14.147+0000] {processor.py:830} INFO - Processing file /opt/airflow/dags/queue_demo_dag.py for tasks to queue
[2026-01-12T17:06:14.148+0000] {logging_mixin.py:188} INFO - [2026-01-12T17:06:14.148+0000] {dagbag.py:538} INFO - Filling up the DagBag from /opt/airflow/dags/queue_demo_dag.py
[2026-01-12T17:06:14.170+0000] {processor.py:840} INFO - DAG(s) 'queue_demo_dag' retrieved from /opt/airflow/dags/queue_demo_dag.py
[2026-01-12T17:06:14.192+0000] {logging_mixin.py:188} INFO - [2026-01-12T17:06:14.192+0000] {dag.py:3036} INFO - Sync 1 DAGs
[2026-01-12T17:06:14.203+0000] {logging_mixin.py:188} INFO - [2026-01-12T17:06:14.202+0000] {dag.py:3823} INFO - Setting next_dagrun for queue_demo_dag to None, run_after=None
[2026-01-12T17:06:14.231+0000] {processor.py:183} INFO - Processing /opt/airflow/dags/queue_demo_dag.py took 0.088 seconds
[2026-01-12T17:06:44.772+0000] {processor.py:161} INFO - Started process (PID=1937) to work on /opt/airflow/dags/queue_demo_dag.py
[2026-01-12T17:06:44.775+0000] {processor.py:830} INFO - Processing file /opt/airflow/dags/queue_demo_dag.py for tasks to queue
[2026-01-12T17:06:44.777+0000] {logging_mixin.py:188} INFO - [2026-01-12T17:06:44.777+0000] {dagbag.py:538} INFO - Filling up the DagBag from /opt/airflow/dags/queue_demo_dag.py
[2026-01-12T17:06:44.814+0000] {processor.py:840} INFO - DAG(s) 'queue_demo_dag' retrieved from /opt/airflow/dags/queue_demo_dag.py
[2026-01-12T17:06:44.836+0000] {logging_mixin.py:188} INFO - [2026-01-12T17:06:44.836+0000] {dag.py:3036} INFO - Sync 1 DAGs
[2026-01-12T17:06:44.848+0000] {logging_mixin.py:188} INFO - [2026-01-12T17:06:44.848+0000] {dag.py:3823} INFO - Setting next_dagrun for queue_demo_dag to None, run_after=None
[2026-01-12T17:06:44.878+0000] {processor.py:183} INFO - Processing /opt/airflow/dags/queue_demo_dag.py took 0.109 seconds
[2026-01-12T17:07:15.906+0000] {processor.py:161} INFO - Started process (PID=1977) to work on /opt/airflow/dags/queue_demo_dag.py
[2026-01-12T17:07:15.907+0000] {processor.py:830} INFO - Processing file /opt/airflow/dags/queue_demo_dag.py for tasks to queue
[2026-01-12T17:07:15.909+0000] {logging_mixin.py:188} INFO - [2026-01-12T17:07:15.909+0000] {dagbag.py:538} INFO - Filling up the DagBag from /opt/airflow/dags/queue_demo_dag.py
[2026-01-12T17:07:15.944+0000] {processor.py:840} INFO - DAG(s) 'queue_demo_dag' retrieved from /opt/airflow/dags/queue_demo_dag.py
[2026-01-12T17:07:15.971+0000] {logging_mixin.py:188} INFO - [2026-01-12T17:07:15.971+0000] {dag.py:3036} INFO - Sync 1 DAGs
[2026-01-12T17:07:15.984+0000] {logging_mixin.py:188} INFO - [2026-01-12T17:07:15.984+0000] {dag.py:3823} INFO - Setting next_dagrun for queue_demo_dag to None, run_after=None
[2026-01-12T17:07:16.020+0000] {processor.py:183} INFO - Processing /opt/airflow/dags/queue_demo_dag.py took 0.119 seconds
[2026-01-12T17:07:46.585+0000] {processor.py:161} INFO - Started process (PID=2017) to work on /opt/airflow/dags/queue_demo_dag.py
[2026-01-12T17:07:46.587+0000] {processor.py:830} INFO - Processing file /opt/airflow/dags/queue_demo_dag.py for tasks to queue
[2026-01-12T17:07:46.590+0000] {logging_mixin.py:188} INFO - [2026-01-12T17:07:46.588+0000] {dagbag.py:538} INFO - Filling up the DagBag from /opt/airflow/dags/queue_demo_dag.py
[2026-01-12T17:07:46.629+0000] {processor.py:840} INFO - DAG(s) 'queue_demo_dag' retrieved from /opt/airflow/dags/queue_demo_dag.py
[2026-01-12T17:07:46.659+0000] {logging_mixin.py:188} INFO - [2026-01-12T17:07:46.658+0000] {dag.py:3036} INFO - Sync 1 DAGs
[2026-01-12T17:07:46.671+0000] {logging_mixin.py:188} INFO - [2026-01-12T17:07:46.670+0000] {dag.py:3823} INFO - Setting next_dagrun for queue_demo_dag to None, run_after=None
[2026-01-12T17:07:46.710+0000] {processor.py:183} INFO - Processing /opt/airflow/dags/queue_demo_dag.py took 0.131 seconds
[2026-01-12T17:08:17.329+0000] {processor.py:161} INFO - Started process (PID=2057) to work on /opt/airflow/dags/queue_demo_dag.py
[2026-01-12T17:08:17.331+0000] {processor.py:830} INFO - Processing file /opt/airflow/dags/queue_demo_dag.py for tasks to queue
[2026-01-12T17:08:17.333+0000] {logging_mixin.py:188} INFO - [2026-01-12T17:08:17.332+0000] {dagbag.py:538} INFO - Filling up the DagBag from /opt/airflow/dags/queue_demo_dag.py
[2026-01-12T17:08:17.365+0000] {processor.py:840} INFO - DAG(s) 'queue_demo_dag' retrieved from /opt/airflow/dags/queue_demo_dag.py
[2026-01-12T17:08:17.392+0000] {logging_mixin.py:188} INFO - [2026-01-12T17:08:17.392+0000] {dag.py:3036} INFO - Sync 1 DAGs
[2026-01-12T17:08:17.406+0000] {logging_mixin.py:188} INFO - [2026-01-12T17:08:17.406+0000] {dag.py:3823} INFO - Setting next_dagrun for queue_demo_dag to None, run_after=None
[2026-01-12T17:08:17.444+0000] {processor.py:183} INFO - Processing /opt/airflow/dags/queue_demo_dag.py took 0.118 seconds
[2026-01-12T17:08:48.030+0000] {processor.py:161} INFO - Started process (PID=2097) to work on /opt/airflow/dags/queue_demo_dag.py
[2026-01-12T17:08:48.032+0000] {processor.py:830} INFO - Processing file /opt/airflow/dags/queue_demo_dag.py for tasks to queue
[2026-01-12T17:08:48.034+0000] {logging_mixin.py:188} INFO - [2026-01-12T17:08:48.033+0000] {dagbag.py:538} INFO - Filling up the DagBag from /opt/airflow/dags/queue_demo_dag.py
[2026-01-12T17:08:48.065+0000] {processor.py:840} INFO - DAG(s) 'queue_demo_dag' retrieved from /opt/airflow/dags/queue_demo_dag.py
[2026-01-12T17:08:48.093+0000] {logging_mixin.py:188} INFO - [2026-01-12T17:08:48.093+0000] {dag.py:3036} INFO - Sync 1 DAGs
[2026-01-12T17:08:48.105+0000] {logging_mixin.py:188} INFO - [2026-01-12T17:08:48.105+0000] {dag.py:3823} INFO - Setting next_dagrun for queue_demo_dag to None, run_after=None
[2026-01-12T17:08:48.141+0000] {processor.py:183} INFO - Processing /opt/airflow/dags/queue_demo_dag.py took 0.114 seconds
[2026-01-12T17:09:18.793+0000] {processor.py:161} INFO - Started process (PID=2137) to work on /opt/airflow/dags/queue_demo_dag.py
[2026-01-12T17:09:18.795+0000] {processor.py:830} INFO - Processing file /opt/airflow/dags/queue_demo_dag.py for tasks to queue
[2026-01-12T17:09:18.796+0000] {logging_mixin.py:188} INFO - [2026-01-12T17:09:18.796+0000] {dagbag.py:538} INFO - Filling up the DagBag from /opt/airflow/dags/queue_demo_dag.py
[2026-01-12T17:09:18.831+0000] {processor.py:840} INFO - DAG(s) 'queue_demo_dag' retrieved from /opt/airflow/dags/queue_demo_dag.py
[2026-01-12T17:09:18.861+0000] {logging_mixin.py:188} INFO - [2026-01-12T17:09:18.861+0000] {dag.py:3036} INFO - Sync 1 DAGs
[2026-01-12T17:09:18.876+0000] {logging_mixin.py:188} INFO - [2026-01-12T17:09:18.876+0000] {dag.py:3823} INFO - Setting next_dagrun for queue_demo_dag to None, run_after=None
[2026-01-12T17:09:18.914+0000] {processor.py:183} INFO - Processing /opt/airflow/dags/queue_demo_dag.py took 0.124 seconds
[2026-01-12T17:09:49.457+0000] {processor.py:161} INFO - Started process (PID=2177) to work on /opt/airflow/dags/queue_demo_dag.py
[2026-01-12T17:09:49.458+0000] {processor.py:830} INFO - Processing file /opt/airflow/dags/queue_demo_dag.py for tasks to queue
[2026-01-12T17:09:49.460+0000] {logging_mixin.py:188} INFO - [2026-01-12T17:09:49.459+0000] {dagbag.py:538} INFO - Filling up the DagBag from /opt/airflow/dags/queue_demo_dag.py
[2026-01-12T17:09:49.494+0000] {processor.py:840} INFO - DAG(s) 'queue_demo_dag' retrieved from /opt/airflow/dags/queue_demo_dag.py
[2026-01-12T17:09:49.523+0000] {logging_mixin.py:188} INFO - [2026-01-12T17:09:49.522+0000] {dag.py:3036} INFO - Sync 1 DAGs
[2026-01-12T17:09:49.536+0000] {logging_mixin.py:188} INFO - [2026-01-12T17:09:49.535+0000] {dag.py:3823} INFO - Setting next_dagrun for queue_demo_dag to None, run_after=None
[2026-01-12T17:09:49.571+0000] {processor.py:183} INFO - Processing /opt/airflow/dags/queue_demo_dag.py took 0.118 seconds
[2026-01-12T17:10:19.660+0000] {processor.py:161} INFO - Started process (PID=2217) to work on /opt/airflow/dags/queue_demo_dag.py
[2026-01-12T17:10:19.662+0000] {processor.py:830} INFO - Processing file /opt/airflow/dags/queue_demo_dag.py for tasks to queue
[2026-01-12T17:10:19.664+0000] {logging_mixin.py:188} INFO - [2026-01-12T17:10:19.664+0000] {dagbag.py:538} INFO - Filling up the DagBag from /opt/airflow/dags/queue_demo_dag.py
[2026-01-12T17:10:19.695+0000] {processor.py:840} INFO - DAG(s) 'queue_demo_dag' retrieved from /opt/airflow/dags/queue_demo_dag.py
[2026-01-12T17:10:19.723+0000] {logging_mixin.py:188} INFO - [2026-01-12T17:10:19.723+0000] {dag.py:3036} INFO - Sync 1 DAGs
[2026-01-12T17:10:19.736+0000] {logging_mixin.py:188} INFO - [2026-01-12T17:10:19.735+0000] {dag.py:3823} INFO - Setting next_dagrun for queue_demo_dag to None, run_after=None
[2026-01-12T17:10:19.768+0000] {processor.py:183} INFO - Processing /opt/airflow/dags/queue_demo_dag.py took 0.111 seconds
[2026-01-12T17:10:49.893+0000] {processor.py:161} INFO - Started process (PID=2257) to work on /opt/airflow/dags/queue_demo_dag.py
[2026-01-12T17:10:49.894+0000] {processor.py:830} INFO - Processing file /opt/airflow/dags/queue_demo_dag.py for tasks to queue
[2026-01-12T17:10:49.896+0000] {logging_mixin.py:188} INFO - [2026-01-12T17:10:49.895+0000] {dagbag.py:538} INFO - Filling up the DagBag from /opt/airflow/dags/queue_demo_dag.py
[2026-01-12T17:10:49.930+0000] {processor.py:840} INFO - DAG(s) 'queue_demo_dag' retrieved from /opt/airflow/dags/queue_demo_dag.py
[2026-01-12T17:10:49.962+0000] {logging_mixin.py:188} INFO - [2026-01-12T17:10:49.962+0000] {dag.py:3036} INFO - Sync 1 DAGs
[2026-01-12T17:10:49.976+0000] {logging_mixin.py:188} INFO - [2026-01-12T17:10:49.976+0000] {dag.py:3823} INFO - Setting next_dagrun for queue_demo_dag to None, run_after=None
[2026-01-12T17:10:50.015+0000] {processor.py:183} INFO - Processing /opt/airflow/dags/queue_demo_dag.py took 0.127 seconds
[2026-01-12T17:11:20.603+0000] {processor.py:161} INFO - Started process (PID=2297) to work on /opt/airflow/dags/queue_demo_dag.py
[2026-01-12T17:11:20.605+0000] {processor.py:830} INFO - Processing file /opt/airflow/dags/queue_demo_dag.py for tasks to queue
[2026-01-12T17:11:20.606+0000] {logging_mixin.py:188} INFO - [2026-01-12T17:11:20.605+0000] {dagbag.py:538} INFO - Filling up the DagBag from /opt/airflow/dags/queue_demo_dag.py
[2026-01-12T17:11:20.625+0000] {processor.py:840} INFO - DAG(s) 'queue_demo_dag' retrieved from /opt/airflow/dags/queue_demo_dag.py
[2026-01-12T17:11:20.651+0000] {logging_mixin.py:188} INFO - [2026-01-12T17:11:20.651+0000] {dag.py:3036} INFO - Sync 1 DAGs
[2026-01-12T17:11:20.664+0000] {logging_mixin.py:188} INFO - [2026-01-12T17:11:20.664+0000] {dag.py:3823} INFO - Setting next_dagrun for queue_demo_dag to None, run_after=None
[2026-01-12T17:11:20.697+0000] {processor.py:183} INFO - Processing /opt/airflow/dags/queue_demo_dag.py took 0.097 seconds
