[2026-01-12T16:44:21.974+0000] {processor.py:161} INFO - Started process (PID=195) to work on /opt/airflow/dags/transform_dag.py
[2026-01-12T16:44:21.977+0000] {processor.py:830} INFO - Processing file /opt/airflow/dags/transform_dag.py for tasks to queue
[2026-01-12T16:44:21.979+0000] {logging_mixin.py:188} INFO - [2026-01-12T16:44:21.979+0000] {dagbag.py:538} INFO - Filling up the DagBag from /opt/airflow/dags/transform_dag.py
[2026-01-12T16:44:22.695+0000] {processor.py:840} INFO - DAG(s) 'amazon_transform_dag' retrieved from /opt/airflow/dags/transform_dag.py
[2026-01-12T16:44:22.697+0000] {logging_mixin.py:188} INFO - [2026-01-12T16:44:22.697+0000] {dagbag.py:538} INFO - Filling up the DagBag from /opt/airflow/dags/transform_dag.py
[2026-01-12T16:44:22.755+0000] {logging_mixin.py:188} INFO - [2026-01-12T16:44:22.754+0000] {processor.py:431} INFO - Running SLA Checks for amazon_transform_dag
[2026-01-12T16:44:22.792+0000] {logging_mixin.py:188} INFO - [2026-01-12T16:44:22.791+0000] {dag.py:3036} INFO - Sync 1 DAGs
[2026-01-12T16:44:22.812+0000] {logging_mixin.py:188} INFO - [2026-01-12T16:44:22.812+0000] {dag.py:3823} INFO - Setting next_dagrun for amazon_transform_dag to 2026-01-12 00:00:00+00:00, run_after=2026-01-13 00:00:00+00:00
[2026-01-12T16:44:22.909+0000] {processor.py:183} INFO - Processing /opt/airflow/dags/transform_dag.py took 0.939 seconds
[2026-01-12T16:44:53.114+0000] {processor.py:161} INFO - Started process (PID=237) to work on /opt/airflow/dags/transform_dag.py
[2026-01-12T16:44:53.116+0000] {processor.py:830} INFO - Processing file /opt/airflow/dags/transform_dag.py for tasks to queue
[2026-01-12T16:44:53.117+0000] {logging_mixin.py:188} INFO - [2026-01-12T16:44:53.117+0000] {dagbag.py:538} INFO - Filling up the DagBag from /opt/airflow/dags/transform_dag.py
[2026-01-12T16:44:53.688+0000] {processor.py:840} INFO - DAG(s) 'amazon_transform_dag' retrieved from /opt/airflow/dags/transform_dag.py
[2026-01-12T16:44:53.690+0000] {logging_mixin.py:188} INFO - [2026-01-12T16:44:53.689+0000] {dagbag.py:538} INFO - Filling up the DagBag from /opt/airflow/dags/transform_dag.py
[2026-01-12T16:44:53.735+0000] {logging_mixin.py:188} INFO - [2026-01-12T16:44:53.735+0000] {processor.py:431} INFO - Running SLA Checks for amazon_transform_dag
[2026-01-12T16:44:53.781+0000] {logging_mixin.py:188} INFO - [2026-01-12T16:44:53.780+0000] {dag.py:3036} INFO - Sync 1 DAGs
[2026-01-12T16:44:53.805+0000] {logging_mixin.py:188} INFO - [2026-01-12T16:44:53.805+0000] {dag.py:3823} INFO - Setting next_dagrun for amazon_transform_dag to 2026-01-12 00:00:00+00:00, run_after=2026-01-13 00:00:00+00:00
[2026-01-12T16:44:53.846+0000] {processor.py:183} INFO - Processing /opt/airflow/dags/transform_dag.py took 0.736 seconds
[2026-01-12T16:45:24.772+0000] {processor.py:161} INFO - Started process (PID=278) to work on /opt/airflow/dags/transform_dag.py
[2026-01-12T16:45:24.775+0000] {processor.py:830} INFO - Processing file /opt/airflow/dags/transform_dag.py for tasks to queue
[2026-01-12T16:45:24.777+0000] {logging_mixin.py:188} INFO - [2026-01-12T16:45:24.776+0000] {dagbag.py:538} INFO - Filling up the DagBag from /opt/airflow/dags/transform_dag.py
[2026-01-12T16:45:25.436+0000] {processor.py:840} INFO - DAG(s) 'amazon_transform_dag' retrieved from /opt/airflow/dags/transform_dag.py
[2026-01-12T16:45:25.437+0000] {logging_mixin.py:188} INFO - [2026-01-12T16:45:25.436+0000] {dagbag.py:538} INFO - Filling up the DagBag from /opt/airflow/dags/transform_dag.py
[2026-01-12T16:45:25.486+0000] {logging_mixin.py:188} INFO - [2026-01-12T16:45:25.486+0000] {processor.py:431} INFO - Running SLA Checks for amazon_transform_dag
[2026-01-12T16:45:25.542+0000] {logging_mixin.py:188} INFO - [2026-01-12T16:45:25.541+0000] {dag.py:3036} INFO - Sync 1 DAGs
[2026-01-12T16:45:25.565+0000] {logging_mixin.py:188} INFO - [2026-01-12T16:45:25.565+0000] {dag.py:3823} INFO - Setting next_dagrun for amazon_transform_dag to 2026-01-12 00:00:00+00:00, run_after=2026-01-13 00:00:00+00:00
[2026-01-12T16:45:25.616+0000] {processor.py:183} INFO - Processing /opt/airflow/dags/transform_dag.py took 0.849 seconds
[2026-01-12T16:45:55.709+0000] {processor.py:161} INFO - Started process (PID=320) to work on /opt/airflow/dags/transform_dag.py
[2026-01-12T16:45:55.711+0000] {processor.py:830} INFO - Processing file /opt/airflow/dags/transform_dag.py for tasks to queue
[2026-01-12T16:45:55.712+0000] {logging_mixin.py:188} INFO - [2026-01-12T16:45:55.712+0000] {dagbag.py:538} INFO - Filling up the DagBag from /opt/airflow/dags/transform_dag.py
[2026-01-12T16:45:56.122+0000] {processor.py:840} INFO - DAG(s) 'amazon_transform_dag' retrieved from /opt/airflow/dags/transform_dag.py
[2026-01-12T16:45:56.123+0000] {logging_mixin.py:188} INFO - [2026-01-12T16:45:56.123+0000] {dagbag.py:538} INFO - Filling up the DagBag from /opt/airflow/dags/transform_dag.py
[2026-01-12T16:45:56.147+0000] {logging_mixin.py:188} INFO - [2026-01-12T16:45:56.147+0000] {processor.py:431} INFO - Running SLA Checks for amazon_transform_dag
[2026-01-12T16:45:56.164+0000] {logging_mixin.py:188} INFO - [2026-01-12T16:45:56.164+0000] {dagbag.py:538} INFO - Filling up the DagBag from /opt/airflow/dags/transform_dag.py
[2026-01-12T16:45:56.180+0000] {logging_mixin.py:188} INFO - [2026-01-12T16:45:56.180+0000] {processor.py:431} INFO - Running SLA Checks for amazon_transform_dag
[2026-01-12T16:45:56.189+0000] {logging_mixin.py:188} INFO - [2026-01-12T16:45:56.189+0000] {dag.py:3036} INFO - Sync 1 DAGs
[2026-01-12T16:45:56.204+0000] {logging_mixin.py:188} INFO - [2026-01-12T16:45:56.204+0000] {dag.py:3823} INFO - Setting next_dagrun for amazon_transform_dag to 2026-01-12 00:00:00+00:00, run_after=2026-01-13 00:00:00+00:00
[2026-01-12T16:45:56.231+0000] {processor.py:183} INFO - Processing /opt/airflow/dags/transform_dag.py took 0.525 seconds
[2026-01-12T16:46:26.352+0000] {processor.py:161} INFO - Started process (PID=363) to work on /opt/airflow/dags/transform_dag.py
[2026-01-12T16:46:26.354+0000] {processor.py:830} INFO - Processing file /opt/airflow/dags/transform_dag.py for tasks to queue
[2026-01-12T16:46:26.355+0000] {logging_mixin.py:188} INFO - [2026-01-12T16:46:26.355+0000] {dagbag.py:538} INFO - Filling up the DagBag from /opt/airflow/dags/transform_dag.py
[2026-01-12T16:46:27.023+0000] {processor.py:840} INFO - DAG(s) 'amazon_transform_dag' retrieved from /opt/airflow/dags/transform_dag.py
[2026-01-12T16:46:27.025+0000] {logging_mixin.py:188} INFO - [2026-01-12T16:46:27.025+0000] {dagbag.py:538} INFO - Filling up the DagBag from /opt/airflow/dags/transform_dag.py
[2026-01-12T16:46:27.095+0000] {logging_mixin.py:188} INFO - [2026-01-12T16:46:27.095+0000] {processor.py:431} INFO - Running SLA Checks for amazon_transform_dag
[2026-01-12T16:46:27.138+0000] {logging_mixin.py:188} INFO - [2026-01-12T16:46:27.137+0000] {dagbag.py:538} INFO - Filling up the DagBag from /opt/airflow/dags/transform_dag.py
[2026-01-12T16:46:27.171+0000] {logging_mixin.py:188} INFO - [2026-01-12T16:46:27.170+0000] {processor.py:431} INFO - Running SLA Checks for amazon_transform_dag
[2026-01-12T16:46:27.339+0000] {logging_mixin.py:188} INFO - [2026-01-12T16:46:27.339+0000] {dag.py:3036} INFO - Sync 1 DAGs
[2026-01-12T16:46:27.372+0000] {logging_mixin.py:188} INFO - [2026-01-12T16:46:27.372+0000] {dag.py:3823} INFO - Setting next_dagrun for amazon_transform_dag to 2026-01-12 00:00:00+00:00, run_after=2026-01-13 00:00:00+00:00
[2026-01-12T16:46:27.435+0000] {processor.py:183} INFO - Processing /opt/airflow/dags/transform_dag.py took 1.089 seconds
[2026-01-12T16:46:57.737+0000] {processor.py:161} INFO - Started process (PID=405) to work on /opt/airflow/dags/transform_dag.py
[2026-01-12T16:46:57.739+0000] {processor.py:830} INFO - Processing file /opt/airflow/dags/transform_dag.py for tasks to queue
[2026-01-12T16:46:57.741+0000] {logging_mixin.py:188} INFO - [2026-01-12T16:46:57.741+0000] {dagbag.py:538} INFO - Filling up the DagBag from /opt/airflow/dags/transform_dag.py
[2026-01-12T16:46:58.155+0000] {processor.py:840} INFO - DAG(s) 'amazon_transform_dag' retrieved from /opt/airflow/dags/transform_dag.py
[2026-01-12T16:46:58.157+0000] {logging_mixin.py:188} INFO - [2026-01-12T16:46:58.157+0000] {dagbag.py:538} INFO - Filling up the DagBag from /opt/airflow/dags/transform_dag.py
[2026-01-12T16:46:58.198+0000] {logging_mixin.py:188} INFO - [2026-01-12T16:46:58.198+0000] {processor.py:431} INFO - Running SLA Checks for amazon_transform_dag
[2026-01-12T16:46:58.248+0000] {logging_mixin.py:188} INFO - [2026-01-12T16:46:58.247+0000] {dag.py:3036} INFO - Sync 1 DAGs
[2026-01-12T16:46:58.263+0000] {logging_mixin.py:188} INFO - [2026-01-12T16:46:58.262+0000] {dag.py:3823} INFO - Setting next_dagrun for amazon_transform_dag to 2026-01-12 00:00:00+00:00, run_after=2026-01-13 00:00:00+00:00
[2026-01-12T16:46:58.291+0000] {processor.py:183} INFO - Processing /opt/airflow/dags/transform_dag.py took 0.557 seconds
[2026-01-12T16:47:28.644+0000] {processor.py:161} INFO - Started process (PID=443) to work on /opt/airflow/dags/transform_dag.py
[2026-01-12T16:47:28.649+0000] {processor.py:830} INFO - Processing file /opt/airflow/dags/transform_dag.py for tasks to queue
[2026-01-12T16:47:28.652+0000] {logging_mixin.py:188} INFO - [2026-01-12T16:47:28.651+0000] {dagbag.py:538} INFO - Filling up the DagBag from /opt/airflow/dags/transform_dag.py
[2026-01-12T16:47:29.331+0000] {processor.py:840} INFO - DAG(s) 'amazon_transform_dag' retrieved from /opt/airflow/dags/transform_dag.py
[2026-01-12T16:47:29.332+0000] {logging_mixin.py:188} INFO - [2026-01-12T16:47:29.332+0000] {dagbag.py:538} INFO - Filling up the DagBag from /opt/airflow/dags/transform_dag.py
[2026-01-12T16:47:29.385+0000] {logging_mixin.py:188} INFO - [2026-01-12T16:47:29.385+0000] {processor.py:431} INFO - Running SLA Checks for amazon_transform_dag
[2026-01-12T16:47:29.433+0000] {logging_mixin.py:188} INFO - [2026-01-12T16:47:29.432+0000] {dag.py:3036} INFO - Sync 1 DAGs
[2026-01-12T16:47:29.455+0000] {logging_mixin.py:188} INFO - [2026-01-12T16:47:29.455+0000] {dag.py:3823} INFO - Setting next_dagrun for amazon_transform_dag to 2026-01-12 00:00:00+00:00, run_after=2026-01-13 00:00:00+00:00
[2026-01-12T16:47:29.494+0000] {processor.py:183} INFO - Processing /opt/airflow/dags/transform_dag.py took 0.856 seconds
[2026-01-12T16:47:59.589+0000] {processor.py:161} INFO - Started process (PID=483) to work on /opt/airflow/dags/transform_dag.py
[2026-01-12T16:47:59.591+0000] {processor.py:830} INFO - Processing file /opt/airflow/dags/transform_dag.py for tasks to queue
[2026-01-12T16:47:59.592+0000] {logging_mixin.py:188} INFO - [2026-01-12T16:47:59.592+0000] {dagbag.py:538} INFO - Filling up the DagBag from /opt/airflow/dags/transform_dag.py
[2026-01-12T16:48:00.483+0000] {processor.py:840} INFO - DAG(s) 'amazon_transform_dag' retrieved from /opt/airflow/dags/transform_dag.py
[2026-01-12T16:48:00.485+0000] {logging_mixin.py:188} INFO - [2026-01-12T16:48:00.485+0000] {dagbag.py:538} INFO - Filling up the DagBag from /opt/airflow/dags/transform_dag.py
[2026-01-12T16:48:00.553+0000] {logging_mixin.py:188} INFO - [2026-01-12T16:48:00.553+0000] {processor.py:431} INFO - Running SLA Checks for amazon_transform_dag
[2026-01-12T16:48:00.633+0000] {logging_mixin.py:188} INFO - [2026-01-12T16:48:00.632+0000] {dag.py:3036} INFO - Sync 1 DAGs
[2026-01-12T16:48:00.697+0000] {logging_mixin.py:188} INFO - [2026-01-12T16:48:00.697+0000] {dag.py:3823} INFO - Setting next_dagrun for amazon_transform_dag to 2026-01-12 00:00:00+00:00, run_after=2026-01-13 00:00:00+00:00
[2026-01-12T16:48:00.780+0000] {processor.py:183} INFO - Processing /opt/airflow/dags/transform_dag.py took 1.199 seconds
[2026-01-12T16:48:30.988+0000] {processor.py:161} INFO - Started process (PID=523) to work on /opt/airflow/dags/transform_dag.py
[2026-01-12T16:48:30.992+0000] {processor.py:830} INFO - Processing file /opt/airflow/dags/transform_dag.py for tasks to queue
[2026-01-12T16:48:30.996+0000] {logging_mixin.py:188} INFO - [2026-01-12T16:48:30.995+0000] {dagbag.py:538} INFO - Filling up the DagBag from /opt/airflow/dags/transform_dag.py
[2026-01-12T16:48:31.848+0000] {processor.py:840} INFO - DAG(s) 'amazon_transform_dag' retrieved from /opt/airflow/dags/transform_dag.py
[2026-01-12T16:48:31.849+0000] {logging_mixin.py:188} INFO - [2026-01-12T16:48:31.849+0000] {dagbag.py:538} INFO - Filling up the DagBag from /opt/airflow/dags/transform_dag.py
[2026-01-12T16:48:31.909+0000] {logging_mixin.py:188} INFO - [2026-01-12T16:48:31.908+0000] {processor.py:431} INFO - Running SLA Checks for amazon_transform_dag
[2026-01-12T16:48:31.961+0000] {logging_mixin.py:188} INFO - [2026-01-12T16:48:31.960+0000] {dag.py:3036} INFO - Sync 1 DAGs
[2026-01-12T16:48:31.997+0000] {logging_mixin.py:188} INFO - [2026-01-12T16:48:31.997+0000] {dag.py:3823} INFO - Setting next_dagrun for amazon_transform_dag to 2026-01-12 00:00:00+00:00, run_after=2026-01-13 00:00:00+00:00
[2026-01-12T16:48:32.074+0000] {processor.py:183} INFO - Processing /opt/airflow/dags/transform_dag.py took 1.097 seconds
[2026-01-12T16:49:03.259+0000] {processor.py:161} INFO - Started process (PID=563) to work on /opt/airflow/dags/transform_dag.py
[2026-01-12T16:49:03.263+0000] {processor.py:830} INFO - Processing file /opt/airflow/dags/transform_dag.py for tasks to queue
[2026-01-12T16:49:03.266+0000] {logging_mixin.py:188} INFO - [2026-01-12T16:49:03.265+0000] {dagbag.py:538} INFO - Filling up the DagBag from /opt/airflow/dags/transform_dag.py
[2026-01-12T16:49:04.099+0000] {processor.py:840} INFO - DAG(s) 'amazon_transform_dag' retrieved from /opt/airflow/dags/transform_dag.py
[2026-01-12T16:49:04.100+0000] {logging_mixin.py:188} INFO - [2026-01-12T16:49:04.100+0000] {dagbag.py:538} INFO - Filling up the DagBag from /opt/airflow/dags/transform_dag.py
[2026-01-12T16:49:04.174+0000] {logging_mixin.py:188} INFO - [2026-01-12T16:49:04.173+0000] {processor.py:431} INFO - Running SLA Checks for amazon_transform_dag
[2026-01-12T16:49:04.240+0000] {logging_mixin.py:188} INFO - [2026-01-12T16:49:04.238+0000] {dag.py:3036} INFO - Sync 1 DAGs
[2026-01-12T16:49:04.528+0000] {logging_mixin.py:188} INFO - [2026-01-12T16:49:04.527+0000] {dag.py:3823} INFO - Setting next_dagrun for amazon_transform_dag to 2026-01-12 00:00:00+00:00, run_after=2026-01-13 00:00:00+00:00
[2026-01-12T16:49:05.084+0000] {processor.py:183} INFO - Processing /opt/airflow/dags/transform_dag.py took 1.831 seconds
[2026-01-12T16:49:35.574+0000] {processor.py:161} INFO - Started process (PID=609) to work on /opt/airflow/dags/transform_dag.py
[2026-01-12T16:49:35.576+0000] {processor.py:830} INFO - Processing file /opt/airflow/dags/transform_dag.py for tasks to queue
[2026-01-12T16:49:35.577+0000] {logging_mixin.py:188} INFO - [2026-01-12T16:49:35.577+0000] {dagbag.py:538} INFO - Filling up the DagBag from /opt/airflow/dags/transform_dag.py
[2026-01-12T16:49:36.260+0000] {processor.py:840} INFO - DAG(s) 'amazon_transform_dag' retrieved from /opt/airflow/dags/transform_dag.py
[2026-01-12T16:49:36.263+0000] {logging_mixin.py:188} INFO - [2026-01-12T16:49:36.262+0000] {dagbag.py:538} INFO - Filling up the DagBag from /opt/airflow/dags/transform_dag.py
[2026-01-12T16:49:36.328+0000] {logging_mixin.py:188} INFO - [2026-01-12T16:49:36.328+0000] {processor.py:431} INFO - Running SLA Checks for amazon_transform_dag
[2026-01-12T16:49:36.375+0000] {logging_mixin.py:188} INFO - [2026-01-12T16:49:36.375+0000] {dag.py:3036} INFO - Sync 1 DAGs
[2026-01-12T16:49:36.406+0000] {logging_mixin.py:188} INFO - [2026-01-12T16:49:36.405+0000] {dag.py:3823} INFO - Setting next_dagrun for amazon_transform_dag to 2026-01-12 00:00:00+00:00, run_after=2026-01-13 00:00:00+00:00
[2026-01-12T16:49:36.668+0000] {processor.py:183} INFO - Processing /opt/airflow/dags/transform_dag.py took 1.101 seconds
[2026-01-12T16:50:07.730+0000] {processor.py:161} INFO - Started process (PID=649) to work on /opt/airflow/dags/transform_dag.py
[2026-01-12T16:50:07.733+0000] {processor.py:830} INFO - Processing file /opt/airflow/dags/transform_dag.py for tasks to queue
[2026-01-12T16:50:07.737+0000] {logging_mixin.py:188} INFO - [2026-01-12T16:50:07.736+0000] {dagbag.py:538} INFO - Filling up the DagBag from /opt/airflow/dags/transform_dag.py
[2026-01-12T16:50:08.350+0000] {processor.py:840} INFO - DAG(s) 'amazon_transform_dag' retrieved from /opt/airflow/dags/transform_dag.py
[2026-01-12T16:50:08.353+0000] {logging_mixin.py:188} INFO - [2026-01-12T16:50:08.352+0000] {dagbag.py:538} INFO - Filling up the DagBag from /opt/airflow/dags/transform_dag.py
[2026-01-12T16:50:08.420+0000] {logging_mixin.py:188} INFO - [2026-01-12T16:50:08.419+0000] {processor.py:431} INFO - Running SLA Checks for amazon_transform_dag
[2026-01-12T16:50:08.462+0000] {logging_mixin.py:188} INFO - [2026-01-12T16:50:08.461+0000] {dag.py:3036} INFO - Sync 1 DAGs
[2026-01-12T16:50:08.483+0000] {logging_mixin.py:188} INFO - [2026-01-12T16:50:08.482+0000] {dag.py:3823} INFO - Setting next_dagrun for amazon_transform_dag to 2026-01-12 00:00:00+00:00, run_after=2026-01-13 00:00:00+00:00
[2026-01-12T16:50:08.669+0000] {processor.py:183} INFO - Processing /opt/airflow/dags/transform_dag.py took 0.947 seconds
[2026-01-12T16:50:38.819+0000] {processor.py:161} INFO - Started process (PID=688) to work on /opt/airflow/dags/transform_dag.py
[2026-01-12T16:50:38.823+0000] {processor.py:830} INFO - Processing file /opt/airflow/dags/transform_dag.py for tasks to queue
[2026-01-12T16:50:38.826+0000] {logging_mixin.py:188} INFO - [2026-01-12T16:50:38.825+0000] {dagbag.py:538} INFO - Filling up the DagBag from /opt/airflow/dags/transform_dag.py
[2026-01-12T16:50:39.780+0000] {processor.py:840} INFO - DAG(s) 'amazon_transform_dag' retrieved from /opt/airflow/dags/transform_dag.py
[2026-01-12T16:50:39.783+0000] {logging_mixin.py:188} INFO - [2026-01-12T16:50:39.782+0000] {dagbag.py:538} INFO - Filling up the DagBag from /opt/airflow/dags/transform_dag.py
[2026-01-12T16:50:39.876+0000] {logging_mixin.py:188} INFO - [2026-01-12T16:50:39.874+0000] {processor.py:431} INFO - Running SLA Checks for amazon_transform_dag
[2026-01-12T16:50:39.973+0000] {logging_mixin.py:188} INFO - [2026-01-12T16:50:39.971+0000] {dag.py:3036} INFO - Sync 1 DAGs
[2026-01-12T16:50:40.011+0000] {logging_mixin.py:188} INFO - [2026-01-12T16:50:40.010+0000] {dag.py:3823} INFO - Setting next_dagrun for amazon_transform_dag to 2026-01-12 00:00:00+00:00, run_after=2026-01-13 00:00:00+00:00
[2026-01-12T16:50:40.071+0000] {processor.py:183} INFO - Processing /opt/airflow/dags/transform_dag.py took 1.263 seconds
[2026-01-12T16:51:10.166+0000] {processor.py:161} INFO - Started process (PID=728) to work on /opt/airflow/dags/transform_dag.py
[2026-01-12T16:51:10.167+0000] {processor.py:830} INFO - Processing file /opt/airflow/dags/transform_dag.py for tasks to queue
[2026-01-12T16:51:10.169+0000] {logging_mixin.py:188} INFO - [2026-01-12T16:51:10.168+0000] {dagbag.py:538} INFO - Filling up the DagBag from /opt/airflow/dags/transform_dag.py
[2026-01-12T16:51:10.654+0000] {processor.py:840} INFO - DAG(s) 'amazon_transform_dag' retrieved from /opt/airflow/dags/transform_dag.py
[2026-01-12T16:51:10.656+0000] {logging_mixin.py:188} INFO - [2026-01-12T16:51:10.656+0000] {dagbag.py:538} INFO - Filling up the DagBag from /opt/airflow/dags/transform_dag.py
[2026-01-12T16:51:10.700+0000] {logging_mixin.py:188} INFO - [2026-01-12T16:51:10.700+0000] {processor.py:431} INFO - Running SLA Checks for amazon_transform_dag
[2026-01-12T16:51:10.739+0000] {logging_mixin.py:188} INFO - [2026-01-12T16:51:10.739+0000] {dag.py:3036} INFO - Sync 1 DAGs
[2026-01-12T16:51:10.759+0000] {logging_mixin.py:188} INFO - [2026-01-12T16:51:10.759+0000] {dag.py:3823} INFO - Setting next_dagrun for amazon_transform_dag to 2026-01-12 00:00:00+00:00, run_after=2026-01-13 00:00:00+00:00
[2026-01-12T16:51:10.795+0000] {processor.py:183} INFO - Processing /opt/airflow/dags/transform_dag.py took 0.634 seconds
[2026-01-12T16:51:41.199+0000] {processor.py:161} INFO - Started process (PID=765) to work on /opt/airflow/dags/transform_dag.py
[2026-01-12T16:51:41.201+0000] {processor.py:830} INFO - Processing file /opt/airflow/dags/transform_dag.py for tasks to queue
[2026-01-12T16:51:41.203+0000] {logging_mixin.py:188} INFO - [2026-01-12T16:51:41.203+0000] {dagbag.py:538} INFO - Filling up the DagBag from /opt/airflow/dags/transform_dag.py
[2026-01-12T16:51:41.745+0000] {processor.py:840} INFO - DAG(s) 'amazon_transform_dag' retrieved from /opt/airflow/dags/transform_dag.py
[2026-01-12T16:51:41.747+0000] {logging_mixin.py:188} INFO - [2026-01-12T16:51:41.747+0000] {dagbag.py:538} INFO - Filling up the DagBag from /opt/airflow/dags/transform_dag.py
[2026-01-12T16:51:41.792+0000] {logging_mixin.py:188} INFO - [2026-01-12T16:51:41.791+0000] {processor.py:431} INFO - Running SLA Checks for amazon_transform_dag
[2026-01-12T16:51:41.836+0000] {logging_mixin.py:188} INFO - [2026-01-12T16:51:41.835+0000] {dag.py:3036} INFO - Sync 1 DAGs
[2026-01-12T16:51:41.867+0000] {logging_mixin.py:188} INFO - [2026-01-12T16:51:41.866+0000] {dag.py:3823} INFO - Setting next_dagrun for amazon_transform_dag to 2026-01-12 00:00:00+00:00, run_after=2026-01-13 00:00:00+00:00
[2026-01-12T16:51:41.923+0000] {processor.py:183} INFO - Processing /opt/airflow/dags/transform_dag.py took 0.729 seconds
[2026-01-12T16:52:12.739+0000] {processor.py:161} INFO - Started process (PID=805) to work on /opt/airflow/dags/transform_dag.py
[2026-01-12T16:52:12.741+0000] {processor.py:830} INFO - Processing file /opt/airflow/dags/transform_dag.py for tasks to queue
[2026-01-12T16:52:12.743+0000] {logging_mixin.py:188} INFO - [2026-01-12T16:52:12.742+0000] {dagbag.py:538} INFO - Filling up the DagBag from /opt/airflow/dags/transform_dag.py
[2026-01-12T16:52:13.386+0000] {processor.py:840} INFO - DAG(s) 'amazon_transform_dag' retrieved from /opt/airflow/dags/transform_dag.py
[2026-01-12T16:52:13.388+0000] {logging_mixin.py:188} INFO - [2026-01-12T16:52:13.387+0000] {dagbag.py:538} INFO - Filling up the DagBag from /opt/airflow/dags/transform_dag.py
[2026-01-12T16:52:13.435+0000] {logging_mixin.py:188} INFO - [2026-01-12T16:52:13.434+0000] {processor.py:431} INFO - Running SLA Checks for amazon_transform_dag
[2026-01-12T16:52:13.475+0000] {logging_mixin.py:188} INFO - [2026-01-12T16:52:13.474+0000] {dag.py:3036} INFO - Sync 1 DAGs
[2026-01-12T16:52:13.496+0000] {logging_mixin.py:188} INFO - [2026-01-12T16:52:13.495+0000] {dag.py:3823} INFO - Setting next_dagrun for amazon_transform_dag to 2026-01-12 00:00:00+00:00, run_after=2026-01-13 00:00:00+00:00
[2026-01-12T16:52:13.543+0000] {processor.py:183} INFO - Processing /opt/airflow/dags/transform_dag.py took 0.808 seconds
[2026-01-12T16:52:44.075+0000] {processor.py:161} INFO - Started process (PID=845) to work on /opt/airflow/dags/transform_dag.py
[2026-01-12T16:52:44.076+0000] {processor.py:830} INFO - Processing file /opt/airflow/dags/transform_dag.py for tasks to queue
[2026-01-12T16:52:44.078+0000] {logging_mixin.py:188} INFO - [2026-01-12T16:52:44.077+0000] {dagbag.py:538} INFO - Filling up the DagBag from /opt/airflow/dags/transform_dag.py
[2026-01-12T16:52:44.624+0000] {processor.py:840} INFO - DAG(s) 'amazon_transform_dag' retrieved from /opt/airflow/dags/transform_dag.py
[2026-01-12T16:52:44.626+0000] {logging_mixin.py:188} INFO - [2026-01-12T16:52:44.626+0000] {dagbag.py:538} INFO - Filling up the DagBag from /opt/airflow/dags/transform_dag.py
[2026-01-12T16:52:44.666+0000] {logging_mixin.py:188} INFO - [2026-01-12T16:52:44.666+0000] {processor.py:431} INFO - Running SLA Checks for amazon_transform_dag
[2026-01-12T16:52:44.703+0000] {logging_mixin.py:188} INFO - [2026-01-12T16:52:44.703+0000] {dag.py:3036} INFO - Sync 1 DAGs
[2026-01-12T16:52:44.724+0000] {logging_mixin.py:188} INFO - [2026-01-12T16:52:44.724+0000] {dag.py:3823} INFO - Setting next_dagrun for amazon_transform_dag to 2026-01-12 00:00:00+00:00, run_after=2026-01-13 00:00:00+00:00
[2026-01-12T16:52:44.764+0000] {processor.py:183} INFO - Processing /opt/airflow/dags/transform_dag.py took 0.693 seconds
[2026-01-12T16:53:14.920+0000] {processor.py:161} INFO - Started process (PID=885) to work on /opt/airflow/dags/transform_dag.py
[2026-01-12T16:53:14.923+0000] {processor.py:830} INFO - Processing file /opt/airflow/dags/transform_dag.py for tasks to queue
[2026-01-12T16:53:14.926+0000] {logging_mixin.py:188} INFO - [2026-01-12T16:53:14.926+0000] {dagbag.py:538} INFO - Filling up the DagBag from /opt/airflow/dags/transform_dag.py
[2026-01-12T16:53:15.393+0000] {processor.py:840} INFO - DAG(s) 'amazon_transform_dag' retrieved from /opt/airflow/dags/transform_dag.py
[2026-01-12T16:53:15.395+0000] {logging_mixin.py:188} INFO - [2026-01-12T16:53:15.394+0000] {dagbag.py:538} INFO - Filling up the DagBag from /opt/airflow/dags/transform_dag.py
[2026-01-12T16:53:15.446+0000] {logging_mixin.py:188} INFO - [2026-01-12T16:53:15.446+0000] {processor.py:431} INFO - Running SLA Checks for amazon_transform_dag
[2026-01-12T16:53:15.478+0000] {logging_mixin.py:188} INFO - [2026-01-12T16:53:15.478+0000] {dag.py:3036} INFO - Sync 1 DAGs
[2026-01-12T16:53:15.497+0000] {logging_mixin.py:188} INFO - [2026-01-12T16:53:15.497+0000] {dag.py:3823} INFO - Setting next_dagrun for amazon_transform_dag to 2026-01-12 00:00:00+00:00, run_after=2026-01-13 00:00:00+00:00
[2026-01-12T16:53:15.534+0000] {processor.py:183} INFO - Processing /opt/airflow/dags/transform_dag.py took 0.616 seconds
[2026-01-12T16:53:46.143+0000] {processor.py:161} INFO - Started process (PID=925) to work on /opt/airflow/dags/transform_dag.py
[2026-01-12T16:53:46.144+0000] {processor.py:830} INFO - Processing file /opt/airflow/dags/transform_dag.py for tasks to queue
[2026-01-12T16:53:46.146+0000] {logging_mixin.py:188} INFO - [2026-01-12T16:53:46.146+0000] {dagbag.py:538} INFO - Filling up the DagBag from /opt/airflow/dags/transform_dag.py
[2026-01-12T16:53:46.555+0000] {processor.py:840} INFO - DAG(s) 'amazon_transform_dag' retrieved from /opt/airflow/dags/transform_dag.py
[2026-01-12T16:53:46.557+0000] {logging_mixin.py:188} INFO - [2026-01-12T16:53:46.557+0000] {dagbag.py:538} INFO - Filling up the DagBag from /opt/airflow/dags/transform_dag.py
[2026-01-12T16:53:46.592+0000] {logging_mixin.py:188} INFO - [2026-01-12T16:53:46.592+0000] {processor.py:431} INFO - Running SLA Checks for amazon_transform_dag
[2026-01-12T16:53:46.618+0000] {logging_mixin.py:188} INFO - [2026-01-12T16:53:46.617+0000] {dag.py:3036} INFO - Sync 1 DAGs
[2026-01-12T16:53:46.639+0000] {logging_mixin.py:188} INFO - [2026-01-12T16:53:46.638+0000] {dag.py:3823} INFO - Setting next_dagrun for amazon_transform_dag to 2026-01-12 00:00:00+00:00, run_after=2026-01-13 00:00:00+00:00
[2026-01-12T16:53:46.667+0000] {processor.py:183} INFO - Processing /opt/airflow/dags/transform_dag.py took 0.528 seconds
[2026-01-12T16:54:17.266+0000] {processor.py:161} INFO - Started process (PID=965) to work on /opt/airflow/dags/transform_dag.py
[2026-01-12T16:54:17.269+0000] {processor.py:830} INFO - Processing file /opt/airflow/dags/transform_dag.py for tasks to queue
[2026-01-12T16:54:17.270+0000] {logging_mixin.py:188} INFO - [2026-01-12T16:54:17.270+0000] {dagbag.py:538} INFO - Filling up the DagBag from /opt/airflow/dags/transform_dag.py
[2026-01-12T16:54:17.902+0000] {processor.py:840} INFO - DAG(s) 'amazon_transform_dag' retrieved from /opt/airflow/dags/transform_dag.py
[2026-01-12T16:54:17.904+0000] {logging_mixin.py:188} INFO - [2026-01-12T16:54:17.903+0000] {dagbag.py:538} INFO - Filling up the DagBag from /opt/airflow/dags/transform_dag.py
[2026-01-12T16:54:17.966+0000] {logging_mixin.py:188} INFO - [2026-01-12T16:54:17.965+0000] {processor.py:431} INFO - Running SLA Checks for amazon_transform_dag
[2026-01-12T16:54:18.008+0000] {logging_mixin.py:188} INFO - [2026-01-12T16:54:18.007+0000] {dag.py:3036} INFO - Sync 1 DAGs
[2026-01-12T16:54:18.032+0000] {logging_mixin.py:188} INFO - [2026-01-12T16:54:18.032+0000] {dag.py:3823} INFO - Setting next_dagrun for amazon_transform_dag to 2026-01-12 00:00:00+00:00, run_after=2026-01-13 00:00:00+00:00
[2026-01-12T16:54:18.089+0000] {processor.py:183} INFO - Processing /opt/airflow/dags/transform_dag.py took 0.827 seconds
[2026-01-12T16:54:48.791+0000] {processor.py:161} INFO - Started process (PID=1005) to work on /opt/airflow/dags/transform_dag.py
[2026-01-12T16:54:48.793+0000] {processor.py:830} INFO - Processing file /opt/airflow/dags/transform_dag.py for tasks to queue
[2026-01-12T16:54:48.794+0000] {logging_mixin.py:188} INFO - [2026-01-12T16:54:48.794+0000] {dagbag.py:538} INFO - Filling up the DagBag from /opt/airflow/dags/transform_dag.py
[2026-01-12T16:54:49.273+0000] {processor.py:840} INFO - DAG(s) 'amazon_transform_dag' retrieved from /opt/airflow/dags/transform_dag.py
[2026-01-12T16:54:49.274+0000] {logging_mixin.py:188} INFO - [2026-01-12T16:54:49.274+0000] {dagbag.py:538} INFO - Filling up the DagBag from /opt/airflow/dags/transform_dag.py
[2026-01-12T16:54:49.310+0000] {logging_mixin.py:188} INFO - [2026-01-12T16:54:49.310+0000] {processor.py:431} INFO - Running SLA Checks for amazon_transform_dag
[2026-01-12T16:54:49.344+0000] {logging_mixin.py:188} INFO - [2026-01-12T16:54:49.344+0000] {dag.py:3036} INFO - Sync 1 DAGs
[2026-01-12T16:54:49.369+0000] {logging_mixin.py:188} INFO - [2026-01-12T16:54:49.369+0000] {dag.py:3823} INFO - Setting next_dagrun for amazon_transform_dag to 2026-01-12 00:00:00+00:00, run_after=2026-01-13 00:00:00+00:00
[2026-01-12T16:54:49.409+0000] {processor.py:183} INFO - Processing /opt/airflow/dags/transform_dag.py took 0.622 seconds
[2026-01-12T16:55:19.618+0000] {processor.py:161} INFO - Started process (PID=1045) to work on /opt/airflow/dags/transform_dag.py
[2026-01-12T16:55:19.620+0000] {processor.py:830} INFO - Processing file /opt/airflow/dags/transform_dag.py for tasks to queue
[2026-01-12T16:55:19.622+0000] {logging_mixin.py:188} INFO - [2026-01-12T16:55:19.621+0000] {dagbag.py:538} INFO - Filling up the DagBag from /opt/airflow/dags/transform_dag.py
[2026-01-12T16:55:20.160+0000] {processor.py:840} INFO - DAG(s) 'amazon_transform_dag' retrieved from /opt/airflow/dags/transform_dag.py
[2026-01-12T16:55:20.205+0000] {logging_mixin.py:188} INFO - [2026-01-12T16:55:20.205+0000] {dag.py:3036} INFO - Sync 1 DAGs
[2026-01-12T16:55:20.241+0000] {logging_mixin.py:188} INFO - [2026-01-12T16:55:20.240+0000] {dag.py:3823} INFO - Setting next_dagrun for amazon_transform_dag to 2026-01-12 00:00:00+00:00, run_after=2026-01-13 00:00:00+00:00
[2026-01-12T16:55:20.297+0000] {processor.py:183} INFO - Processing /opt/airflow/dags/transform_dag.py took 0.684 seconds
[2026-01-12T16:55:50.723+0000] {processor.py:161} INFO - Started process (PID=1085) to work on /opt/airflow/dags/transform_dag.py
[2026-01-12T16:55:50.724+0000] {processor.py:830} INFO - Processing file /opt/airflow/dags/transform_dag.py for tasks to queue
[2026-01-12T16:55:50.726+0000] {logging_mixin.py:188} INFO - [2026-01-12T16:55:50.726+0000] {dagbag.py:538} INFO - Filling up the DagBag from /opt/airflow/dags/transform_dag.py
[2026-01-12T16:55:51.162+0000] {processor.py:840} INFO - DAG(s) 'amazon_transform_dag' retrieved from /opt/airflow/dags/transform_dag.py
[2026-01-12T16:55:51.187+0000] {logging_mixin.py:188} INFO - [2026-01-12T16:55:51.187+0000] {dag.py:3036} INFO - Sync 1 DAGs
[2026-01-12T16:55:51.215+0000] {logging_mixin.py:188} INFO - [2026-01-12T16:55:51.214+0000] {dag.py:3823} INFO - Setting next_dagrun for amazon_transform_dag to 2026-01-12 00:00:00+00:00, run_after=2026-01-13 00:00:00+00:00
[2026-01-12T16:55:51.247+0000] {processor.py:183} INFO - Processing /opt/airflow/dags/transform_dag.py took 0.527 seconds
[2026-01-12T16:56:21.617+0000] {processor.py:161} INFO - Started process (PID=1125) to work on /opt/airflow/dags/transform_dag.py
[2026-01-12T16:56:21.618+0000] {processor.py:830} INFO - Processing file /opt/airflow/dags/transform_dag.py for tasks to queue
[2026-01-12T16:56:21.619+0000] {logging_mixin.py:188} INFO - [2026-01-12T16:56:21.619+0000] {dagbag.py:538} INFO - Filling up the DagBag from /opt/airflow/dags/transform_dag.py
[2026-01-12T16:56:22.074+0000] {processor.py:840} INFO - DAG(s) 'amazon_transform_dag' retrieved from /opt/airflow/dags/transform_dag.py
[2026-01-12T16:56:22.101+0000] {logging_mixin.py:188} INFO - [2026-01-12T16:56:22.100+0000] {dag.py:3036} INFO - Sync 1 DAGs
[2026-01-12T16:56:22.125+0000] {logging_mixin.py:188} INFO - [2026-01-12T16:56:22.124+0000] {dag.py:3823} INFO - Setting next_dagrun for amazon_transform_dag to 2026-01-12 00:00:00+00:00, run_after=2026-01-13 00:00:00+00:00
[2026-01-12T16:56:22.161+0000] {processor.py:183} INFO - Processing /opt/airflow/dags/transform_dag.py took 0.547 seconds
[2026-01-12T16:56:52.463+0000] {processor.py:161} INFO - Started process (PID=1165) to work on /opt/airflow/dags/transform_dag.py
[2026-01-12T16:56:52.465+0000] {processor.py:830} INFO - Processing file /opt/airflow/dags/transform_dag.py for tasks to queue
[2026-01-12T16:56:52.468+0000] {logging_mixin.py:188} INFO - [2026-01-12T16:56:52.467+0000] {dagbag.py:538} INFO - Filling up the DagBag from /opt/airflow/dags/transform_dag.py
[2026-01-12T16:56:52.917+0000] {processor.py:840} INFO - DAG(s) 'amazon_transform_dag' retrieved from /opt/airflow/dags/transform_dag.py
[2026-01-12T16:56:52.942+0000] {logging_mixin.py:188} INFO - [2026-01-12T16:56:52.941+0000] {dag.py:3036} INFO - Sync 1 DAGs
[2026-01-12T16:56:52.968+0000] {logging_mixin.py:188} INFO - [2026-01-12T16:56:52.968+0000] {dag.py:3823} INFO - Setting next_dagrun for amazon_transform_dag to 2026-01-12 00:00:00+00:00, run_after=2026-01-13 00:00:00+00:00
[2026-01-12T16:56:53.001+0000] {processor.py:183} INFO - Processing /opt/airflow/dags/transform_dag.py took 0.544 seconds
[2026-01-12T16:57:23.253+0000] {processor.py:161} INFO - Started process (PID=1205) to work on /opt/airflow/dags/transform_dag.py
[2026-01-12T16:57:23.255+0000] {processor.py:830} INFO - Processing file /opt/airflow/dags/transform_dag.py for tasks to queue
[2026-01-12T16:57:23.257+0000] {logging_mixin.py:188} INFO - [2026-01-12T16:57:23.256+0000] {dagbag.py:538} INFO - Filling up the DagBag from /opt/airflow/dags/transform_dag.py
[2026-01-12T16:57:23.700+0000] {processor.py:840} INFO - DAG(s) 'amazon_transform_dag' retrieved from /opt/airflow/dags/transform_dag.py
[2026-01-12T16:57:23.728+0000] {logging_mixin.py:188} INFO - [2026-01-12T16:57:23.727+0000] {dag.py:3036} INFO - Sync 1 DAGs
[2026-01-12T16:57:23.749+0000] {logging_mixin.py:188} INFO - [2026-01-12T16:57:23.749+0000] {dag.py:3823} INFO - Setting next_dagrun for amazon_transform_dag to 2026-01-12 00:00:00+00:00, run_after=2026-01-13 00:00:00+00:00
[2026-01-12T16:57:23.784+0000] {processor.py:183} INFO - Processing /opt/airflow/dags/transform_dag.py took 0.536 seconds
[2026-01-12T16:57:53.986+0000] {processor.py:161} INFO - Started process (PID=1245) to work on /opt/airflow/dags/transform_dag.py
[2026-01-12T16:57:53.987+0000] {processor.py:830} INFO - Processing file /opt/airflow/dags/transform_dag.py for tasks to queue
[2026-01-12T16:57:53.989+0000] {logging_mixin.py:188} INFO - [2026-01-12T16:57:53.988+0000] {dagbag.py:538} INFO - Filling up the DagBag from /opt/airflow/dags/transform_dag.py
[2026-01-12T16:57:54.466+0000] {processor.py:840} INFO - DAG(s) 'amazon_transform_dag' retrieved from /opt/airflow/dags/transform_dag.py
[2026-01-12T16:57:54.494+0000] {logging_mixin.py:188} INFO - [2026-01-12T16:57:54.494+0000] {dag.py:3036} INFO - Sync 1 DAGs
[2026-01-12T16:57:54.520+0000] {logging_mixin.py:188} INFO - [2026-01-12T16:57:54.519+0000] {dag.py:3823} INFO - Setting next_dagrun for amazon_transform_dag to 2026-01-12 00:00:00+00:00, run_after=2026-01-13 00:00:00+00:00
[2026-01-12T16:57:54.563+0000] {processor.py:183} INFO - Processing /opt/airflow/dags/transform_dag.py took 0.581 seconds
[2026-01-12T16:58:24.873+0000] {processor.py:161} INFO - Started process (PID=1285) to work on /opt/airflow/dags/transform_dag.py
[2026-01-12T16:58:24.875+0000] {processor.py:830} INFO - Processing file /opt/airflow/dags/transform_dag.py for tasks to queue
[2026-01-12T16:58:24.877+0000] {logging_mixin.py:188} INFO - [2026-01-12T16:58:24.877+0000] {dagbag.py:538} INFO - Filling up the DagBag from /opt/airflow/dags/transform_dag.py
[2026-01-12T16:58:25.319+0000] {processor.py:840} INFO - DAG(s) 'amazon_transform_dag' retrieved from /opt/airflow/dags/transform_dag.py
[2026-01-12T16:58:25.346+0000] {logging_mixin.py:188} INFO - [2026-01-12T16:58:25.345+0000] {dag.py:3036} INFO - Sync 1 DAGs
[2026-01-12T16:58:25.369+0000] {logging_mixin.py:188} INFO - [2026-01-12T16:58:25.368+0000] {dag.py:3823} INFO - Setting next_dagrun for amazon_transform_dag to 2026-01-12 00:00:00+00:00, run_after=2026-01-13 00:00:00+00:00
[2026-01-12T16:58:25.405+0000] {processor.py:183} INFO - Processing /opt/airflow/dags/transform_dag.py took 0.536 seconds
[2026-01-12T16:58:55.786+0000] {processor.py:161} INFO - Started process (PID=1325) to work on /opt/airflow/dags/transform_dag.py
[2026-01-12T16:58:55.787+0000] {processor.py:830} INFO - Processing file /opt/airflow/dags/transform_dag.py for tasks to queue
[2026-01-12T16:58:55.789+0000] {logging_mixin.py:188} INFO - [2026-01-12T16:58:55.788+0000] {dagbag.py:538} INFO - Filling up the DagBag from /opt/airflow/dags/transform_dag.py
[2026-01-12T16:58:56.220+0000] {processor.py:840} INFO - DAG(s) 'amazon_transform_dag' retrieved from /opt/airflow/dags/transform_dag.py
[2026-01-12T16:58:56.245+0000] {logging_mixin.py:188} INFO - [2026-01-12T16:58:56.244+0000] {dag.py:3036} INFO - Sync 1 DAGs
[2026-01-12T16:58:56.267+0000] {logging_mixin.py:188} INFO - [2026-01-12T16:58:56.267+0000] {dag.py:3823} INFO - Setting next_dagrun for amazon_transform_dag to 2026-01-12 00:00:00+00:00, run_after=2026-01-13 00:00:00+00:00
[2026-01-12T16:58:56.301+0000] {processor.py:183} INFO - Processing /opt/airflow/dags/transform_dag.py took 0.519 seconds
[2026-01-12T16:59:26.735+0000] {processor.py:161} INFO - Started process (PID=1365) to work on /opt/airflow/dags/transform_dag.py
[2026-01-12T16:59:26.737+0000] {processor.py:830} INFO - Processing file /opt/airflow/dags/transform_dag.py for tasks to queue
[2026-01-12T16:59:26.739+0000] {logging_mixin.py:188} INFO - [2026-01-12T16:59:26.739+0000] {dagbag.py:538} INFO - Filling up the DagBag from /opt/airflow/dags/transform_dag.py
[2026-01-12T16:59:27.212+0000] {processor.py:840} INFO - DAG(s) 'amazon_transform_dag' retrieved from /opt/airflow/dags/transform_dag.py
[2026-01-12T16:59:27.303+0000] {logging_mixin.py:188} INFO - [2026-01-12T16:59:27.299+0000] {dag.py:3036} INFO - Sync 1 DAGs
[2026-01-12T16:59:27.340+0000] {logging_mixin.py:188} INFO - [2026-01-12T16:59:27.340+0000] {dag.py:3823} INFO - Setting next_dagrun for amazon_transform_dag to 2026-01-12 00:00:00+00:00, run_after=2026-01-13 00:00:00+00:00
[2026-01-12T16:59:27.375+0000] {processor.py:183} INFO - Processing /opt/airflow/dags/transform_dag.py took 0.643 seconds
[2026-01-12T16:59:57.591+0000] {processor.py:161} INFO - Started process (PID=1405) to work on /opt/airflow/dags/transform_dag.py
[2026-01-12T16:59:57.592+0000] {processor.py:830} INFO - Processing file /opt/airflow/dags/transform_dag.py for tasks to queue
[2026-01-12T16:59:57.593+0000] {logging_mixin.py:188} INFO - [2026-01-12T16:59:57.593+0000] {dagbag.py:538} INFO - Filling up the DagBag from /opt/airflow/dags/transform_dag.py
[2026-01-12T16:59:57.992+0000] {processor.py:840} INFO - DAG(s) 'amazon_transform_dag' retrieved from /opt/airflow/dags/transform_dag.py
[2026-01-12T16:59:58.017+0000] {logging_mixin.py:188} INFO - [2026-01-12T16:59:58.016+0000] {dag.py:3036} INFO - Sync 1 DAGs
[2026-01-12T16:59:58.037+0000] {logging_mixin.py:188} INFO - [2026-01-12T16:59:58.036+0000] {dag.py:3823} INFO - Setting next_dagrun for amazon_transform_dag to 2026-01-12 00:00:00+00:00, run_after=2026-01-13 00:00:00+00:00
[2026-01-12T16:59:58.075+0000] {processor.py:183} INFO - Processing /opt/airflow/dags/transform_dag.py took 0.486 seconds
[2026-01-12T17:00:28.568+0000] {processor.py:161} INFO - Started process (PID=1445) to work on /opt/airflow/dags/transform_dag.py
[2026-01-12T17:00:28.569+0000] {processor.py:830} INFO - Processing file /opt/airflow/dags/transform_dag.py for tasks to queue
[2026-01-12T17:00:28.570+0000] {logging_mixin.py:188} INFO - [2026-01-12T17:00:28.570+0000] {dagbag.py:538} INFO - Filling up the DagBag from /opt/airflow/dags/transform_dag.py
[2026-01-12T17:00:28.970+0000] {processor.py:840} INFO - DAG(s) 'amazon_transform_dag' retrieved from /opt/airflow/dags/transform_dag.py
[2026-01-12T17:00:28.993+0000] {logging_mixin.py:188} INFO - [2026-01-12T17:00:28.993+0000] {dag.py:3036} INFO - Sync 1 DAGs
[2026-01-12T17:00:29.014+0000] {logging_mixin.py:188} INFO - [2026-01-12T17:00:29.013+0000] {dag.py:3823} INFO - Setting next_dagrun for amazon_transform_dag to 2026-01-12 00:00:00+00:00, run_after=2026-01-13 00:00:00+00:00
[2026-01-12T17:00:29.055+0000] {processor.py:183} INFO - Processing /opt/airflow/dags/transform_dag.py took 0.490 seconds
[2026-01-12T17:00:59.179+0000] {processor.py:161} INFO - Started process (PID=1485) to work on /opt/airflow/dags/transform_dag.py
[2026-01-12T17:00:59.181+0000] {processor.py:830} INFO - Processing file /opt/airflow/dags/transform_dag.py for tasks to queue
[2026-01-12T17:00:59.182+0000] {logging_mixin.py:188} INFO - [2026-01-12T17:00:59.181+0000] {dagbag.py:538} INFO - Filling up the DagBag from /opt/airflow/dags/transform_dag.py
[2026-01-12T17:00:59.683+0000] {processor.py:840} INFO - DAG(s) 'amazon_transform_dag' retrieved from /opt/airflow/dags/transform_dag.py
[2026-01-12T17:00:59.707+0000] {logging_mixin.py:188} INFO - [2026-01-12T17:00:59.707+0000] {dag.py:3036} INFO - Sync 1 DAGs
[2026-01-12T17:00:59.732+0000] {logging_mixin.py:188} INFO - [2026-01-12T17:00:59.732+0000] {dag.py:3823} INFO - Setting next_dagrun for amazon_transform_dag to 2026-01-12 00:00:00+00:00, run_after=2026-01-13 00:00:00+00:00
[2026-01-12T17:00:59.765+0000] {processor.py:183} INFO - Processing /opt/airflow/dags/transform_dag.py took 0.592 seconds
[2026-01-12T17:01:30.273+0000] {processor.py:161} INFO - Started process (PID=1525) to work on /opt/airflow/dags/transform_dag.py
[2026-01-12T17:01:30.275+0000] {processor.py:830} INFO - Processing file /opt/airflow/dags/transform_dag.py for tasks to queue
[2026-01-12T17:01:30.277+0000] {logging_mixin.py:188} INFO - [2026-01-12T17:01:30.277+0000] {dagbag.py:538} INFO - Filling up the DagBag from /opt/airflow/dags/transform_dag.py
[2026-01-12T17:01:30.768+0000] {processor.py:840} INFO - DAG(s) 'amazon_transform_dag' retrieved from /opt/airflow/dags/transform_dag.py
[2026-01-12T17:01:30.800+0000] {logging_mixin.py:188} INFO - [2026-01-12T17:01:30.799+0000] {dag.py:3036} INFO - Sync 1 DAGs
[2026-01-12T17:01:30.830+0000] {logging_mixin.py:188} INFO - [2026-01-12T17:01:30.829+0000] {dag.py:3823} INFO - Setting next_dagrun for amazon_transform_dag to 2026-01-12 00:00:00+00:00, run_after=2026-01-13 00:00:00+00:00
[2026-01-12T17:01:30.870+0000] {processor.py:183} INFO - Processing /opt/airflow/dags/transform_dag.py took 0.601 seconds
[2026-01-12T17:02:01.231+0000] {processor.py:161} INFO - Started process (PID=1565) to work on /opt/airflow/dags/transform_dag.py
[2026-01-12T17:02:01.233+0000] {processor.py:830} INFO - Processing file /opt/airflow/dags/transform_dag.py for tasks to queue
[2026-01-12T17:02:01.234+0000] {logging_mixin.py:188} INFO - [2026-01-12T17:02:01.234+0000] {dagbag.py:538} INFO - Filling up the DagBag from /opt/airflow/dags/transform_dag.py
[2026-01-12T17:02:01.629+0000] {processor.py:840} INFO - DAG(s) 'amazon_transform_dag' retrieved from /opt/airflow/dags/transform_dag.py
[2026-01-12T17:02:01.650+0000] {logging_mixin.py:188} INFO - [2026-01-12T17:02:01.650+0000] {dag.py:3036} INFO - Sync 1 DAGs
[2026-01-12T17:02:01.669+0000] {logging_mixin.py:188} INFO - [2026-01-12T17:02:01.669+0000] {dag.py:3823} INFO - Setting next_dagrun for amazon_transform_dag to 2026-01-12 00:00:00+00:00, run_after=2026-01-13 00:00:00+00:00
[2026-01-12T17:02:01.700+0000] {processor.py:183} INFO - Processing /opt/airflow/dags/transform_dag.py took 0.472 seconds
[2026-01-12T17:02:31.961+0000] {processor.py:161} INFO - Started process (PID=1605) to work on /opt/airflow/dags/transform_dag.py
[2026-01-12T17:02:31.963+0000] {processor.py:830} INFO - Processing file /opt/airflow/dags/transform_dag.py for tasks to queue
[2026-01-12T17:02:31.966+0000] {logging_mixin.py:188} INFO - [2026-01-12T17:02:31.965+0000] {dagbag.py:538} INFO - Filling up the DagBag from /opt/airflow/dags/transform_dag.py
[2026-01-12T17:02:32.507+0000] {processor.py:840} INFO - DAG(s) 'amazon_transform_dag' retrieved from /opt/airflow/dags/transform_dag.py
[2026-01-12T17:02:32.545+0000] {logging_mixin.py:188} INFO - [2026-01-12T17:02:32.544+0000] {dag.py:3036} INFO - Sync 1 DAGs
[2026-01-12T17:02:32.567+0000] {logging_mixin.py:188} INFO - [2026-01-12T17:02:32.567+0000] {dag.py:3823} INFO - Setting next_dagrun for amazon_transform_dag to 2026-01-12 00:00:00+00:00, run_after=2026-01-13 00:00:00+00:00
[2026-01-12T17:02:32.603+0000] {processor.py:183} INFO - Processing /opt/airflow/dags/transform_dag.py took 0.645 seconds
[2026-01-12T17:03:02.984+0000] {processor.py:161} INFO - Started process (PID=1645) to work on /opt/airflow/dags/transform_dag.py
[2026-01-12T17:03:02.987+0000] {processor.py:830} INFO - Processing file /opt/airflow/dags/transform_dag.py for tasks to queue
[2026-01-12T17:03:02.989+0000] {logging_mixin.py:188} INFO - [2026-01-12T17:03:02.989+0000] {dagbag.py:538} INFO - Filling up the DagBag from /opt/airflow/dags/transform_dag.py
[2026-01-12T17:03:03.557+0000] {processor.py:840} INFO - DAG(s) 'amazon_transform_dag' retrieved from /opt/airflow/dags/transform_dag.py
[2026-01-12T17:03:03.581+0000] {logging_mixin.py:188} INFO - [2026-01-12T17:03:03.581+0000] {dag.py:3036} INFO - Sync 1 DAGs
[2026-01-12T17:03:03.603+0000] {logging_mixin.py:188} INFO - [2026-01-12T17:03:03.603+0000] {dag.py:3823} INFO - Setting next_dagrun for amazon_transform_dag to 2026-01-12 00:00:00+00:00, run_after=2026-01-13 00:00:00+00:00
[2026-01-12T17:03:03.636+0000] {processor.py:183} INFO - Processing /opt/airflow/dags/transform_dag.py took 0.656 seconds
[2026-01-12T17:03:34.082+0000] {processor.py:161} INFO - Started process (PID=1685) to work on /opt/airflow/dags/transform_dag.py
[2026-01-12T17:03:34.085+0000] {processor.py:830} INFO - Processing file /opt/airflow/dags/transform_dag.py for tasks to queue
[2026-01-12T17:03:34.087+0000] {logging_mixin.py:188} INFO - [2026-01-12T17:03:34.087+0000] {dagbag.py:538} INFO - Filling up the DagBag from /opt/airflow/dags/transform_dag.py
[2026-01-12T17:03:34.606+0000] {processor.py:840} INFO - DAG(s) 'amazon_transform_dag' retrieved from /opt/airflow/dags/transform_dag.py
[2026-01-12T17:03:34.632+0000] {logging_mixin.py:188} INFO - [2026-01-12T17:03:34.632+0000] {dag.py:3036} INFO - Sync 1 DAGs
[2026-01-12T17:03:34.654+0000] {logging_mixin.py:188} INFO - [2026-01-12T17:03:34.653+0000] {dag.py:3823} INFO - Setting next_dagrun for amazon_transform_dag to 2026-01-12 00:00:00+00:00, run_after=2026-01-13 00:00:00+00:00
[2026-01-12T17:03:34.687+0000] {processor.py:183} INFO - Processing /opt/airflow/dags/transform_dag.py took 0.609 seconds
[2026-01-12T17:04:04.994+0000] {processor.py:161} INFO - Started process (PID=1725) to work on /opt/airflow/dags/transform_dag.py
[2026-01-12T17:04:04.996+0000] {processor.py:830} INFO - Processing file /opt/airflow/dags/transform_dag.py for tasks to queue
[2026-01-12T17:04:04.998+0000] {logging_mixin.py:188} INFO - [2026-01-12T17:04:04.998+0000] {dagbag.py:538} INFO - Filling up the DagBag from /opt/airflow/dags/transform_dag.py
[2026-01-12T17:04:05.551+0000] {processor.py:840} INFO - DAG(s) 'amazon_transform_dag' retrieved from /opt/airflow/dags/transform_dag.py
[2026-01-12T17:04:05.579+0000] {logging_mixin.py:188} INFO - [2026-01-12T17:04:05.579+0000] {dag.py:3036} INFO - Sync 1 DAGs
[2026-01-12T17:04:05.606+0000] {logging_mixin.py:188} INFO - [2026-01-12T17:04:05.605+0000] {dag.py:3823} INFO - Setting next_dagrun for amazon_transform_dag to 2026-01-12 00:00:00+00:00, run_after=2026-01-13 00:00:00+00:00
[2026-01-12T17:04:05.640+0000] {processor.py:183} INFO - Processing /opt/airflow/dags/transform_dag.py took 0.651 seconds
[2026-01-12T17:04:35.843+0000] {processor.py:161} INFO - Started process (PID=1765) to work on /opt/airflow/dags/transform_dag.py
[2026-01-12T17:04:35.845+0000] {processor.py:830} INFO - Processing file /opt/airflow/dags/transform_dag.py for tasks to queue
[2026-01-12T17:04:35.847+0000] {logging_mixin.py:188} INFO - [2026-01-12T17:04:35.846+0000] {dagbag.py:538} INFO - Filling up the DagBag from /opt/airflow/dags/transform_dag.py
[2026-01-12T17:04:36.535+0000] {processor.py:840} INFO - DAG(s) 'amazon_transform_dag' retrieved from /opt/airflow/dags/transform_dag.py
[2026-01-12T17:04:36.563+0000] {logging_mixin.py:188} INFO - [2026-01-12T17:04:36.562+0000] {dag.py:3036} INFO - Sync 1 DAGs
[2026-01-12T17:04:36.590+0000] {logging_mixin.py:188} INFO - [2026-01-12T17:04:36.590+0000] {dag.py:3823} INFO - Setting next_dagrun for amazon_transform_dag to 2026-01-12 00:00:00+00:00, run_after=2026-01-13 00:00:00+00:00
[2026-01-12T17:04:36.730+0000] {processor.py:183} INFO - Processing /opt/airflow/dags/transform_dag.py took 0.891 seconds
[2026-01-12T17:05:07.016+0000] {processor.py:161} INFO - Started process (PID=1805) to work on /opt/airflow/dags/transform_dag.py
[2026-01-12T17:05:07.018+0000] {processor.py:830} INFO - Processing file /opt/airflow/dags/transform_dag.py for tasks to queue
[2026-01-12T17:05:07.020+0000] {logging_mixin.py:188} INFO - [2026-01-12T17:05:07.019+0000] {dagbag.py:538} INFO - Filling up the DagBag from /opt/airflow/dags/transform_dag.py
[2026-01-12T17:05:07.634+0000] {processor.py:840} INFO - DAG(s) 'amazon_transform_dag' retrieved from /opt/airflow/dags/transform_dag.py
[2026-01-12T17:05:07.664+0000] {logging_mixin.py:188} INFO - [2026-01-12T17:05:07.664+0000] {dag.py:3036} INFO - Sync 1 DAGs
[2026-01-12T17:05:07.689+0000] {logging_mixin.py:188} INFO - [2026-01-12T17:05:07.689+0000] {dag.py:3823} INFO - Setting next_dagrun for amazon_transform_dag to 2026-01-12 00:00:00+00:00, run_after=2026-01-13 00:00:00+00:00
[2026-01-12T17:05:07.726+0000] {processor.py:183} INFO - Processing /opt/airflow/dags/transform_dag.py took 0.715 seconds
[2026-01-12T17:05:38.584+0000] {processor.py:161} INFO - Started process (PID=1845) to work on /opt/airflow/dags/transform_dag.py
[2026-01-12T17:05:38.586+0000] {processor.py:830} INFO - Processing file /opt/airflow/dags/transform_dag.py for tasks to queue
[2026-01-12T17:05:38.588+0000] {logging_mixin.py:188} INFO - [2026-01-12T17:05:38.587+0000] {dagbag.py:538} INFO - Filling up the DagBag from /opt/airflow/dags/transform_dag.py
[2026-01-12T17:05:39.086+0000] {processor.py:840} INFO - DAG(s) 'amazon_transform_dag' retrieved from /opt/airflow/dags/transform_dag.py
[2026-01-12T17:05:39.113+0000] {logging_mixin.py:188} INFO - [2026-01-12T17:05:39.113+0000] {dag.py:3036} INFO - Sync 1 DAGs
[2026-01-12T17:05:39.138+0000] {logging_mixin.py:188} INFO - [2026-01-12T17:05:39.138+0000] {dag.py:3823} INFO - Setting next_dagrun for amazon_transform_dag to 2026-01-12 00:00:00+00:00, run_after=2026-01-13 00:00:00+00:00
[2026-01-12T17:05:39.180+0000] {processor.py:183} INFO - Processing /opt/airflow/dags/transform_dag.py took 0.599 seconds
[2026-01-12T17:06:09.516+0000] {processor.py:161} INFO - Started process (PID=1885) to work on /opt/airflow/dags/transform_dag.py
[2026-01-12T17:06:09.518+0000] {processor.py:830} INFO - Processing file /opt/airflow/dags/transform_dag.py for tasks to queue
[2026-01-12T17:06:09.519+0000] {logging_mixin.py:188} INFO - [2026-01-12T17:06:09.519+0000] {dagbag.py:538} INFO - Filling up the DagBag from /opt/airflow/dags/transform_dag.py
[2026-01-12T17:06:09.930+0000] {processor.py:840} INFO - DAG(s) 'amazon_transform_dag' retrieved from /opt/airflow/dags/transform_dag.py
[2026-01-12T17:06:09.957+0000] {logging_mixin.py:188} INFO - [2026-01-12T17:06:09.957+0000] {dag.py:3036} INFO - Sync 1 DAGs
[2026-01-12T17:06:09.979+0000] {logging_mixin.py:188} INFO - [2026-01-12T17:06:09.978+0000] {dag.py:3823} INFO - Setting next_dagrun for amazon_transform_dag to 2026-01-12 00:00:00+00:00, run_after=2026-01-13 00:00:00+00:00
[2026-01-12T17:06:10.011+0000] {processor.py:183} INFO - Processing /opt/airflow/dags/transform_dag.py took 0.499 seconds
[2026-01-12T17:06:40.251+0000] {processor.py:161} INFO - Started process (PID=1925) to work on /opt/airflow/dags/transform_dag.py
[2026-01-12T17:06:40.252+0000] {processor.py:830} INFO - Processing file /opt/airflow/dags/transform_dag.py for tasks to queue
[2026-01-12T17:06:40.253+0000] {logging_mixin.py:188} INFO - [2026-01-12T17:06:40.253+0000] {dagbag.py:538} INFO - Filling up the DagBag from /opt/airflow/dags/transform_dag.py
[2026-01-12T17:06:40.774+0000] {processor.py:840} INFO - DAG(s) 'amazon_transform_dag' retrieved from /opt/airflow/dags/transform_dag.py
[2026-01-12T17:06:40.803+0000] {logging_mixin.py:188} INFO - [2026-01-12T17:06:40.802+0000] {dag.py:3036} INFO - Sync 1 DAGs
[2026-01-12T17:06:40.829+0000] {logging_mixin.py:188} INFO - [2026-01-12T17:06:40.828+0000] {dag.py:3823} INFO - Setting next_dagrun for amazon_transform_dag to 2026-01-12 00:00:00+00:00, run_after=2026-01-13 00:00:00+00:00
[2026-01-12T17:06:40.872+0000] {processor.py:183} INFO - Processing /opt/airflow/dags/transform_dag.py took 0.624 seconds
[2026-01-12T17:07:11.174+0000] {processor.py:161} INFO - Started process (PID=1965) to work on /opt/airflow/dags/transform_dag.py
[2026-01-12T17:07:11.176+0000] {processor.py:830} INFO - Processing file /opt/airflow/dags/transform_dag.py for tasks to queue
[2026-01-12T17:07:11.177+0000] {logging_mixin.py:188} INFO - [2026-01-12T17:07:11.177+0000] {dagbag.py:538} INFO - Filling up the DagBag from /opt/airflow/dags/transform_dag.py
[2026-01-12T17:07:11.648+0000] {processor.py:840} INFO - DAG(s) 'amazon_transform_dag' retrieved from /opt/airflow/dags/transform_dag.py
[2026-01-12T17:07:11.675+0000] {logging_mixin.py:188} INFO - [2026-01-12T17:07:11.674+0000] {dag.py:3036} INFO - Sync 1 DAGs
[2026-01-12T17:07:11.696+0000] {logging_mixin.py:188} INFO - [2026-01-12T17:07:11.696+0000] {dag.py:3823} INFO - Setting next_dagrun for amazon_transform_dag to 2026-01-12 00:00:00+00:00, run_after=2026-01-13 00:00:00+00:00
[2026-01-12T17:07:11.726+0000] {processor.py:183} INFO - Processing /opt/airflow/dags/transform_dag.py took 0.557 seconds
[2026-01-12T17:07:41.907+0000] {processor.py:161} INFO - Started process (PID=2005) to work on /opt/airflow/dags/transform_dag.py
[2026-01-12T17:07:41.909+0000] {processor.py:830} INFO - Processing file /opt/airflow/dags/transform_dag.py for tasks to queue
[2026-01-12T17:07:41.910+0000] {logging_mixin.py:188} INFO - [2026-01-12T17:07:41.910+0000] {dagbag.py:538} INFO - Filling up the DagBag from /opt/airflow/dags/transform_dag.py
[2026-01-12T17:07:42.407+0000] {processor.py:840} INFO - DAG(s) 'amazon_transform_dag' retrieved from /opt/airflow/dags/transform_dag.py
[2026-01-12T17:07:42.435+0000] {logging_mixin.py:188} INFO - [2026-01-12T17:07:42.435+0000] {dag.py:3036} INFO - Sync 1 DAGs
[2026-01-12T17:07:42.461+0000] {logging_mixin.py:188} INFO - [2026-01-12T17:07:42.460+0000] {dag.py:3823} INFO - Setting next_dagrun for amazon_transform_dag to 2026-01-12 00:00:00+00:00, run_after=2026-01-13 00:00:00+00:00
[2026-01-12T17:07:42.495+0000] {processor.py:183} INFO - Processing /opt/airflow/dags/transform_dag.py took 0.593 seconds
[2026-01-12T17:08:12.578+0000] {processor.py:161} INFO - Started process (PID=2045) to work on /opt/airflow/dags/transform_dag.py
[2026-01-12T17:08:12.579+0000] {processor.py:830} INFO - Processing file /opt/airflow/dags/transform_dag.py for tasks to queue
[2026-01-12T17:08:12.581+0000] {logging_mixin.py:188} INFO - [2026-01-12T17:08:12.580+0000] {dagbag.py:538} INFO - Filling up the DagBag from /opt/airflow/dags/transform_dag.py
[2026-01-12T17:08:13.052+0000] {processor.py:840} INFO - DAG(s) 'amazon_transform_dag' retrieved from /opt/airflow/dags/transform_dag.py
[2026-01-12T17:08:13.078+0000] {logging_mixin.py:188} INFO - [2026-01-12T17:08:13.078+0000] {dag.py:3036} INFO - Sync 1 DAGs
[2026-01-12T17:08:13.104+0000] {logging_mixin.py:188} INFO - [2026-01-12T17:08:13.103+0000] {dag.py:3823} INFO - Setting next_dagrun for amazon_transform_dag to 2026-01-12 00:00:00+00:00, run_after=2026-01-13 00:00:00+00:00
[2026-01-12T17:08:13.138+0000] {processor.py:183} INFO - Processing /opt/airflow/dags/transform_dag.py took 0.564 seconds
[2026-01-12T17:08:43.326+0000] {processor.py:161} INFO - Started process (PID=2085) to work on /opt/airflow/dags/transform_dag.py
[2026-01-12T17:08:43.327+0000] {processor.py:830} INFO - Processing file /opt/airflow/dags/transform_dag.py for tasks to queue
[2026-01-12T17:08:43.329+0000] {logging_mixin.py:188} INFO - [2026-01-12T17:08:43.328+0000] {dagbag.py:538} INFO - Filling up the DagBag from /opt/airflow/dags/transform_dag.py
[2026-01-12T17:08:43.771+0000] {processor.py:840} INFO - DAG(s) 'amazon_transform_dag' retrieved from /opt/airflow/dags/transform_dag.py
[2026-01-12T17:08:43.795+0000] {logging_mixin.py:188} INFO - [2026-01-12T17:08:43.795+0000] {dag.py:3036} INFO - Sync 1 DAGs
[2026-01-12T17:08:43.818+0000] {logging_mixin.py:188} INFO - [2026-01-12T17:08:43.818+0000] {dag.py:3823} INFO - Setting next_dagrun for amazon_transform_dag to 2026-01-12 00:00:00+00:00, run_after=2026-01-13 00:00:00+00:00
[2026-01-12T17:08:43.850+0000] {processor.py:183} INFO - Processing /opt/airflow/dags/transform_dag.py took 0.528 seconds
[2026-01-12T17:09:14.024+0000] {processor.py:161} INFO - Started process (PID=2125) to work on /opt/airflow/dags/transform_dag.py
[2026-01-12T17:09:14.025+0000] {processor.py:830} INFO - Processing file /opt/airflow/dags/transform_dag.py for tasks to queue
[2026-01-12T17:09:14.026+0000] {logging_mixin.py:188} INFO - [2026-01-12T17:09:14.026+0000] {dagbag.py:538} INFO - Filling up the DagBag from /opt/airflow/dags/transform_dag.py
[2026-01-12T17:09:14.547+0000] {processor.py:840} INFO - DAG(s) 'amazon_transform_dag' retrieved from /opt/airflow/dags/transform_dag.py
[2026-01-12T17:09:14.575+0000] {logging_mixin.py:188} INFO - [2026-01-12T17:09:14.574+0000] {dag.py:3036} INFO - Sync 1 DAGs
[2026-01-12T17:09:14.596+0000] {logging_mixin.py:188} INFO - [2026-01-12T17:09:14.596+0000] {dag.py:3823} INFO - Setting next_dagrun for amazon_transform_dag to 2026-01-12 00:00:00+00:00, run_after=2026-01-13 00:00:00+00:00
[2026-01-12T17:09:14.628+0000] {processor.py:183} INFO - Processing /opt/airflow/dags/transform_dag.py took 0.609 seconds
[2026-01-12T17:09:44.732+0000] {processor.py:161} INFO - Started process (PID=2165) to work on /opt/airflow/dags/transform_dag.py
[2026-01-12T17:09:44.734+0000] {processor.py:830} INFO - Processing file /opt/airflow/dags/transform_dag.py for tasks to queue
[2026-01-12T17:09:44.736+0000] {logging_mixin.py:188} INFO - [2026-01-12T17:09:44.735+0000] {dagbag.py:538} INFO - Filling up the DagBag from /opt/airflow/dags/transform_dag.py
[2026-01-12T17:09:45.186+0000] {processor.py:840} INFO - DAG(s) 'amazon_transform_dag' retrieved from /opt/airflow/dags/transform_dag.py
[2026-01-12T17:09:45.216+0000] {logging_mixin.py:188} INFO - [2026-01-12T17:09:45.215+0000] {dag.py:3036} INFO - Sync 1 DAGs
[2026-01-12T17:09:45.237+0000] {logging_mixin.py:188} INFO - [2026-01-12T17:09:45.237+0000] {dag.py:3823} INFO - Setting next_dagrun for amazon_transform_dag to 2026-01-12 00:00:00+00:00, run_after=2026-01-13 00:00:00+00:00
[2026-01-12T17:09:45.269+0000] {processor.py:183} INFO - Processing /opt/airflow/dags/transform_dag.py took 0.543 seconds
[2026-01-12T17:10:15.471+0000] {processor.py:161} INFO - Started process (PID=2205) to work on /opt/airflow/dags/transform_dag.py
[2026-01-12T17:10:15.472+0000] {processor.py:830} INFO - Processing file /opt/airflow/dags/transform_dag.py for tasks to queue
[2026-01-12T17:10:15.474+0000] {logging_mixin.py:188} INFO - [2026-01-12T17:10:15.473+0000] {dagbag.py:538} INFO - Filling up the DagBag from /opt/airflow/dags/transform_dag.py
[2026-01-12T17:10:15.922+0000] {processor.py:840} INFO - DAG(s) 'amazon_transform_dag' retrieved from /opt/airflow/dags/transform_dag.py
[2026-01-12T17:10:15.949+0000] {logging_mixin.py:188} INFO - [2026-01-12T17:10:15.949+0000] {dag.py:3036} INFO - Sync 1 DAGs
[2026-01-12T17:10:15.974+0000] {logging_mixin.py:188} INFO - [2026-01-12T17:10:15.974+0000] {dag.py:3823} INFO - Setting next_dagrun for amazon_transform_dag to 2026-01-12 00:00:00+00:00, run_after=2026-01-13 00:00:00+00:00
[2026-01-12T17:10:16.009+0000] {processor.py:183} INFO - Processing /opt/airflow/dags/transform_dag.py took 0.541 seconds
[2026-01-12T17:10:46.135+0000] {processor.py:161} INFO - Started process (PID=2242) to work on /opt/airflow/dags/transform_dag.py
[2026-01-12T17:10:46.137+0000] {processor.py:830} INFO - Processing file /opt/airflow/dags/transform_dag.py for tasks to queue
[2026-01-12T17:10:46.138+0000] {logging_mixin.py:188} INFO - [2026-01-12T17:10:46.138+0000] {dagbag.py:538} INFO - Filling up the DagBag from /opt/airflow/dags/transform_dag.py
[2026-01-12T17:10:46.621+0000] {processor.py:840} INFO - DAG(s) 'amazon_transform_dag' retrieved from /opt/airflow/dags/transform_dag.py
[2026-01-12T17:10:46.650+0000] {logging_mixin.py:188} INFO - [2026-01-12T17:10:46.649+0000] {dag.py:3036} INFO - Sync 1 DAGs
[2026-01-12T17:10:46.676+0000] {logging_mixin.py:188} INFO - [2026-01-12T17:10:46.676+0000] {dag.py:3823} INFO - Setting next_dagrun for amazon_transform_dag to 2026-01-12 00:00:00+00:00, run_after=2026-01-13 00:00:00+00:00
[2026-01-12T17:10:46.726+0000] {processor.py:183} INFO - Processing /opt/airflow/dags/transform_dag.py took 0.595 seconds
[2026-01-12T17:11:17.333+0000] {processor.py:161} INFO - Started process (PID=2282) to work on /opt/airflow/dags/transform_dag.py
[2026-01-12T17:11:17.335+0000] {processor.py:830} INFO - Processing file /opt/airflow/dags/transform_dag.py for tasks to queue
[2026-01-12T17:11:17.336+0000] {logging_mixin.py:188} INFO - [2026-01-12T17:11:17.336+0000] {dagbag.py:538} INFO - Filling up the DagBag from /opt/airflow/dags/transform_dag.py
[2026-01-12T17:11:17.822+0000] {processor.py:840} INFO - DAG(s) 'amazon_transform_dag' retrieved from /opt/airflow/dags/transform_dag.py
[2026-01-12T17:11:17.863+0000] {logging_mixin.py:188} INFO - [2026-01-12T17:11:17.863+0000] {dag.py:3036} INFO - Sync 1 DAGs
[2026-01-12T17:11:17.889+0000] {logging_mixin.py:188} INFO - [2026-01-12T17:11:17.889+0000] {dag.py:3823} INFO - Setting next_dagrun for amazon_transform_dag to 2026-01-12 00:00:00+00:00, run_after=2026-01-13 00:00:00+00:00
[2026-01-12T17:11:17.924+0000] {processor.py:183} INFO - Processing /opt/airflow/dags/transform_dag.py took 0.595 seconds
