[2025-12-19T15:23:17.191+0000] {processor.py:161} INFO - Started process (PID=74) to work on /opt/airflow/dags/extract_data.py
[2025-12-19T15:23:17.193+0000] {processor.py:830} INFO - Processing file /opt/airflow/dags/extract_data.py for tasks to queue
[2025-12-19T15:23:17.195+0000] {logging_mixin.py:188} INFO - [2025-12-19T15:23:17.195+0000] {dagbag.py:538} INFO - Filling up the DagBag from /opt/airflow/dags/extract_data.py
[2025-12-19T15:23:17.495+0000] {processor.py:842} WARNING - No viable dags retrieved from /opt/airflow/dags/extract_data.py
[2025-12-19T15:23:17.505+0000] {processor.py:183} INFO - Processing /opt/airflow/dags/extract_data.py took 0.318 seconds
[2025-12-19T15:23:48.620+0000] {processor.py:161} INFO - Started process (PID=95) to work on /opt/airflow/dags/extract_data.py
[2025-12-19T15:23:48.622+0000] {processor.py:830} INFO - Processing file /opt/airflow/dags/extract_data.py for tasks to queue
[2025-12-19T15:23:48.623+0000] {logging_mixin.py:188} INFO - [2025-12-19T15:23:48.623+0000] {dagbag.py:538} INFO - Filling up the DagBag from /opt/airflow/dags/extract_data.py
[2025-12-19T15:23:48.828+0000] {processor.py:842} WARNING - No viable dags retrieved from /opt/airflow/dags/extract_data.py
[2025-12-19T15:23:48.837+0000] {processor.py:183} INFO - Processing /opt/airflow/dags/extract_data.py took 0.220 seconds
[2025-12-19T15:24:19.103+0000] {processor.py:161} INFO - Started process (PID=99) to work on /opt/airflow/dags/extract_data.py
[2025-12-19T15:24:19.105+0000] {processor.py:830} INFO - Processing file /opt/airflow/dags/extract_data.py for tasks to queue
[2025-12-19T15:24:19.106+0000] {logging_mixin.py:188} INFO - [2025-12-19T15:24:19.106+0000] {dagbag.py:538} INFO - Filling up the DagBag from /opt/airflow/dags/extract_data.py
[2025-12-19T15:24:19.326+0000] {processor.py:842} WARNING - No viable dags retrieved from /opt/airflow/dags/extract_data.py
[2025-12-19T15:24:19.336+0000] {processor.py:183} INFO - Processing /opt/airflow/dags/extract_data.py took 0.236 seconds
[2025-12-19T15:24:49.587+0000] {processor.py:161} INFO - Started process (PID=103) to work on /opt/airflow/dags/extract_data.py
[2025-12-19T15:24:49.588+0000] {processor.py:830} INFO - Processing file /opt/airflow/dags/extract_data.py for tasks to queue
[2025-12-19T15:24:49.589+0000] {logging_mixin.py:188} INFO - [2025-12-19T15:24:49.589+0000] {dagbag.py:538} INFO - Filling up the DagBag from /opt/airflow/dags/extract_data.py
[2025-12-19T15:24:49.847+0000] {processor.py:842} WARNING - No viable dags retrieved from /opt/airflow/dags/extract_data.py
[2025-12-19T15:24:49.859+0000] {processor.py:183} INFO - Processing /opt/airflow/dags/extract_data.py took 0.276 seconds
[2025-12-19T15:25:20.031+0000] {processor.py:161} INFO - Started process (PID=107) to work on /opt/airflow/dags/extract_data.py
[2025-12-19T15:25:20.032+0000] {processor.py:830} INFO - Processing file /opt/airflow/dags/extract_data.py for tasks to queue
[2025-12-19T15:25:20.034+0000] {logging_mixin.py:188} INFO - [2025-12-19T15:25:20.033+0000] {dagbag.py:538} INFO - Filling up the DagBag from /opt/airflow/dags/extract_data.py
[2025-12-19T15:25:20.258+0000] {processor.py:842} WARNING - No viable dags retrieved from /opt/airflow/dags/extract_data.py
[2025-12-19T15:25:20.267+0000] {processor.py:183} INFO - Processing /opt/airflow/dags/extract_data.py took 0.238 seconds
[2025-12-19T15:25:50.516+0000] {processor.py:161} INFO - Started process (PID=111) to work on /opt/airflow/dags/extract_data.py
[2025-12-19T15:25:50.517+0000] {processor.py:830} INFO - Processing file /opt/airflow/dags/extract_data.py for tasks to queue
[2025-12-19T15:25:50.519+0000] {logging_mixin.py:188} INFO - [2025-12-19T15:25:50.518+0000] {dagbag.py:538} INFO - Filling up the DagBag from /opt/airflow/dags/extract_data.py
[2025-12-19T15:25:50.755+0000] {processor.py:842} WARNING - No viable dags retrieved from /opt/airflow/dags/extract_data.py
[2025-12-19T15:25:50.766+0000] {processor.py:183} INFO - Processing /opt/airflow/dags/extract_data.py took 0.253 seconds
[2025-12-19T15:26:20.979+0000] {processor.py:161} INFO - Started process (PID=115) to work on /opt/airflow/dags/extract_data.py
[2025-12-19T15:26:20.980+0000] {processor.py:830} INFO - Processing file /opt/airflow/dags/extract_data.py for tasks to queue
[2025-12-19T15:26:20.981+0000] {logging_mixin.py:188} INFO - [2025-12-19T15:26:20.981+0000] {dagbag.py:538} INFO - Filling up the DagBag from /opt/airflow/dags/extract_data.py
[2025-12-19T15:26:21.175+0000] {processor.py:842} WARNING - No viable dags retrieved from /opt/airflow/dags/extract_data.py
[2025-12-19T15:26:21.184+0000] {processor.py:183} INFO - Processing /opt/airflow/dags/extract_data.py took 0.207 seconds
[2025-12-19T15:26:51.441+0000] {processor.py:161} INFO - Started process (PID=119) to work on /opt/airflow/dags/extract_data.py
[2025-12-19T15:26:51.442+0000] {processor.py:830} INFO - Processing file /opt/airflow/dags/extract_data.py for tasks to queue
[2025-12-19T15:26:51.445+0000] {logging_mixin.py:188} INFO - [2025-12-19T15:26:51.444+0000] {dagbag.py:538} INFO - Filling up the DagBag from /opt/airflow/dags/extract_data.py
[2025-12-19T15:26:51.677+0000] {processor.py:842} WARNING - No viable dags retrieved from /opt/airflow/dags/extract_data.py
[2025-12-19T15:26:51.693+0000] {processor.py:183} INFO - Processing /opt/airflow/dags/extract_data.py took 0.254 seconds
[2025-12-19T15:27:21.880+0000] {processor.py:161} INFO - Started process (PID=123) to work on /opt/airflow/dags/extract_data.py
[2025-12-19T15:27:21.881+0000] {processor.py:830} INFO - Processing file /opt/airflow/dags/extract_data.py for tasks to queue
[2025-12-19T15:27:21.882+0000] {logging_mixin.py:188} INFO - [2025-12-19T15:27:21.882+0000] {dagbag.py:538} INFO - Filling up the DagBag from /opt/airflow/dags/extract_data.py
[2025-12-19T15:27:22.077+0000] {processor.py:842} WARNING - No viable dags retrieved from /opt/airflow/dags/extract_data.py
[2025-12-19T15:27:22.085+0000] {processor.py:183} INFO - Processing /opt/airflow/dags/extract_data.py took 0.208 seconds
[2025-12-19T15:27:52.266+0000] {processor.py:161} INFO - Started process (PID=127) to work on /opt/airflow/dags/extract_data.py
[2025-12-19T15:27:52.267+0000] {processor.py:830} INFO - Processing file /opt/airflow/dags/extract_data.py for tasks to queue
[2025-12-19T15:27:52.268+0000] {logging_mixin.py:188} INFO - [2025-12-19T15:27:52.268+0000] {dagbag.py:538} INFO - Filling up the DagBag from /opt/airflow/dags/extract_data.py
[2025-12-19T15:27:52.470+0000] {processor.py:842} WARNING - No viable dags retrieved from /opt/airflow/dags/extract_data.py
[2025-12-19T15:27:52.479+0000] {processor.py:183} INFO - Processing /opt/airflow/dags/extract_data.py took 0.215 seconds
[2025-12-19T15:28:22.749+0000] {processor.py:161} INFO - Started process (PID=131) to work on /opt/airflow/dags/extract_data.py
[2025-12-19T15:28:22.750+0000] {processor.py:830} INFO - Processing file /opt/airflow/dags/extract_data.py for tasks to queue
[2025-12-19T15:28:22.751+0000] {logging_mixin.py:188} INFO - [2025-12-19T15:28:22.751+0000] {dagbag.py:538} INFO - Filling up the DagBag from /opt/airflow/dags/extract_data.py
[2025-12-19T15:28:22.952+0000] {processor.py:842} WARNING - No viable dags retrieved from /opt/airflow/dags/extract_data.py
[2025-12-19T15:28:22.961+0000] {processor.py:183} INFO - Processing /opt/airflow/dags/extract_data.py took 0.214 seconds
[2025-12-19T15:28:53.213+0000] {processor.py:161} INFO - Started process (PID=135) to work on /opt/airflow/dags/extract_data.py
[2025-12-19T15:28:53.214+0000] {processor.py:830} INFO - Processing file /opt/airflow/dags/extract_data.py for tasks to queue
[2025-12-19T15:28:53.216+0000] {logging_mixin.py:188} INFO - [2025-12-19T15:28:53.215+0000] {dagbag.py:538} INFO - Filling up the DagBag from /opt/airflow/dags/extract_data.py
[2025-12-19T15:28:53.481+0000] {processor.py:842} WARNING - No viable dags retrieved from /opt/airflow/dags/extract_data.py
[2025-12-19T15:28:53.494+0000] {processor.py:183} INFO - Processing /opt/airflow/dags/extract_data.py took 0.284 seconds
[2025-12-19T15:29:23.685+0000] {processor.py:161} INFO - Started process (PID=139) to work on /opt/airflow/dags/extract_data.py
[2025-12-19T15:29:23.686+0000] {processor.py:830} INFO - Processing file /opt/airflow/dags/extract_data.py for tasks to queue
[2025-12-19T15:29:23.687+0000] {logging_mixin.py:188} INFO - [2025-12-19T15:29:23.686+0000] {dagbag.py:538} INFO - Filling up the DagBag from /opt/airflow/dags/extract_data.py
[2025-12-19T15:29:23.874+0000] {processor.py:842} WARNING - No viable dags retrieved from /opt/airflow/dags/extract_data.py
[2025-12-19T15:29:23.882+0000] {processor.py:183} INFO - Processing /opt/airflow/dags/extract_data.py took 0.200 seconds
[2025-12-19T15:29:54.154+0000] {processor.py:161} INFO - Started process (PID=143) to work on /opt/airflow/dags/extract_data.py
[2025-12-19T15:29:54.155+0000] {processor.py:830} INFO - Processing file /opt/airflow/dags/extract_data.py for tasks to queue
[2025-12-19T15:29:54.155+0000] {logging_mixin.py:188} INFO - [2025-12-19T15:29:54.155+0000] {dagbag.py:538} INFO - Filling up the DagBag from /opt/airflow/dags/extract_data.py
[2025-12-19T15:29:54.351+0000] {processor.py:842} WARNING - No viable dags retrieved from /opt/airflow/dags/extract_data.py
[2025-12-19T15:29:54.359+0000] {processor.py:183} INFO - Processing /opt/airflow/dags/extract_data.py took 0.208 seconds
[2025-12-19T15:30:24.648+0000] {processor.py:161} INFO - Started process (PID=166) to work on /opt/airflow/dags/extract_data.py
[2025-12-19T15:30:24.649+0000] {processor.py:830} INFO - Processing file /opt/airflow/dags/extract_data.py for tasks to queue
[2025-12-19T15:30:24.649+0000] {logging_mixin.py:188} INFO - [2025-12-19T15:30:24.649+0000] {dagbag.py:538} INFO - Filling up the DagBag from /opt/airflow/dags/extract_data.py
[2025-12-19T15:30:24.839+0000] {processor.py:842} WARNING - No viable dags retrieved from /opt/airflow/dags/extract_data.py
[2025-12-19T15:30:24.848+0000] {processor.py:183} INFO - Processing /opt/airflow/dags/extract_data.py took 0.203 seconds
[2025-12-19T15:30:55.109+0000] {processor.py:161} INFO - Started process (PID=170) to work on /opt/airflow/dags/extract_data.py
[2025-12-19T15:30:55.111+0000] {processor.py:830} INFO - Processing file /opt/airflow/dags/extract_data.py for tasks to queue
[2025-12-19T15:30:55.112+0000] {logging_mixin.py:188} INFO - [2025-12-19T15:30:55.112+0000] {dagbag.py:538} INFO - Filling up the DagBag from /opt/airflow/dags/extract_data.py
[2025-12-19T15:30:55.310+0000] {processor.py:842} WARNING - No viable dags retrieved from /opt/airflow/dags/extract_data.py
[2025-12-19T15:30:55.318+0000] {processor.py:183} INFO - Processing /opt/airflow/dags/extract_data.py took 0.211 seconds
[2025-12-19T15:31:25.624+0000] {processor.py:161} INFO - Started process (PID=175) to work on /opt/airflow/dags/extract_data.py
[2025-12-19T15:31:25.626+0000] {processor.py:830} INFO - Processing file /opt/airflow/dags/extract_data.py for tasks to queue
[2025-12-19T15:31:25.629+0000] {logging_mixin.py:188} INFO - [2025-12-19T15:31:25.628+0000] {dagbag.py:538} INFO - Filling up the DagBag from /opt/airflow/dags/extract_data.py
[2025-12-19T15:31:25.925+0000] {processor.py:842} WARNING - No viable dags retrieved from /opt/airflow/dags/extract_data.py
[2025-12-19T15:31:25.936+0000] {processor.py:183} INFO - Processing /opt/airflow/dags/extract_data.py took 0.318 seconds
[2025-12-19T15:31:57.041+0000] {processor.py:161} INFO - Started process (PID=186) to work on /opt/airflow/dags/extract_data.py
[2025-12-19T15:31:57.042+0000] {processor.py:830} INFO - Processing file /opt/airflow/dags/extract_data.py for tasks to queue
[2025-12-19T15:31:57.043+0000] {logging_mixin.py:188} INFO - [2025-12-19T15:31:57.043+0000] {dagbag.py:538} INFO - Filling up the DagBag from /opt/airflow/dags/extract_data.py
[2025-12-19T15:31:57.235+0000] {processor.py:842} WARNING - No viable dags retrieved from /opt/airflow/dags/extract_data.py
[2025-12-19T15:31:57.244+0000] {processor.py:183} INFO - Processing /opt/airflow/dags/extract_data.py took 0.206 seconds
[2025-12-19T15:32:27.635+0000] {processor.py:161} INFO - Started process (PID=190) to work on /opt/airflow/dags/extract_data.py
[2025-12-19T15:32:27.637+0000] {processor.py:830} INFO - Processing file /opt/airflow/dags/extract_data.py for tasks to queue
[2025-12-19T15:32:27.638+0000] {logging_mixin.py:188} INFO - [2025-12-19T15:32:27.638+0000] {dagbag.py:538} INFO - Filling up the DagBag from /opt/airflow/dags/extract_data.py
[2025-12-19T15:32:27.887+0000] {processor.py:842} WARNING - No viable dags retrieved from /opt/airflow/dags/extract_data.py
[2025-12-19T15:32:27.898+0000] {processor.py:183} INFO - Processing /opt/airflow/dags/extract_data.py took 0.269 seconds
[2025-12-19T15:32:58.016+0000] {processor.py:161} INFO - Started process (PID=194) to work on /opt/airflow/dags/extract_data.py
[2025-12-19T15:32:58.017+0000] {processor.py:830} INFO - Processing file /opt/airflow/dags/extract_data.py for tasks to queue
[2025-12-19T15:32:58.018+0000] {logging_mixin.py:188} INFO - [2025-12-19T15:32:58.018+0000] {dagbag.py:538} INFO - Filling up the DagBag from /opt/airflow/dags/extract_data.py
[2025-12-19T15:32:58.261+0000] {processor.py:842} WARNING - No viable dags retrieved from /opt/airflow/dags/extract_data.py
[2025-12-19T15:32:58.271+0000] {processor.py:183} INFO - Processing /opt/airflow/dags/extract_data.py took 0.258 seconds
[2025-12-19T15:33:28.461+0000] {processor.py:161} INFO - Started process (PID=219) to work on /opt/airflow/dags/extract_data.py
[2025-12-19T15:33:28.463+0000] {processor.py:830} INFO - Processing file /opt/airflow/dags/extract_data.py for tasks to queue
[2025-12-19T15:33:28.464+0000] {logging_mixin.py:188} INFO - [2025-12-19T15:33:28.464+0000] {dagbag.py:538} INFO - Filling up the DagBag from /opt/airflow/dags/extract_data.py
[2025-12-19T15:33:28.702+0000] {processor.py:842} WARNING - No viable dags retrieved from /opt/airflow/dags/extract_data.py
[2025-12-19T15:33:28.715+0000] {processor.py:183} INFO - Processing /opt/airflow/dags/extract_data.py took 0.257 seconds
[2025-12-19T15:33:58.863+0000] {processor.py:161} INFO - Started process (PID=242) to work on /opt/airflow/dags/extract_data.py
[2025-12-19T15:33:58.864+0000] {processor.py:830} INFO - Processing file /opt/airflow/dags/extract_data.py for tasks to queue
[2025-12-19T15:33:58.865+0000] {logging_mixin.py:188} INFO - [2025-12-19T15:33:58.865+0000] {dagbag.py:538} INFO - Filling up the DagBag from /opt/airflow/dags/extract_data.py
[2025-12-19T15:33:59.077+0000] {processor.py:842} WARNING - No viable dags retrieved from /opt/airflow/dags/extract_data.py
[2025-12-19T15:33:59.085+0000] {processor.py:183} INFO - Processing /opt/airflow/dags/extract_data.py took 0.225 seconds
[2025-12-19T15:34:15.984+0000] {processor.py:161} INFO - Started process (PID=74) to work on /opt/airflow/dags/extract_data.py
[2025-12-19T15:34:15.986+0000] {processor.py:830} INFO - Processing file /opt/airflow/dags/extract_data.py for tasks to queue
[2025-12-19T15:34:15.988+0000] {logging_mixin.py:188} INFO - [2025-12-19T15:34:15.988+0000] {dagbag.py:538} INFO - Filling up the DagBag from /opt/airflow/dags/extract_data.py
[2025-12-19T15:34:16.242+0000] {processor.py:842} WARNING - No viable dags retrieved from /opt/airflow/dags/extract_data.py
[2025-12-19T15:34:16.254+0000] {processor.py:183} INFO - Processing /opt/airflow/dags/extract_data.py took 0.274 seconds
[2025-12-19T15:34:47.029+0000] {processor.py:161} INFO - Started process (PID=89) to work on /opt/airflow/dags/extract_data.py
[2025-12-19T15:34:47.030+0000] {processor.py:830} INFO - Processing file /opt/airflow/dags/extract_data.py for tasks to queue
[2025-12-19T15:34:47.031+0000] {logging_mixin.py:188} INFO - [2025-12-19T15:34:47.031+0000] {dagbag.py:538} INFO - Filling up the DagBag from /opt/airflow/dags/extract_data.py
[2025-12-19T15:34:47.222+0000] {processor.py:842} WARNING - No viable dags retrieved from /opt/airflow/dags/extract_data.py
[2025-12-19T15:34:47.230+0000] {processor.py:183} INFO - Processing /opt/airflow/dags/extract_data.py took 0.204 seconds
[2025-12-19T15:35:18.328+0000] {processor.py:161} INFO - Started process (PID=93) to work on /opt/airflow/dags/extract_data.py
[2025-12-19T15:35:18.330+0000] {processor.py:830} INFO - Processing file /opt/airflow/dags/extract_data.py for tasks to queue
[2025-12-19T15:35:18.331+0000] {logging_mixin.py:188} INFO - [2025-12-19T15:35:18.330+0000] {dagbag.py:538} INFO - Filling up the DagBag from /opt/airflow/dags/extract_data.py
[2025-12-19T15:35:18.541+0000] {processor.py:842} WARNING - No viable dags retrieved from /opt/airflow/dags/extract_data.py
[2025-12-19T15:35:18.551+0000] {processor.py:183} INFO - Processing /opt/airflow/dags/extract_data.py took 0.225 seconds
[2025-12-19T15:35:49.514+0000] {processor.py:161} INFO - Started process (PID=97) to work on /opt/airflow/dags/extract_data.py
[2025-12-19T15:35:49.515+0000] {processor.py:830} INFO - Processing file /opt/airflow/dags/extract_data.py for tasks to queue
[2025-12-19T15:35:49.516+0000] {logging_mixin.py:188} INFO - [2025-12-19T15:35:49.515+0000] {dagbag.py:538} INFO - Filling up the DagBag from /opt/airflow/dags/extract_data.py
[2025-12-19T15:35:49.729+0000] {processor.py:842} WARNING - No viable dags retrieved from /opt/airflow/dags/extract_data.py
[2025-12-19T15:35:49.740+0000] {processor.py:183} INFO - Processing /opt/airflow/dags/extract_data.py took 0.229 seconds
[2025-12-19T15:36:19.952+0000] {processor.py:161} INFO - Started process (PID=101) to work on /opt/airflow/dags/extract_data.py
[2025-12-19T15:36:19.953+0000] {processor.py:830} INFO - Processing file /opt/airflow/dags/extract_data.py for tasks to queue
[2025-12-19T15:36:19.954+0000] {logging_mixin.py:188} INFO - [2025-12-19T15:36:19.954+0000] {dagbag.py:538} INFO - Filling up the DagBag from /opt/airflow/dags/extract_data.py
[2025-12-19T15:36:20.176+0000] {processor.py:842} WARNING - No viable dags retrieved from /opt/airflow/dags/extract_data.py
[2025-12-19T15:36:20.185+0000] {processor.py:183} INFO - Processing /opt/airflow/dags/extract_data.py took 0.236 seconds
[2025-12-19T15:36:50.311+0000] {processor.py:161} INFO - Started process (PID=105) to work on /opt/airflow/dags/extract_data.py
[2025-12-19T15:36:50.313+0000] {processor.py:830} INFO - Processing file /opt/airflow/dags/extract_data.py for tasks to queue
[2025-12-19T15:36:50.316+0000] {logging_mixin.py:188} INFO - [2025-12-19T15:36:50.315+0000] {dagbag.py:538} INFO - Filling up the DagBag from /opt/airflow/dags/extract_data.py
[2025-12-19T15:36:50.573+0000] {processor.py:842} WARNING - No viable dags retrieved from /opt/airflow/dags/extract_data.py
[2025-12-19T15:36:50.582+0000] {processor.py:183} INFO - Processing /opt/airflow/dags/extract_data.py took 0.275 seconds
[2025-12-19T15:37:20.681+0000] {processor.py:161} INFO - Started process (PID=109) to work on /opt/airflow/dags/extract_data.py
[2025-12-19T15:37:20.682+0000] {processor.py:830} INFO - Processing file /opt/airflow/dags/extract_data.py for tasks to queue
[2025-12-19T15:37:20.683+0000] {logging_mixin.py:188} INFO - [2025-12-19T15:37:20.682+0000] {dagbag.py:538} INFO - Filling up the DagBag from /opt/airflow/dags/extract_data.py
[2025-12-19T15:37:20.870+0000] {processor.py:842} WARNING - No viable dags retrieved from /opt/airflow/dags/extract_data.py
[2025-12-19T15:37:20.879+0000] {processor.py:183} INFO - Processing /opt/airflow/dags/extract_data.py took 0.200 seconds
[2025-12-19T15:37:51.049+0000] {processor.py:161} INFO - Started process (PID=113) to work on /opt/airflow/dags/extract_data.py
[2025-12-19T15:37:51.050+0000] {processor.py:830} INFO - Processing file /opt/airflow/dags/extract_data.py for tasks to queue
[2025-12-19T15:37:51.051+0000] {logging_mixin.py:188} INFO - [2025-12-19T15:37:51.051+0000] {dagbag.py:538} INFO - Filling up the DagBag from /opt/airflow/dags/extract_data.py
[2025-12-19T15:37:51.240+0000] {processor.py:842} WARNING - No viable dags retrieved from /opt/airflow/dags/extract_data.py
[2025-12-19T15:37:51.249+0000] {processor.py:183} INFO - Processing /opt/airflow/dags/extract_data.py took 0.202 seconds
[2025-12-19T15:38:21.440+0000] {processor.py:161} INFO - Started process (PID=117) to work on /opt/airflow/dags/extract_data.py
[2025-12-19T15:38:21.441+0000] {processor.py:830} INFO - Processing file /opt/airflow/dags/extract_data.py for tasks to queue
[2025-12-19T15:38:21.442+0000] {logging_mixin.py:188} INFO - [2025-12-19T15:38:21.442+0000] {dagbag.py:538} INFO - Filling up the DagBag from /opt/airflow/dags/extract_data.py
[2025-12-19T15:38:21.647+0000] {processor.py:842} WARNING - No viable dags retrieved from /opt/airflow/dags/extract_data.py
[2025-12-19T15:38:21.657+0000] {processor.py:183} INFO - Processing /opt/airflow/dags/extract_data.py took 0.219 seconds
[2025-12-19T15:38:51.920+0000] {processor.py:161} INFO - Started process (PID=121) to work on /opt/airflow/dags/extract_data.py
[2025-12-19T15:38:51.921+0000] {processor.py:830} INFO - Processing file /opt/airflow/dags/extract_data.py for tasks to queue
[2025-12-19T15:38:51.922+0000] {logging_mixin.py:188} INFO - [2025-12-19T15:38:51.922+0000] {dagbag.py:538} INFO - Filling up the DagBag from /opt/airflow/dags/extract_data.py
[2025-12-19T15:38:52.198+0000] {processor.py:842} WARNING - No viable dags retrieved from /opt/airflow/dags/extract_data.py
[2025-12-19T15:38:52.206+0000] {processor.py:183} INFO - Processing /opt/airflow/dags/extract_data.py took 0.290 seconds
[2025-12-19T16:02:44.218+0000] {processor.py:161} INFO - Started process (PID=129) to work on /opt/airflow/dags/extract_data.py
[2025-12-19T16:02:44.221+0000] {processor.py:830} INFO - Processing file /opt/airflow/dags/extract_data.py for tasks to queue
[2025-12-19T16:02:44.223+0000] {logging_mixin.py:188} INFO - [2025-12-19T16:02:44.223+0000] {dagbag.py:538} INFO - Filling up the DagBag from /opt/airflow/dags/extract_data.py
[2025-12-19T16:02:44.969+0000] {processor.py:842} WARNING - No viable dags retrieved from /opt/airflow/dags/extract_data.py
[2025-12-19T16:02:45.034+0000] {processor.py:183} INFO - Processing /opt/airflow/dags/extract_data.py took 0.820 seconds
[2025-12-19T16:03:15.306+0000] {processor.py:161} INFO - Started process (PID=133) to work on /opt/airflow/dags/extract_data.py
[2025-12-19T16:03:15.307+0000] {processor.py:830} INFO - Processing file /opt/airflow/dags/extract_data.py for tasks to queue
[2025-12-19T16:03:15.308+0000] {logging_mixin.py:188} INFO - [2025-12-19T16:03:15.308+0000] {dagbag.py:538} INFO - Filling up the DagBag from /opt/airflow/dags/extract_data.py
[2025-12-19T16:03:15.525+0000] {processor.py:842} WARNING - No viable dags retrieved from /opt/airflow/dags/extract_data.py
[2025-12-19T16:03:15.535+0000] {processor.py:183} INFO - Processing /opt/airflow/dags/extract_data.py took 0.232 seconds
[2025-12-19T16:03:45.703+0000] {processor.py:161} INFO - Started process (PID=137) to work on /opt/airflow/dags/extract_data.py
[2025-12-19T16:03:45.704+0000] {processor.py:830} INFO - Processing file /opt/airflow/dags/extract_data.py for tasks to queue
[2025-12-19T16:03:45.705+0000] {logging_mixin.py:188} INFO - [2025-12-19T16:03:45.705+0000] {dagbag.py:538} INFO - Filling up the DagBag from /opt/airflow/dags/extract_data.py
[2025-12-19T16:03:45.934+0000] {processor.py:842} WARNING - No viable dags retrieved from /opt/airflow/dags/extract_data.py
[2025-12-19T16:03:45.944+0000] {processor.py:183} INFO - Processing /opt/airflow/dags/extract_data.py took 0.243 seconds
[2025-12-19T16:04:16.120+0000] {processor.py:161} INFO - Started process (PID=141) to work on /opt/airflow/dags/extract_data.py
[2025-12-19T16:04:16.121+0000] {processor.py:830} INFO - Processing file /opt/airflow/dags/extract_data.py for tasks to queue
[2025-12-19T16:04:16.123+0000] {logging_mixin.py:188} INFO - [2025-12-19T16:04:16.123+0000] {dagbag.py:538} INFO - Filling up the DagBag from /opt/airflow/dags/extract_data.py
[2025-12-19T16:04:16.428+0000] {processor.py:842} WARNING - No viable dags retrieved from /opt/airflow/dags/extract_data.py
[2025-12-19T16:04:16.442+0000] {processor.py:183} INFO - Processing /opt/airflow/dags/extract_data.py took 0.326 seconds
[2025-12-19T16:04:46.654+0000] {processor.py:161} INFO - Started process (PID=145) to work on /opt/airflow/dags/extract_data.py
[2025-12-19T16:04:46.655+0000] {processor.py:830} INFO - Processing file /opt/airflow/dags/extract_data.py for tasks to queue
[2025-12-19T16:04:46.657+0000] {logging_mixin.py:188} INFO - [2025-12-19T16:04:46.656+0000] {dagbag.py:538} INFO - Filling up the DagBag from /opt/airflow/dags/extract_data.py
[2025-12-19T16:04:46.986+0000] {processor.py:842} WARNING - No viable dags retrieved from /opt/airflow/dags/extract_data.py
[2025-12-19T16:04:47.002+0000] {processor.py:183} INFO - Processing /opt/airflow/dags/extract_data.py took 0.352 seconds
[2025-12-19T16:05:17.231+0000] {processor.py:161} INFO - Started process (PID=149) to work on /opt/airflow/dags/extract_data.py
[2025-12-19T16:05:17.233+0000] {processor.py:830} INFO - Processing file /opt/airflow/dags/extract_data.py for tasks to queue
[2025-12-19T16:05:17.235+0000] {logging_mixin.py:188} INFO - [2025-12-19T16:05:17.235+0000] {dagbag.py:538} INFO - Filling up the DagBag from /opt/airflow/dags/extract_data.py
[2025-12-19T16:05:17.538+0000] {processor.py:842} WARNING - No viable dags retrieved from /opt/airflow/dags/extract_data.py
[2025-12-19T16:05:17.550+0000] {processor.py:183} INFO - Processing /opt/airflow/dags/extract_data.py took 0.322 seconds
[2025-12-19T16:05:47.783+0000] {processor.py:161} INFO - Started process (PID=153) to work on /opt/airflow/dags/extract_data.py
[2025-12-19T16:05:47.785+0000] {processor.py:830} INFO - Processing file /opt/airflow/dags/extract_data.py for tasks to queue
[2025-12-19T16:05:47.787+0000] {logging_mixin.py:188} INFO - [2025-12-19T16:05:47.786+0000] {dagbag.py:538} INFO - Filling up the DagBag from /opt/airflow/dags/extract_data.py
[2025-12-19T16:05:48.150+0000] {processor.py:842} WARNING - No viable dags retrieved from /opt/airflow/dags/extract_data.py
[2025-12-19T16:05:48.163+0000] {processor.py:183} INFO - Processing /opt/airflow/dags/extract_data.py took 0.387 seconds
[2025-12-19T16:06:18.422+0000] {processor.py:161} INFO - Started process (PID=157) to work on /opt/airflow/dags/extract_data.py
[2025-12-19T16:06:18.424+0000] {processor.py:830} INFO - Processing file /opt/airflow/dags/extract_data.py for tasks to queue
[2025-12-19T16:06:18.426+0000] {logging_mixin.py:188} INFO - [2025-12-19T16:06:18.425+0000] {dagbag.py:538} INFO - Filling up the DagBag from /opt/airflow/dags/extract_data.py
[2025-12-19T16:06:18.755+0000] {processor.py:842} WARNING - No viable dags retrieved from /opt/airflow/dags/extract_data.py
[2025-12-19T16:06:18.766+0000] {processor.py:183} INFO - Processing /opt/airflow/dags/extract_data.py took 0.348 seconds
[2025-12-19T16:06:48.984+0000] {processor.py:161} INFO - Started process (PID=161) to work on /opt/airflow/dags/extract_data.py
[2025-12-19T16:06:48.986+0000] {processor.py:830} INFO - Processing file /opt/airflow/dags/extract_data.py for tasks to queue
[2025-12-19T16:06:48.988+0000] {logging_mixin.py:188} INFO - [2025-12-19T16:06:48.987+0000] {dagbag.py:538} INFO - Filling up the DagBag from /opt/airflow/dags/extract_data.py
[2025-12-19T16:06:49.285+0000] {processor.py:842} WARNING - No viable dags retrieved from /opt/airflow/dags/extract_data.py
[2025-12-19T16:06:49.299+0000] {processor.py:183} INFO - Processing /opt/airflow/dags/extract_data.py took 0.318 seconds
[2025-12-19T16:07:19.416+0000] {processor.py:161} INFO - Started process (PID=165) to work on /opt/airflow/dags/extract_data.py
[2025-12-19T16:07:19.417+0000] {processor.py:830} INFO - Processing file /opt/airflow/dags/extract_data.py for tasks to queue
[2025-12-19T16:07:19.419+0000] {logging_mixin.py:188} INFO - [2025-12-19T16:07:19.419+0000] {dagbag.py:538} INFO - Filling up the DagBag from /opt/airflow/dags/extract_data.py
[2025-12-19T16:07:19.841+0000] {processor.py:842} WARNING - No viable dags retrieved from /opt/airflow/dags/extract_data.py
[2025-12-19T16:07:19.856+0000] {processor.py:183} INFO - Processing /opt/airflow/dags/extract_data.py took 0.443 seconds
[2025-12-19T16:07:50.066+0000] {processor.py:161} INFO - Started process (PID=169) to work on /opt/airflow/dags/extract_data.py
[2025-12-19T16:07:50.068+0000] {processor.py:830} INFO - Processing file /opt/airflow/dags/extract_data.py for tasks to queue
[2025-12-19T16:07:50.070+0000] {logging_mixin.py:188} INFO - [2025-12-19T16:07:50.069+0000] {dagbag.py:538} INFO - Filling up the DagBag from /opt/airflow/dags/extract_data.py
[2025-12-19T16:07:50.407+0000] {processor.py:842} WARNING - No viable dags retrieved from /opt/airflow/dags/extract_data.py
[2025-12-19T16:07:50.423+0000] {processor.py:183} INFO - Processing /opt/airflow/dags/extract_data.py took 0.361 seconds
[2025-12-19T16:08:20.619+0000] {processor.py:161} INFO - Started process (PID=173) to work on /opt/airflow/dags/extract_data.py
[2025-12-19T16:08:20.620+0000] {processor.py:830} INFO - Processing file /opt/airflow/dags/extract_data.py for tasks to queue
[2025-12-19T16:08:20.622+0000] {logging_mixin.py:188} INFO - [2025-12-19T16:08:20.622+0000] {dagbag.py:538} INFO - Filling up the DagBag from /opt/airflow/dags/extract_data.py
[2025-12-19T16:08:20.898+0000] {processor.py:842} WARNING - No viable dags retrieved from /opt/airflow/dags/extract_data.py
[2025-12-19T16:08:20.909+0000] {processor.py:183} INFO - Processing /opt/airflow/dags/extract_data.py took 0.294 seconds
[2025-12-19T16:08:51.180+0000] {processor.py:161} INFO - Started process (PID=177) to work on /opt/airflow/dags/extract_data.py
[2025-12-19T16:08:51.182+0000] {processor.py:830} INFO - Processing file /opt/airflow/dags/extract_data.py for tasks to queue
[2025-12-19T16:08:51.184+0000] {logging_mixin.py:188} INFO - [2025-12-19T16:08:51.184+0000] {dagbag.py:538} INFO - Filling up the DagBag from /opt/airflow/dags/extract_data.py
[2025-12-19T16:08:51.499+0000] {processor.py:842} WARNING - No viable dags retrieved from /opt/airflow/dags/extract_data.py
[2025-12-19T16:08:51.510+0000] {processor.py:183} INFO - Processing /opt/airflow/dags/extract_data.py took 0.335 seconds
[2025-12-19T16:09:21.725+0000] {processor.py:161} INFO - Started process (PID=181) to work on /opt/airflow/dags/extract_data.py
[2025-12-19T16:09:21.727+0000] {processor.py:830} INFO - Processing file /opt/airflow/dags/extract_data.py for tasks to queue
[2025-12-19T16:09:21.729+0000] {logging_mixin.py:188} INFO - [2025-12-19T16:09:21.728+0000] {dagbag.py:538} INFO - Filling up the DagBag from /opt/airflow/dags/extract_data.py
[2025-12-19T16:09:22.057+0000] {processor.py:842} WARNING - No viable dags retrieved from /opt/airflow/dags/extract_data.py
[2025-12-19T16:09:22.068+0000] {processor.py:183} INFO - Processing /opt/airflow/dags/extract_data.py took 0.346 seconds
[2025-12-19T16:09:52.274+0000] {processor.py:161} INFO - Started process (PID=185) to work on /opt/airflow/dags/extract_data.py
[2025-12-19T16:09:52.275+0000] {processor.py:830} INFO - Processing file /opt/airflow/dags/extract_data.py for tasks to queue
[2025-12-19T16:09:52.277+0000] {logging_mixin.py:188} INFO - [2025-12-19T16:09:52.277+0000] {dagbag.py:538} INFO - Filling up the DagBag from /opt/airflow/dags/extract_data.py
[2025-12-19T16:09:52.584+0000] {processor.py:842} WARNING - No viable dags retrieved from /opt/airflow/dags/extract_data.py
[2025-12-19T16:09:52.597+0000] {processor.py:183} INFO - Processing /opt/airflow/dags/extract_data.py took 0.327 seconds
[2025-12-19T16:10:22.797+0000] {processor.py:161} INFO - Started process (PID=189) to work on /opt/airflow/dags/extract_data.py
[2025-12-19T16:10:22.799+0000] {processor.py:830} INFO - Processing file /opt/airflow/dags/extract_data.py for tasks to queue
[2025-12-19T16:10:22.800+0000] {logging_mixin.py:188} INFO - [2025-12-19T16:10:22.800+0000] {dagbag.py:538} INFO - Filling up the DagBag from /opt/airflow/dags/extract_data.py
[2025-12-19T16:10:23.094+0000] {processor.py:842} WARNING - No viable dags retrieved from /opt/airflow/dags/extract_data.py
[2025-12-19T16:10:23.106+0000] {processor.py:183} INFO - Processing /opt/airflow/dags/extract_data.py took 0.312 seconds
[2025-12-19T16:10:53.371+0000] {processor.py:161} INFO - Started process (PID=193) to work on /opt/airflow/dags/extract_data.py
[2025-12-19T16:10:53.373+0000] {processor.py:830} INFO - Processing file /opt/airflow/dags/extract_data.py for tasks to queue
[2025-12-19T16:10:53.375+0000] {logging_mixin.py:188} INFO - [2025-12-19T16:10:53.375+0000] {dagbag.py:538} INFO - Filling up the DagBag from /opt/airflow/dags/extract_data.py
[2025-12-19T16:10:53.669+0000] {processor.py:842} WARNING - No viable dags retrieved from /opt/airflow/dags/extract_data.py
[2025-12-19T16:10:53.681+0000] {processor.py:183} INFO - Processing /opt/airflow/dags/extract_data.py took 0.315 seconds
[2025-12-19T16:11:23.914+0000] {processor.py:161} INFO - Started process (PID=197) to work on /opt/airflow/dags/extract_data.py
[2025-12-19T16:11:23.916+0000] {processor.py:830} INFO - Processing file /opt/airflow/dags/extract_data.py for tasks to queue
[2025-12-19T16:11:23.918+0000] {logging_mixin.py:188} INFO - [2025-12-19T16:11:23.917+0000] {dagbag.py:538} INFO - Filling up the DagBag from /opt/airflow/dags/extract_data.py
[2025-12-19T16:11:24.212+0000] {processor.py:842} WARNING - No viable dags retrieved from /opt/airflow/dags/extract_data.py
[2025-12-19T16:11:24.224+0000] {processor.py:183} INFO - Processing /opt/airflow/dags/extract_data.py took 0.313 seconds
[2025-12-19T16:11:54.436+0000] {processor.py:161} INFO - Started process (PID=201) to work on /opt/airflow/dags/extract_data.py
[2025-12-19T16:11:54.438+0000] {processor.py:830} INFO - Processing file /opt/airflow/dags/extract_data.py for tasks to queue
[2025-12-19T16:11:54.439+0000] {logging_mixin.py:188} INFO - [2025-12-19T16:11:54.439+0000] {dagbag.py:538} INFO - Filling up the DagBag from /opt/airflow/dags/extract_data.py
[2025-12-19T16:11:54.732+0000] {processor.py:842} WARNING - No viable dags retrieved from /opt/airflow/dags/extract_data.py
[2025-12-19T16:11:54.749+0000] {processor.py:183} INFO - Processing /opt/airflow/dags/extract_data.py took 0.316 seconds
[2025-12-19T16:12:24.992+0000] {processor.py:161} INFO - Started process (PID=205) to work on /opt/airflow/dags/extract_data.py
[2025-12-19T16:12:24.994+0000] {processor.py:830} INFO - Processing file /opt/airflow/dags/extract_data.py for tasks to queue
[2025-12-19T16:12:24.995+0000] {logging_mixin.py:188} INFO - [2025-12-19T16:12:24.995+0000] {dagbag.py:538} INFO - Filling up the DagBag from /opt/airflow/dags/extract_data.py
[2025-12-19T16:12:25.279+0000] {processor.py:842} WARNING - No viable dags retrieved from /opt/airflow/dags/extract_data.py
[2025-12-19T16:12:25.291+0000] {processor.py:183} INFO - Processing /opt/airflow/dags/extract_data.py took 0.302 seconds
[2025-12-19T16:12:55.552+0000] {processor.py:161} INFO - Started process (PID=209) to work on /opt/airflow/dags/extract_data.py
[2025-12-19T16:12:55.554+0000] {processor.py:830} INFO - Processing file /opt/airflow/dags/extract_data.py for tasks to queue
[2025-12-19T16:12:55.555+0000] {logging_mixin.py:188} INFO - [2025-12-19T16:12:55.555+0000] {dagbag.py:538} INFO - Filling up the DagBag from /opt/airflow/dags/extract_data.py
[2025-12-19T16:12:55.845+0000] {processor.py:842} WARNING - No viable dags retrieved from /opt/airflow/dags/extract_data.py
[2025-12-19T16:12:55.860+0000] {processor.py:183} INFO - Processing /opt/airflow/dags/extract_data.py took 0.311 seconds
[2025-12-19T16:13:26.094+0000] {processor.py:161} INFO - Started process (PID=213) to work on /opt/airflow/dags/extract_data.py
[2025-12-19T16:13:26.096+0000] {processor.py:830} INFO - Processing file /opt/airflow/dags/extract_data.py for tasks to queue
[2025-12-19T16:13:26.097+0000] {logging_mixin.py:188} INFO - [2025-12-19T16:13:26.097+0000] {dagbag.py:538} INFO - Filling up the DagBag from /opt/airflow/dags/extract_data.py
[2025-12-19T16:13:26.388+0000] {processor.py:842} WARNING - No viable dags retrieved from /opt/airflow/dags/extract_data.py
[2025-12-19T16:13:26.400+0000] {processor.py:183} INFO - Processing /opt/airflow/dags/extract_data.py took 0.308 seconds
[2025-12-19T16:13:56.655+0000] {processor.py:161} INFO - Started process (PID=217) to work on /opt/airflow/dags/extract_data.py
[2025-12-19T16:13:56.657+0000] {processor.py:830} INFO - Processing file /opt/airflow/dags/extract_data.py for tasks to queue
[2025-12-19T16:13:56.658+0000] {logging_mixin.py:188} INFO - [2025-12-19T16:13:56.658+0000] {dagbag.py:538} INFO - Filling up the DagBag from /opt/airflow/dags/extract_data.py
[2025-12-19T16:13:56.961+0000] {processor.py:842} WARNING - No viable dags retrieved from /opt/airflow/dags/extract_data.py
[2025-12-19T16:13:56.974+0000] {processor.py:183} INFO - Processing /opt/airflow/dags/extract_data.py took 0.324 seconds
[2025-12-19T16:14:28.222+0000] {processor.py:161} INFO - Started process (PID=221) to work on /opt/airflow/dags/extract_data.py
[2025-12-19T16:14:28.223+0000] {processor.py:830} INFO - Processing file /opt/airflow/dags/extract_data.py for tasks to queue
[2025-12-19T16:14:28.225+0000] {logging_mixin.py:188} INFO - [2025-12-19T16:14:28.224+0000] {dagbag.py:538} INFO - Filling up the DagBag from /opt/airflow/dags/extract_data.py
[2025-12-19T16:14:28.508+0000] {processor.py:842} WARNING - No viable dags retrieved from /opt/airflow/dags/extract_data.py
[2025-12-19T16:14:28.520+0000] {processor.py:183} INFO - Processing /opt/airflow/dags/extract_data.py took 0.302 seconds
[2025-12-19T16:14:59.270+0000] {processor.py:161} INFO - Started process (PID=225) to work on /opt/airflow/dags/extract_data.py
[2025-12-19T16:14:59.274+0000] {processor.py:830} INFO - Processing file /opt/airflow/dags/extract_data.py for tasks to queue
[2025-12-19T16:14:59.277+0000] {logging_mixin.py:188} INFO - [2025-12-19T16:14:59.276+0000] {dagbag.py:538} INFO - Filling up the DagBag from /opt/airflow/dags/extract_data.py
[2025-12-19T16:14:59.590+0000] {processor.py:842} WARNING - No viable dags retrieved from /opt/airflow/dags/extract_data.py
[2025-12-19T16:14:59.601+0000] {processor.py:183} INFO - Processing /opt/airflow/dags/extract_data.py took 0.336 seconds
[2025-12-19T16:15:29.772+0000] {processor.py:161} INFO - Started process (PID=229) to work on /opt/airflow/dags/extract_data.py
[2025-12-19T16:15:29.774+0000] {processor.py:830} INFO - Processing file /opt/airflow/dags/extract_data.py for tasks to queue
[2025-12-19T16:15:29.776+0000] {logging_mixin.py:188} INFO - [2025-12-19T16:15:29.775+0000] {dagbag.py:538} INFO - Filling up the DagBag from /opt/airflow/dags/extract_data.py
[2025-12-19T16:15:30.071+0000] {processor.py:842} WARNING - No viable dags retrieved from /opt/airflow/dags/extract_data.py
[2025-12-19T16:15:30.082+0000] {processor.py:183} INFO - Processing /opt/airflow/dags/extract_data.py took 0.315 seconds
[2025-12-19T16:16:00.288+0000] {processor.py:161} INFO - Started process (PID=233) to work on /opt/airflow/dags/extract_data.py
[2025-12-19T16:16:00.290+0000] {processor.py:830} INFO - Processing file /opt/airflow/dags/extract_data.py for tasks to queue
[2025-12-19T16:16:00.294+0000] {logging_mixin.py:188} INFO - [2025-12-19T16:16:00.293+0000] {dagbag.py:538} INFO - Filling up the DagBag from /opt/airflow/dags/extract_data.py
[2025-12-19T16:16:00.596+0000] {processor.py:842} WARNING - No viable dags retrieved from /opt/airflow/dags/extract_data.py
[2025-12-19T16:16:00.607+0000] {processor.py:183} INFO - Processing /opt/airflow/dags/extract_data.py took 0.323 seconds
[2025-12-19T16:16:30.805+0000] {processor.py:161} INFO - Started process (PID=237) to work on /opt/airflow/dags/extract_data.py
[2025-12-19T16:16:30.807+0000] {processor.py:830} INFO - Processing file /opt/airflow/dags/extract_data.py for tasks to queue
[2025-12-19T16:16:30.809+0000] {logging_mixin.py:188} INFO - [2025-12-19T16:16:30.808+0000] {dagbag.py:538} INFO - Filling up the DagBag from /opt/airflow/dags/extract_data.py
[2025-12-19T16:16:31.112+0000] {processor.py:842} WARNING - No viable dags retrieved from /opt/airflow/dags/extract_data.py
[2025-12-19T16:16:31.125+0000] {processor.py:183} INFO - Processing /opt/airflow/dags/extract_data.py took 0.323 seconds
[2025-12-19T16:17:01.263+0000] {processor.py:161} INFO - Started process (PID=241) to work on /opt/airflow/dags/extract_data.py
[2025-12-19T16:17:01.265+0000] {processor.py:830} INFO - Processing file /opt/airflow/dags/extract_data.py for tasks to queue
[2025-12-19T16:17:01.267+0000] {logging_mixin.py:188} INFO - [2025-12-19T16:17:01.266+0000] {dagbag.py:538} INFO - Filling up the DagBag from /opt/airflow/dags/extract_data.py
[2025-12-19T16:17:01.548+0000] {processor.py:842} WARNING - No viable dags retrieved from /opt/airflow/dags/extract_data.py
[2025-12-19T16:17:01.559+0000] {processor.py:183} INFO - Processing /opt/airflow/dags/extract_data.py took 0.300 seconds
[2025-12-19T16:17:31.751+0000] {processor.py:161} INFO - Started process (PID=245) to work on /opt/airflow/dags/extract_data.py
[2025-12-19T16:17:31.753+0000] {processor.py:830} INFO - Processing file /opt/airflow/dags/extract_data.py for tasks to queue
[2025-12-19T16:17:31.755+0000] {logging_mixin.py:188} INFO - [2025-12-19T16:17:31.754+0000] {dagbag.py:538} INFO - Filling up the DagBag from /opt/airflow/dags/extract_data.py
[2025-12-19T16:17:32.067+0000] {processor.py:842} WARNING - No viable dags retrieved from /opt/airflow/dags/extract_data.py
[2025-12-19T16:17:32.083+0000] {processor.py:183} INFO - Processing /opt/airflow/dags/extract_data.py took 0.335 seconds
[2025-12-19T16:18:02.225+0000] {processor.py:161} INFO - Started process (PID=249) to work on /opt/airflow/dags/extract_data.py
[2025-12-19T16:18:02.227+0000] {processor.py:830} INFO - Processing file /opt/airflow/dags/extract_data.py for tasks to queue
[2025-12-19T16:18:02.229+0000] {logging_mixin.py:188} INFO - [2025-12-19T16:18:02.229+0000] {dagbag.py:538} INFO - Filling up the DagBag from /opt/airflow/dags/extract_data.py
[2025-12-19T16:18:02.624+0000] {processor.py:842} WARNING - No viable dags retrieved from /opt/airflow/dags/extract_data.py
[2025-12-19T16:18:02.639+0000] {processor.py:183} INFO - Processing /opt/airflow/dags/extract_data.py took 0.417 seconds
[2025-12-19T16:18:32.822+0000] {processor.py:161} INFO - Started process (PID=253) to work on /opt/airflow/dags/extract_data.py
[2025-12-19T16:18:32.824+0000] {processor.py:830} INFO - Processing file /opt/airflow/dags/extract_data.py for tasks to queue
[2025-12-19T16:18:32.826+0000] {logging_mixin.py:188} INFO - [2025-12-19T16:18:32.825+0000] {dagbag.py:538} INFO - Filling up the DagBag from /opt/airflow/dags/extract_data.py
[2025-12-19T16:18:33.132+0000] {processor.py:842} WARNING - No viable dags retrieved from /opt/airflow/dags/extract_data.py
[2025-12-19T16:18:33.149+0000] {processor.py:183} INFO - Processing /opt/airflow/dags/extract_data.py took 0.330 seconds
[2025-12-19T16:19:03.330+0000] {processor.py:161} INFO - Started process (PID=257) to work on /opt/airflow/dags/extract_data.py
[2025-12-19T16:19:03.332+0000] {processor.py:830} INFO - Processing file /opt/airflow/dags/extract_data.py for tasks to queue
[2025-12-19T16:19:03.334+0000] {logging_mixin.py:188} INFO - [2025-12-19T16:19:03.334+0000] {dagbag.py:538} INFO - Filling up the DagBag from /opt/airflow/dags/extract_data.py
[2025-12-19T16:19:03.635+0000] {processor.py:842} WARNING - No viable dags retrieved from /opt/airflow/dags/extract_data.py
[2025-12-19T16:19:03.651+0000] {processor.py:183} INFO - Processing /opt/airflow/dags/extract_data.py took 0.324 seconds
[2025-12-19T16:19:33.834+0000] {processor.py:161} INFO - Started process (PID=261) to work on /opt/airflow/dags/extract_data.py
[2025-12-19T16:19:33.836+0000] {processor.py:830} INFO - Processing file /opt/airflow/dags/extract_data.py for tasks to queue
[2025-12-19T16:19:33.837+0000] {logging_mixin.py:188} INFO - [2025-12-19T16:19:33.837+0000] {dagbag.py:538} INFO - Filling up the DagBag from /opt/airflow/dags/extract_data.py
[2025-12-19T16:19:34.170+0000] {processor.py:842} WARNING - No viable dags retrieved from /opt/airflow/dags/extract_data.py
[2025-12-19T16:19:34.183+0000] {processor.py:183} INFO - Processing /opt/airflow/dags/extract_data.py took 0.352 seconds
[2025-12-19T16:20:04.311+0000] {processor.py:161} INFO - Started process (PID=265) to work on /opt/airflow/dags/extract_data.py
[2025-12-19T16:20:04.313+0000] {processor.py:830} INFO - Processing file /opt/airflow/dags/extract_data.py for tasks to queue
[2025-12-19T16:20:04.315+0000] {logging_mixin.py:188} INFO - [2025-12-19T16:20:04.315+0000] {dagbag.py:538} INFO - Filling up the DagBag from /opt/airflow/dags/extract_data.py
[2025-12-19T16:20:04.641+0000] {processor.py:842} WARNING - No viable dags retrieved from /opt/airflow/dags/extract_data.py
[2025-12-19T16:20:04.653+0000] {processor.py:183} INFO - Processing /opt/airflow/dags/extract_data.py took 0.346 seconds
[2025-12-19T16:20:34.825+0000] {processor.py:161} INFO - Started process (PID=269) to work on /opt/airflow/dags/extract_data.py
[2025-12-19T16:20:34.827+0000] {processor.py:830} INFO - Processing file /opt/airflow/dags/extract_data.py for tasks to queue
[2025-12-19T16:20:34.828+0000] {logging_mixin.py:188} INFO - [2025-12-19T16:20:34.828+0000] {dagbag.py:538} INFO - Filling up the DagBag from /opt/airflow/dags/extract_data.py
[2025-12-19T16:20:35.198+0000] {processor.py:842} WARNING - No viable dags retrieved from /opt/airflow/dags/extract_data.py
[2025-12-19T16:20:35.211+0000] {processor.py:183} INFO - Processing /opt/airflow/dags/extract_data.py took 0.390 seconds
[2025-12-19T16:21:05.441+0000] {processor.py:161} INFO - Started process (PID=273) to work on /opt/airflow/dags/extract_data.py
[2025-12-19T16:21:05.444+0000] {processor.py:830} INFO - Processing file /opt/airflow/dags/extract_data.py for tasks to queue
[2025-12-19T16:21:05.445+0000] {logging_mixin.py:188} INFO - [2025-12-19T16:21:05.445+0000] {dagbag.py:538} INFO - Filling up the DagBag from /opt/airflow/dags/extract_data.py
[2025-12-19T16:21:05.772+0000] {processor.py:842} WARNING - No viable dags retrieved from /opt/airflow/dags/extract_data.py
[2025-12-19T16:21:05.786+0000] {processor.py:183} INFO - Processing /opt/airflow/dags/extract_data.py took 0.349 seconds
[2025-12-19T16:21:35.924+0000] {processor.py:161} INFO - Started process (PID=277) to work on /opt/airflow/dags/extract_data.py
[2025-12-19T16:21:35.926+0000] {processor.py:830} INFO - Processing file /opt/airflow/dags/extract_data.py for tasks to queue
[2025-12-19T16:21:35.927+0000] {logging_mixin.py:188} INFO - [2025-12-19T16:21:35.927+0000] {dagbag.py:538} INFO - Filling up the DagBag from /opt/airflow/dags/extract_data.py
[2025-12-19T16:21:36.232+0000] {processor.py:842} WARNING - No viable dags retrieved from /opt/airflow/dags/extract_data.py
[2025-12-19T16:21:36.245+0000] {processor.py:183} INFO - Processing /opt/airflow/dags/extract_data.py took 0.324 seconds
[2025-12-19T16:22:06.420+0000] {processor.py:161} INFO - Started process (PID=281) to work on /opt/airflow/dags/extract_data.py
[2025-12-19T16:22:06.423+0000] {processor.py:830} INFO - Processing file /opt/airflow/dags/extract_data.py for tasks to queue
[2025-12-19T16:22:06.424+0000] {logging_mixin.py:188} INFO - [2025-12-19T16:22:06.424+0000] {dagbag.py:538} INFO - Filling up the DagBag from /opt/airflow/dags/extract_data.py
[2025-12-19T16:22:06.745+0000] {processor.py:842} WARNING - No viable dags retrieved from /opt/airflow/dags/extract_data.py
[2025-12-19T16:22:06.760+0000] {processor.py:183} INFO - Processing /opt/airflow/dags/extract_data.py took 0.343 seconds
[2025-12-19T16:22:36.944+0000] {processor.py:161} INFO - Started process (PID=285) to work on /opt/airflow/dags/extract_data.py
[2025-12-19T16:22:36.946+0000] {processor.py:830} INFO - Processing file /opt/airflow/dags/extract_data.py for tasks to queue
[2025-12-19T16:22:36.947+0000] {logging_mixin.py:188} INFO - [2025-12-19T16:22:36.947+0000] {dagbag.py:538} INFO - Filling up the DagBag from /opt/airflow/dags/extract_data.py
[2025-12-19T16:22:37.262+0000] {processor.py:842} WARNING - No viable dags retrieved from /opt/airflow/dags/extract_data.py
[2025-12-19T16:22:37.274+0000] {processor.py:183} INFO - Processing /opt/airflow/dags/extract_data.py took 0.334 seconds
[2025-12-19T16:23:07.433+0000] {processor.py:161} INFO - Started process (PID=289) to work on /opt/airflow/dags/extract_data.py
[2025-12-19T16:23:07.435+0000] {processor.py:830} INFO - Processing file /opt/airflow/dags/extract_data.py for tasks to queue
[2025-12-19T16:23:07.436+0000] {logging_mixin.py:188} INFO - [2025-12-19T16:23:07.436+0000] {dagbag.py:538} INFO - Filling up the DagBag from /opt/airflow/dags/extract_data.py
[2025-12-19T16:23:07.784+0000] {processor.py:842} WARNING - No viable dags retrieved from /opt/airflow/dags/extract_data.py
[2025-12-19T16:23:07.797+0000] {processor.py:183} INFO - Processing /opt/airflow/dags/extract_data.py took 0.368 seconds
[2025-12-19T16:23:37.923+0000] {processor.py:161} INFO - Started process (PID=293) to work on /opt/airflow/dags/extract_data.py
[2025-12-19T16:23:37.925+0000] {processor.py:830} INFO - Processing file /opt/airflow/dags/extract_data.py for tasks to queue
[2025-12-19T16:23:37.926+0000] {logging_mixin.py:188} INFO - [2025-12-19T16:23:37.926+0000] {dagbag.py:538} INFO - Filling up the DagBag from /opt/airflow/dags/extract_data.py
[2025-12-19T16:23:38.231+0000] {processor.py:842} WARNING - No viable dags retrieved from /opt/airflow/dags/extract_data.py
[2025-12-19T16:23:38.241+0000] {processor.py:183} INFO - Processing /opt/airflow/dags/extract_data.py took 0.323 seconds
[2025-12-19T16:24:08.406+0000] {processor.py:161} INFO - Started process (PID=297) to work on /opt/airflow/dags/extract_data.py
[2025-12-19T16:24:08.408+0000] {processor.py:830} INFO - Processing file /opt/airflow/dags/extract_data.py for tasks to queue
[2025-12-19T16:24:08.409+0000] {logging_mixin.py:188} INFO - [2025-12-19T16:24:08.409+0000] {dagbag.py:538} INFO - Filling up the DagBag from /opt/airflow/dags/extract_data.py
[2025-12-19T16:24:08.711+0000] {processor.py:842} WARNING - No viable dags retrieved from /opt/airflow/dags/extract_data.py
[2025-12-19T16:24:08.723+0000] {processor.py:183} INFO - Processing /opt/airflow/dags/extract_data.py took 0.321 seconds
[2025-12-19T16:24:38.872+0000] {processor.py:161} INFO - Started process (PID=301) to work on /opt/airflow/dags/extract_data.py
[2025-12-19T16:24:38.873+0000] {processor.py:830} INFO - Processing file /opt/airflow/dags/extract_data.py for tasks to queue
[2025-12-19T16:24:38.875+0000] {logging_mixin.py:188} INFO - [2025-12-19T16:24:38.874+0000] {dagbag.py:538} INFO - Filling up the DagBag from /opt/airflow/dags/extract_data.py
[2025-12-19T16:24:39.178+0000] {processor.py:842} WARNING - No viable dags retrieved from /opt/airflow/dags/extract_data.py
[2025-12-19T16:24:39.189+0000] {processor.py:183} INFO - Processing /opt/airflow/dags/extract_data.py took 0.321 seconds
[2025-12-19T16:25:09.353+0000] {processor.py:161} INFO - Started process (PID=305) to work on /opt/airflow/dags/extract_data.py
[2025-12-19T16:25:09.354+0000] {processor.py:830} INFO - Processing file /opt/airflow/dags/extract_data.py for tasks to queue
[2025-12-19T16:25:09.356+0000] {logging_mixin.py:188} INFO - [2025-12-19T16:25:09.356+0000] {dagbag.py:538} INFO - Filling up the DagBag from /opt/airflow/dags/extract_data.py
[2025-12-19T16:25:09.663+0000] {processor.py:842} WARNING - No viable dags retrieved from /opt/airflow/dags/extract_data.py
[2025-12-19T16:25:09.675+0000] {processor.py:183} INFO - Processing /opt/airflow/dags/extract_data.py took 0.325 seconds
[2025-12-19T16:25:39.845+0000] {processor.py:161} INFO - Started process (PID=309) to work on /opt/airflow/dags/extract_data.py
[2025-12-19T16:25:39.847+0000] {processor.py:830} INFO - Processing file /opt/airflow/dags/extract_data.py for tasks to queue
[2025-12-19T16:25:39.849+0000] {logging_mixin.py:188} INFO - [2025-12-19T16:25:39.848+0000] {dagbag.py:538} INFO - Filling up the DagBag from /opt/airflow/dags/extract_data.py
[2025-12-19T16:25:40.175+0000] {processor.py:842} WARNING - No viable dags retrieved from /opt/airflow/dags/extract_data.py
[2025-12-19T16:25:40.191+0000] {processor.py:183} INFO - Processing /opt/airflow/dags/extract_data.py took 0.348 seconds
[2025-12-19T16:26:10.273+0000] {processor.py:161} INFO - Started process (PID=313) to work on /opt/airflow/dags/extract_data.py
[2025-12-19T16:26:10.275+0000] {processor.py:830} INFO - Processing file /opt/airflow/dags/extract_data.py for tasks to queue
[2025-12-19T16:26:10.277+0000] {logging_mixin.py:188} INFO - [2025-12-19T16:26:10.277+0000] {dagbag.py:538} INFO - Filling up the DagBag from /opt/airflow/dags/extract_data.py
[2025-12-19T16:26:10.578+0000] {processor.py:842} WARNING - No viable dags retrieved from /opt/airflow/dags/extract_data.py
[2025-12-19T16:26:10.593+0000] {processor.py:183} INFO - Processing /opt/airflow/dags/extract_data.py took 0.324 seconds
[2025-12-19T16:26:40.720+0000] {processor.py:161} INFO - Started process (PID=317) to work on /opt/airflow/dags/extract_data.py
[2025-12-19T16:26:40.721+0000] {processor.py:830} INFO - Processing file /opt/airflow/dags/extract_data.py for tasks to queue
[2025-12-19T16:26:40.723+0000] {logging_mixin.py:188} INFO - [2025-12-19T16:26:40.723+0000] {dagbag.py:538} INFO - Filling up the DagBag from /opt/airflow/dags/extract_data.py
[2025-12-19T16:26:41.020+0000] {processor.py:842} WARNING - No viable dags retrieved from /opt/airflow/dags/extract_data.py
[2025-12-19T16:26:41.034+0000] {processor.py:183} INFO - Processing /opt/airflow/dags/extract_data.py took 0.319 seconds
[2025-12-19T16:27:11.175+0000] {processor.py:161} INFO - Started process (PID=321) to work on /opt/airflow/dags/extract_data.py
[2025-12-19T16:27:11.177+0000] {processor.py:830} INFO - Processing file /opt/airflow/dags/extract_data.py for tasks to queue
[2025-12-19T16:27:11.179+0000] {logging_mixin.py:188} INFO - [2025-12-19T16:27:11.178+0000] {dagbag.py:538} INFO - Filling up the DagBag from /opt/airflow/dags/extract_data.py
[2025-12-19T16:27:11.486+0000] {processor.py:842} WARNING - No viable dags retrieved from /opt/airflow/dags/extract_data.py
[2025-12-19T16:27:11.499+0000] {processor.py:183} INFO - Processing /opt/airflow/dags/extract_data.py took 0.328 seconds
[2025-12-19T16:27:41.673+0000] {processor.py:161} INFO - Started process (PID=325) to work on /opt/airflow/dags/extract_data.py
[2025-12-19T16:27:41.674+0000] {processor.py:830} INFO - Processing file /opt/airflow/dags/extract_data.py for tasks to queue
[2025-12-19T16:27:41.676+0000] {logging_mixin.py:188} INFO - [2025-12-19T16:27:41.675+0000] {dagbag.py:538} INFO - Filling up the DagBag from /opt/airflow/dags/extract_data.py
[2025-12-19T16:27:41.967+0000] {processor.py:842} WARNING - No viable dags retrieved from /opt/airflow/dags/extract_data.py
[2025-12-19T16:27:41.978+0000] {processor.py:183} INFO - Processing /opt/airflow/dags/extract_data.py took 0.308 seconds
[2025-12-19T16:28:12.175+0000] {processor.py:161} INFO - Started process (PID=329) to work on /opt/airflow/dags/extract_data.py
[2025-12-19T16:28:12.177+0000] {processor.py:830} INFO - Processing file /opt/airflow/dags/extract_data.py for tasks to queue
[2025-12-19T16:28:12.179+0000] {logging_mixin.py:188} INFO - [2025-12-19T16:28:12.178+0000] {dagbag.py:538} INFO - Filling up the DagBag from /opt/airflow/dags/extract_data.py
[2025-12-19T16:28:12.482+0000] {processor.py:842} WARNING - No viable dags retrieved from /opt/airflow/dags/extract_data.py
[2025-12-19T16:28:12.494+0000] {processor.py:183} INFO - Processing /opt/airflow/dags/extract_data.py took 0.322 seconds
[2025-12-19T16:28:42.706+0000] {processor.py:161} INFO - Started process (PID=333) to work on /opt/airflow/dags/extract_data.py
[2025-12-19T16:28:42.708+0000] {processor.py:830} INFO - Processing file /opt/airflow/dags/extract_data.py for tasks to queue
[2025-12-19T16:28:42.710+0000] {logging_mixin.py:188} INFO - [2025-12-19T16:28:42.709+0000] {dagbag.py:538} INFO - Filling up the DagBag from /opt/airflow/dags/extract_data.py
[2025-12-19T16:28:43.009+0000] {processor.py:842} WARNING - No viable dags retrieved from /opt/airflow/dags/extract_data.py
[2025-12-19T16:28:43.041+0000] {processor.py:183} INFO - Processing /opt/airflow/dags/extract_data.py took 0.338 seconds
[2025-12-19T16:29:13.193+0000] {processor.py:161} INFO - Started process (PID=337) to work on /opt/airflow/dags/extract_data.py
[2025-12-19T16:29:13.195+0000] {processor.py:830} INFO - Processing file /opt/airflow/dags/extract_data.py for tasks to queue
[2025-12-19T16:29:13.196+0000] {logging_mixin.py:188} INFO - [2025-12-19T16:29:13.196+0000] {dagbag.py:538} INFO - Filling up the DagBag from /opt/airflow/dags/extract_data.py
[2025-12-19T16:29:13.486+0000] {processor.py:842} WARNING - No viable dags retrieved from /opt/airflow/dags/extract_data.py
[2025-12-19T16:29:13.498+0000] {processor.py:183} INFO - Processing /opt/airflow/dags/extract_data.py took 0.309 seconds
[2025-12-19T16:29:43.693+0000] {processor.py:161} INFO - Started process (PID=341) to work on /opt/airflow/dags/extract_data.py
[2025-12-19T16:29:43.695+0000] {processor.py:830} INFO - Processing file /opt/airflow/dags/extract_data.py for tasks to queue
[2025-12-19T16:29:43.696+0000] {logging_mixin.py:188} INFO - [2025-12-19T16:29:43.696+0000] {dagbag.py:538} INFO - Filling up the DagBag from /opt/airflow/dags/extract_data.py
[2025-12-19T16:29:44.028+0000] {processor.py:842} WARNING - No viable dags retrieved from /opt/airflow/dags/extract_data.py
[2025-12-19T16:29:44.040+0000] {processor.py:183} INFO - Processing /opt/airflow/dags/extract_data.py took 0.351 seconds
[2025-12-19T16:30:14.200+0000] {processor.py:161} INFO - Started process (PID=345) to work on /opt/airflow/dags/extract_data.py
[2025-12-19T16:30:14.202+0000] {processor.py:830} INFO - Processing file /opt/airflow/dags/extract_data.py for tasks to queue
[2025-12-19T16:30:14.204+0000] {logging_mixin.py:188} INFO - [2025-12-19T16:30:14.203+0000] {dagbag.py:538} INFO - Filling up the DagBag from /opt/airflow/dags/extract_data.py
[2025-12-19T16:30:14.584+0000] {processor.py:842} WARNING - No viable dags retrieved from /opt/airflow/dags/extract_data.py
[2025-12-19T16:30:14.601+0000] {processor.py:183} INFO - Processing /opt/airflow/dags/extract_data.py took 0.404 seconds
[2025-12-19T16:30:44.831+0000] {processor.py:161} INFO - Started process (PID=349) to work on /opt/airflow/dags/extract_data.py
[2025-12-19T16:30:44.832+0000] {processor.py:830} INFO - Processing file /opt/airflow/dags/extract_data.py for tasks to queue
[2025-12-19T16:30:44.834+0000] {logging_mixin.py:188} INFO - [2025-12-19T16:30:44.833+0000] {dagbag.py:538} INFO - Filling up the DagBag from /opt/airflow/dags/extract_data.py
[2025-12-19T16:30:45.202+0000] {processor.py:842} WARNING - No viable dags retrieved from /opt/airflow/dags/extract_data.py
[2025-12-19T16:30:45.212+0000] {processor.py:183} INFO - Processing /opt/airflow/dags/extract_data.py took 0.385 seconds
[2025-12-19T16:31:15.446+0000] {processor.py:161} INFO - Started process (PID=353) to work on /opt/airflow/dags/extract_data.py
[2025-12-19T16:31:15.448+0000] {processor.py:830} INFO - Processing file /opt/airflow/dags/extract_data.py for tasks to queue
[2025-12-19T16:31:15.449+0000] {logging_mixin.py:188} INFO - [2025-12-19T16:31:15.449+0000] {dagbag.py:538} INFO - Filling up the DagBag from /opt/airflow/dags/extract_data.py
[2025-12-19T16:31:15.827+0000] {processor.py:842} WARNING - No viable dags retrieved from /opt/airflow/dags/extract_data.py
[2025-12-19T16:31:15.838+0000] {processor.py:183} INFO - Processing /opt/airflow/dags/extract_data.py took 0.398 seconds
[2025-12-19T16:31:46.077+0000] {processor.py:161} INFO - Started process (PID=357) to work on /opt/airflow/dags/extract_data.py
[2025-12-19T16:31:46.078+0000] {processor.py:830} INFO - Processing file /opt/airflow/dags/extract_data.py for tasks to queue
[2025-12-19T16:31:46.082+0000] {logging_mixin.py:188} INFO - [2025-12-19T16:31:46.081+0000] {dagbag.py:538} INFO - Filling up the DagBag from /opt/airflow/dags/extract_data.py
[2025-12-19T16:31:46.452+0000] {processor.py:842} WARNING - No viable dags retrieved from /opt/airflow/dags/extract_data.py
[2025-12-19T16:31:46.464+0000] {processor.py:183} INFO - Processing /opt/airflow/dags/extract_data.py took 0.391 seconds
[2025-12-19T16:32:16.699+0000] {processor.py:161} INFO - Started process (PID=361) to work on /opt/airflow/dags/extract_data.py
[2025-12-19T16:32:16.702+0000] {processor.py:830} INFO - Processing file /opt/airflow/dags/extract_data.py for tasks to queue
[2025-12-19T16:32:16.705+0000] {logging_mixin.py:188} INFO - [2025-12-19T16:32:16.704+0000] {dagbag.py:538} INFO - Filling up the DagBag from /opt/airflow/dags/extract_data.py
[2025-12-19T16:32:17.227+0000] {processor.py:842} WARNING - No viable dags retrieved from /opt/airflow/dags/extract_data.py
[2025-12-19T16:32:17.241+0000] {processor.py:183} INFO - Processing /opt/airflow/dags/extract_data.py took 0.549 seconds
[2025-12-19T16:32:47.353+0000] {processor.py:161} INFO - Started process (PID=365) to work on /opt/airflow/dags/extract_data.py
[2025-12-19T16:32:47.355+0000] {processor.py:830} INFO - Processing file /opt/airflow/dags/extract_data.py for tasks to queue
[2025-12-19T16:32:47.359+0000] {logging_mixin.py:188} INFO - [2025-12-19T16:32:47.357+0000] {dagbag.py:538} INFO - Filling up the DagBag from /opt/airflow/dags/extract_data.py
[2025-12-19T16:32:47.883+0000] {processor.py:842} WARNING - No viable dags retrieved from /opt/airflow/dags/extract_data.py
[2025-12-19T16:32:47.900+0000] {processor.py:183} INFO - Processing /opt/airflow/dags/extract_data.py took 0.551 seconds
[2025-12-19T16:33:18.075+0000] {processor.py:161} INFO - Started process (PID=369) to work on /opt/airflow/dags/extract_data.py
[2025-12-19T16:33:18.077+0000] {processor.py:830} INFO - Processing file /opt/airflow/dags/extract_data.py for tasks to queue
[2025-12-19T16:33:18.080+0000] {logging_mixin.py:188} INFO - [2025-12-19T16:33:18.078+0000] {dagbag.py:538} INFO - Filling up the DagBag from /opt/airflow/dags/extract_data.py
[2025-12-19T16:33:18.438+0000] {processor.py:842} WARNING - No viable dags retrieved from /opt/airflow/dags/extract_data.py
[2025-12-19T16:33:18.450+0000] {processor.py:183} INFO - Processing /opt/airflow/dags/extract_data.py took 0.378 seconds
[2025-12-19T16:33:48.714+0000] {processor.py:161} INFO - Started process (PID=373) to work on /opt/airflow/dags/extract_data.py
[2025-12-19T16:33:48.716+0000] {processor.py:830} INFO - Processing file /opt/airflow/dags/extract_data.py for tasks to queue
[2025-12-19T16:33:48.718+0000] {logging_mixin.py:188} INFO - [2025-12-19T16:33:48.718+0000] {dagbag.py:538} INFO - Filling up the DagBag from /opt/airflow/dags/extract_data.py
[2025-12-19T16:33:49.156+0000] {processor.py:842} WARNING - No viable dags retrieved from /opt/airflow/dags/extract_data.py
[2025-12-19T16:33:49.175+0000] {processor.py:183} INFO - Processing /opt/airflow/dags/extract_data.py took 0.466 seconds
[2025-12-19T16:34:19.419+0000] {processor.py:161} INFO - Started process (PID=377) to work on /opt/airflow/dags/extract_data.py
[2025-12-19T16:34:19.421+0000] {processor.py:830} INFO - Processing file /opt/airflow/dags/extract_data.py for tasks to queue
[2025-12-19T16:34:19.422+0000] {logging_mixin.py:188} INFO - [2025-12-19T16:34:19.422+0000] {dagbag.py:538} INFO - Filling up the DagBag from /opt/airflow/dags/extract_data.py
[2025-12-19T16:34:19.776+0000] {processor.py:842} WARNING - No viable dags retrieved from /opt/airflow/dags/extract_data.py
[2025-12-19T16:34:19.791+0000] {processor.py:183} INFO - Processing /opt/airflow/dags/extract_data.py took 0.379 seconds
[2025-12-19T16:34:50.051+0000] {processor.py:161} INFO - Started process (PID=381) to work on /opt/airflow/dags/extract_data.py
[2025-12-19T16:34:50.053+0000] {processor.py:830} INFO - Processing file /opt/airflow/dags/extract_data.py for tasks to queue
[2025-12-19T16:34:50.056+0000] {logging_mixin.py:188} INFO - [2025-12-19T16:34:50.055+0000] {dagbag.py:538} INFO - Filling up the DagBag from /opt/airflow/dags/extract_data.py
[2025-12-19T16:34:50.641+0000] {processor.py:842} WARNING - No viable dags retrieved from /opt/airflow/dags/extract_data.py
[2025-12-19T16:34:50.664+0000] {processor.py:183} INFO - Processing /opt/airflow/dags/extract_data.py took 0.618 seconds
[2025-12-19T16:35:20.876+0000] {processor.py:161} INFO - Started process (PID=385) to work on /opt/airflow/dags/extract_data.py
[2025-12-19T16:35:20.879+0000] {processor.py:830} INFO - Processing file /opt/airflow/dags/extract_data.py for tasks to queue
[2025-12-19T16:35:20.881+0000] {logging_mixin.py:188} INFO - [2025-12-19T16:35:20.880+0000] {dagbag.py:538} INFO - Filling up the DagBag from /opt/airflow/dags/extract_data.py
[2025-12-19T16:35:21.310+0000] {processor.py:842} WARNING - No viable dags retrieved from /opt/airflow/dags/extract_data.py
[2025-12-19T16:35:21.327+0000] {processor.py:183} INFO - Processing /opt/airflow/dags/extract_data.py took 0.454 seconds
[2025-12-19T16:35:51.460+0000] {processor.py:161} INFO - Started process (PID=389) to work on /opt/airflow/dags/extract_data.py
[2025-12-19T16:35:51.462+0000] {processor.py:830} INFO - Processing file /opt/airflow/dags/extract_data.py for tasks to queue
[2025-12-19T16:35:51.463+0000] {logging_mixin.py:188} INFO - [2025-12-19T16:35:51.463+0000] {dagbag.py:538} INFO - Filling up the DagBag from /opt/airflow/dags/extract_data.py
[2025-12-19T16:35:51.780+0000] {processor.py:842} WARNING - No viable dags retrieved from /opt/airflow/dags/extract_data.py
[2025-12-19T16:35:51.791+0000] {processor.py:183} INFO - Processing /opt/airflow/dags/extract_data.py took 0.335 seconds
[2025-12-19T16:36:21.964+0000] {processor.py:161} INFO - Started process (PID=393) to work on /opt/airflow/dags/extract_data.py
[2025-12-19T16:36:21.966+0000] {processor.py:830} INFO - Processing file /opt/airflow/dags/extract_data.py for tasks to queue
[2025-12-19T16:36:21.968+0000] {logging_mixin.py:188} INFO - [2025-12-19T16:36:21.967+0000] {dagbag.py:538} INFO - Filling up the DagBag from /opt/airflow/dags/extract_data.py
[2025-12-19T16:36:22.277+0000] {processor.py:842} WARNING - No viable dags retrieved from /opt/airflow/dags/extract_data.py
[2025-12-19T16:36:22.289+0000] {processor.py:183} INFO - Processing /opt/airflow/dags/extract_data.py took 0.328 seconds
[2025-12-19T16:36:52.483+0000] {processor.py:161} INFO - Started process (PID=397) to work on /opt/airflow/dags/extract_data.py
[2025-12-19T16:36:52.485+0000] {processor.py:830} INFO - Processing file /opt/airflow/dags/extract_data.py for tasks to queue
[2025-12-19T16:36:52.487+0000] {logging_mixin.py:188} INFO - [2025-12-19T16:36:52.486+0000] {dagbag.py:538} INFO - Filling up the DagBag from /opt/airflow/dags/extract_data.py
[2025-12-19T16:36:52.790+0000] {processor.py:842} WARNING - No viable dags retrieved from /opt/airflow/dags/extract_data.py
[2025-12-19T16:36:52.801+0000] {processor.py:183} INFO - Processing /opt/airflow/dags/extract_data.py took 0.322 seconds
