[2025-12-24T15:25:53.366+0000] {taskinstance.py:1956} INFO - Dependencies all met for dep_context=non-requeueable deps ti=<TaskInstance: amazon_transform_dag.wait_for_etl_pipeline scheduled__2025-12-23T00:00:00+00:00 [queued]>
[2025-12-24T15:25:53.375+0000] {taskinstance.py:1956} INFO - Dependencies all met for dep_context=requeueable deps ti=<TaskInstance: amazon_transform_dag.wait_for_etl_pipeline scheduled__2025-12-23T00:00:00+00:00 [queued]>
[2025-12-24T15:25:53.376+0000] {taskinstance.py:2170} INFO - Starting attempt 1 of 4
[2025-12-24T15:25:53.394+0000] {taskinstance.py:2191} INFO - Executing <Task(ExternalTaskSensor): wait_for_etl_pipeline> on 2025-12-23 00:00:00+00:00
[2025-12-24T15:25:53.400+0000] {standard_task_runner.py:60} INFO - Started process 930 to run task
[2025-12-24T15:25:53.403+0000] {standard_task_runner.py:87} INFO - Running: ['***', 'tasks', 'run', 'amazon_transform_dag', 'wait_for_etl_pipeline', 'scheduled__2025-12-23T00:00:00+00:00', '--job-id', '20', '--raw', '--subdir', 'DAGS_FOLDER/transform_dag.py', '--cfg-path', '/tmp/tmpr34j3zss']
[2025-12-24T15:25:53.406+0000] {standard_task_runner.py:88} INFO - Job 20: Subtask wait_for_etl_pipeline
[2025-12-24T15:25:53.435+0000] {logging_mixin.py:188} WARNING - /home/***/.local/lib/python3.8/site-packages/***/settings.py:194 DeprecationWarning: The sql_alchemy_conn option in [core] has been moved to the sql_alchemy_conn option in [database] - the old setting has been used, but please update your config.
[2025-12-24T15:25:53.490+0000] {task_command.py:423} INFO - Running <TaskInstance: amazon_transform_dag.wait_for_etl_pipeline scheduled__2025-12-23T00:00:00+00:00 [running]> on host 01fa5def2fdb
[2025-12-24T15:25:53.584+0000] {taskinstance.py:2480} INFO - Exporting env vars: AIRFLOW_CTX_DAG_OWNER='***' AIRFLOW_CTX_DAG_ID='amazon_transform_dag' AIRFLOW_CTX_TASK_ID='wait_for_etl_pipeline' AIRFLOW_CTX_EXECUTION_DATE='2025-12-23T00:00:00+00:00' AIRFLOW_CTX_TRY_NUMBER='1' AIRFLOW_CTX_DAG_RUN_ID='scheduled__2025-12-23T00:00:00+00:00'
[2025-12-24T15:25:53.586+0000] {external_task.py:244} INFO - Poking for tasks ['validation_task'] in dag etl_pipeline_dag on 2025-12-23T00:00:00+00:00 ... 
[2025-12-24T15:26:53.597+0000] {external_task.py:244} INFO - Poking for tasks ['validation_task'] in dag etl_pipeline_dag on 2025-12-23T00:00:00+00:00 ... 
[2025-12-24T15:27:53.666+0000] {external_task.py:244} INFO - Poking for tasks ['validation_task'] in dag etl_pipeline_dag on 2025-12-23T00:00:00+00:00 ... 
[2025-12-24T15:28:53.735+0000] {external_task.py:244} INFO - Poking for tasks ['validation_task'] in dag etl_pipeline_dag on 2025-12-23T00:00:00+00:00 ... 
[2025-12-24T15:29:53.784+0000] {external_task.py:244} INFO - Poking for tasks ['validation_task'] in dag etl_pipeline_dag on 2025-12-23T00:00:00+00:00 ... 
[2025-12-24T15:30:53.857+0000] {external_task.py:244} INFO - Poking for tasks ['validation_task'] in dag etl_pipeline_dag on 2025-12-23T00:00:00+00:00 ... 
[2025-12-24T15:31:53.884+0000] {external_task.py:244} INFO - Poking for tasks ['validation_task'] in dag etl_pipeline_dag on 2025-12-23T00:00:00+00:00 ... 
[2025-12-24T15:32:53.960+0000] {external_task.py:244} INFO - Poking for tasks ['validation_task'] in dag etl_pipeline_dag on 2025-12-23T00:00:00+00:00 ... 
[2025-12-24T15:33:54.019+0000] {external_task.py:244} INFO - Poking for tasks ['validation_task'] in dag etl_pipeline_dag on 2025-12-23T00:00:00+00:00 ... 
[2025-12-24T15:34:54.085+0000] {external_task.py:244} INFO - Poking for tasks ['validation_task'] in dag etl_pipeline_dag on 2025-12-23T00:00:00+00:00 ... 
[2025-12-24T15:35:54.161+0000] {external_task.py:244} INFO - Poking for tasks ['validation_task'] in dag etl_pipeline_dag on 2025-12-23T00:00:00+00:00 ... 
[2025-12-24T15:35:54.171+0000] {taskinstance.py:2698} ERROR - Task failed with exception
Traceback (most recent call last):
  File "/home/airflow/.local/lib/python3.8/site-packages/airflow/models/taskinstance.py", line 433, in _execute_task
    result = execute_callable(context=context, **execute_callable_kwargs)
  File "/home/airflow/.local/lib/python3.8/site-packages/airflow/sensors/external_task.py", line 334, in execute
    super().execute(context)
  File "/home/airflow/.local/lib/python3.8/site-packages/airflow/sensors/base.py", line 282, in execute
    raise AirflowSensorTimeout(message)
airflow.exceptions.AirflowSensorTimeout: Sensor has timed out; run duration of 600.6204477509996 seconds exceeds the specified timeout of 600.0.
[2025-12-24T15:35:54.185+0000] {taskinstance.py:1138} INFO - Immediate failure requested. Marking task as FAILED. dag_id=amazon_transform_dag, task_id=wait_for_etl_pipeline, execution_date=20251223T000000, start_date=20251224T152553, end_date=20251224T153554
[2025-12-24T15:35:54.203+0000] {standard_task_runner.py:107} ERROR - Failed to execute job 20 for task wait_for_etl_pipeline (Sensor has timed out; run duration of 600.6204477509996 seconds exceeds the specified timeout of 600.0.; 930)
[2025-12-24T15:35:54.245+0000] {local_task_job_runner.py:234} INFO - Task exited with return code 1
[2025-12-24T15:35:54.278+0000] {taskinstance.py:3280} INFO - 0 downstream tasks scheduled from follow-on schedule check
[2025-12-24T16:10:27.606+0000] {taskinstance.py:1956} INFO - Dependencies all met for dep_context=non-requeueable deps ti=<TaskInstance: amazon_transform_dag.wait_for_etl_pipeline scheduled__2025-12-23T00:00:00+00:00 [queued]>
[2025-12-24T16:10:27.618+0000] {taskinstance.py:1956} INFO - Dependencies all met for dep_context=requeueable deps ti=<TaskInstance: amazon_transform_dag.wait_for_etl_pipeline scheduled__2025-12-23T00:00:00+00:00 [queued]>
[2025-12-24T16:10:27.619+0000] {taskinstance.py:2170} INFO - Starting attempt 1 of 4
[2025-12-24T16:10:27.642+0000] {taskinstance.py:2191} INFO - Executing <Task(ExternalTaskSensor): wait_for_etl_pipeline> on 2025-12-23 00:00:00+00:00
[2025-12-24T16:10:27.648+0000] {standard_task_runner.py:60} INFO - Started process 3990 to run task
[2025-12-24T16:10:27.652+0000] {standard_task_runner.py:87} INFO - Running: ['***', 'tasks', 'run', 'amazon_transform_dag', 'wait_for_etl_pipeline', 'scheduled__2025-12-23T00:00:00+00:00', '--job-id', '36', '--raw', '--subdir', 'DAGS_FOLDER/transform_dag.py', '--cfg-path', '/tmp/tmpdu44y80b']
[2025-12-24T16:10:27.654+0000] {standard_task_runner.py:88} INFO - Job 36: Subtask wait_for_etl_pipeline
[2025-12-24T16:10:27.684+0000] {logging_mixin.py:188} WARNING - /home/***/.local/lib/python3.8/site-packages/***/settings.py:194 DeprecationWarning: The sql_alchemy_conn option in [core] has been moved to the sql_alchemy_conn option in [database] - the old setting has been used, but please update your config.
[2025-12-24T16:10:27.761+0000] {task_command.py:423} INFO - Running <TaskInstance: amazon_transform_dag.wait_for_etl_pipeline scheduled__2025-12-23T00:00:00+00:00 [running]> on host 01fa5def2fdb
[2025-12-24T16:10:27.937+0000] {taskinstance.py:2480} INFO - Exporting env vars: AIRFLOW_CTX_DAG_OWNER='***' AIRFLOW_CTX_DAG_ID='amazon_transform_dag' AIRFLOW_CTX_TASK_ID='wait_for_etl_pipeline' AIRFLOW_CTX_EXECUTION_DATE='2025-12-23T00:00:00+00:00' AIRFLOW_CTX_TRY_NUMBER='1' AIRFLOW_CTX_DAG_RUN_ID='scheduled__2025-12-23T00:00:00+00:00'
[2025-12-24T16:10:27.938+0000] {external_task.py:244} INFO - Poking for tasks ['validation_task'] in dag etl_pipeline_dag on 2025-12-23T00:00:00+00:00 ... 
[2025-12-24T16:11:28.007+0000] {external_task.py:244} INFO - Poking for tasks ['validation_task'] in dag etl_pipeline_dag on 2025-12-23T00:00:00+00:00 ... 
[2025-12-24T16:12:28.066+0000] {external_task.py:244} INFO - Poking for tasks ['validation_task'] in dag etl_pipeline_dag on 2025-12-23T00:00:00+00:00 ... 
[2025-12-24T16:13:28.128+0000] {external_task.py:244} INFO - Poking for tasks ['validation_task'] in dag etl_pipeline_dag on 2025-12-23T00:00:00+00:00 ... 
[2025-12-24T16:14:28.167+0000] {external_task.py:244} INFO - Poking for tasks ['validation_task'] in dag etl_pipeline_dag on 2025-12-23T00:00:00+00:00 ... 
[2025-12-24T16:15:28.260+0000] {external_task.py:244} INFO - Poking for tasks ['validation_task'] in dag etl_pipeline_dag on 2025-12-23T00:00:00+00:00 ... 
[2025-12-24T16:16:28.328+0000] {external_task.py:244} INFO - Poking for tasks ['validation_task'] in dag etl_pipeline_dag on 2025-12-23T00:00:00+00:00 ... 
[2025-12-24T16:17:28.406+0000] {external_task.py:244} INFO - Poking for tasks ['validation_task'] in dag etl_pipeline_dag on 2025-12-23T00:00:00+00:00 ... 
[2025-12-24T16:18:28.474+0000] {external_task.py:244} INFO - Poking for tasks ['validation_task'] in dag etl_pipeline_dag on 2025-12-23T00:00:00+00:00 ... 
[2025-12-24T16:19:28.540+0000] {external_task.py:244} INFO - Poking for tasks ['validation_task'] in dag etl_pipeline_dag on 2025-12-23T00:00:00+00:00 ... 
[2025-12-24T16:20:28.618+0000] {external_task.py:244} INFO - Poking for tasks ['validation_task'] in dag etl_pipeline_dag on 2025-12-23T00:00:00+00:00 ... 
[2025-12-24T16:20:28.640+0000] {taskinstance.py:2698} ERROR - Task failed with exception
Traceback (most recent call last):
  File "/home/airflow/.local/lib/python3.8/site-packages/airflow/models/taskinstance.py", line 433, in _execute_task
    result = execute_callable(context=context, **execute_callable_kwargs)
  File "/home/airflow/.local/lib/python3.8/site-packages/airflow/sensors/external_task.py", line 334, in execute
    super().execute(context)
  File "/home/airflow/.local/lib/python3.8/site-packages/airflow/sensors/base.py", line 282, in execute
    raise AirflowSensorTimeout(message)
airflow.exceptions.AirflowSensorTimeout: Sensor has timed out; run duration of 600.7611920290001 seconds exceeds the specified timeout of 600.0.
[2025-12-24T16:20:28.662+0000] {taskinstance.py:1138} INFO - Immediate failure requested. Marking task as FAILED. dag_id=amazon_transform_dag, task_id=wait_for_etl_pipeline, execution_date=20251223T000000, start_date=20251224T161027, end_date=20251224T162028
[2025-12-24T16:20:28.696+0000] {standard_task_runner.py:107} ERROR - Failed to execute job 36 for task wait_for_etl_pipeline (Sensor has timed out; run duration of 600.7611920290001 seconds exceeds the specified timeout of 600.0.; 3990)
[2025-12-24T16:20:28.742+0000] {local_task_job_runner.py:234} INFO - Task exited with return code 1
[2025-12-24T16:20:28.810+0000] {taskinstance.py:3280} INFO - 0 downstream tasks scheduled from follow-on schedule check
