[2026-01-12T16:44:20.868+0000] {processor.py:161} INFO - Started process (PID=184) to work on /opt/airflow/dags/scripts/etl_transform_amazon.py
[2026-01-12T16:44:20.870+0000] {processor.py:830} INFO - Processing file /opt/airflow/dags/scripts/etl_transform_amazon.py for tasks to queue
[2026-01-12T16:44:20.874+0000] {logging_mixin.py:188} INFO - [2026-01-12T16:44:20.873+0000] {dagbag.py:538} INFO - Filling up the DagBag from /opt/airflow/dags/scripts/etl_transform_amazon.py
[2026-01-12T16:44:21.709+0000] {processor.py:842} WARNING - No viable dags retrieved from /opt/airflow/dags/scripts/etl_transform_amazon.py
[2026-01-12T16:44:21.741+0000] {processor.py:183} INFO - Processing /opt/airflow/dags/scripts/etl_transform_amazon.py took 0.877 seconds
[2026-01-12T16:44:52.427+0000] {processor.py:161} INFO - Started process (PID=225) to work on /opt/airflow/dags/scripts/etl_transform_amazon.py
[2026-01-12T16:44:52.429+0000] {processor.py:830} INFO - Processing file /opt/airflow/dags/scripts/etl_transform_amazon.py for tasks to queue
[2026-01-12T16:44:52.430+0000] {logging_mixin.py:188} INFO - [2026-01-12T16:44:52.430+0000] {dagbag.py:538} INFO - Filling up the DagBag from /opt/airflow/dags/scripts/etl_transform_amazon.py
[2026-01-12T16:44:52.954+0000] {processor.py:842} WARNING - No viable dags retrieved from /opt/airflow/dags/scripts/etl_transform_amazon.py
[2026-01-12T16:44:52.981+0000] {processor.py:183} INFO - Processing /opt/airflow/dags/scripts/etl_transform_amazon.py took 0.558 seconds
[2026-01-12T16:45:23.090+0000] {processor.py:161} INFO - Started process (PID=262) to work on /opt/airflow/dags/scripts/etl_transform_amazon.py
[2026-01-12T16:45:23.092+0000] {processor.py:830} INFO - Processing file /opt/airflow/dags/scripts/etl_transform_amazon.py for tasks to queue
[2026-01-12T16:45:23.093+0000] {logging_mixin.py:188} INFO - [2026-01-12T16:45:23.093+0000] {dagbag.py:538} INFO - Filling up the DagBag from /opt/airflow/dags/scripts/etl_transform_amazon.py
[2026-01-12T16:45:23.583+0000] {processor.py:842} WARNING - No viable dags retrieved from /opt/airflow/dags/scripts/etl_transform_amazon.py
[2026-01-12T16:45:23.604+0000] {processor.py:183} INFO - Processing /opt/airflow/dags/scripts/etl_transform_amazon.py took 0.519 seconds
[2026-01-12T16:45:53.700+0000] {processor.py:161} INFO - Started process (PID=302) to work on /opt/airflow/dags/scripts/etl_transform_amazon.py
[2026-01-12T16:45:53.701+0000] {processor.py:830} INFO - Processing file /opt/airflow/dags/scripts/etl_transform_amazon.py for tasks to queue
[2026-01-12T16:45:53.703+0000] {logging_mixin.py:188} INFO - [2026-01-12T16:45:53.702+0000] {dagbag.py:538} INFO - Filling up the DagBag from /opt/airflow/dags/scripts/etl_transform_amazon.py
[2026-01-12T16:45:54.176+0000] {processor.py:842} WARNING - No viable dags retrieved from /opt/airflow/dags/scripts/etl_transform_amazon.py
[2026-01-12T16:45:54.198+0000] {processor.py:183} INFO - Processing /opt/airflow/dags/scripts/etl_transform_amazon.py took 0.502 seconds
[2026-01-12T16:46:24.290+0000] {processor.py:161} INFO - Started process (PID=342) to work on /opt/airflow/dags/scripts/etl_transform_amazon.py
[2026-01-12T16:46:24.291+0000] {processor.py:830} INFO - Processing file /opt/airflow/dags/scripts/etl_transform_amazon.py for tasks to queue
[2026-01-12T16:46:24.293+0000] {logging_mixin.py:188} INFO - [2026-01-12T16:46:24.293+0000] {dagbag.py:538} INFO - Filling up the DagBag from /opt/airflow/dags/scripts/etl_transform_amazon.py
[2026-01-12T16:46:24.888+0000] {processor.py:842} WARNING - No viable dags retrieved from /opt/airflow/dags/scripts/etl_transform_amazon.py
[2026-01-12T16:46:24.908+0000] {processor.py:183} INFO - Processing /opt/airflow/dags/scripts/etl_transform_amazon.py took 0.622 seconds
[2026-01-12T16:46:55.933+0000] {processor.py:161} INFO - Started process (PID=382) to work on /opt/airflow/dags/scripts/etl_transform_amazon.py
[2026-01-12T16:46:55.935+0000] {processor.py:830} INFO - Processing file /opt/airflow/dags/scripts/etl_transform_amazon.py for tasks to queue
[2026-01-12T16:46:55.937+0000] {logging_mixin.py:188} INFO - [2026-01-12T16:46:55.936+0000] {dagbag.py:538} INFO - Filling up the DagBag from /opt/airflow/dags/scripts/etl_transform_amazon.py
[2026-01-12T16:46:56.367+0000] {processor.py:842} WARNING - No viable dags retrieved from /opt/airflow/dags/scripts/etl_transform_amazon.py
[2026-01-12T16:46:56.381+0000] {processor.py:183} INFO - Processing /opt/airflow/dags/scripts/etl_transform_amazon.py took 0.451 seconds
[2026-01-12T16:47:26.902+0000] {processor.py:161} INFO - Started process (PID=422) to work on /opt/airflow/dags/scripts/etl_transform_amazon.py
[2026-01-12T16:47:26.906+0000] {processor.py:830} INFO - Processing file /opt/airflow/dags/scripts/etl_transform_amazon.py for tasks to queue
[2026-01-12T16:47:26.909+0000] {logging_mixin.py:188} INFO - [2026-01-12T16:47:26.908+0000] {dagbag.py:538} INFO - Filling up the DagBag from /opt/airflow/dags/scripts/etl_transform_amazon.py
[2026-01-12T16:47:27.622+0000] {processor.py:842} WARNING - No viable dags retrieved from /opt/airflow/dags/scripts/etl_transform_amazon.py
[2026-01-12T16:47:27.653+0000] {processor.py:183} INFO - Processing /opt/airflow/dags/scripts/etl_transform_amazon.py took 0.761 seconds
[2026-01-12T16:47:57.879+0000] {processor.py:161} INFO - Started process (PID=462) to work on /opt/airflow/dags/scripts/etl_transform_amazon.py
[2026-01-12T16:47:57.881+0000] {processor.py:830} INFO - Processing file /opt/airflow/dags/scripts/etl_transform_amazon.py for tasks to queue
[2026-01-12T16:47:57.884+0000] {logging_mixin.py:188} INFO - [2026-01-12T16:47:57.883+0000] {dagbag.py:538} INFO - Filling up the DagBag from /opt/airflow/dags/scripts/etl_transform_amazon.py
[2026-01-12T16:47:58.905+0000] {processor.py:842} WARNING - No viable dags retrieved from /opt/airflow/dags/scripts/etl_transform_amazon.py
[2026-01-12T16:47:58.944+0000] {processor.py:183} INFO - Processing /opt/airflow/dags/scripts/etl_transform_amazon.py took 1.072 seconds
[2026-01-12T16:48:29.113+0000] {processor.py:161} INFO - Started process (PID=507) to work on /opt/airflow/dags/scripts/etl_transform_amazon.py
[2026-01-12T16:48:29.115+0000] {processor.py:830} INFO - Processing file /opt/airflow/dags/scripts/etl_transform_amazon.py for tasks to queue
[2026-01-12T16:48:29.116+0000] {logging_mixin.py:188} INFO - [2026-01-12T16:48:29.116+0000] {dagbag.py:538} INFO - Filling up the DagBag from /opt/airflow/dags/scripts/etl_transform_amazon.py
[2026-01-12T16:48:30.121+0000] {processor.py:842} WARNING - No viable dags retrieved from /opt/airflow/dags/scripts/etl_transform_amazon.py
[2026-01-12T16:48:30.169+0000] {processor.py:183} INFO - Processing /opt/airflow/dags/scripts/etl_transform_amazon.py took 1.066 seconds
[2026-01-12T16:49:00.802+0000] {processor.py:161} INFO - Started process (PID=547) to work on /opt/airflow/dags/scripts/etl_transform_amazon.py
[2026-01-12T16:49:00.806+0000] {processor.py:830} INFO - Processing file /opt/airflow/dags/scripts/etl_transform_amazon.py for tasks to queue
[2026-01-12T16:49:00.815+0000] {logging_mixin.py:188} INFO - [2026-01-12T16:49:00.813+0000] {dagbag.py:538} INFO - Filling up the DagBag from /opt/airflow/dags/scripts/etl_transform_amazon.py
[2026-01-12T16:49:01.861+0000] {processor.py:842} WARNING - No viable dags retrieved from /opt/airflow/dags/scripts/etl_transform_amazon.py
[2026-01-12T16:49:01.922+0000] {processor.py:183} INFO - Processing /opt/airflow/dags/scripts/etl_transform_amazon.py took 1.127 seconds
[2026-01-12T16:49:32.222+0000] {processor.py:161} INFO - Started process (PID=587) to work on /opt/airflow/dags/scripts/etl_transform_amazon.py
[2026-01-12T16:49:32.226+0000] {processor.py:830} INFO - Processing file /opt/airflow/dags/scripts/etl_transform_amazon.py for tasks to queue
[2026-01-12T16:49:32.228+0000] {logging_mixin.py:188} INFO - [2026-01-12T16:49:32.227+0000] {dagbag.py:538} INFO - Filling up the DagBag from /opt/airflow/dags/scripts/etl_transform_amazon.py
[2026-01-12T16:49:32.998+0000] {processor.py:842} WARNING - No viable dags retrieved from /opt/airflow/dags/scripts/etl_transform_amazon.py
[2026-01-12T16:49:33.035+0000] {processor.py:183} INFO - Processing /opt/airflow/dags/scripts/etl_transform_amazon.py took 0.821 seconds
[2026-01-12T16:50:03.280+0000] {processor.py:161} INFO - Started process (PID=627) to work on /opt/airflow/dags/scripts/etl_transform_amazon.py
[2026-01-12T16:50:03.283+0000] {processor.py:830} INFO - Processing file /opt/airflow/dags/scripts/etl_transform_amazon.py for tasks to queue
[2026-01-12T16:50:03.286+0000] {logging_mixin.py:188} INFO - [2026-01-12T16:50:03.286+0000] {dagbag.py:538} INFO - Filling up the DagBag from /opt/airflow/dags/scripts/etl_transform_amazon.py
[2026-01-12T16:50:04.075+0000] {processor.py:842} WARNING - No viable dags retrieved from /opt/airflow/dags/scripts/etl_transform_amazon.py
[2026-01-12T16:50:04.117+0000] {processor.py:183} INFO - Processing /opt/airflow/dags/scripts/etl_transform_amazon.py took 0.852 seconds
[2026-01-12T16:50:34.719+0000] {processor.py:161} INFO - Started process (PID=667) to work on /opt/airflow/dags/scripts/etl_transform_amazon.py
[2026-01-12T16:50:34.722+0000] {processor.py:830} INFO - Processing file /opt/airflow/dags/scripts/etl_transform_amazon.py for tasks to queue
[2026-01-12T16:50:34.724+0000] {logging_mixin.py:188} INFO - [2026-01-12T16:50:34.724+0000] {dagbag.py:538} INFO - Filling up the DagBag from /opt/airflow/dags/scripts/etl_transform_amazon.py
[2026-01-12T16:50:35.315+0000] {processor.py:842} WARNING - No viable dags retrieved from /opt/airflow/dags/scripts/etl_transform_amazon.py
[2026-01-12T16:50:35.355+0000] {processor.py:183} INFO - Processing /opt/airflow/dags/scripts/etl_transform_amazon.py took 0.642 seconds
[2026-01-12T16:51:05.558+0000] {processor.py:161} INFO - Started process (PID=707) to work on /opt/airflow/dags/scripts/etl_transform_amazon.py
[2026-01-12T16:51:05.559+0000] {processor.py:830} INFO - Processing file /opt/airflow/dags/scripts/etl_transform_amazon.py for tasks to queue
[2026-01-12T16:51:05.561+0000] {logging_mixin.py:188} INFO - [2026-01-12T16:51:05.560+0000] {dagbag.py:538} INFO - Filling up the DagBag from /opt/airflow/dags/scripts/etl_transform_amazon.py
[2026-01-12T16:51:05.985+0000] {processor.py:842} WARNING - No viable dags retrieved from /opt/airflow/dags/scripts/etl_transform_amazon.py
[2026-01-12T16:51:06.009+0000] {processor.py:183} INFO - Processing /opt/airflow/dags/scripts/etl_transform_amazon.py took 0.454 seconds
[2026-01-12T16:51:36.186+0000] {processor.py:161} INFO - Started process (PID=747) to work on /opt/airflow/dags/scripts/etl_transform_amazon.py
[2026-01-12T16:51:36.189+0000] {processor.py:830} INFO - Processing file /opt/airflow/dags/scripts/etl_transform_amazon.py for tasks to queue
[2026-01-12T16:51:36.193+0000] {logging_mixin.py:188} INFO - [2026-01-12T16:51:36.192+0000] {dagbag.py:538} INFO - Filling up the DagBag from /opt/airflow/dags/scripts/etl_transform_amazon.py
[2026-01-12T16:51:36.761+0000] {processor.py:842} WARNING - No viable dags retrieved from /opt/airflow/dags/scripts/etl_transform_amazon.py
[2026-01-12T16:51:36.786+0000] {processor.py:183} INFO - Processing /opt/airflow/dags/scripts/etl_transform_amazon.py took 0.608 seconds
[2026-01-12T16:52:07.770+0000] {processor.py:161} INFO - Started process (PID=787) to work on /opt/airflow/dags/scripts/etl_transform_amazon.py
[2026-01-12T16:52:07.771+0000] {processor.py:830} INFO - Processing file /opt/airflow/dags/scripts/etl_transform_amazon.py for tasks to queue
[2026-01-12T16:52:07.773+0000] {logging_mixin.py:188} INFO - [2026-01-12T16:52:07.772+0000] {dagbag.py:538} INFO - Filling up the DagBag from /opt/airflow/dags/scripts/etl_transform_amazon.py
[2026-01-12T16:52:08.253+0000] {processor.py:842} WARNING - No viable dags retrieved from /opt/airflow/dags/scripts/etl_transform_amazon.py
[2026-01-12T16:52:08.276+0000] {processor.py:183} INFO - Processing /opt/airflow/dags/scripts/etl_transform_amazon.py took 0.509 seconds
[2026-01-12T16:52:38.367+0000] {processor.py:161} INFO - Started process (PID=827) to work on /opt/airflow/dags/scripts/etl_transform_amazon.py
[2026-01-12T16:52:38.369+0000] {processor.py:830} INFO - Processing file /opt/airflow/dags/scripts/etl_transform_amazon.py for tasks to queue
[2026-01-12T16:52:38.370+0000] {logging_mixin.py:188} INFO - [2026-01-12T16:52:38.369+0000] {dagbag.py:538} INFO - Filling up the DagBag from /opt/airflow/dags/scripts/etl_transform_amazon.py
[2026-01-12T16:52:38.762+0000] {processor.py:842} WARNING - No viable dags retrieved from /opt/airflow/dags/scripts/etl_transform_amazon.py
[2026-01-12T16:52:38.777+0000] {processor.py:183} INFO - Processing /opt/airflow/dags/scripts/etl_transform_amazon.py took 0.412 seconds
[2026-01-12T16:53:08.930+0000] {processor.py:161} INFO - Started process (PID=867) to work on /opt/airflow/dags/scripts/etl_transform_amazon.py
[2026-01-12T16:53:08.932+0000] {processor.py:830} INFO - Processing file /opt/airflow/dags/scripts/etl_transform_amazon.py for tasks to queue
[2026-01-12T16:53:08.933+0000] {logging_mixin.py:188} INFO - [2026-01-12T16:53:08.933+0000] {dagbag.py:538} INFO - Filling up the DagBag from /opt/airflow/dags/scripts/etl_transform_amazon.py
[2026-01-12T16:53:09.333+0000] {processor.py:842} WARNING - No viable dags retrieved from /opt/airflow/dags/scripts/etl_transform_amazon.py
[2026-01-12T16:53:09.349+0000] {processor.py:183} INFO - Processing /opt/airflow/dags/scripts/etl_transform_amazon.py took 0.421 seconds
[2026-01-12T16:53:40.283+0000] {processor.py:161} INFO - Started process (PID=907) to work on /opt/airflow/dags/scripts/etl_transform_amazon.py
[2026-01-12T16:53:40.285+0000] {processor.py:830} INFO - Processing file /opt/airflow/dags/scripts/etl_transform_amazon.py for tasks to queue
[2026-01-12T16:53:40.287+0000] {logging_mixin.py:188} INFO - [2026-01-12T16:53:40.286+0000] {dagbag.py:538} INFO - Filling up the DagBag from /opt/airflow/dags/scripts/etl_transform_amazon.py
[2026-01-12T16:53:40.678+0000] {processor.py:842} WARNING - No viable dags retrieved from /opt/airflow/dags/scripts/etl_transform_amazon.py
[2026-01-12T16:53:40.693+0000] {processor.py:183} INFO - Processing /opt/airflow/dags/scripts/etl_transform_amazon.py took 0.414 seconds
[2026-01-12T16:54:10.900+0000] {processor.py:161} INFO - Started process (PID=947) to work on /opt/airflow/dags/scripts/etl_transform_amazon.py
[2026-01-12T16:54:10.901+0000] {processor.py:830} INFO - Processing file /opt/airflow/dags/scripts/etl_transform_amazon.py for tasks to queue
[2026-01-12T16:54:10.902+0000] {logging_mixin.py:188} INFO - [2026-01-12T16:54:10.902+0000] {dagbag.py:538} INFO - Filling up the DagBag from /opt/airflow/dags/scripts/etl_transform_amazon.py
[2026-01-12T16:54:11.295+0000] {processor.py:842} WARNING - No viable dags retrieved from /opt/airflow/dags/scripts/etl_transform_amazon.py
[2026-01-12T16:54:11.308+0000] {processor.py:183} INFO - Processing /opt/airflow/dags/scripts/etl_transform_amazon.py took 0.412 seconds
[2026-01-12T16:54:41.631+0000] {processor.py:161} INFO - Started process (PID=987) to work on /opt/airflow/dags/scripts/etl_transform_amazon.py
[2026-01-12T16:54:41.633+0000] {processor.py:830} INFO - Processing file /opt/airflow/dags/scripts/etl_transform_amazon.py for tasks to queue
[2026-01-12T16:54:41.634+0000] {logging_mixin.py:188} INFO - [2026-01-12T16:54:41.634+0000] {dagbag.py:538} INFO - Filling up the DagBag from /opt/airflow/dags/scripts/etl_transform_amazon.py
[2026-01-12T16:54:42.110+0000] {processor.py:842} WARNING - No viable dags retrieved from /opt/airflow/dags/scripts/etl_transform_amazon.py
[2026-01-12T16:54:42.132+0000] {processor.py:183} INFO - Processing /opt/airflow/dags/scripts/etl_transform_amazon.py took 0.503 seconds
[2026-01-12T16:55:12.954+0000] {processor.py:161} INFO - Started process (PID=1027) to work on /opt/airflow/dags/scripts/etl_transform_amazon.py
[2026-01-12T16:55:12.956+0000] {processor.py:830} INFO - Processing file /opt/airflow/dags/scripts/etl_transform_amazon.py for tasks to queue
[2026-01-12T16:55:12.957+0000] {logging_mixin.py:188} INFO - [2026-01-12T16:55:12.957+0000] {dagbag.py:538} INFO - Filling up the DagBag from /opt/airflow/dags/scripts/etl_transform_amazon.py
[2026-01-12T16:55:13.376+0000] {processor.py:842} WARNING - No viable dags retrieved from /opt/airflow/dags/scripts/etl_transform_amazon.py
[2026-01-12T16:55:13.394+0000] {processor.py:183} INFO - Processing /opt/airflow/dags/scripts/etl_transform_amazon.py took 0.443 seconds
[2026-01-12T16:55:44.390+0000] {processor.py:161} INFO - Started process (PID=1067) to work on /opt/airflow/dags/scripts/etl_transform_amazon.py
[2026-01-12T16:55:44.391+0000] {processor.py:830} INFO - Processing file /opt/airflow/dags/scripts/etl_transform_amazon.py for tasks to queue
[2026-01-12T16:55:44.392+0000] {logging_mixin.py:188} INFO - [2026-01-12T16:55:44.392+0000] {dagbag.py:538} INFO - Filling up the DagBag from /opt/airflow/dags/scripts/etl_transform_amazon.py
[2026-01-12T16:55:44.834+0000] {processor.py:842} WARNING - No viable dags retrieved from /opt/airflow/dags/scripts/etl_transform_amazon.py
[2026-01-12T16:55:44.853+0000] {processor.py:183} INFO - Processing /opt/airflow/dags/scripts/etl_transform_amazon.py took 0.467 seconds
[2026-01-12T16:56:14.961+0000] {processor.py:161} INFO - Started process (PID=1107) to work on /opt/airflow/dags/scripts/etl_transform_amazon.py
[2026-01-12T16:56:14.963+0000] {processor.py:830} INFO - Processing file /opt/airflow/dags/scripts/etl_transform_amazon.py for tasks to queue
[2026-01-12T16:56:14.964+0000] {logging_mixin.py:188} INFO - [2026-01-12T16:56:14.963+0000] {dagbag.py:538} INFO - Filling up the DagBag from /opt/airflow/dags/scripts/etl_transform_amazon.py
[2026-01-12T16:56:15.368+0000] {processor.py:842} WARNING - No viable dags retrieved from /opt/airflow/dags/scripts/etl_transform_amazon.py
[2026-01-12T16:56:15.387+0000] {processor.py:183} INFO - Processing /opt/airflow/dags/scripts/etl_transform_amazon.py took 0.428 seconds
[2026-01-12T16:56:46.293+0000] {processor.py:161} INFO - Started process (PID=1147) to work on /opt/airflow/dags/scripts/etl_transform_amazon.py
[2026-01-12T16:56:46.295+0000] {processor.py:830} INFO - Processing file /opt/airflow/dags/scripts/etl_transform_amazon.py for tasks to queue
[2026-01-12T16:56:46.297+0000] {logging_mixin.py:188} INFO - [2026-01-12T16:56:46.296+0000] {dagbag.py:538} INFO - Filling up the DagBag from /opt/airflow/dags/scripts/etl_transform_amazon.py
[2026-01-12T16:56:46.750+0000] {processor.py:842} WARNING - No viable dags retrieved from /opt/airflow/dags/scripts/etl_transform_amazon.py
[2026-01-12T16:56:46.769+0000] {processor.py:183} INFO - Processing /opt/airflow/dags/scripts/etl_transform_amazon.py took 0.479 seconds
[2026-01-12T16:57:17.635+0000] {processor.py:161} INFO - Started process (PID=1187) to work on /opt/airflow/dags/scripts/etl_transform_amazon.py
[2026-01-12T16:57:17.637+0000] {processor.py:830} INFO - Processing file /opt/airflow/dags/scripts/etl_transform_amazon.py for tasks to queue
[2026-01-12T16:57:17.638+0000] {logging_mixin.py:188} INFO - [2026-01-12T16:57:17.638+0000] {dagbag.py:538} INFO - Filling up the DagBag from /opt/airflow/dags/scripts/etl_transform_amazon.py
[2026-01-12T16:57:18.044+0000] {processor.py:842} WARNING - No viable dags retrieved from /opt/airflow/dags/scripts/etl_transform_amazon.py
[2026-01-12T16:57:18.062+0000] {processor.py:183} INFO - Processing /opt/airflow/dags/scripts/etl_transform_amazon.py took 0.430 seconds
[2026-01-12T16:57:48.407+0000] {processor.py:161} INFO - Started process (PID=1227) to work on /opt/airflow/dags/scripts/etl_transform_amazon.py
[2026-01-12T16:57:48.409+0000] {processor.py:830} INFO - Processing file /opt/airflow/dags/scripts/etl_transform_amazon.py for tasks to queue
[2026-01-12T16:57:48.410+0000] {logging_mixin.py:188} INFO - [2026-01-12T16:57:48.410+0000] {dagbag.py:538} INFO - Filling up the DagBag from /opt/airflow/dags/scripts/etl_transform_amazon.py
[2026-01-12T16:57:48.790+0000] {processor.py:842} WARNING - No viable dags retrieved from /opt/airflow/dags/scripts/etl_transform_amazon.py
[2026-01-12T16:57:48.805+0000] {processor.py:183} INFO - Processing /opt/airflow/dags/scripts/etl_transform_amazon.py took 0.401 seconds
[2026-01-12T16:58:19.765+0000] {processor.py:161} INFO - Started process (PID=1267) to work on /opt/airflow/dags/scripts/etl_transform_amazon.py
[2026-01-12T16:58:19.767+0000] {processor.py:830} INFO - Processing file /opt/airflow/dags/scripts/etl_transform_amazon.py for tasks to queue
[2026-01-12T16:58:19.768+0000] {logging_mixin.py:188} INFO - [2026-01-12T16:58:19.768+0000] {dagbag.py:538} INFO - Filling up the DagBag from /opt/airflow/dags/scripts/etl_transform_amazon.py
[2026-01-12T16:58:20.209+0000] {processor.py:842} WARNING - No viable dags retrieved from /opt/airflow/dags/scripts/etl_transform_amazon.py
[2026-01-12T16:58:20.230+0000] {processor.py:183} INFO - Processing /opt/airflow/dags/scripts/etl_transform_amazon.py took 0.468 seconds
[2026-01-12T16:58:51.026+0000] {processor.py:161} INFO - Started process (PID=1307) to work on /opt/airflow/dags/scripts/etl_transform_amazon.py
[2026-01-12T16:58:51.027+0000] {processor.py:830} INFO - Processing file /opt/airflow/dags/scripts/etl_transform_amazon.py for tasks to queue
[2026-01-12T16:58:51.028+0000] {logging_mixin.py:188} INFO - [2026-01-12T16:58:51.028+0000] {dagbag.py:538} INFO - Filling up the DagBag from /opt/airflow/dags/scripts/etl_transform_amazon.py
[2026-01-12T16:58:51.413+0000] {processor.py:842} WARNING - No viable dags retrieved from /opt/airflow/dags/scripts/etl_transform_amazon.py
[2026-01-12T16:58:51.429+0000] {processor.py:183} INFO - Processing /opt/airflow/dags/scripts/etl_transform_amazon.py took 0.407 seconds
[2026-01-12T16:59:21.544+0000] {processor.py:161} INFO - Started process (PID=1347) to work on /opt/airflow/dags/scripts/etl_transform_amazon.py
[2026-01-12T16:59:21.545+0000] {processor.py:830} INFO - Processing file /opt/airflow/dags/scripts/etl_transform_amazon.py for tasks to queue
[2026-01-12T16:59:21.546+0000] {logging_mixin.py:188} INFO - [2026-01-12T16:59:21.546+0000] {dagbag.py:538} INFO - Filling up the DagBag from /opt/airflow/dags/scripts/etl_transform_amazon.py
[2026-01-12T16:59:21.922+0000] {processor.py:842} WARNING - No viable dags retrieved from /opt/airflow/dags/scripts/etl_transform_amazon.py
[2026-01-12T16:59:21.937+0000] {processor.py:183} INFO - Processing /opt/airflow/dags/scripts/etl_transform_amazon.py took 0.396 seconds
[2026-01-12T16:59:52.005+0000] {processor.py:161} INFO - Started process (PID=1387) to work on /opt/airflow/dags/scripts/etl_transform_amazon.py
[2026-01-12T16:59:52.007+0000] {processor.py:830} INFO - Processing file /opt/airflow/dags/scripts/etl_transform_amazon.py for tasks to queue
[2026-01-12T16:59:52.008+0000] {logging_mixin.py:188} INFO - [2026-01-12T16:59:52.008+0000] {dagbag.py:538} INFO - Filling up the DagBag from /opt/airflow/dags/scripts/etl_transform_amazon.py
[2026-01-12T16:59:52.413+0000] {processor.py:842} WARNING - No viable dags retrieved from /opt/airflow/dags/scripts/etl_transform_amazon.py
[2026-01-12T16:59:52.430+0000] {processor.py:183} INFO - Processing /opt/airflow/dags/scripts/etl_transform_amazon.py took 0.429 seconds
[2026-01-12T17:00:23.304+0000] {processor.py:161} INFO - Started process (PID=1427) to work on /opt/airflow/dags/scripts/etl_transform_amazon.py
[2026-01-12T17:00:23.305+0000] {processor.py:830} INFO - Processing file /opt/airflow/dags/scripts/etl_transform_amazon.py for tasks to queue
[2026-01-12T17:00:23.306+0000] {logging_mixin.py:188} INFO - [2026-01-12T17:00:23.306+0000] {dagbag.py:538} INFO - Filling up the DagBag from /opt/airflow/dags/scripts/etl_transform_amazon.py
[2026-01-12T17:00:23.678+0000] {processor.py:842} WARNING - No viable dags retrieved from /opt/airflow/dags/scripts/etl_transform_amazon.py
[2026-01-12T17:00:23.695+0000] {processor.py:183} INFO - Processing /opt/airflow/dags/scripts/etl_transform_amazon.py took 0.394 seconds
[2026-01-12T17:00:54.630+0000] {processor.py:161} INFO - Started process (PID=1467) to work on /opt/airflow/dags/scripts/etl_transform_amazon.py
[2026-01-12T17:00:54.632+0000] {processor.py:830} INFO - Processing file /opt/airflow/dags/scripts/etl_transform_amazon.py for tasks to queue
[2026-01-12T17:00:54.633+0000] {logging_mixin.py:188} INFO - [2026-01-12T17:00:54.633+0000] {dagbag.py:538} INFO - Filling up the DagBag from /opt/airflow/dags/scripts/etl_transform_amazon.py
[2026-01-12T17:00:55.027+0000] {processor.py:842} WARNING - No viable dags retrieved from /opt/airflow/dags/scripts/etl_transform_amazon.py
[2026-01-12T17:00:55.043+0000] {processor.py:183} INFO - Processing /opt/airflow/dags/scripts/etl_transform_amazon.py took 0.416 seconds
[2026-01-12T17:01:26.060+0000] {processor.py:161} INFO - Started process (PID=1507) to work on /opt/airflow/dags/scripts/etl_transform_amazon.py
[2026-01-12T17:01:26.061+0000] {processor.py:830} INFO - Processing file /opt/airflow/dags/scripts/etl_transform_amazon.py for tasks to queue
[2026-01-12T17:01:26.063+0000] {logging_mixin.py:188} INFO - [2026-01-12T17:01:26.062+0000] {dagbag.py:538} INFO - Filling up the DagBag from /opt/airflow/dags/scripts/etl_transform_amazon.py
[2026-01-12T17:01:26.490+0000] {processor.py:842} WARNING - No viable dags retrieved from /opt/airflow/dags/scripts/etl_transform_amazon.py
[2026-01-12T17:01:26.505+0000] {processor.py:183} INFO - Processing /opt/airflow/dags/scripts/etl_transform_amazon.py took 0.448 seconds
[2026-01-12T17:01:57.534+0000] {processor.py:161} INFO - Started process (PID=1547) to work on /opt/airflow/dags/scripts/etl_transform_amazon.py
[2026-01-12T17:01:57.535+0000] {processor.py:830} INFO - Processing file /opt/airflow/dags/scripts/etl_transform_amazon.py for tasks to queue
[2026-01-12T17:01:57.536+0000] {logging_mixin.py:188} INFO - [2026-01-12T17:01:57.536+0000] {dagbag.py:538} INFO - Filling up the DagBag from /opt/airflow/dags/scripts/etl_transform_amazon.py
[2026-01-12T17:01:57.969+0000] {processor.py:842} WARNING - No viable dags retrieved from /opt/airflow/dags/scripts/etl_transform_amazon.py
[2026-01-12T17:01:57.984+0000] {processor.py:183} INFO - Processing /opt/airflow/dags/scripts/etl_transform_amazon.py took 0.453 seconds
[2026-01-12T17:02:28.869+0000] {processor.py:161} INFO - Started process (PID=1587) to work on /opt/airflow/dags/scripts/etl_transform_amazon.py
[2026-01-12T17:02:28.870+0000] {processor.py:830} INFO - Processing file /opt/airflow/dags/scripts/etl_transform_amazon.py for tasks to queue
[2026-01-12T17:02:28.871+0000] {logging_mixin.py:188} INFO - [2026-01-12T17:02:28.871+0000] {dagbag.py:538} INFO - Filling up the DagBag from /opt/airflow/dags/scripts/etl_transform_amazon.py
[2026-01-12T17:02:29.272+0000] {processor.py:842} WARNING - No viable dags retrieved from /opt/airflow/dags/scripts/etl_transform_amazon.py
[2026-01-12T17:02:29.291+0000] {processor.py:183} INFO - Processing /opt/airflow/dags/scripts/etl_transform_amazon.py took 0.425 seconds
[2026-01-12T17:03:00.272+0000] {processor.py:161} INFO - Started process (PID=1627) to work on /opt/airflow/dags/scripts/etl_transform_amazon.py
[2026-01-12T17:03:00.274+0000] {processor.py:830} INFO - Processing file /opt/airflow/dags/scripts/etl_transform_amazon.py for tasks to queue
[2026-01-12T17:03:00.276+0000] {logging_mixin.py:188} INFO - [2026-01-12T17:03:00.276+0000] {dagbag.py:538} INFO - Filling up the DagBag from /opt/airflow/dags/scripts/etl_transform_amazon.py
[2026-01-12T17:03:00.689+0000] {processor.py:842} WARNING - No viable dags retrieved from /opt/airflow/dags/scripts/etl_transform_amazon.py
[2026-01-12T17:03:00.713+0000] {processor.py:183} INFO - Processing /opt/airflow/dags/scripts/etl_transform_amazon.py took 0.445 seconds
[2026-01-12T17:03:31.347+0000] {processor.py:161} INFO - Started process (PID=1667) to work on /opt/airflow/dags/scripts/etl_transform_amazon.py
[2026-01-12T17:03:31.349+0000] {processor.py:830} INFO - Processing file /opt/airflow/dags/scripts/etl_transform_amazon.py for tasks to queue
[2026-01-12T17:03:31.350+0000] {logging_mixin.py:188} INFO - [2026-01-12T17:03:31.349+0000] {dagbag.py:538} INFO - Filling up the DagBag from /opt/airflow/dags/scripts/etl_transform_amazon.py
[2026-01-12T17:03:31.705+0000] {processor.py:842} WARNING - No viable dags retrieved from /opt/airflow/dags/scripts/etl_transform_amazon.py
[2026-01-12T17:03:31.717+0000] {processor.py:183} INFO - Processing /opt/airflow/dags/scripts/etl_transform_amazon.py took 0.373 seconds
[2026-01-12T17:04:02.359+0000] {processor.py:161} INFO - Started process (PID=1707) to work on /opt/airflow/dags/scripts/etl_transform_amazon.py
[2026-01-12T17:04:02.360+0000] {processor.py:830} INFO - Processing file /opt/airflow/dags/scripts/etl_transform_amazon.py for tasks to queue
[2026-01-12T17:04:02.361+0000] {logging_mixin.py:188} INFO - [2026-01-12T17:04:02.361+0000] {dagbag.py:538} INFO - Filling up the DagBag from /opt/airflow/dags/scripts/etl_transform_amazon.py
[2026-01-12T17:04:02.737+0000] {processor.py:842} WARNING - No viable dags retrieved from /opt/airflow/dags/scripts/etl_transform_amazon.py
[2026-01-12T17:04:02.752+0000] {processor.py:183} INFO - Processing /opt/airflow/dags/scripts/etl_transform_amazon.py took 0.396 seconds
[2026-01-12T17:04:33.027+0000] {processor.py:161} INFO - Started process (PID=1747) to work on /opt/airflow/dags/scripts/etl_transform_amazon.py
[2026-01-12T17:04:33.029+0000] {processor.py:830} INFO - Processing file /opt/airflow/dags/scripts/etl_transform_amazon.py for tasks to queue
[2026-01-12T17:04:33.033+0000] {logging_mixin.py:188} INFO - [2026-01-12T17:04:33.031+0000] {dagbag.py:538} INFO - Filling up the DagBag from /opt/airflow/dags/scripts/etl_transform_amazon.py
[2026-01-12T17:04:33.547+0000] {processor.py:842} WARNING - No viable dags retrieved from /opt/airflow/dags/scripts/etl_transform_amazon.py
[2026-01-12T17:04:33.577+0000] {processor.py:183} INFO - Processing /opt/airflow/dags/scripts/etl_transform_amazon.py took 0.560 seconds
[2026-01-12T17:05:04.438+0000] {processor.py:161} INFO - Started process (PID=1787) to work on /opt/airflow/dags/scripts/etl_transform_amazon.py
[2026-01-12T17:05:04.440+0000] {processor.py:830} INFO - Processing file /opt/airflow/dags/scripts/etl_transform_amazon.py for tasks to queue
[2026-01-12T17:05:04.442+0000] {logging_mixin.py:188} INFO - [2026-01-12T17:05:04.441+0000] {dagbag.py:538} INFO - Filling up the DagBag from /opt/airflow/dags/scripts/etl_transform_amazon.py
[2026-01-12T17:05:04.865+0000] {processor.py:842} WARNING - No viable dags retrieved from /opt/airflow/dags/scripts/etl_transform_amazon.py
[2026-01-12T17:05:04.882+0000] {processor.py:183} INFO - Processing /opt/airflow/dags/scripts/etl_transform_amazon.py took 0.448 seconds
[2026-01-12T17:05:35.413+0000] {processor.py:161} INFO - Started process (PID=1827) to work on /opt/airflow/dags/scripts/etl_transform_amazon.py
[2026-01-12T17:05:35.415+0000] {processor.py:830} INFO - Processing file /opt/airflow/dags/scripts/etl_transform_amazon.py for tasks to queue
[2026-01-12T17:05:35.417+0000] {logging_mixin.py:188} INFO - [2026-01-12T17:05:35.416+0000] {dagbag.py:538} INFO - Filling up the DagBag from /opt/airflow/dags/scripts/etl_transform_amazon.py
[2026-01-12T17:05:35.896+0000] {processor.py:842} WARNING - No viable dags retrieved from /opt/airflow/dags/scripts/etl_transform_amazon.py
[2026-01-12T17:05:35.916+0000] {processor.py:183} INFO - Processing /opt/airflow/dags/scripts/etl_transform_amazon.py took 0.507 seconds
[2026-01-12T17:06:06.905+0000] {processor.py:161} INFO - Started process (PID=1870) to work on /opt/airflow/dags/scripts/etl_transform_amazon.py
[2026-01-12T17:06:06.908+0000] {processor.py:830} INFO - Processing file /opt/airflow/dags/scripts/etl_transform_amazon.py for tasks to queue
[2026-01-12T17:06:06.910+0000] {logging_mixin.py:188} INFO - [2026-01-12T17:06:06.910+0000] {dagbag.py:538} INFO - Filling up the DagBag from /opt/airflow/dags/scripts/etl_transform_amazon.py
[2026-01-12T17:06:07.326+0000] {processor.py:842} WARNING - No viable dags retrieved from /opt/airflow/dags/scripts/etl_transform_amazon.py
[2026-01-12T17:06:07.344+0000] {processor.py:183} INFO - Processing /opt/airflow/dags/scripts/etl_transform_amazon.py took 0.443 seconds
[2026-01-12T17:06:37.650+0000] {processor.py:161} INFO - Started process (PID=1910) to work on /opt/airflow/dags/scripts/etl_transform_amazon.py
[2026-01-12T17:06:37.652+0000] {processor.py:830} INFO - Processing file /opt/airflow/dags/scripts/etl_transform_amazon.py for tasks to queue
[2026-01-12T17:06:37.653+0000] {logging_mixin.py:188} INFO - [2026-01-12T17:06:37.652+0000] {dagbag.py:538} INFO - Filling up the DagBag from /opt/airflow/dags/scripts/etl_transform_amazon.py
[2026-01-12T17:06:38.066+0000] {processor.py:842} WARNING - No viable dags retrieved from /opt/airflow/dags/scripts/etl_transform_amazon.py
[2026-01-12T17:06:38.088+0000] {processor.py:183} INFO - Processing /opt/airflow/dags/scripts/etl_transform_amazon.py took 0.440 seconds
[2026-01-12T17:07:08.491+0000] {processor.py:161} INFO - Started process (PID=1950) to work on /opt/airflow/dags/scripts/etl_transform_amazon.py
[2026-01-12T17:07:08.493+0000] {processor.py:830} INFO - Processing file /opt/airflow/dags/scripts/etl_transform_amazon.py for tasks to queue
[2026-01-12T17:07:08.494+0000] {logging_mixin.py:188} INFO - [2026-01-12T17:07:08.494+0000] {dagbag.py:538} INFO - Filling up the DagBag from /opt/airflow/dags/scripts/etl_transform_amazon.py
[2026-01-12T17:07:08.957+0000] {processor.py:842} WARNING - No viable dags retrieved from /opt/airflow/dags/scripts/etl_transform_amazon.py
[2026-01-12T17:07:08.978+0000] {processor.py:183} INFO - Processing /opt/airflow/dags/scripts/etl_transform_amazon.py took 0.491 seconds
[2026-01-12T17:07:39.746+0000] {processor.py:161} INFO - Started process (PID=1990) to work on /opt/airflow/dags/scripts/etl_transform_amazon.py
[2026-01-12T17:07:39.748+0000] {processor.py:830} INFO - Processing file /opt/airflow/dags/scripts/etl_transform_amazon.py for tasks to queue
[2026-01-12T17:07:39.750+0000] {logging_mixin.py:188} INFO - [2026-01-12T17:07:39.750+0000] {dagbag.py:538} INFO - Filling up the DagBag from /opt/airflow/dags/scripts/etl_transform_amazon.py
[2026-01-12T17:07:40.228+0000] {processor.py:842} WARNING - No viable dags retrieved from /opt/airflow/dags/scripts/etl_transform_amazon.py
[2026-01-12T17:07:40.249+0000] {processor.py:183} INFO - Processing /opt/airflow/dags/scripts/etl_transform_amazon.py took 0.508 seconds
[2026-01-12T17:08:10.380+0000] {processor.py:161} INFO - Started process (PID=2027) to work on /opt/airflow/dags/scripts/etl_transform_amazon.py
[2026-01-12T17:08:10.382+0000] {processor.py:830} INFO - Processing file /opt/airflow/dags/scripts/etl_transform_amazon.py for tasks to queue
[2026-01-12T17:08:10.383+0000] {logging_mixin.py:188} INFO - [2026-01-12T17:08:10.383+0000] {dagbag.py:538} INFO - Filling up the DagBag from /opt/airflow/dags/scripts/etl_transform_amazon.py
[2026-01-12T17:08:10.840+0000] {processor.py:842} WARNING - No viable dags retrieved from /opt/airflow/dags/scripts/etl_transform_amazon.py
[2026-01-12T17:08:10.861+0000] {processor.py:183} INFO - Processing /opt/airflow/dags/scripts/etl_transform_amazon.py took 0.484 seconds
[2026-01-12T17:08:41.118+0000] {processor.py:161} INFO - Started process (PID=2067) to work on /opt/airflow/dags/scripts/etl_transform_amazon.py
[2026-01-12T17:08:41.121+0000] {processor.py:830} INFO - Processing file /opt/airflow/dags/scripts/etl_transform_amazon.py for tasks to queue
[2026-01-12T17:08:41.123+0000] {logging_mixin.py:188} INFO - [2026-01-12T17:08:41.122+0000] {dagbag.py:538} INFO - Filling up the DagBag from /opt/airflow/dags/scripts/etl_transform_amazon.py
[2026-01-12T17:08:41.564+0000] {processor.py:842} WARNING - No viable dags retrieved from /opt/airflow/dags/scripts/etl_transform_amazon.py
[2026-01-12T17:08:41.584+0000] {processor.py:183} INFO - Processing /opt/airflow/dags/scripts/etl_transform_amazon.py took 0.470 seconds
[2026-01-12T17:09:11.839+0000] {processor.py:161} INFO - Started process (PID=2107) to work on /opt/airflow/dags/scripts/etl_transform_amazon.py
[2026-01-12T17:09:11.840+0000] {processor.py:830} INFO - Processing file /opt/airflow/dags/scripts/etl_transform_amazon.py for tasks to queue
[2026-01-12T17:09:11.842+0000] {logging_mixin.py:188} INFO - [2026-01-12T17:09:11.841+0000] {dagbag.py:538} INFO - Filling up the DagBag from /opt/airflow/dags/scripts/etl_transform_amazon.py
[2026-01-12T17:09:12.307+0000] {processor.py:842} WARNING - No viable dags retrieved from /opt/airflow/dags/scripts/etl_transform_amazon.py
[2026-01-12T17:09:12.326+0000] {processor.py:183} INFO - Processing /opt/airflow/dags/scripts/etl_transform_amazon.py took 0.490 seconds
[2026-01-12T17:09:42.932+0000] {processor.py:161} INFO - Started process (PID=2147) to work on /opt/airflow/dags/scripts/etl_transform_amazon.py
[2026-01-12T17:09:42.933+0000] {processor.py:830} INFO - Processing file /opt/airflow/dags/scripts/etl_transform_amazon.py for tasks to queue
[2026-01-12T17:09:42.935+0000] {logging_mixin.py:188} INFO - [2026-01-12T17:09:42.935+0000] {dagbag.py:538} INFO - Filling up the DagBag from /opt/airflow/dags/scripts/etl_transform_amazon.py
[2026-01-12T17:09:43.406+0000] {processor.py:842} WARNING - No viable dags retrieved from /opt/airflow/dags/scripts/etl_transform_amazon.py
[2026-01-12T17:09:43.428+0000] {processor.py:183} INFO - Processing /opt/airflow/dags/scripts/etl_transform_amazon.py took 0.500 seconds
[2026-01-12T17:10:14.311+0000] {processor.py:161} INFO - Started process (PID=2190) to work on /opt/airflow/dags/scripts/etl_transform_amazon.py
[2026-01-12T17:10:14.313+0000] {processor.py:830} INFO - Processing file /opt/airflow/dags/scripts/etl_transform_amazon.py for tasks to queue
[2026-01-12T17:10:14.314+0000] {logging_mixin.py:188} INFO - [2026-01-12T17:10:14.314+0000] {dagbag.py:538} INFO - Filling up the DagBag from /opt/airflow/dags/scripts/etl_transform_amazon.py
[2026-01-12T17:10:14.792+0000] {processor.py:842} WARNING - No viable dags retrieved from /opt/airflow/dags/scripts/etl_transform_amazon.py
[2026-01-12T17:10:14.812+0000] {processor.py:183} INFO - Processing /opt/airflow/dags/scripts/etl_transform_amazon.py took 0.505 seconds
[2026-01-12T17:10:45.467+0000] {processor.py:161} INFO - Started process (PID=2230) to work on /opt/airflow/dags/scripts/etl_transform_amazon.py
[2026-01-12T17:10:45.469+0000] {processor.py:830} INFO - Processing file /opt/airflow/dags/scripts/etl_transform_amazon.py for tasks to queue
[2026-01-12T17:10:45.470+0000] {logging_mixin.py:188} INFO - [2026-01-12T17:10:45.470+0000] {dagbag.py:538} INFO - Filling up the DagBag from /opt/airflow/dags/scripts/etl_transform_amazon.py
[2026-01-12T17:10:45.989+0000] {processor.py:842} WARNING - No viable dags retrieved from /opt/airflow/dags/scripts/etl_transform_amazon.py
[2026-01-12T17:10:46.010+0000] {processor.py:183} INFO - Processing /opt/airflow/dags/scripts/etl_transform_amazon.py took 0.549 seconds
[2026-01-12T17:11:16.690+0000] {processor.py:161} INFO - Started process (PID=2270) to work on /opt/airflow/dags/scripts/etl_transform_amazon.py
[2026-01-12T17:11:16.691+0000] {processor.py:830} INFO - Processing file /opt/airflow/dags/scripts/etl_transform_amazon.py for tasks to queue
[2026-01-12T17:11:16.693+0000] {logging_mixin.py:188} INFO - [2026-01-12T17:11:16.693+0000] {dagbag.py:538} INFO - Filling up the DagBag from /opt/airflow/dags/scripts/etl_transform_amazon.py
[2026-01-12T17:11:17.174+0000] {processor.py:842} WARNING - No viable dags retrieved from /opt/airflow/dags/scripts/etl_transform_amazon.py
[2026-01-12T17:11:17.195+0000] {processor.py:183} INFO - Processing /opt/airflow/dags/scripts/etl_transform_amazon.py took 0.511 seconds
