[2025-12-22T09:50:25.524+0000] {processor.py:161} INFO - Started process (PID=75) to work on /opt/airflow/dags/extract_data.py
[2025-12-22T09:50:25.526+0000] {processor.py:830} INFO - Processing file /opt/airflow/dags/extract_data.py for tasks to queue
[2025-12-22T09:50:25.528+0000] {logging_mixin.py:188} INFO - [2025-12-22T09:50:25.527+0000] {dagbag.py:538} INFO - Filling up the DagBag from /opt/airflow/dags/extract_data.py
[2025-12-22T09:50:25.911+0000] {processor.py:842} WARNING - No viable dags retrieved from /opt/airflow/dags/extract_data.py
[2025-12-22T09:50:25.925+0000] {processor.py:183} INFO - Processing /opt/airflow/dags/extract_data.py took 0.406 seconds
[2025-12-22T09:50:56.471+0000] {processor.py:161} INFO - Started process (PID=92) to work on /opt/airflow/dags/extract_data.py
[2025-12-22T09:50:56.473+0000] {processor.py:830} INFO - Processing file /opt/airflow/dags/extract_data.py for tasks to queue
[2025-12-22T09:50:56.474+0000] {logging_mixin.py:188} INFO - [2025-12-22T09:50:56.474+0000] {dagbag.py:538} INFO - Filling up the DagBag from /opt/airflow/dags/extract_data.py
[2025-12-22T09:50:56.705+0000] {processor.py:842} WARNING - No viable dags retrieved from /opt/airflow/dags/extract_data.py
[2025-12-22T09:50:56.716+0000] {processor.py:183} INFO - Processing /opt/airflow/dags/extract_data.py took 0.248 seconds
[2025-12-22T09:51:27.109+0000] {processor.py:161} INFO - Started process (PID=98) to work on /opt/airflow/dags/extract_data.py
[2025-12-22T09:51:27.111+0000] {processor.py:830} INFO - Processing file /opt/airflow/dags/extract_data.py for tasks to queue
[2025-12-22T09:51:27.112+0000] {logging_mixin.py:188} INFO - [2025-12-22T09:51:27.112+0000] {dagbag.py:538} INFO - Filling up the DagBag from /opt/airflow/dags/extract_data.py
[2025-12-22T09:51:27.353+0000] {processor.py:842} WARNING - No viable dags retrieved from /opt/airflow/dags/extract_data.py
[2025-12-22T09:51:27.362+0000] {processor.py:183} INFO - Processing /opt/airflow/dags/extract_data.py took 0.256 seconds
[2025-12-22T09:51:57.680+0000] {processor.py:161} INFO - Started process (PID=104) to work on /opt/airflow/dags/extract_data.py
[2025-12-22T09:51:57.681+0000] {processor.py:830} INFO - Processing file /opt/airflow/dags/extract_data.py for tasks to queue
[2025-12-22T09:51:57.683+0000] {logging_mixin.py:188} INFO - [2025-12-22T09:51:57.683+0000] {dagbag.py:538} INFO - Filling up the DagBag from /opt/airflow/dags/extract_data.py
[2025-12-22T09:51:57.938+0000] {processor.py:842} WARNING - No viable dags retrieved from /opt/airflow/dags/extract_data.py
[2025-12-22T09:51:57.949+0000] {processor.py:183} INFO - Processing /opt/airflow/dags/extract_data.py took 0.272 seconds
[2025-12-22T09:52:28.113+0000] {processor.py:161} INFO - Started process (PID=110) to work on /opt/airflow/dags/extract_data.py
[2025-12-22T09:52:28.115+0000] {processor.py:830} INFO - Processing file /opt/airflow/dags/extract_data.py for tasks to queue
[2025-12-22T09:52:28.116+0000] {logging_mixin.py:188} INFO - [2025-12-22T09:52:28.116+0000] {dagbag.py:538} INFO - Filling up the DagBag from /opt/airflow/dags/extract_data.py
[2025-12-22T09:52:28.374+0000] {processor.py:842} WARNING - No viable dags retrieved from /opt/airflow/dags/extract_data.py
[2025-12-22T09:52:28.383+0000] {processor.py:183} INFO - Processing /opt/airflow/dags/extract_data.py took 0.273 seconds
[2025-12-22T09:52:58.661+0000] {processor.py:161} INFO - Started process (PID=116) to work on /opt/airflow/dags/extract_data.py
[2025-12-22T09:52:58.662+0000] {processor.py:830} INFO - Processing file /opt/airflow/dags/extract_data.py for tasks to queue
[2025-12-22T09:52:58.663+0000] {logging_mixin.py:188} INFO - [2025-12-22T09:52:58.663+0000] {dagbag.py:538} INFO - Filling up the DagBag from /opt/airflow/dags/extract_data.py
[2025-12-22T09:52:58.907+0000] {processor.py:842} WARNING - No viable dags retrieved from /opt/airflow/dags/extract_data.py
[2025-12-22T09:52:58.916+0000] {processor.py:183} INFO - Processing /opt/airflow/dags/extract_data.py took 0.258 seconds
[2025-12-22T09:53:29.174+0000] {processor.py:161} INFO - Started process (PID=122) to work on /opt/airflow/dags/extract_data.py
[2025-12-22T09:53:29.175+0000] {processor.py:830} INFO - Processing file /opt/airflow/dags/extract_data.py for tasks to queue
[2025-12-22T09:53:29.176+0000] {logging_mixin.py:188} INFO - [2025-12-22T09:53:29.176+0000] {dagbag.py:538} INFO - Filling up the DagBag from /opt/airflow/dags/extract_data.py
[2025-12-22T09:53:29.413+0000] {processor.py:842} WARNING - No viable dags retrieved from /opt/airflow/dags/extract_data.py
[2025-12-22T09:53:29.424+0000] {processor.py:183} INFO - Processing /opt/airflow/dags/extract_data.py took 0.254 seconds
[2025-12-22T09:53:59.759+0000] {processor.py:161} INFO - Started process (PID=128) to work on /opt/airflow/dags/extract_data.py
[2025-12-22T09:53:59.761+0000] {processor.py:830} INFO - Processing file /opt/airflow/dags/extract_data.py for tasks to queue
[2025-12-22T09:53:59.762+0000] {logging_mixin.py:188} INFO - [2025-12-22T09:53:59.762+0000] {dagbag.py:538} INFO - Filling up the DagBag from /opt/airflow/dags/extract_data.py
[2025-12-22T09:54:00.015+0000] {processor.py:842} WARNING - No viable dags retrieved from /opt/airflow/dags/extract_data.py
[2025-12-22T09:54:00.030+0000] {processor.py:183} INFO - Processing /opt/airflow/dags/extract_data.py took 0.273 seconds
[2025-12-22T09:54:30.346+0000] {processor.py:161} INFO - Started process (PID=134) to work on /opt/airflow/dags/extract_data.py
[2025-12-22T09:54:30.348+0000] {processor.py:830} INFO - Processing file /opt/airflow/dags/extract_data.py for tasks to queue
[2025-12-22T09:54:30.349+0000] {logging_mixin.py:188} INFO - [2025-12-22T09:54:30.348+0000] {dagbag.py:538} INFO - Filling up the DagBag from /opt/airflow/dags/extract_data.py
[2025-12-22T09:54:30.607+0000] {processor.py:842} WARNING - No viable dags retrieved from /opt/airflow/dags/extract_data.py
[2025-12-22T09:54:30.621+0000] {processor.py:183} INFO - Processing /opt/airflow/dags/extract_data.py took 0.279 seconds
[2025-12-22T09:55:00.881+0000] {processor.py:161} INFO - Started process (PID=140) to work on /opt/airflow/dags/extract_data.py
[2025-12-22T09:55:00.883+0000] {processor.py:830} INFO - Processing file /opt/airflow/dags/extract_data.py for tasks to queue
[2025-12-22T09:55:00.884+0000] {logging_mixin.py:188} INFO - [2025-12-22T09:55:00.884+0000] {dagbag.py:538} INFO - Filling up the DagBag from /opt/airflow/dags/extract_data.py
[2025-12-22T09:55:01.122+0000] {processor.py:842} WARNING - No viable dags retrieved from /opt/airflow/dags/extract_data.py
[2025-12-22T09:55:01.131+0000] {processor.py:183} INFO - Processing /opt/airflow/dags/extract_data.py took 0.253 seconds
[2025-12-22T09:55:31.497+0000] {processor.py:161} INFO - Started process (PID=146) to work on /opt/airflow/dags/extract_data.py
[2025-12-22T09:55:31.498+0000] {processor.py:830} INFO - Processing file /opt/airflow/dags/extract_data.py for tasks to queue
[2025-12-22T09:55:31.499+0000] {logging_mixin.py:188} INFO - [2025-12-22T09:55:31.499+0000] {dagbag.py:538} INFO - Filling up the DagBag from /opt/airflow/dags/extract_data.py
[2025-12-22T09:55:31.732+0000] {processor.py:842} WARNING - No viable dags retrieved from /opt/airflow/dags/extract_data.py
[2025-12-22T09:55:31.742+0000] {processor.py:183} INFO - Processing /opt/airflow/dags/extract_data.py took 0.248 seconds
[2025-12-22T09:56:01.955+0000] {processor.py:161} INFO - Started process (PID=152) to work on /opt/airflow/dags/extract_data.py
[2025-12-22T09:56:01.956+0000] {processor.py:830} INFO - Processing file /opt/airflow/dags/extract_data.py for tasks to queue
[2025-12-22T09:56:01.958+0000] {logging_mixin.py:188} INFO - [2025-12-22T09:56:01.958+0000] {dagbag.py:538} INFO - Filling up the DagBag from /opt/airflow/dags/extract_data.py
[2025-12-22T09:56:02.213+0000] {processor.py:842} WARNING - No viable dags retrieved from /opt/airflow/dags/extract_data.py
[2025-12-22T09:56:02.224+0000] {processor.py:183} INFO - Processing /opt/airflow/dags/extract_data.py took 0.272 seconds
[2025-12-22T09:56:32.476+0000] {processor.py:161} INFO - Started process (PID=158) to work on /opt/airflow/dags/extract_data.py
[2025-12-22T09:56:32.478+0000] {processor.py:830} INFO - Processing file /opt/airflow/dags/extract_data.py for tasks to queue
[2025-12-22T09:56:32.479+0000] {logging_mixin.py:188} INFO - [2025-12-22T09:56:32.479+0000] {dagbag.py:538} INFO - Filling up the DagBag from /opt/airflow/dags/extract_data.py
[2025-12-22T09:56:32.742+0000] {processor.py:842} WARNING - No viable dags retrieved from /opt/airflow/dags/extract_data.py
[2025-12-22T09:56:32.754+0000] {processor.py:183} INFO - Processing /opt/airflow/dags/extract_data.py took 0.281 seconds
[2025-12-22T09:57:03.038+0000] {processor.py:161} INFO - Started process (PID=164) to work on /opt/airflow/dags/extract_data.py
[2025-12-22T09:57:03.040+0000] {processor.py:830} INFO - Processing file /opt/airflow/dags/extract_data.py for tasks to queue
[2025-12-22T09:57:03.041+0000] {logging_mixin.py:188} INFO - [2025-12-22T09:57:03.041+0000] {dagbag.py:538} INFO - Filling up the DagBag from /opt/airflow/dags/extract_data.py
[2025-12-22T09:57:03.271+0000] {processor.py:842} WARNING - No viable dags retrieved from /opt/airflow/dags/extract_data.py
[2025-12-22T09:57:03.282+0000] {processor.py:183} INFO - Processing /opt/airflow/dags/extract_data.py took 0.247 seconds
[2025-12-22T09:57:33.516+0000] {processor.py:161} INFO - Started process (PID=170) to work on /opt/airflow/dags/extract_data.py
[2025-12-22T09:57:33.517+0000] {processor.py:830} INFO - Processing file /opt/airflow/dags/extract_data.py for tasks to queue
[2025-12-22T09:57:33.518+0000] {logging_mixin.py:188} INFO - [2025-12-22T09:57:33.518+0000] {dagbag.py:538} INFO - Filling up the DagBag from /opt/airflow/dags/extract_data.py
[2025-12-22T09:57:33.762+0000] {processor.py:842} WARNING - No viable dags retrieved from /opt/airflow/dags/extract_data.py
[2025-12-22T09:57:33.772+0000] {processor.py:183} INFO - Processing /opt/airflow/dags/extract_data.py took 0.260 seconds
[2025-12-22T09:58:04.937+0000] {processor.py:161} INFO - Started process (PID=176) to work on /opt/airflow/dags/extract_data.py
[2025-12-22T09:58:04.939+0000] {processor.py:830} INFO - Processing file /opt/airflow/dags/extract_data.py for tasks to queue
[2025-12-22T09:58:04.940+0000] {logging_mixin.py:188} INFO - [2025-12-22T09:58:04.940+0000] {dagbag.py:538} INFO - Filling up the DagBag from /opt/airflow/dags/extract_data.py
[2025-12-22T09:58:05.189+0000] {processor.py:842} WARNING - No viable dags retrieved from /opt/airflow/dags/extract_data.py
[2025-12-22T09:58:05.198+0000] {processor.py:183} INFO - Processing /opt/airflow/dags/extract_data.py took 0.264 seconds
[2025-12-22T09:58:35.500+0000] {processor.py:161} INFO - Started process (PID=182) to work on /opt/airflow/dags/extract_data.py
[2025-12-22T09:58:35.502+0000] {processor.py:830} INFO - Processing file /opt/airflow/dags/extract_data.py for tasks to queue
[2025-12-22T09:58:35.503+0000] {logging_mixin.py:188} INFO - [2025-12-22T09:58:35.503+0000] {dagbag.py:538} INFO - Filling up the DagBag from /opt/airflow/dags/extract_data.py
[2025-12-22T09:58:35.751+0000] {processor.py:842} WARNING - No viable dags retrieved from /opt/airflow/dags/extract_data.py
[2025-12-22T09:58:35.762+0000] {processor.py:183} INFO - Processing /opt/airflow/dags/extract_data.py took 0.265 seconds
[2025-12-22T09:59:05.985+0000] {processor.py:161} INFO - Started process (PID=188) to work on /opt/airflow/dags/extract_data.py
[2025-12-22T09:59:05.986+0000] {processor.py:830} INFO - Processing file /opt/airflow/dags/extract_data.py for tasks to queue
[2025-12-22T09:59:05.987+0000] {logging_mixin.py:188} INFO - [2025-12-22T09:59:05.987+0000] {dagbag.py:538} INFO - Filling up the DagBag from /opt/airflow/dags/extract_data.py
[2025-12-22T09:59:06.223+0000] {processor.py:842} WARNING - No viable dags retrieved from /opt/airflow/dags/extract_data.py
[2025-12-22T09:59:06.231+0000] {processor.py:183} INFO - Processing /opt/airflow/dags/extract_data.py took 0.249 seconds
[2025-12-22T09:59:36.500+0000] {processor.py:161} INFO - Started process (PID=194) to work on /opt/airflow/dags/extract_data.py
[2025-12-22T09:59:36.502+0000] {processor.py:830} INFO - Processing file /opt/airflow/dags/extract_data.py for tasks to queue
[2025-12-22T09:59:36.503+0000] {logging_mixin.py:188} INFO - [2025-12-22T09:59:36.503+0000] {dagbag.py:538} INFO - Filling up the DagBag from /opt/airflow/dags/extract_data.py
[2025-12-22T09:59:36.737+0000] {processor.py:842} WARNING - No viable dags retrieved from /opt/airflow/dags/extract_data.py
[2025-12-22T09:59:36.747+0000] {processor.py:183} INFO - Processing /opt/airflow/dags/extract_data.py took 0.250 seconds
[2025-12-22T10:00:07.151+0000] {processor.py:161} INFO - Started process (PID=200) to work on /opt/airflow/dags/extract_data.py
[2025-12-22T10:00:07.152+0000] {processor.py:830} INFO - Processing file /opt/airflow/dags/extract_data.py for tasks to queue
[2025-12-22T10:00:07.153+0000] {logging_mixin.py:188} INFO - [2025-12-22T10:00:07.153+0000] {dagbag.py:538} INFO - Filling up the DagBag from /opt/airflow/dags/extract_data.py
[2025-12-22T10:00:07.400+0000] {processor.py:842} WARNING - No viable dags retrieved from /opt/airflow/dags/extract_data.py
[2025-12-22T10:00:07.410+0000] {processor.py:183} INFO - Processing /opt/airflow/dags/extract_data.py took 0.263 seconds
[2025-12-22T10:00:37.603+0000] {processor.py:161} INFO - Started process (PID=206) to work on /opt/airflow/dags/extract_data.py
[2025-12-22T10:00:37.605+0000] {processor.py:830} INFO - Processing file /opt/airflow/dags/extract_data.py for tasks to queue
[2025-12-22T10:00:37.606+0000] {logging_mixin.py:188} INFO - [2025-12-22T10:00:37.606+0000] {dagbag.py:538} INFO - Filling up the DagBag from /opt/airflow/dags/extract_data.py
[2025-12-22T10:00:37.855+0000] {processor.py:842} WARNING - No viable dags retrieved from /opt/airflow/dags/extract_data.py
[2025-12-22T10:00:37.866+0000] {processor.py:183} INFO - Processing /opt/airflow/dags/extract_data.py took 0.266 seconds
[2025-12-22T10:01:09.087+0000] {processor.py:161} INFO - Started process (PID=212) to work on /opt/airflow/dags/extract_data.py
[2025-12-22T10:01:09.089+0000] {processor.py:830} INFO - Processing file /opt/airflow/dags/extract_data.py for tasks to queue
[2025-12-22T10:01:09.090+0000] {logging_mixin.py:188} INFO - [2025-12-22T10:01:09.090+0000] {dagbag.py:538} INFO - Filling up the DagBag from /opt/airflow/dags/extract_data.py
[2025-12-22T10:01:09.323+0000] {processor.py:842} WARNING - No viable dags retrieved from /opt/airflow/dags/extract_data.py
[2025-12-22T10:01:09.333+0000] {processor.py:183} INFO - Processing /opt/airflow/dags/extract_data.py took 0.250 seconds
[2025-12-22T10:01:39.592+0000] {processor.py:161} INFO - Started process (PID=218) to work on /opt/airflow/dags/extract_data.py
[2025-12-22T10:01:39.594+0000] {processor.py:830} INFO - Processing file /opt/airflow/dags/extract_data.py for tasks to queue
[2025-12-22T10:01:39.595+0000] {logging_mixin.py:188} INFO - [2025-12-22T10:01:39.595+0000] {dagbag.py:538} INFO - Filling up the DagBag from /opt/airflow/dags/extract_data.py
[2025-12-22T10:01:39.839+0000] {processor.py:842} WARNING - No viable dags retrieved from /opt/airflow/dags/extract_data.py
[2025-12-22T10:01:39.849+0000] {processor.py:183} INFO - Processing /opt/airflow/dags/extract_data.py took 0.260 seconds
[2025-12-22T10:02:10.083+0000] {processor.py:161} INFO - Started process (PID=224) to work on /opt/airflow/dags/extract_data.py
[2025-12-22T10:02:10.084+0000] {processor.py:830} INFO - Processing file /opt/airflow/dags/extract_data.py for tasks to queue
[2025-12-22T10:02:10.085+0000] {logging_mixin.py:188} INFO - [2025-12-22T10:02:10.085+0000] {dagbag.py:538} INFO - Filling up the DagBag from /opt/airflow/dags/extract_data.py
[2025-12-22T10:02:10.398+0000] {processor.py:842} WARNING - No viable dags retrieved from /opt/airflow/dags/extract_data.py
[2025-12-22T10:02:10.412+0000] {processor.py:183} INFO - Processing /opt/airflow/dags/extract_data.py took 0.332 seconds
[2025-12-22T10:02:40.618+0000] {processor.py:161} INFO - Started process (PID=230) to work on /opt/airflow/dags/extract_data.py
[2025-12-22T10:02:40.620+0000] {processor.py:830} INFO - Processing file /opt/airflow/dags/extract_data.py for tasks to queue
[2025-12-22T10:02:40.622+0000] {logging_mixin.py:188} INFO - [2025-12-22T10:02:40.621+0000] {dagbag.py:538} INFO - Filling up the DagBag from /opt/airflow/dags/extract_data.py
[2025-12-22T10:02:40.881+0000] {processor.py:842} WARNING - No viable dags retrieved from /opt/airflow/dags/extract_data.py
[2025-12-22T10:02:40.892+0000] {processor.py:183} INFO - Processing /opt/airflow/dags/extract_data.py took 0.277 seconds
[2025-12-22T10:03:11.159+0000] {processor.py:161} INFO - Started process (PID=236) to work on /opt/airflow/dags/extract_data.py
[2025-12-22T10:03:11.163+0000] {processor.py:830} INFO - Processing file /opt/airflow/dags/extract_data.py for tasks to queue
[2025-12-22T10:03:11.166+0000] {logging_mixin.py:188} INFO - [2025-12-22T10:03:11.165+0000] {dagbag.py:538} INFO - Filling up the DagBag from /opt/airflow/dags/extract_data.py
[2025-12-22T10:03:11.481+0000] {processor.py:842} WARNING - No viable dags retrieved from /opt/airflow/dags/extract_data.py
[2025-12-22T10:03:11.492+0000] {processor.py:183} INFO - Processing /opt/airflow/dags/extract_data.py took 0.337 seconds
[2025-12-22T10:03:41.719+0000] {processor.py:161} INFO - Started process (PID=242) to work on /opt/airflow/dags/extract_data.py
[2025-12-22T10:03:41.720+0000] {processor.py:830} INFO - Processing file /opt/airflow/dags/extract_data.py for tasks to queue
[2025-12-22T10:03:41.722+0000] {logging_mixin.py:188} INFO - [2025-12-22T10:03:41.721+0000] {dagbag.py:538} INFO - Filling up the DagBag from /opt/airflow/dags/extract_data.py
[2025-12-22T10:03:41.978+0000] {processor.py:842} WARNING - No viable dags retrieved from /opt/airflow/dags/extract_data.py
[2025-12-22T10:03:41.989+0000] {processor.py:183} INFO - Processing /opt/airflow/dags/extract_data.py took 0.273 seconds
[2025-12-22T10:04:12.148+0000] {processor.py:161} INFO - Started process (PID=248) to work on /opt/airflow/dags/extract_data.py
[2025-12-22T10:04:12.151+0000] {processor.py:830} INFO - Processing file /opt/airflow/dags/extract_data.py for tasks to queue
[2025-12-22T10:04:12.152+0000] {logging_mixin.py:188} INFO - [2025-12-22T10:04:12.151+0000] {dagbag.py:538} INFO - Filling up the DagBag from /opt/airflow/dags/extract_data.py
[2025-12-22T10:04:12.419+0000] {processor.py:842} WARNING - No viable dags retrieved from /opt/airflow/dags/extract_data.py
[2025-12-22T10:04:12.429+0000] {processor.py:183} INFO - Processing /opt/airflow/dags/extract_data.py took 0.285 seconds
[2025-12-22T10:04:42.679+0000] {processor.py:161} INFO - Started process (PID=254) to work on /opt/airflow/dags/extract_data.py
[2025-12-22T10:04:42.680+0000] {processor.py:830} INFO - Processing file /opt/airflow/dags/extract_data.py for tasks to queue
[2025-12-22T10:04:42.682+0000] {logging_mixin.py:188} INFO - [2025-12-22T10:04:42.682+0000] {dagbag.py:538} INFO - Filling up the DagBag from /opt/airflow/dags/extract_data.py
[2025-12-22T10:04:42.986+0000] {processor.py:842} WARNING - No viable dags retrieved from /opt/airflow/dags/extract_data.py
[2025-12-22T10:04:42.998+0000] {processor.py:183} INFO - Processing /opt/airflow/dags/extract_data.py took 0.323 seconds
[2025-12-22T10:05:13.211+0000] {processor.py:161} INFO - Started process (PID=260) to work on /opt/airflow/dags/extract_data.py
[2025-12-22T10:05:13.213+0000] {processor.py:830} INFO - Processing file /opt/airflow/dags/extract_data.py for tasks to queue
[2025-12-22T10:05:13.214+0000] {logging_mixin.py:188} INFO - [2025-12-22T10:05:13.213+0000] {dagbag.py:538} INFO - Filling up the DagBag from /opt/airflow/dags/extract_data.py
[2025-12-22T10:05:13.449+0000] {processor.py:842} WARNING - No viable dags retrieved from /opt/airflow/dags/extract_data.py
[2025-12-22T10:05:13.460+0000] {processor.py:183} INFO - Processing /opt/airflow/dags/extract_data.py took 0.252 seconds
[2025-12-22T10:05:43.626+0000] {processor.py:161} INFO - Started process (PID=266) to work on /opt/airflow/dags/extract_data.py
[2025-12-22T10:05:43.628+0000] {processor.py:830} INFO - Processing file /opt/airflow/dags/extract_data.py for tasks to queue
[2025-12-22T10:05:43.629+0000] {logging_mixin.py:188} INFO - [2025-12-22T10:05:43.629+0000] {dagbag.py:538} INFO - Filling up the DagBag from /opt/airflow/dags/extract_data.py
[2025-12-22T10:05:43.919+0000] {processor.py:842} WARNING - No viable dags retrieved from /opt/airflow/dags/extract_data.py
[2025-12-22T10:05:43.938+0000] {processor.py:183} INFO - Processing /opt/airflow/dags/extract_data.py took 0.315 seconds
[2025-12-22T10:06:14.161+0000] {processor.py:161} INFO - Started process (PID=279) to work on /opt/airflow/dags/extract_data.py
[2025-12-22T10:06:14.163+0000] {processor.py:830} INFO - Processing file /opt/airflow/dags/extract_data.py for tasks to queue
[2025-12-22T10:06:14.164+0000] {logging_mixin.py:188} INFO - [2025-12-22T10:06:14.164+0000] {dagbag.py:538} INFO - Filling up the DagBag from /opt/airflow/dags/extract_data.py
[2025-12-22T10:06:14.431+0000] {processor.py:842} WARNING - No viable dags retrieved from /opt/airflow/dags/extract_data.py
[2025-12-22T10:06:14.441+0000] {processor.py:183} INFO - Processing /opt/airflow/dags/extract_data.py took 0.283 seconds
[2025-12-22T10:06:44.657+0000] {processor.py:161} INFO - Started process (PID=285) to work on /opt/airflow/dags/extract_data.py
[2025-12-22T10:06:44.659+0000] {processor.py:830} INFO - Processing file /opt/airflow/dags/extract_data.py for tasks to queue
[2025-12-22T10:06:44.660+0000] {logging_mixin.py:188} INFO - [2025-12-22T10:06:44.659+0000] {dagbag.py:538} INFO - Filling up the DagBag from /opt/airflow/dags/extract_data.py
[2025-12-22T10:06:44.904+0000] {processor.py:842} WARNING - No viable dags retrieved from /opt/airflow/dags/extract_data.py
[2025-12-22T10:06:44.915+0000] {processor.py:183} INFO - Processing /opt/airflow/dags/extract_data.py took 0.261 seconds
[2025-12-22T10:07:15.061+0000] {processor.py:161} INFO - Started process (PID=305) to work on /opt/airflow/dags/extract_data.py
[2025-12-22T10:07:15.063+0000] {processor.py:830} INFO - Processing file /opt/airflow/dags/extract_data.py for tasks to queue
[2025-12-22T10:07:15.064+0000] {logging_mixin.py:188} INFO - [2025-12-22T10:07:15.064+0000] {dagbag.py:538} INFO - Filling up the DagBag from /opt/airflow/dags/extract_data.py
[2025-12-22T10:07:15.322+0000] {processor.py:842} WARNING - No viable dags retrieved from /opt/airflow/dags/extract_data.py
[2025-12-22T10:07:15.336+0000] {processor.py:183} INFO - Processing /opt/airflow/dags/extract_data.py took 0.278 seconds
[2025-12-22T10:07:45.494+0000] {processor.py:161} INFO - Started process (PID=311) to work on /opt/airflow/dags/extract_data.py
[2025-12-22T10:07:45.495+0000] {processor.py:830} INFO - Processing file /opt/airflow/dags/extract_data.py for tasks to queue
[2025-12-22T10:07:45.497+0000] {logging_mixin.py:188} INFO - [2025-12-22T10:07:45.496+0000] {dagbag.py:538} INFO - Filling up the DagBag from /opt/airflow/dags/extract_data.py
[2025-12-22T10:07:45.751+0000] {processor.py:842} WARNING - No viable dags retrieved from /opt/airflow/dags/extract_data.py
[2025-12-22T10:07:45.763+0000] {processor.py:183} INFO - Processing /opt/airflow/dags/extract_data.py took 0.272 seconds
[2025-12-22T10:08:15.904+0000] {processor.py:161} INFO - Started process (PID=331) to work on /opt/airflow/dags/extract_data.py
[2025-12-22T10:08:15.906+0000] {processor.py:830} INFO - Processing file /opt/airflow/dags/extract_data.py for tasks to queue
[2025-12-22T10:08:15.907+0000] {logging_mixin.py:188} INFO - [2025-12-22T10:08:15.907+0000] {dagbag.py:538} INFO - Filling up the DagBag from /opt/airflow/dags/extract_data.py
[2025-12-22T10:08:16.182+0000] {processor.py:842} WARNING - No viable dags retrieved from /opt/airflow/dags/extract_data.py
[2025-12-22T10:08:16.196+0000] {processor.py:183} INFO - Processing /opt/airflow/dags/extract_data.py took 0.296 seconds
[2025-12-22T10:08:46.673+0000] {processor.py:161} INFO - Started process (PID=337) to work on /opt/airflow/dags/extract_data.py
[2025-12-22T10:08:46.674+0000] {processor.py:830} INFO - Processing file /opt/airflow/dags/extract_data.py for tasks to queue
[2025-12-22T10:08:46.676+0000] {logging_mixin.py:188} INFO - [2025-12-22T10:08:46.675+0000] {dagbag.py:538} INFO - Filling up the DagBag from /opt/airflow/dags/extract_data.py
[2025-12-22T10:08:46.928+0000] {processor.py:842} WARNING - No viable dags retrieved from /opt/airflow/dags/extract_data.py
[2025-12-22T10:08:46.939+0000] {processor.py:183} INFO - Processing /opt/airflow/dags/extract_data.py took 0.269 seconds
[2025-12-22T10:09:17.343+0000] {processor.py:161} INFO - Started process (PID=343) to work on /opt/airflow/dags/extract_data.py
[2025-12-22T10:09:17.344+0000] {processor.py:830} INFO - Processing file /opt/airflow/dags/extract_data.py for tasks to queue
[2025-12-22T10:09:17.346+0000] {logging_mixin.py:188} INFO - [2025-12-22T10:09:17.345+0000] {dagbag.py:538} INFO - Filling up the DagBag from /opt/airflow/dags/extract_data.py
[2025-12-22T10:09:17.591+0000] {processor.py:842} WARNING - No viable dags retrieved from /opt/airflow/dags/extract_data.py
[2025-12-22T10:09:17.601+0000] {processor.py:183} INFO - Processing /opt/airflow/dags/extract_data.py took 0.261 seconds
[2025-12-22T10:09:48.068+0000] {processor.py:161} INFO - Started process (PID=349) to work on /opt/airflow/dags/extract_data.py
[2025-12-22T10:09:48.069+0000] {processor.py:830} INFO - Processing file /opt/airflow/dags/extract_data.py for tasks to queue
[2025-12-22T10:09:48.071+0000] {logging_mixin.py:188} INFO - [2025-12-22T10:09:48.071+0000] {dagbag.py:538} INFO - Filling up the DagBag from /opt/airflow/dags/extract_data.py
[2025-12-22T10:09:48.337+0000] {processor.py:842} WARNING - No viable dags retrieved from /opt/airflow/dags/extract_data.py
[2025-12-22T10:09:48.347+0000] {processor.py:183} INFO - Processing /opt/airflow/dags/extract_data.py took 0.282 seconds
[2025-12-22T10:10:18.852+0000] {processor.py:161} INFO - Started process (PID=355) to work on /opt/airflow/dags/extract_data.py
[2025-12-22T10:10:18.854+0000] {processor.py:830} INFO - Processing file /opt/airflow/dags/extract_data.py for tasks to queue
[2025-12-22T10:10:18.855+0000] {logging_mixin.py:188} INFO - [2025-12-22T10:10:18.855+0000] {dagbag.py:538} INFO - Filling up the DagBag from /opt/airflow/dags/extract_data.py
[2025-12-22T10:10:19.143+0000] {processor.py:842} WARNING - No viable dags retrieved from /opt/airflow/dags/extract_data.py
[2025-12-22T10:10:19.156+0000] {processor.py:183} INFO - Processing /opt/airflow/dags/extract_data.py took 0.308 seconds
[2025-12-22T10:10:49.620+0000] {processor.py:161} INFO - Started process (PID=361) to work on /opt/airflow/dags/extract_data.py
[2025-12-22T10:10:49.622+0000] {processor.py:830} INFO - Processing file /opt/airflow/dags/extract_data.py for tasks to queue
[2025-12-22T10:10:49.624+0000] {logging_mixin.py:188} INFO - [2025-12-22T10:10:49.623+0000] {dagbag.py:538} INFO - Filling up the DagBag from /opt/airflow/dags/extract_data.py
[2025-12-22T10:10:49.933+0000] {processor.py:842} WARNING - No viable dags retrieved from /opt/airflow/dags/extract_data.py
[2025-12-22T10:10:49.942+0000] {processor.py:183} INFO - Processing /opt/airflow/dags/extract_data.py took 0.325 seconds
[2025-12-22T10:11:20.307+0000] {processor.py:161} INFO - Started process (PID=367) to work on /opt/airflow/dags/extract_data.py
[2025-12-22T10:11:20.308+0000] {processor.py:830} INFO - Processing file /opt/airflow/dags/extract_data.py for tasks to queue
[2025-12-22T10:11:20.309+0000] {logging_mixin.py:188} INFO - [2025-12-22T10:11:20.309+0000] {dagbag.py:538} INFO - Filling up the DagBag from /opt/airflow/dags/extract_data.py
[2025-12-22T10:11:20.560+0000] {processor.py:842} WARNING - No viable dags retrieved from /opt/airflow/dags/extract_data.py
[2025-12-22T10:11:20.569+0000] {processor.py:183} INFO - Processing /opt/airflow/dags/extract_data.py took 0.267 seconds
[2025-12-22T10:11:49.342+0000] {processor.py:161} INFO - Started process (PID=72) to work on /opt/airflow/dags/extract_data.py
[2025-12-22T10:11:49.344+0000] {processor.py:830} INFO - Processing file /opt/airflow/dags/extract_data.py for tasks to queue
[2025-12-22T10:11:49.345+0000] {logging_mixin.py:188} INFO - [2025-12-22T10:11:49.345+0000] {dagbag.py:538} INFO - Filling up the DagBag from /opt/airflow/dags/extract_data.py
[2025-12-22T10:11:49.654+0000] {processor.py:842} WARNING - No viable dags retrieved from /opt/airflow/dags/extract_data.py
[2025-12-22T10:11:49.688+0000] {processor.py:183} INFO - Processing /opt/airflow/dags/extract_data.py took 0.350 seconds
[2025-12-22T10:12:19.824+0000] {processor.py:161} INFO - Started process (PID=94) to work on /opt/airflow/dags/extract_data.py
[2025-12-22T10:12:19.826+0000] {processor.py:830} INFO - Processing file /opt/airflow/dags/extract_data.py for tasks to queue
[2025-12-22T10:12:19.828+0000] {logging_mixin.py:188} INFO - [2025-12-22T10:12:19.827+0000] {dagbag.py:538} INFO - Filling up the DagBag from /opt/airflow/dags/extract_data.py
[2025-12-22T10:12:20.097+0000] {processor.py:842} WARNING - No viable dags retrieved from /opt/airflow/dags/extract_data.py
[2025-12-22T10:12:20.112+0000] {processor.py:183} INFO - Processing /opt/airflow/dags/extract_data.py took 0.292 seconds
[2025-12-22T10:12:50.369+0000] {processor.py:161} INFO - Started process (PID=100) to work on /opt/airflow/dags/extract_data.py
[2025-12-22T10:12:50.371+0000] {processor.py:830} INFO - Processing file /opt/airflow/dags/extract_data.py for tasks to queue
[2025-12-22T10:12:50.372+0000] {logging_mixin.py:188} INFO - [2025-12-22T10:12:50.372+0000] {dagbag.py:538} INFO - Filling up the DagBag from /opt/airflow/dags/extract_data.py
[2025-12-22T10:12:50.626+0000] {processor.py:842} WARNING - No viable dags retrieved from /opt/airflow/dags/extract_data.py
[2025-12-22T10:12:50.636+0000] {processor.py:183} INFO - Processing /opt/airflow/dags/extract_data.py took 0.270 seconds
[2025-12-22T10:13:21.236+0000] {processor.py:161} INFO - Started process (PID=107) to work on /opt/airflow/dags/extract_data.py
[2025-12-22T10:13:21.238+0000] {processor.py:830} INFO - Processing file /opt/airflow/dags/extract_data.py for tasks to queue
[2025-12-22T10:13:21.240+0000] {logging_mixin.py:188} INFO - [2025-12-22T10:13:21.239+0000] {dagbag.py:538} INFO - Filling up the DagBag from /opt/airflow/dags/extract_data.py
[2025-12-22T10:13:21.500+0000] {processor.py:842} WARNING - No viable dags retrieved from /opt/airflow/dags/extract_data.py
[2025-12-22T10:13:21.509+0000] {processor.py:183} INFO - Processing /opt/airflow/dags/extract_data.py took 0.276 seconds
[2025-12-22T10:13:51.769+0000] {processor.py:161} INFO - Started process (PID=113) to work on /opt/airflow/dags/extract_data.py
[2025-12-22T10:13:51.770+0000] {processor.py:830} INFO - Processing file /opt/airflow/dags/extract_data.py for tasks to queue
[2025-12-22T10:13:51.772+0000] {logging_mixin.py:188} INFO - [2025-12-22T10:13:51.771+0000] {dagbag.py:538} INFO - Filling up the DagBag from /opt/airflow/dags/extract_data.py
[2025-12-22T10:13:52.067+0000] {processor.py:842} WARNING - No viable dags retrieved from /opt/airflow/dags/extract_data.py
[2025-12-22T10:13:52.076+0000] {processor.py:183} INFO - Processing /opt/airflow/dags/extract_data.py took 0.313 seconds
[2025-12-22T10:14:22.576+0000] {processor.py:161} INFO - Started process (PID=119) to work on /opt/airflow/dags/extract_data.py
[2025-12-22T10:14:22.578+0000] {processor.py:830} INFO - Processing file /opt/airflow/dags/extract_data.py for tasks to queue
[2025-12-22T10:14:22.580+0000] {logging_mixin.py:188} INFO - [2025-12-22T10:14:22.580+0000] {dagbag.py:538} INFO - Filling up the DagBag from /opt/airflow/dags/extract_data.py
[2025-12-22T10:14:22.853+0000] {processor.py:842} WARNING - No viable dags retrieved from /opt/airflow/dags/extract_data.py
[2025-12-22T10:14:22.862+0000] {processor.py:183} INFO - Processing /opt/airflow/dags/extract_data.py took 0.289 seconds
[2025-12-22T11:13:33.995+0000] {processor.py:161} INFO - Started process (PID=133) to work on /opt/airflow/dags/extract_data.py
[2025-12-22T11:13:33.997+0000] {processor.py:830} INFO - Processing file /opt/airflow/dags/extract_data.py for tasks to queue
[2025-12-22T11:13:33.999+0000] {logging_mixin.py:188} INFO - [2025-12-22T11:13:33.999+0000] {dagbag.py:538} INFO - Filling up the DagBag from /opt/airflow/dags/extract_data.py
[2025-12-22T11:13:34.445+0000] {processor.py:842} WARNING - No viable dags retrieved from /opt/airflow/dags/extract_data.py
[2025-12-22T11:13:34.457+0000] {processor.py:183} INFO - Processing /opt/airflow/dags/extract_data.py took 0.468 seconds
[2025-12-22T11:14:04.571+0000] {processor.py:161} INFO - Started process (PID=139) to work on /opt/airflow/dags/extract_data.py
[2025-12-22T11:14:04.573+0000] {processor.py:830} INFO - Processing file /opt/airflow/dags/extract_data.py for tasks to queue
[2025-12-22T11:14:04.575+0000] {logging_mixin.py:188} INFO - [2025-12-22T11:14:04.574+0000] {dagbag.py:538} INFO - Filling up the DagBag from /opt/airflow/dags/extract_data.py
[2025-12-22T11:14:04.775+0000] {processor.py:842} WARNING - No viable dags retrieved from /opt/airflow/dags/extract_data.py
[2025-12-22T11:14:04.784+0000] {processor.py:183} INFO - Processing /opt/airflow/dags/extract_data.py took 0.218 seconds
[2025-12-22T14:07:14.192+0000] {processor.py:161} INFO - Started process (PID=151) to work on /opt/airflow/dags/extract_data.py
[2025-12-22T14:07:14.194+0000] {processor.py:830} INFO - Processing file /opt/airflow/dags/extract_data.py for tasks to queue
[2025-12-22T14:07:14.196+0000] {logging_mixin.py:188} INFO - [2025-12-22T14:07:14.195+0000] {dagbag.py:538} INFO - Filling up the DagBag from /opt/airflow/dags/extract_data.py
[2025-12-22T14:07:15.132+0000] {processor.py:842} WARNING - No viable dags retrieved from /opt/airflow/dags/extract_data.py
[2025-12-22T14:07:15.148+0000] {processor.py:183} INFO - Processing /opt/airflow/dags/extract_data.py took 0.960 seconds
[2025-12-22T14:07:45.467+0000] {processor.py:161} INFO - Started process (PID=157) to work on /opt/airflow/dags/extract_data.py
[2025-12-22T14:07:45.469+0000] {processor.py:830} INFO - Processing file /opt/airflow/dags/extract_data.py for tasks to queue
[2025-12-22T14:07:45.472+0000] {logging_mixin.py:188} INFO - [2025-12-22T14:07:45.470+0000] {dagbag.py:538} INFO - Filling up the DagBag from /opt/airflow/dags/extract_data.py
[2025-12-22T14:07:45.757+0000] {processor.py:842} WARNING - No viable dags retrieved from /opt/airflow/dags/extract_data.py
[2025-12-22T14:07:45.767+0000] {processor.py:183} INFO - Processing /opt/airflow/dags/extract_data.py took 0.302 seconds
[2025-12-22T14:08:16.113+0000] {processor.py:161} INFO - Started process (PID=163) to work on /opt/airflow/dags/extract_data.py
[2025-12-22T14:08:16.114+0000] {processor.py:830} INFO - Processing file /opt/airflow/dags/extract_data.py for tasks to queue
[2025-12-22T14:08:16.116+0000] {logging_mixin.py:188} INFO - [2025-12-22T14:08:16.116+0000] {dagbag.py:538} INFO - Filling up the DagBag from /opt/airflow/dags/extract_data.py
[2025-12-22T14:08:16.343+0000] {processor.py:842} WARNING - No viable dags retrieved from /opt/airflow/dags/extract_data.py
[2025-12-22T14:08:16.359+0000] {processor.py:183} INFO - Processing /opt/airflow/dags/extract_data.py took 0.249 seconds
[2025-12-22T14:08:46.736+0000] {processor.py:161} INFO - Started process (PID=169) to work on /opt/airflow/dags/extract_data.py
[2025-12-22T14:08:46.738+0000] {processor.py:830} INFO - Processing file /opt/airflow/dags/extract_data.py for tasks to queue
[2025-12-22T14:08:46.740+0000] {logging_mixin.py:188} INFO - [2025-12-22T14:08:46.740+0000] {dagbag.py:538} INFO - Filling up the DagBag from /opt/airflow/dags/extract_data.py
[2025-12-22T14:08:47.046+0000] {processor.py:842} WARNING - No viable dags retrieved from /opt/airflow/dags/extract_data.py
[2025-12-22T14:08:47.059+0000] {processor.py:183} INFO - Processing /opt/airflow/dags/extract_data.py took 0.326 seconds
[2025-12-22T14:09:17.445+0000] {processor.py:161} INFO - Started process (PID=175) to work on /opt/airflow/dags/extract_data.py
[2025-12-22T14:09:17.446+0000] {processor.py:830} INFO - Processing file /opt/airflow/dags/extract_data.py for tasks to queue
[2025-12-22T14:09:17.448+0000] {logging_mixin.py:188} INFO - [2025-12-22T14:09:17.448+0000] {dagbag.py:538} INFO - Filling up the DagBag from /opt/airflow/dags/extract_data.py
[2025-12-22T14:09:17.743+0000] {processor.py:842} WARNING - No viable dags retrieved from /opt/airflow/dags/extract_data.py
[2025-12-22T14:09:17.754+0000] {processor.py:183} INFO - Processing /opt/airflow/dags/extract_data.py took 0.314 seconds
[2025-12-22T14:09:48.054+0000] {processor.py:161} INFO - Started process (PID=181) to work on /opt/airflow/dags/extract_data.py
[2025-12-22T14:09:48.056+0000] {processor.py:830} INFO - Processing file /opt/airflow/dags/extract_data.py for tasks to queue
[2025-12-22T14:09:48.058+0000] {logging_mixin.py:188} INFO - [2025-12-22T14:09:48.057+0000] {dagbag.py:538} INFO - Filling up the DagBag from /opt/airflow/dags/extract_data.py
[2025-12-22T14:09:48.386+0000] {processor.py:842} WARNING - No viable dags retrieved from /opt/airflow/dags/extract_data.py
[2025-12-22T14:09:48.398+0000] {processor.py:183} INFO - Processing /opt/airflow/dags/extract_data.py took 0.348 seconds
[2025-12-22T14:10:18.599+0000] {processor.py:161} INFO - Started process (PID=187) to work on /opt/airflow/dags/extract_data.py
[2025-12-22T14:10:18.600+0000] {processor.py:830} INFO - Processing file /opt/airflow/dags/extract_data.py for tasks to queue
[2025-12-22T14:10:18.602+0000] {logging_mixin.py:188} INFO - [2025-12-22T14:10:18.601+0000] {dagbag.py:538} INFO - Filling up the DagBag from /opt/airflow/dags/extract_data.py
[2025-12-22T14:10:18.910+0000] {processor.py:842} WARNING - No viable dags retrieved from /opt/airflow/dags/extract_data.py
[2025-12-22T14:10:18.923+0000] {processor.py:183} INFO - Processing /opt/airflow/dags/extract_data.py took 0.327 seconds
[2025-12-22T14:10:49.108+0000] {processor.py:161} INFO - Started process (PID=193) to work on /opt/airflow/dags/extract_data.py
[2025-12-22T14:10:49.110+0000] {processor.py:830} INFO - Processing file /opt/airflow/dags/extract_data.py for tasks to queue
[2025-12-22T14:10:49.112+0000] {logging_mixin.py:188} INFO - [2025-12-22T14:10:49.112+0000] {dagbag.py:538} INFO - Filling up the DagBag from /opt/airflow/dags/extract_data.py
[2025-12-22T14:10:49.426+0000] {processor.py:842} WARNING - No viable dags retrieved from /opt/airflow/dags/extract_data.py
[2025-12-22T14:10:49.436+0000] {processor.py:183} INFO - Processing /opt/airflow/dags/extract_data.py took 0.332 seconds
[2025-12-22T14:11:19.601+0000] {processor.py:161} INFO - Started process (PID=199) to work on /opt/airflow/dags/extract_data.py
[2025-12-22T14:11:19.602+0000] {processor.py:830} INFO - Processing file /opt/airflow/dags/extract_data.py for tasks to queue
[2025-12-22T14:11:19.604+0000] {logging_mixin.py:188} INFO - [2025-12-22T14:11:19.603+0000] {dagbag.py:538} INFO - Filling up the DagBag from /opt/airflow/dags/extract_data.py
[2025-12-22T14:11:19.868+0000] {processor.py:842} WARNING - No viable dags retrieved from /opt/airflow/dags/extract_data.py
[2025-12-22T14:11:19.880+0000] {processor.py:183} INFO - Processing /opt/airflow/dags/extract_data.py took 0.282 seconds
[2025-12-22T14:11:50.132+0000] {processor.py:161} INFO - Started process (PID=205) to work on /opt/airflow/dags/extract_data.py
[2025-12-22T14:11:50.133+0000] {processor.py:830} INFO - Processing file /opt/airflow/dags/extract_data.py for tasks to queue
[2025-12-22T14:11:50.134+0000] {logging_mixin.py:188} INFO - [2025-12-22T14:11:50.134+0000] {dagbag.py:538} INFO - Filling up the DagBag from /opt/airflow/dags/extract_data.py
[2025-12-22T14:11:50.410+0000] {processor.py:842} WARNING - No viable dags retrieved from /opt/airflow/dags/extract_data.py
[2025-12-22T14:11:50.423+0000] {processor.py:183} INFO - Processing /opt/airflow/dags/extract_data.py took 0.294 seconds
[2025-12-22T14:13:25.294+0000] {processor.py:161} INFO - Started process (PID=72) to work on /opt/airflow/dags/extract_data.py
[2025-12-22T14:13:25.297+0000] {processor.py:830} INFO - Processing file /opt/airflow/dags/extract_data.py for tasks to queue
[2025-12-22T14:13:25.303+0000] {logging_mixin.py:188} INFO - [2025-12-22T14:13:25.301+0000] {dagbag.py:538} INFO - Filling up the DagBag from /opt/airflow/dags/extract_data.py
[2025-12-22T14:13:25.799+0000] {processor.py:842} WARNING - No viable dags retrieved from /opt/airflow/dags/extract_data.py
[2025-12-22T14:13:25.823+0000] {processor.py:183} INFO - Processing /opt/airflow/dags/extract_data.py took 0.538 seconds
[2025-12-22T14:13:55.997+0000] {processor.py:161} INFO - Started process (PID=94) to work on /opt/airflow/dags/extract_data.py
[2025-12-22T14:13:55.999+0000] {processor.py:830} INFO - Processing file /opt/airflow/dags/extract_data.py for tasks to queue
[2025-12-22T14:13:56.001+0000] {logging_mixin.py:188} INFO - [2025-12-22T14:13:56.000+0000] {dagbag.py:538} INFO - Filling up the DagBag from /opt/airflow/dags/extract_data.py
[2025-12-22T14:13:56.287+0000] {processor.py:842} WARNING - No viable dags retrieved from /opt/airflow/dags/extract_data.py
[2025-12-22T14:13:56.298+0000] {processor.py:183} INFO - Processing /opt/airflow/dags/extract_data.py took 0.306 seconds
[2025-12-22T14:14:26.523+0000] {processor.py:161} INFO - Started process (PID=100) to work on /opt/airflow/dags/extract_data.py
[2025-12-22T14:14:26.525+0000] {processor.py:830} INFO - Processing file /opt/airflow/dags/extract_data.py for tasks to queue
[2025-12-22T14:14:26.526+0000] {logging_mixin.py:188} INFO - [2025-12-22T14:14:26.526+0000] {dagbag.py:538} INFO - Filling up the DagBag from /opt/airflow/dags/extract_data.py
[2025-12-22T14:14:26.776+0000] {processor.py:842} WARNING - No viable dags retrieved from /opt/airflow/dags/extract_data.py
[2025-12-22T14:14:26.784+0000] {processor.py:183} INFO - Processing /opt/airflow/dags/extract_data.py took 0.264 seconds
[2025-12-22T14:14:57.010+0000] {processor.py:161} INFO - Started process (PID=106) to work on /opt/airflow/dags/extract_data.py
[2025-12-22T14:14:57.011+0000] {processor.py:830} INFO - Processing file /opt/airflow/dags/extract_data.py for tasks to queue
[2025-12-22T14:14:57.012+0000] {logging_mixin.py:188} INFO - [2025-12-22T14:14:57.012+0000] {dagbag.py:538} INFO - Filling up the DagBag from /opt/airflow/dags/extract_data.py
[2025-12-22T14:14:57.252+0000] {processor.py:842} WARNING - No viable dags retrieved from /opt/airflow/dags/extract_data.py
[2025-12-22T14:14:57.264+0000] {processor.py:183} INFO - Processing /opt/airflow/dags/extract_data.py took 0.258 seconds
[2025-12-22T14:15:27.545+0000] {processor.py:161} INFO - Started process (PID=112) to work on /opt/airflow/dags/extract_data.py
[2025-12-22T14:15:27.546+0000] {processor.py:830} INFO - Processing file /opt/airflow/dags/extract_data.py for tasks to queue
[2025-12-22T14:15:27.548+0000] {logging_mixin.py:188} INFO - [2025-12-22T14:15:27.547+0000] {dagbag.py:538} INFO - Filling up the DagBag from /opt/airflow/dags/extract_data.py
[2025-12-22T14:15:27.809+0000] {processor.py:842} WARNING - No viable dags retrieved from /opt/airflow/dags/extract_data.py
[2025-12-22T14:15:27.820+0000] {processor.py:183} INFO - Processing /opt/airflow/dags/extract_data.py took 0.279 seconds
[2025-12-22T14:15:58.055+0000] {processor.py:161} INFO - Started process (PID=118) to work on /opt/airflow/dags/extract_data.py
[2025-12-22T14:15:58.057+0000] {processor.py:830} INFO - Processing file /opt/airflow/dags/extract_data.py for tasks to queue
[2025-12-22T14:15:58.059+0000] {logging_mixin.py:188} INFO - [2025-12-22T14:15:58.059+0000] {dagbag.py:538} INFO - Filling up the DagBag from /opt/airflow/dags/extract_data.py
[2025-12-22T14:15:58.401+0000] {processor.py:842} WARNING - No viable dags retrieved from /opt/airflow/dags/extract_data.py
[2025-12-22T14:15:58.412+0000] {processor.py:183} INFO - Processing /opt/airflow/dags/extract_data.py took 0.361 seconds
[2025-12-22T14:16:28.661+0000] {processor.py:161} INFO - Started process (PID=125) to work on /opt/airflow/dags/extract_data.py
[2025-12-22T14:16:28.663+0000] {processor.py:830} INFO - Processing file /opt/airflow/dags/extract_data.py for tasks to queue
[2025-12-22T14:16:28.664+0000] {logging_mixin.py:188} INFO - [2025-12-22T14:16:28.664+0000] {dagbag.py:538} INFO - Filling up the DagBag from /opt/airflow/dags/extract_data.py
[2025-12-22T14:16:28.925+0000] {processor.py:842} WARNING - No viable dags retrieved from /opt/airflow/dags/extract_data.py
[2025-12-22T14:16:28.936+0000] {processor.py:183} INFO - Processing /opt/airflow/dags/extract_data.py took 0.278 seconds
[2025-12-22T14:16:59.208+0000] {processor.py:161} INFO - Started process (PID=131) to work on /opt/airflow/dags/extract_data.py
[2025-12-22T14:16:59.210+0000] {processor.py:830} INFO - Processing file /opt/airflow/dags/extract_data.py for tasks to queue
[2025-12-22T14:16:59.212+0000] {logging_mixin.py:188} INFO - [2025-12-22T14:16:59.212+0000] {dagbag.py:538} INFO - Filling up the DagBag from /opt/airflow/dags/extract_data.py
[2025-12-22T14:16:59.476+0000] {processor.py:842} WARNING - No viable dags retrieved from /opt/airflow/dags/extract_data.py
[2025-12-22T14:16:59.489+0000] {processor.py:183} INFO - Processing /opt/airflow/dags/extract_data.py took 0.284 seconds
[2025-12-22T14:17:29.728+0000] {processor.py:161} INFO - Started process (PID=137) to work on /opt/airflow/dags/extract_data.py
[2025-12-22T14:17:29.729+0000] {processor.py:830} INFO - Processing file /opt/airflow/dags/extract_data.py for tasks to queue
[2025-12-22T14:17:29.731+0000] {logging_mixin.py:188} INFO - [2025-12-22T14:17:29.730+0000] {dagbag.py:538} INFO - Filling up the DagBag from /opt/airflow/dags/extract_data.py
[2025-12-22T14:17:29.975+0000] {processor.py:842} WARNING - No viable dags retrieved from /opt/airflow/dags/extract_data.py
[2025-12-22T14:17:29.984+0000] {processor.py:183} INFO - Processing /opt/airflow/dags/extract_data.py took 0.259 seconds
[2025-12-22T14:18:00.288+0000] {processor.py:161} INFO - Started process (PID=143) to work on /opt/airflow/dags/extract_data.py
[2025-12-22T14:18:00.289+0000] {processor.py:830} INFO - Processing file /opt/airflow/dags/extract_data.py for tasks to queue
[2025-12-22T14:18:00.291+0000] {logging_mixin.py:188} INFO - [2025-12-22T14:18:00.291+0000] {dagbag.py:538} INFO - Filling up the DagBag from /opt/airflow/dags/extract_data.py
[2025-12-22T14:18:00.575+0000] {processor.py:842} WARNING - No viable dags retrieved from /opt/airflow/dags/extract_data.py
[2025-12-22T14:18:00.585+0000] {processor.py:183} INFO - Processing /opt/airflow/dags/extract_data.py took 0.301 seconds
[2025-12-22T14:18:30.828+0000] {processor.py:161} INFO - Started process (PID=149) to work on /opt/airflow/dags/extract_data.py
[2025-12-22T14:18:30.830+0000] {processor.py:830} INFO - Processing file /opt/airflow/dags/extract_data.py for tasks to queue
[2025-12-22T14:18:30.832+0000] {logging_mixin.py:188} INFO - [2025-12-22T14:18:30.831+0000] {dagbag.py:538} INFO - Filling up the DagBag from /opt/airflow/dags/extract_data.py
[2025-12-22T14:18:31.118+0000] {processor.py:842} WARNING - No viable dags retrieved from /opt/airflow/dags/extract_data.py
[2025-12-22T14:18:31.129+0000] {processor.py:183} INFO - Processing /opt/airflow/dags/extract_data.py took 0.305 seconds
[2025-12-22T14:19:01.512+0000] {processor.py:161} INFO - Started process (PID=155) to work on /opt/airflow/dags/extract_data.py
[2025-12-22T14:19:01.516+0000] {processor.py:830} INFO - Processing file /opt/airflow/dags/extract_data.py for tasks to queue
[2025-12-22T14:19:01.517+0000] {logging_mixin.py:188} INFO - [2025-12-22T14:19:01.517+0000] {dagbag.py:538} INFO - Filling up the DagBag from /opt/airflow/dags/extract_data.py
[2025-12-22T14:19:01.895+0000] {processor.py:842} WARNING - No viable dags retrieved from /opt/airflow/dags/extract_data.py
[2025-12-22T14:19:01.911+0000] {processor.py:183} INFO - Processing /opt/airflow/dags/extract_data.py took 0.403 seconds
[2025-12-22T14:19:32.978+0000] {processor.py:161} INFO - Started process (PID=161) to work on /opt/airflow/dags/extract_data.py
[2025-12-22T14:19:32.980+0000] {processor.py:830} INFO - Processing file /opt/airflow/dags/extract_data.py for tasks to queue
[2025-12-22T14:19:32.981+0000] {logging_mixin.py:188} INFO - [2025-12-22T14:19:32.981+0000] {dagbag.py:538} INFO - Filling up the DagBag from /opt/airflow/dags/extract_data.py
[2025-12-22T14:19:33.244+0000] {processor.py:842} WARNING - No viable dags retrieved from /opt/airflow/dags/extract_data.py
[2025-12-22T14:19:33.257+0000] {processor.py:183} INFO - Processing /opt/airflow/dags/extract_data.py took 0.282 seconds
[2025-12-22T14:21:12.516+0000] {processor.py:161} INFO - Started process (PID=72) to work on /opt/airflow/dags/extract_data.py
[2025-12-22T14:21:12.517+0000] {processor.py:830} INFO - Processing file /opt/airflow/dags/extract_data.py for tasks to queue
[2025-12-22T14:21:12.519+0000] {logging_mixin.py:188} INFO - [2025-12-22T14:21:12.518+0000] {dagbag.py:538} INFO - Filling up the DagBag from /opt/airflow/dags/extract_data.py
[2025-12-22T14:21:12.824+0000] {processor.py:842} WARNING - No viable dags retrieved from /opt/airflow/dags/extract_data.py
[2025-12-22T14:21:12.838+0000] {processor.py:183} INFO - Processing /opt/airflow/dags/extract_data.py took 0.326 seconds
[2025-12-22T14:21:43.542+0000] {processor.py:161} INFO - Started process (PID=101) to work on /opt/airflow/dags/extract_data.py
[2025-12-22T14:21:43.545+0000] {processor.py:830} INFO - Processing file /opt/airflow/dags/extract_data.py for tasks to queue
[2025-12-22T14:21:43.547+0000] {logging_mixin.py:188} INFO - [2025-12-22T14:21:43.546+0000] {dagbag.py:538} INFO - Filling up the DagBag from /opt/airflow/dags/extract_data.py
[2025-12-22T14:21:43.880+0000] {processor.py:842} WARNING - No viable dags retrieved from /opt/airflow/dags/extract_data.py
[2025-12-22T14:21:43.894+0000] {processor.py:183} INFO - Processing /opt/airflow/dags/extract_data.py took 0.357 seconds
[2025-12-22T14:22:14.442+0000] {processor.py:161} INFO - Started process (PID=107) to work on /opt/airflow/dags/extract_data.py
[2025-12-22T14:22:14.444+0000] {processor.py:830} INFO - Processing file /opt/airflow/dags/extract_data.py for tasks to queue
[2025-12-22T14:22:14.446+0000] {logging_mixin.py:188} INFO - [2025-12-22T14:22:14.445+0000] {dagbag.py:538} INFO - Filling up the DagBag from /opt/airflow/dags/extract_data.py
[2025-12-22T14:22:14.844+0000] {processor.py:842} WARNING - No viable dags retrieved from /opt/airflow/dags/extract_data.py
[2025-12-22T14:22:14.862+0000] {processor.py:183} INFO - Processing /opt/airflow/dags/extract_data.py took 0.424 seconds
[2025-12-22T14:22:45.957+0000] {processor.py:161} INFO - Started process (PID=127) to work on /opt/airflow/dags/extract_data.py
[2025-12-22T14:22:45.958+0000] {processor.py:830} INFO - Processing file /opt/airflow/dags/extract_data.py for tasks to queue
[2025-12-22T14:22:45.960+0000] {logging_mixin.py:188} INFO - [2025-12-22T14:22:45.959+0000] {dagbag.py:538} INFO - Filling up the DagBag from /opt/airflow/dags/extract_data.py
[2025-12-22T14:22:46.251+0000] {processor.py:842} WARNING - No viable dags retrieved from /opt/airflow/dags/extract_data.py
[2025-12-22T14:22:46.264+0000] {processor.py:183} INFO - Processing /opt/airflow/dags/extract_data.py took 0.311 seconds
[2025-12-22T14:23:16.719+0000] {processor.py:161} INFO - Started process (PID=133) to work on /opt/airflow/dags/extract_data.py
[2025-12-22T14:23:16.720+0000] {processor.py:830} INFO - Processing file /opt/airflow/dags/extract_data.py for tasks to queue
[2025-12-22T14:23:16.721+0000] {logging_mixin.py:188} INFO - [2025-12-22T14:23:16.721+0000] {dagbag.py:538} INFO - Filling up the DagBag from /opt/airflow/dags/extract_data.py
[2025-12-22T14:23:17.026+0000] {processor.py:842} WARNING - No viable dags retrieved from /opt/airflow/dags/extract_data.py
[2025-12-22T14:23:17.041+0000] {processor.py:183} INFO - Processing /opt/airflow/dags/extract_data.py took 0.325 seconds
[2025-12-22T14:23:47.246+0000] {processor.py:161} INFO - Started process (PID=153) to work on /opt/airflow/dags/extract_data.py
[2025-12-22T14:23:47.248+0000] {processor.py:830} INFO - Processing file /opt/airflow/dags/extract_data.py for tasks to queue
[2025-12-22T14:23:47.249+0000] {logging_mixin.py:188} INFO - [2025-12-22T14:23:47.249+0000] {dagbag.py:538} INFO - Filling up the DagBag from /opt/airflow/dags/extract_data.py
[2025-12-22T14:23:47.536+0000] {processor.py:842} WARNING - No viable dags retrieved from /opt/airflow/dags/extract_data.py
[2025-12-22T14:23:47.547+0000] {processor.py:183} INFO - Processing /opt/airflow/dags/extract_data.py took 0.304 seconds
[2025-12-22T14:24:18.048+0000] {processor.py:161} INFO - Started process (PID=159) to work on /opt/airflow/dags/extract_data.py
[2025-12-22T14:24:18.051+0000] {processor.py:830} INFO - Processing file /opt/airflow/dags/extract_data.py for tasks to queue
[2025-12-22T14:24:18.053+0000] {logging_mixin.py:188} INFO - [2025-12-22T14:24:18.052+0000] {dagbag.py:538} INFO - Filling up the DagBag from /opt/airflow/dags/extract_data.py
[2025-12-22T14:24:18.353+0000] {processor.py:842} WARNING - No viable dags retrieved from /opt/airflow/dags/extract_data.py
[2025-12-22T14:24:18.365+0000] {processor.py:183} INFO - Processing /opt/airflow/dags/extract_data.py took 0.322 seconds
[2025-12-22T14:24:48.786+0000] {processor.py:161} INFO - Started process (PID=165) to work on /opt/airflow/dags/extract_data.py
[2025-12-22T14:24:48.788+0000] {processor.py:830} INFO - Processing file /opt/airflow/dags/extract_data.py for tasks to queue
[2025-12-22T14:24:48.789+0000] {logging_mixin.py:188} INFO - [2025-12-22T14:24:48.789+0000] {dagbag.py:538} INFO - Filling up the DagBag from /opt/airflow/dags/extract_data.py
[2025-12-22T14:24:49.085+0000] {processor.py:842} WARNING - No viable dags retrieved from /opt/airflow/dags/extract_data.py
[2025-12-22T14:24:49.098+0000] {processor.py:183} INFO - Processing /opt/airflow/dags/extract_data.py took 0.315 seconds
[2025-12-22T14:25:19.512+0000] {processor.py:161} INFO - Started process (PID=200) to work on /opt/airflow/dags/extract_data.py
[2025-12-22T14:25:19.514+0000] {processor.py:830} INFO - Processing file /opt/airflow/dags/extract_data.py for tasks to queue
[2025-12-22T14:25:19.515+0000] {logging_mixin.py:188} INFO - [2025-12-22T14:25:19.515+0000] {dagbag.py:538} INFO - Filling up the DagBag from /opt/airflow/dags/extract_data.py
[2025-12-22T14:25:19.807+0000] {processor.py:842} WARNING - No viable dags retrieved from /opt/airflow/dags/extract_data.py
[2025-12-22T14:25:19.819+0000] {processor.py:183} INFO - Processing /opt/airflow/dags/extract_data.py took 0.310 seconds
[2025-12-22T14:25:50.263+0000] {processor.py:161} INFO - Started process (PID=220) to work on /opt/airflow/dags/extract_data.py
[2025-12-22T14:25:50.265+0000] {processor.py:830} INFO - Processing file /opt/airflow/dags/extract_data.py for tasks to queue
[2025-12-22T14:25:50.266+0000] {logging_mixin.py:188} INFO - [2025-12-22T14:25:50.266+0000] {dagbag.py:538} INFO - Filling up the DagBag from /opt/airflow/dags/extract_data.py
[2025-12-22T14:25:50.579+0000] {processor.py:842} WARNING - No viable dags retrieved from /opt/airflow/dags/extract_data.py
[2025-12-22T14:25:50.594+0000] {processor.py:183} INFO - Processing /opt/airflow/dags/extract_data.py took 0.334 seconds
[2025-12-22T14:26:32.308+0000] {processor.py:161} INFO - Started process (PID=75) to work on /opt/airflow/dags/extract_data.py
[2025-12-22T14:26:32.310+0000] {processor.py:830} INFO - Processing file /opt/airflow/dags/extract_data.py for tasks to queue
[2025-12-22T14:26:32.312+0000] {logging_mixin.py:188} INFO - [2025-12-22T14:26:32.311+0000] {dagbag.py:538} INFO - Filling up the DagBag from /opt/airflow/dags/extract_data.py
[2025-12-22T14:26:32.632+0000] {processor.py:842} WARNING - No viable dags retrieved from /opt/airflow/dags/extract_data.py
[2025-12-22T14:26:32.643+0000] {processor.py:183} INFO - Processing /opt/airflow/dags/extract_data.py took 0.340 seconds
[2025-12-22T14:27:03.181+0000] {processor.py:161} INFO - Started process (PID=98) to work on /opt/airflow/dags/extract_data.py
[2025-12-22T14:27:03.183+0000] {processor.py:830} INFO - Processing file /opt/airflow/dags/extract_data.py for tasks to queue
[2025-12-22T14:27:03.184+0000] {logging_mixin.py:188} INFO - [2025-12-22T14:27:03.184+0000] {dagbag.py:538} INFO - Filling up the DagBag from /opt/airflow/dags/extract_data.py
[2025-12-22T14:27:03.430+0000] {processor.py:842} WARNING - No viable dags retrieved from /opt/airflow/dags/extract_data.py
[2025-12-22T14:27:03.440+0000] {processor.py:183} INFO - Processing /opt/airflow/dags/extract_data.py took 0.262 seconds
[2025-12-22T14:27:33.850+0000] {processor.py:161} INFO - Started process (PID=104) to work on /opt/airflow/dags/extract_data.py
[2025-12-22T14:27:33.852+0000] {processor.py:830} INFO - Processing file /opt/airflow/dags/extract_data.py for tasks to queue
[2025-12-22T14:27:33.853+0000] {logging_mixin.py:188} INFO - [2025-12-22T14:27:33.853+0000] {dagbag.py:538} INFO - Filling up the DagBag from /opt/airflow/dags/extract_data.py
[2025-12-22T14:27:34.119+0000] {processor.py:842} WARNING - No viable dags retrieved from /opt/airflow/dags/extract_data.py
[2025-12-22T14:27:34.130+0000] {processor.py:183} INFO - Processing /opt/airflow/dags/extract_data.py took 0.283 seconds
[2025-12-22T14:28:04.432+0000] {processor.py:161} INFO - Started process (PID=110) to work on /opt/airflow/dags/extract_data.py
[2025-12-22T14:28:04.434+0000] {processor.py:830} INFO - Processing file /opt/airflow/dags/extract_data.py for tasks to queue
[2025-12-22T14:28:04.435+0000] {logging_mixin.py:188} INFO - [2025-12-22T14:28:04.435+0000] {dagbag.py:538} INFO - Filling up the DagBag from /opt/airflow/dags/extract_data.py
[2025-12-22T14:28:04.684+0000] {processor.py:842} WARNING - No viable dags retrieved from /opt/airflow/dags/extract_data.py
[2025-12-22T14:28:04.693+0000] {processor.py:183} INFO - Processing /opt/airflow/dags/extract_data.py took 0.263 seconds
[2025-12-22T14:28:34.988+0000] {processor.py:161} INFO - Started process (PID=116) to work on /opt/airflow/dags/extract_data.py
[2025-12-22T14:28:34.990+0000] {processor.py:830} INFO - Processing file /opt/airflow/dags/extract_data.py for tasks to queue
[2025-12-22T14:28:34.993+0000] {logging_mixin.py:188} INFO - [2025-12-22T14:28:34.993+0000] {dagbag.py:538} INFO - Filling up the DagBag from /opt/airflow/dags/extract_data.py
[2025-12-22T14:28:35.315+0000] {processor.py:842} WARNING - No viable dags retrieved from /opt/airflow/dags/extract_data.py
[2025-12-22T14:28:35.327+0000] {processor.py:183} INFO - Processing /opt/airflow/dags/extract_data.py took 0.344 seconds
[2025-12-22T14:29:05.563+0000] {processor.py:161} INFO - Started process (PID=122) to work on /opt/airflow/dags/extract_data.py
[2025-12-22T14:29:05.565+0000] {processor.py:830} INFO - Processing file /opt/airflow/dags/extract_data.py for tasks to queue
[2025-12-22T14:29:05.567+0000] {logging_mixin.py:188} INFO - [2025-12-22T14:29:05.566+0000] {dagbag.py:538} INFO - Filling up the DagBag from /opt/airflow/dags/extract_data.py
[2025-12-22T14:29:05.833+0000] {processor.py:842} WARNING - No viable dags retrieved from /opt/airflow/dags/extract_data.py
[2025-12-22T14:29:05.844+0000] {processor.py:183} INFO - Processing /opt/airflow/dags/extract_data.py took 0.284 seconds
[2025-12-22T14:29:36.136+0000] {processor.py:161} INFO - Started process (PID=128) to work on /opt/airflow/dags/extract_data.py
[2025-12-22T14:29:36.138+0000] {processor.py:830} INFO - Processing file /opt/airflow/dags/extract_data.py for tasks to queue
[2025-12-22T14:29:36.140+0000] {logging_mixin.py:188} INFO - [2025-12-22T14:29:36.139+0000] {dagbag.py:538} INFO - Filling up the DagBag from /opt/airflow/dags/extract_data.py
[2025-12-22T14:29:36.446+0000] {processor.py:842} WARNING - No viable dags retrieved from /opt/airflow/dags/extract_data.py
[2025-12-22T14:29:36.456+0000] {processor.py:183} INFO - Processing /opt/airflow/dags/extract_data.py took 0.325 seconds
[2025-12-22T14:30:06.876+0000] {processor.py:161} INFO - Started process (PID=134) to work on /opt/airflow/dags/extract_data.py
[2025-12-22T14:30:06.878+0000] {processor.py:830} INFO - Processing file /opt/airflow/dags/extract_data.py for tasks to queue
[2025-12-22T14:30:06.879+0000] {logging_mixin.py:188} INFO - [2025-12-22T14:30:06.879+0000] {dagbag.py:538} INFO - Filling up the DagBag from /opt/airflow/dags/extract_data.py
[2025-12-22T14:30:07.148+0000] {processor.py:842} WARNING - No viable dags retrieved from /opt/airflow/dags/extract_data.py
[2025-12-22T14:30:07.157+0000] {processor.py:183} INFO - Processing /opt/airflow/dags/extract_data.py took 0.284 seconds
