[2025-12-22T14:54:09.746+0000] {taskinstance.py:1956} INFO - Dependencies all met for dep_context=non-requeueable deps ti=<TaskInstance: etl_csv_pipeline.extract_data manual__2025-12-22T14:54:03.004896+00:00 [queued]>
[2025-12-22T14:54:09.753+0000] {taskinstance.py:1956} INFO - Dependencies all met for dep_context=requeueable deps ti=<TaskInstance: etl_csv_pipeline.extract_data manual__2025-12-22T14:54:03.004896+00:00 [queued]>
[2025-12-22T14:54:09.754+0000] {taskinstance.py:2170} INFO - Starting attempt 1 of 1
[2025-12-22T14:54:09.787+0000] {taskinstance.py:2191} INFO - Executing <Task(PythonOperator): extract_data> on 2025-12-22 14:54:03.004896+00:00
[2025-12-22T14:54:09.792+0000] {standard_task_runner.py:60} INFO - Started process 334 to run task
[2025-12-22T14:54:09.796+0000] {standard_task_runner.py:87} INFO - Running: ['airflow', 'tasks', 'run', 'etl_csv_pipeline', 'extract_data', 'manual__2025-12-22T14:54:03.004896+00:00', '--job-id', '14', '--raw', '--subdir', 'DAGS_FOLDER/etl_pipeline_dag.py', '--cfg-path', '/tmp/tmpb2u72bv0']
[2025-12-22T14:54:09.799+0000] {standard_task_runner.py:88} INFO - Job 14: Subtask extract_data
[2025-12-22T14:54:09.867+0000] {task_command.py:423} INFO - Running <TaskInstance: etl_csv_pipeline.extract_data manual__2025-12-22T14:54:03.004896+00:00 [running]> on host af4e2f7a12fd
[2025-12-22T14:54:09.934+0000] {taskinstance.py:2480} INFO - Exporting env vars: AIRFLOW_CTX_DAG_OWNER='airflow' AIRFLOW_CTX_DAG_ID='etl_csv_pipeline' AIRFLOW_CTX_TASK_ID='extract_data' AIRFLOW_CTX_EXECUTION_DATE='2025-12-22T14:54:03.004896+00:00' AIRFLOW_CTX_TRY_NUMBER='1' AIRFLOW_CTX_DAG_RUN_ID='manual__2025-12-22T14:54:03.004896+00:00'
[2025-12-22T14:54:09.941+0000] {taskinstance.py:2698} ERROR - Task failed with exception
Traceback (most recent call last):
  File "/home/airflow/.local/lib/python3.8/site-packages/airflow/models/taskinstance.py", line 433, in _execute_task
    result = execute_callable(context=context, **execute_callable_kwargs)
  File "/home/airflow/.local/lib/python3.8/site-packages/airflow/operators/python.py", line 199, in execute
    return_value = self.execute_callable()
  File "/home/airflow/.local/lib/python3.8/site-packages/airflow/operators/python.py", line 216, in execute_callable
    return self.python_callable(*self.op_args, **self.op_kwargs)
  File "/opt/airflow/dags/scripts/extract_data.py", line 13, in extract_data
    df = pd.read_csv(file_path)
  File "/home/airflow/.local/lib/python3.8/site-packages/pandas/io/parsers/readers.py", line 912, in read_csv
    return _read(filepath_or_buffer, kwds)
  File "/home/airflow/.local/lib/python3.8/site-packages/pandas/io/parsers/readers.py", line 577, in _read
    parser = TextFileReader(filepath_or_buffer, **kwds)
  File "/home/airflow/.local/lib/python3.8/site-packages/pandas/io/parsers/readers.py", line 1407, in __init__
    self._engine = self._make_engine(f, self.engine)
  File "/home/airflow/.local/lib/python3.8/site-packages/pandas/io/parsers/readers.py", line 1661, in _make_engine
    self.handles = get_handle(
  File "/home/airflow/.local/lib/python3.8/site-packages/pandas/io/common.py", line 859, in get_handle
    handle = open(
FileNotFoundError: [Errno 2] No such file or directory: '/opt/airflow/dags/data/customers_200.xlsx'
[2025-12-22T14:54:09.955+0000] {taskinstance.py:1138} INFO - Marking task as FAILED. dag_id=etl_csv_pipeline, task_id=extract_data, execution_date=20251222T145403, start_date=20251222T145409, end_date=20251222T145409
[2025-12-22T14:54:09.971+0000] {standard_task_runner.py:107} ERROR - Failed to execute job 14 for task extract_data ([Errno 2] No such file or directory: '/opt/airflow/dags/data/customers_200.xlsx'; 334)
[2025-12-22T14:54:10.010+0000] {local_task_job_runner.py:234} INFO - Task exited with return code 1
[2025-12-22T14:54:10.026+0000] {taskinstance.py:3280} INFO - 0 downstream tasks scheduled from follow-on schedule check
