[2026-01-12T16:44:21.982+0000] {taskinstance.py:1956} INFO - Dependencies all met for dep_context=non-requeueable deps ti=<TaskInstance: amazon_transform_dag.wait_for_etl_pipeline scheduled__2026-01-11T00:00:00+00:00 [queued]>
[2026-01-12T16:44:22.001+0000] {taskinstance.py:1956} INFO - Dependencies all met for dep_context=requeueable deps ti=<TaskInstance: amazon_transform_dag.wait_for_etl_pipeline scheduled__2026-01-11T00:00:00+00:00 [queued]>
[2026-01-12T16:44:22.003+0000] {taskinstance.py:2170} INFO - Starting attempt 1 of 4
[2026-01-12T16:44:22.045+0000] {taskinstance.py:2191} INFO - Executing <Task(ExternalTaskSensor): wait_for_etl_pipeline> on 2026-01-11 00:00:00+00:00
[2026-01-12T16:44:22.052+0000] {standard_task_runner.py:60} INFO - Started process 200 to run task
[2026-01-12T16:44:22.057+0000] {standard_task_runner.py:87} INFO - Running: ['***', 'tasks', 'run', 'amazon_transform_dag', 'wait_for_etl_pipeline', 'scheduled__2026-01-11T00:00:00+00:00', '--job-id', '77', '--raw', '--subdir', 'DAGS_FOLDER/transform_dag.py', '--cfg-path', '/tmp/tmpkinukixq']
[2026-01-12T16:44:22.062+0000] {standard_task_runner.py:88} INFO - Job 77: Subtask wait_for_etl_pipeline
[2026-01-12T16:44:22.182+0000] {task_command.py:423} INFO - Running <TaskInstance: amazon_transform_dag.wait_for_etl_pipeline scheduled__2026-01-11T00:00:00+00:00 [running]> on host c7a5381c7507
[2026-01-12T16:44:22.377+0000] {taskinstance.py:2480} INFO - Exporting env vars: AIRFLOW_CTX_DAG_OWNER='***' AIRFLOW_CTX_DAG_ID='amazon_transform_dag' AIRFLOW_CTX_TASK_ID='wait_for_etl_pipeline' AIRFLOW_CTX_EXECUTION_DATE='2026-01-11T00:00:00+00:00' AIRFLOW_CTX_TRY_NUMBER='1' AIRFLOW_CTX_DAG_RUN_ID='scheduled__2026-01-11T00:00:00+00:00'
[2026-01-12T16:44:22.379+0000] {external_task.py:244} INFO - Poking for tasks ['validation_task'] in dag etl_pipeline_dag on 2026-01-11T00:00:00+00:00 ... 
[2026-01-12T16:45:22.453+0000] {external_task.py:244} INFO - Poking for tasks ['validation_task'] in dag etl_pipeline_dag on 2026-01-11T00:00:00+00:00 ... 
[2026-01-12T16:46:22.469+0000] {external_task.py:244} INFO - Poking for tasks ['validation_task'] in dag etl_pipeline_dag on 2026-01-11T00:00:00+00:00 ... 
[2026-01-12T16:47:22.543+0000] {external_task.py:244} INFO - Poking for tasks ['validation_task'] in dag etl_pipeline_dag on 2026-01-11T00:00:00+00:00 ... 
[2026-01-12T16:48:22.594+0000] {external_task.py:244} INFO - Poking for tasks ['validation_task'] in dag etl_pipeline_dag on 2026-01-11T00:00:00+00:00 ... 
[2026-01-12T16:49:22.678+0000] {external_task.py:244} INFO - Poking for tasks ['validation_task'] in dag etl_pipeline_dag on 2026-01-11T00:00:00+00:00 ... 
[2026-01-12T16:50:22.757+0000] {external_task.py:244} INFO - Poking for tasks ['validation_task'] in dag etl_pipeline_dag on 2026-01-11T00:00:00+00:00 ... 
[2026-01-12T16:51:22.830+0000] {external_task.py:244} INFO - Poking for tasks ['validation_task'] in dag etl_pipeline_dag on 2026-01-11T00:00:00+00:00 ... 
[2026-01-12T16:52:22.893+0000] {external_task.py:244} INFO - Poking for tasks ['validation_task'] in dag etl_pipeline_dag on 2026-01-11T00:00:00+00:00 ... 
[2026-01-12T16:53:22.965+0000] {external_task.py:244} INFO - Poking for tasks ['validation_task'] in dag etl_pipeline_dag on 2026-01-11T00:00:00+00:00 ... 
[2026-01-12T16:54:22.986+0000] {external_task.py:244} INFO - Poking for tasks ['validation_task'] in dag etl_pipeline_dag on 2026-01-11T00:00:00+00:00 ... 
[2026-01-12T16:54:23.012+0000] {taskinstance.py:2698} ERROR - Task failed with exception
Traceback (most recent call last):
  File "/home/airflow/.local/lib/python3.8/site-packages/airflow/models/taskinstance.py", line 433, in _execute_task
    result = execute_callable(context=context, **execute_callable_kwargs)
  File "/home/airflow/.local/lib/python3.8/site-packages/airflow/sensors/external_task.py", line 334, in execute
    super().execute(context)
  File "/home/airflow/.local/lib/python3.8/site-packages/airflow/sensors/base.py", line 282, in execute
    raise AirflowSensorTimeout(message)
airflow.exceptions.AirflowSensorTimeout: Sensor has timed out; run duration of 600.6761433539999 seconds exceeds the specified timeout of 600.0.
[2026-01-12T16:54:23.044+0000] {taskinstance.py:1138} INFO - Immediate failure requested. Marking task as FAILED. dag_id=amazon_transform_dag, task_id=wait_for_etl_pipeline, execution_date=20260111T000000, start_date=20260112T164421, end_date=20260112T165423
[2026-01-12T16:54:23.104+0000] {standard_task_runner.py:107} ERROR - Failed to execute job 77 for task wait_for_etl_pipeline (Sensor has timed out; run duration of 600.6761433539999 seconds exceeds the specified timeout of 600.0.; 200)
[2026-01-12T16:54:23.120+0000] {local_task_job_runner.py:234} INFO - Task exited with return code 1
[2026-01-12T16:54:23.187+0000] {taskinstance.py:3280} INFO - 0 downstream tasks scheduled from follow-on schedule check
