[2025-12-24T15:42:41.978+0000] {taskinstance.py:1956} INFO - Dependencies all met for dep_context=non-requeueable deps ti=<TaskInstance: amazon_transform_dag.wait_for_etl_pipeline manual__2025-12-24T15:42:39.550742+00:00 [queued]>
[2025-12-24T15:42:41.989+0000] {taskinstance.py:1956} INFO - Dependencies all met for dep_context=requeueable deps ti=<TaskInstance: amazon_transform_dag.wait_for_etl_pipeline manual__2025-12-24T15:42:39.550742+00:00 [queued]>
[2025-12-24T15:42:41.990+0000] {taskinstance.py:2170} INFO - Starting attempt 1 of 4
[2025-12-24T15:42:42.015+0000] {taskinstance.py:2191} INFO - Executing <Task(ExternalTaskSensor): wait_for_etl_pipeline> on 2025-12-24 15:42:39.550742+00:00
[2025-12-24T15:42:42.021+0000] {standard_task_runner.py:60} INFO - Started process 2075 to run task
[2025-12-24T15:42:42.025+0000] {standard_task_runner.py:87} INFO - Running: ['***', 'tasks', 'run', 'amazon_transform_dag', 'wait_for_etl_pipeline', 'manual__2025-12-24T15:42:39.550742+00:00', '--job-id', '28', '--raw', '--subdir', 'DAGS_FOLDER/transform_dag.py', '--cfg-path', '/tmp/tmp0nd5ugcu']
[2025-12-24T15:42:42.027+0000] {standard_task_runner.py:88} INFO - Job 28: Subtask wait_for_etl_pipeline
[2025-12-24T15:42:42.053+0000] {logging_mixin.py:188} WARNING - /home/***/.local/lib/python3.8/site-packages/***/settings.py:194 DeprecationWarning: The sql_alchemy_conn option in [core] has been moved to the sql_alchemy_conn option in [database] - the old setting has been used, but please update your config.
[2025-12-24T15:42:42.110+0000] {task_command.py:423} INFO - Running <TaskInstance: amazon_transform_dag.wait_for_etl_pipeline manual__2025-12-24T15:42:39.550742+00:00 [running]> on host 01fa5def2fdb
[2025-12-24T15:42:42.205+0000] {taskinstance.py:2480} INFO - Exporting env vars: AIRFLOW_CTX_DAG_OWNER='***' AIRFLOW_CTX_DAG_ID='amazon_transform_dag' AIRFLOW_CTX_TASK_ID='wait_for_etl_pipeline' AIRFLOW_CTX_EXECUTION_DATE='2025-12-24T15:42:39.550742+00:00' AIRFLOW_CTX_TRY_NUMBER='1' AIRFLOW_CTX_DAG_RUN_ID='manual__2025-12-24T15:42:39.550742+00:00'
[2025-12-24T15:42:42.207+0000] {external_task.py:244} INFO - Poking for tasks ['validation_task'] in dag etl_pipeline_dag on 2025-12-24T15:42:39.550742+00:00 ... 
[2025-12-24T15:43:42.273+0000] {external_task.py:244} INFO - Poking for tasks ['validation_task'] in dag etl_pipeline_dag on 2025-12-24T15:42:39.550742+00:00 ... 
[2025-12-24T15:44:42.333+0000] {external_task.py:244} INFO - Poking for tasks ['validation_task'] in dag etl_pipeline_dag on 2025-12-24T15:42:39.550742+00:00 ... 
[2025-12-24T15:45:42.390+0000] {external_task.py:244} INFO - Poking for tasks ['validation_task'] in dag etl_pipeline_dag on 2025-12-24T15:42:39.550742+00:00 ... 
[2025-12-24T15:46:42.416+0000] {external_task.py:244} INFO - Poking for tasks ['validation_task'] in dag etl_pipeline_dag on 2025-12-24T15:42:39.550742+00:00 ... 
[2025-12-24T15:47:42.475+0000] {external_task.py:244} INFO - Poking for tasks ['validation_task'] in dag etl_pipeline_dag on 2025-12-24T15:42:39.550742+00:00 ... 
[2025-12-24T15:48:42.506+0000] {external_task.py:244} INFO - Poking for tasks ['validation_task'] in dag etl_pipeline_dag on 2025-12-24T15:42:39.550742+00:00 ... 
[2025-12-24T15:49:42.573+0000] {external_task.py:244} INFO - Poking for tasks ['validation_task'] in dag etl_pipeline_dag on 2025-12-24T15:42:39.550742+00:00 ... 
[2025-12-24T15:50:42.641+0000] {external_task.py:244} INFO - Poking for tasks ['validation_task'] in dag etl_pipeline_dag on 2025-12-24T15:42:39.550742+00:00 ... 
[2025-12-24T15:51:42.697+0000] {external_task.py:244} INFO - Poking for tasks ['validation_task'] in dag etl_pipeline_dag on 2025-12-24T15:42:39.550742+00:00 ... 
[2025-12-24T15:52:42.744+0000] {external_task.py:244} INFO - Poking for tasks ['validation_task'] in dag etl_pipeline_dag on 2025-12-24T15:42:39.550742+00:00 ... 
[2025-12-24T15:52:42.761+0000] {taskinstance.py:2698} ERROR - Task failed with exception
Traceback (most recent call last):
  File "/home/airflow/.local/lib/python3.8/site-packages/airflow/models/taskinstance.py", line 433, in _execute_task
    result = execute_callable(context=context, **execute_callable_kwargs)
  File "/home/airflow/.local/lib/python3.8/site-packages/airflow/sensors/external_task.py", line 334, in execute
    super().execute(context)
  File "/home/airflow/.local/lib/python3.8/site-packages/airflow/sensors/base.py", line 282, in execute
    raise AirflowSensorTimeout(message)
airflow.exceptions.AirflowSensorTimeout: Sensor has timed out; run duration of 600.6033845269994 seconds exceeds the specified timeout of 600.0.
[2025-12-24T15:52:42.771+0000] {taskinstance.py:1138} INFO - Immediate failure requested. Marking task as FAILED. dag_id=amazon_transform_dag, task_id=wait_for_etl_pipeline, execution_date=20251224T154239, start_date=20251224T154241, end_date=20251224T155242
[2025-12-24T15:52:42.792+0000] {standard_task_runner.py:107} ERROR - Failed to execute job 28 for task wait_for_etl_pipeline (Sensor has timed out; run duration of 600.6033845269994 seconds exceeds the specified timeout of 600.0.; 2075)
[2025-12-24T15:52:42.833+0000] {local_task_job_runner.py:234} INFO - Task exited with return code 1
[2025-12-24T15:52:42.867+0000] {taskinstance.py:3280} INFO - 0 downstream tasks scheduled from follow-on schedule check
