[2025-12-22T09:50:27.100+0000] {processor.py:161} INFO - Started process (PID=88) to work on /opt/airflow/dags/data/customers_200.xlsx
[2025-12-22T09:50:27.103+0000] {processor.py:830} INFO - Processing file /opt/airflow/dags/data/customers_200.xlsx for tasks to queue
[2025-12-22T09:50:27.104+0000] {logging_mixin.py:188} INFO - [2025-12-22T09:50:27.104+0000] {dagbag.py:538} INFO - Filling up the DagBag from /opt/airflow/dags/data/customers_200.xlsx
[2025-12-22T09:50:27.122+0000] {processor.py:842} WARNING - No viable dags retrieved from /opt/airflow/dags/data/customers_200.xlsx
[2025-12-22T09:50:27.136+0000] {processor.py:183} INFO - Processing /opt/airflow/dags/data/customers_200.xlsx took 0.043 seconds
[2025-12-22T09:50:57.823+0000] {processor.py:161} INFO - Started process (PID=94) to work on /opt/airflow/dags/data/customers_200.xlsx
[2025-12-22T09:50:57.824+0000] {processor.py:830} INFO - Processing file /opt/airflow/dags/data/customers_200.xlsx for tasks to queue
[2025-12-22T09:50:57.826+0000] {logging_mixin.py:188} INFO - [2025-12-22T09:50:57.825+0000] {dagbag.py:538} INFO - Filling up the DagBag from /opt/airflow/dags/data/customers_200.xlsx
[2025-12-22T09:50:57.835+0000] {processor.py:842} WARNING - No viable dags retrieved from /opt/airflow/dags/data/customers_200.xlsx
[2025-12-22T09:50:57.845+0000] {processor.py:183} INFO - Processing /opt/airflow/dags/data/customers_200.xlsx took 0.025 seconds
[2025-12-22T09:51:28.485+0000] {processor.py:161} INFO - Started process (PID=100) to work on /opt/airflow/dags/data/customers_200.xlsx
[2025-12-22T09:51:28.487+0000] {processor.py:830} INFO - Processing file /opt/airflow/dags/data/customers_200.xlsx for tasks to queue
[2025-12-22T09:51:28.489+0000] {logging_mixin.py:188} INFO - [2025-12-22T09:51:28.488+0000] {dagbag.py:538} INFO - Filling up the DagBag from /opt/airflow/dags/data/customers_200.xlsx
[2025-12-22T09:51:28.515+0000] {processor.py:842} WARNING - No viable dags retrieved from /opt/airflow/dags/data/customers_200.xlsx
[2025-12-22T09:51:28.528+0000] {processor.py:183} INFO - Processing /opt/airflow/dags/data/customers_200.xlsx took 0.046 seconds
[2025-12-22T09:51:59.172+0000] {processor.py:161} INFO - Started process (PID=106) to work on /opt/airflow/dags/data/customers_200.xlsx
[2025-12-22T09:51:59.173+0000] {processor.py:830} INFO - Processing file /opt/airflow/dags/data/customers_200.xlsx for tasks to queue
[2025-12-22T09:51:59.174+0000] {logging_mixin.py:188} INFO - [2025-12-22T09:51:59.174+0000] {dagbag.py:538} INFO - Filling up the DagBag from /opt/airflow/dags/data/customers_200.xlsx
[2025-12-22T09:51:59.200+0000] {processor.py:842} WARNING - No viable dags retrieved from /opt/airflow/dags/data/customers_200.xlsx
[2025-12-22T09:51:59.214+0000] {processor.py:183} INFO - Processing /opt/airflow/dags/data/customers_200.xlsx took 0.046 seconds
[2025-12-22T09:52:29.504+0000] {processor.py:161} INFO - Started process (PID=112) to work on /opt/airflow/dags/data/customers_200.xlsx
[2025-12-22T09:52:29.506+0000] {processor.py:830} INFO - Processing file /opt/airflow/dags/data/customers_200.xlsx for tasks to queue
[2025-12-22T09:52:29.507+0000] {logging_mixin.py:188} INFO - [2025-12-22T09:52:29.507+0000] {dagbag.py:538} INFO - Filling up the DagBag from /opt/airflow/dags/data/customers_200.xlsx
[2025-12-22T09:52:29.533+0000] {processor.py:842} WARNING - No viable dags retrieved from /opt/airflow/dags/data/customers_200.xlsx
[2025-12-22T09:52:29.544+0000] {processor.py:183} INFO - Processing /opt/airflow/dags/data/customers_200.xlsx took 0.043 seconds
[2025-12-22T09:53:00.033+0000] {processor.py:161} INFO - Started process (PID=118) to work on /opt/airflow/dags/data/customers_200.xlsx
[2025-12-22T09:53:00.034+0000] {processor.py:830} INFO - Processing file /opt/airflow/dags/data/customers_200.xlsx for tasks to queue
[2025-12-22T09:53:00.036+0000] {logging_mixin.py:188} INFO - [2025-12-22T09:53:00.036+0000] {dagbag.py:538} INFO - Filling up the DagBag from /opt/airflow/dags/data/customers_200.xlsx
[2025-12-22T09:53:00.072+0000] {processor.py:842} WARNING - No viable dags retrieved from /opt/airflow/dags/data/customers_200.xlsx
[2025-12-22T09:53:00.087+0000] {processor.py:183} INFO - Processing /opt/airflow/dags/data/customers_200.xlsx took 0.059 seconds
[2025-12-22T09:53:30.539+0000] {processor.py:161} INFO - Started process (PID=124) to work on /opt/airflow/dags/data/customers_200.xlsx
[2025-12-22T09:53:30.540+0000] {processor.py:830} INFO - Processing file /opt/airflow/dags/data/customers_200.xlsx for tasks to queue
[2025-12-22T09:53:30.542+0000] {logging_mixin.py:188} INFO - [2025-12-22T09:53:30.541+0000] {dagbag.py:538} INFO - Filling up the DagBag from /opt/airflow/dags/data/customers_200.xlsx
[2025-12-22T09:53:30.551+0000] {processor.py:842} WARNING - No viable dags retrieved from /opt/airflow/dags/data/customers_200.xlsx
[2025-12-22T09:53:30.562+0000] {processor.py:183} INFO - Processing /opt/airflow/dags/data/customers_200.xlsx took 0.027 seconds
[2025-12-22T09:54:01.157+0000] {processor.py:161} INFO - Started process (PID=130) to work on /opt/airflow/dags/data/customers_200.xlsx
[2025-12-22T09:54:01.159+0000] {processor.py:830} INFO - Processing file /opt/airflow/dags/data/customers_200.xlsx for tasks to queue
[2025-12-22T09:54:01.160+0000] {logging_mixin.py:188} INFO - [2025-12-22T09:54:01.160+0000] {dagbag.py:538} INFO - Filling up the DagBag from /opt/airflow/dags/data/customers_200.xlsx
[2025-12-22T09:54:01.189+0000] {processor.py:842} WARNING - No viable dags retrieved from /opt/airflow/dags/data/customers_200.xlsx
[2025-12-22T09:54:01.200+0000] {processor.py:183} INFO - Processing /opt/airflow/dags/data/customers_200.xlsx took 0.045 seconds
[2025-12-22T09:54:31.735+0000] {processor.py:161} INFO - Started process (PID=136) to work on /opt/airflow/dags/data/customers_200.xlsx
[2025-12-22T09:54:31.736+0000] {processor.py:830} INFO - Processing file /opt/airflow/dags/data/customers_200.xlsx for tasks to queue
[2025-12-22T09:54:31.738+0000] {logging_mixin.py:188} INFO - [2025-12-22T09:54:31.737+0000] {dagbag.py:538} INFO - Filling up the DagBag from /opt/airflow/dags/data/customers_200.xlsx
[2025-12-22T09:54:31.760+0000] {processor.py:842} WARNING - No viable dags retrieved from /opt/airflow/dags/data/customers_200.xlsx
[2025-12-22T09:54:31.770+0000] {processor.py:183} INFO - Processing /opt/airflow/dags/data/customers_200.xlsx took 0.039 seconds
[2025-12-22T09:55:02.245+0000] {processor.py:161} INFO - Started process (PID=142) to work on /opt/airflow/dags/data/customers_200.xlsx
[2025-12-22T09:55:02.247+0000] {processor.py:830} INFO - Processing file /opt/airflow/dags/data/customers_200.xlsx for tasks to queue
[2025-12-22T09:55:02.248+0000] {logging_mixin.py:188} INFO - [2025-12-22T09:55:02.248+0000] {dagbag.py:538} INFO - Filling up the DagBag from /opt/airflow/dags/data/customers_200.xlsx
[2025-12-22T09:55:02.258+0000] {processor.py:842} WARNING - No viable dags retrieved from /opt/airflow/dags/data/customers_200.xlsx
[2025-12-22T09:55:02.268+0000] {processor.py:183} INFO - Processing /opt/airflow/dags/data/customers_200.xlsx took 0.026 seconds
[2025-12-22T09:55:32.862+0000] {processor.py:161} INFO - Started process (PID=148) to work on /opt/airflow/dags/data/customers_200.xlsx
[2025-12-22T09:55:32.863+0000] {processor.py:830} INFO - Processing file /opt/airflow/dags/data/customers_200.xlsx for tasks to queue
[2025-12-22T09:55:32.864+0000] {logging_mixin.py:188} INFO - [2025-12-22T09:55:32.864+0000] {dagbag.py:538} INFO - Filling up the DagBag from /opt/airflow/dags/data/customers_200.xlsx
[2025-12-22T09:55:32.874+0000] {processor.py:842} WARNING - No viable dags retrieved from /opt/airflow/dags/data/customers_200.xlsx
[2025-12-22T09:55:32.884+0000] {processor.py:183} INFO - Processing /opt/airflow/dags/data/customers_200.xlsx took 0.026 seconds
[2025-12-22T09:56:03.344+0000] {processor.py:161} INFO - Started process (PID=154) to work on /opt/airflow/dags/data/customers_200.xlsx
[2025-12-22T09:56:03.345+0000] {processor.py:830} INFO - Processing file /opt/airflow/dags/data/customers_200.xlsx for tasks to queue
[2025-12-22T09:56:03.347+0000] {logging_mixin.py:188} INFO - [2025-12-22T09:56:03.346+0000] {dagbag.py:538} INFO - Filling up the DagBag from /opt/airflow/dags/data/customers_200.xlsx
[2025-12-22T09:56:03.369+0000] {processor.py:842} WARNING - No viable dags retrieved from /opt/airflow/dags/data/customers_200.xlsx
[2025-12-22T09:56:03.379+0000] {processor.py:183} INFO - Processing /opt/airflow/dags/data/customers_200.xlsx took 0.039 seconds
[2025-12-22T09:56:33.873+0000] {processor.py:161} INFO - Started process (PID=160) to work on /opt/airflow/dags/data/customers_200.xlsx
[2025-12-22T09:56:33.875+0000] {processor.py:830} INFO - Processing file /opt/airflow/dags/data/customers_200.xlsx for tasks to queue
[2025-12-22T09:56:33.876+0000] {logging_mixin.py:188} INFO - [2025-12-22T09:56:33.876+0000] {dagbag.py:538} INFO - Filling up the DagBag from /opt/airflow/dags/data/customers_200.xlsx
[2025-12-22T09:56:33.899+0000] {processor.py:842} WARNING - No viable dags retrieved from /opt/airflow/dags/data/customers_200.xlsx
[2025-12-22T09:56:33.909+0000] {processor.py:183} INFO - Processing /opt/airflow/dags/data/customers_200.xlsx took 0.039 seconds
[2025-12-22T09:57:04.445+0000] {processor.py:161} INFO - Started process (PID=166) to work on /opt/airflow/dags/data/customers_200.xlsx
[2025-12-22T09:57:04.447+0000] {processor.py:830} INFO - Processing file /opt/airflow/dags/data/customers_200.xlsx for tasks to queue
[2025-12-22T09:57:04.449+0000] {logging_mixin.py:188} INFO - [2025-12-22T09:57:04.448+0000] {dagbag.py:538} INFO - Filling up the DagBag from /opt/airflow/dags/data/customers_200.xlsx
[2025-12-22T09:57:04.468+0000] {processor.py:842} WARNING - No viable dags retrieved from /opt/airflow/dags/data/customers_200.xlsx
[2025-12-22T09:57:04.481+0000] {processor.py:183} INFO - Processing /opt/airflow/dags/data/customers_200.xlsx took 0.039 seconds
[2025-12-22T09:57:34.876+0000] {processor.py:161} INFO - Started process (PID=172) to work on /opt/airflow/dags/data/customers_200.xlsx
[2025-12-22T09:57:34.877+0000] {processor.py:830} INFO - Processing file /opt/airflow/dags/data/customers_200.xlsx for tasks to queue
[2025-12-22T09:57:34.879+0000] {logging_mixin.py:188} INFO - [2025-12-22T09:57:34.878+0000] {dagbag.py:538} INFO - Filling up the DagBag from /opt/airflow/dags/data/customers_200.xlsx
[2025-12-22T09:57:34.888+0000] {processor.py:842} WARNING - No viable dags retrieved from /opt/airflow/dags/data/customers_200.xlsx
[2025-12-22T09:57:34.898+0000] {processor.py:183} INFO - Processing /opt/airflow/dags/data/customers_200.xlsx took 0.025 seconds
[2025-12-22T09:58:06.133+0000] {processor.py:161} INFO - Started process (PID=178) to work on /opt/airflow/dags/data/customers_200.xlsx
[2025-12-22T09:58:06.134+0000] {processor.py:830} INFO - Processing file /opt/airflow/dags/data/customers_200.xlsx for tasks to queue
[2025-12-22T09:58:06.136+0000] {logging_mixin.py:188} INFO - [2025-12-22T09:58:06.135+0000] {dagbag.py:538} INFO - Filling up the DagBag from /opt/airflow/dags/data/customers_200.xlsx
[2025-12-22T09:58:06.159+0000] {processor.py:842} WARNING - No viable dags retrieved from /opt/airflow/dags/data/customers_200.xlsx
[2025-12-22T09:58:06.169+0000] {processor.py:183} INFO - Processing /opt/airflow/dags/data/customers_200.xlsx took 0.039 seconds
[2025-12-22T09:58:36.408+0000] {processor.py:161} INFO - Started process (PID=184) to work on /opt/airflow/dags/data/customers_200.xlsx
[2025-12-22T09:58:36.410+0000] {processor.py:830} INFO - Processing file /opt/airflow/dags/data/customers_200.xlsx for tasks to queue
[2025-12-22T09:58:36.411+0000] {logging_mixin.py:188} INFO - [2025-12-22T09:58:36.411+0000] {dagbag.py:538} INFO - Filling up the DagBag from /opt/airflow/dags/data/customers_200.xlsx
[2025-12-22T09:58:36.423+0000] {processor.py:842} WARNING - No viable dags retrieved from /opt/airflow/dags/data/customers_200.xlsx
[2025-12-22T09:58:36.433+0000] {processor.py:183} INFO - Processing /opt/airflow/dags/data/customers_200.xlsx took 0.028 seconds
[2025-12-22T09:59:06.677+0000] {processor.py:161} INFO - Started process (PID=190) to work on /opt/airflow/dags/data/customers_200.xlsx
[2025-12-22T09:59:06.679+0000] {processor.py:830} INFO - Processing file /opt/airflow/dags/data/customers_200.xlsx for tasks to queue
[2025-12-22T09:59:06.681+0000] {logging_mixin.py:188} INFO - [2025-12-22T09:59:06.680+0000] {dagbag.py:538} INFO - Filling up the DagBag from /opt/airflow/dags/data/customers_200.xlsx
[2025-12-22T09:59:06.699+0000] {processor.py:842} WARNING - No viable dags retrieved from /opt/airflow/dags/data/customers_200.xlsx
[2025-12-22T09:59:06.709+0000] {processor.py:183} INFO - Processing /opt/airflow/dags/data/customers_200.xlsx took 0.035 seconds
[2025-12-22T09:59:36.898+0000] {processor.py:161} INFO - Started process (PID=196) to work on /opt/airflow/dags/data/customers_200.xlsx
[2025-12-22T09:59:36.899+0000] {processor.py:830} INFO - Processing file /opt/airflow/dags/data/customers_200.xlsx for tasks to queue
[2025-12-22T09:59:36.900+0000] {logging_mixin.py:188} INFO - [2025-12-22T09:59:36.900+0000] {dagbag.py:538} INFO - Filling up the DagBag from /opt/airflow/dags/data/customers_200.xlsx
[2025-12-22T09:59:36.910+0000] {processor.py:842} WARNING - No viable dags retrieved from /opt/airflow/dags/data/customers_200.xlsx
[2025-12-22T09:59:36.920+0000] {processor.py:183} INFO - Processing /opt/airflow/dags/data/customers_200.xlsx took 0.026 seconds
[2025-12-22T10:00:08.542+0000] {processor.py:161} INFO - Started process (PID=202) to work on /opt/airflow/dags/data/customers_200.xlsx
[2025-12-22T10:00:08.543+0000] {processor.py:830} INFO - Processing file /opt/airflow/dags/data/customers_200.xlsx for tasks to queue
[2025-12-22T10:00:08.545+0000] {logging_mixin.py:188} INFO - [2025-12-22T10:00:08.545+0000] {dagbag.py:538} INFO - Filling up the DagBag from /opt/airflow/dags/data/customers_200.xlsx
[2025-12-22T10:00:08.577+0000] {processor.py:842} WARNING - No viable dags retrieved from /opt/airflow/dags/data/customers_200.xlsx
[2025-12-22T10:00:08.592+0000] {processor.py:183} INFO - Processing /opt/airflow/dags/data/customers_200.xlsx took 0.054 seconds
[2025-12-22T10:00:38.964+0000] {processor.py:161} INFO - Started process (PID=208) to work on /opt/airflow/dags/data/customers_200.xlsx
[2025-12-22T10:00:38.966+0000] {processor.py:830} INFO - Processing file /opt/airflow/dags/data/customers_200.xlsx for tasks to queue
[2025-12-22T10:00:38.967+0000] {logging_mixin.py:188} INFO - [2025-12-22T10:00:38.967+0000] {dagbag.py:538} INFO - Filling up the DagBag from /opt/airflow/dags/data/customers_200.xlsx
[2025-12-22T10:00:38.982+0000] {processor.py:842} WARNING - No viable dags retrieved from /opt/airflow/dags/data/customers_200.xlsx
[2025-12-22T10:00:38.993+0000] {processor.py:183} INFO - Processing /opt/airflow/dags/data/customers_200.xlsx took 0.032 seconds
[2025-12-22T10:01:09.611+0000] {processor.py:161} INFO - Started process (PID=214) to work on /opt/airflow/dags/data/customers_200.xlsx
[2025-12-22T10:01:09.613+0000] {processor.py:830} INFO - Processing file /opt/airflow/dags/data/customers_200.xlsx for tasks to queue
[2025-12-22T10:01:09.614+0000] {logging_mixin.py:188} INFO - [2025-12-22T10:01:09.614+0000] {dagbag.py:538} INFO - Filling up the DagBag from /opt/airflow/dags/data/customers_200.xlsx
[2025-12-22T10:01:09.644+0000] {processor.py:842} WARNING - No viable dags retrieved from /opt/airflow/dags/data/customers_200.xlsx
[2025-12-22T10:01:09.655+0000] {processor.py:183} INFO - Processing /opt/airflow/dags/data/customers_200.xlsx took 0.048 seconds
[2025-12-22T10:01:40.058+0000] {processor.py:161} INFO - Started process (PID=220) to work on /opt/airflow/dags/data/customers_200.xlsx
[2025-12-22T10:01:40.060+0000] {processor.py:830} INFO - Processing file /opt/airflow/dags/data/customers_200.xlsx for tasks to queue
[2025-12-22T10:01:40.061+0000] {logging_mixin.py:188} INFO - [2025-12-22T10:01:40.061+0000] {dagbag.py:538} INFO - Filling up the DagBag from /opt/airflow/dags/data/customers_200.xlsx
[2025-12-22T10:01:40.083+0000] {processor.py:842} WARNING - No viable dags retrieved from /opt/airflow/dags/data/customers_200.xlsx
[2025-12-22T10:01:40.093+0000] {processor.py:183} INFO - Processing /opt/airflow/dags/data/customers_200.xlsx took 0.038 seconds
[2025-12-22T10:02:11.242+0000] {processor.py:161} INFO - Started process (PID=226) to work on /opt/airflow/dags/data/customers_200.xlsx
[2025-12-22T10:02:11.245+0000] {processor.py:830} INFO - Processing file /opt/airflow/dags/data/customers_200.xlsx for tasks to queue
[2025-12-22T10:02:11.247+0000] {logging_mixin.py:188} INFO - [2025-12-22T10:02:11.247+0000] {dagbag.py:538} INFO - Filling up the DagBag from /opt/airflow/dags/data/customers_200.xlsx
[2025-12-22T10:02:11.265+0000] {processor.py:842} WARNING - No viable dags retrieved from /opt/airflow/dags/data/customers_200.xlsx
[2025-12-22T10:02:11.278+0000] {processor.py:183} INFO - Processing /opt/airflow/dags/data/customers_200.xlsx took 0.040 seconds
[2025-12-22T10:02:41.443+0000] {processor.py:161} INFO - Started process (PID=232) to work on /opt/airflow/dags/data/customers_200.xlsx
[2025-12-22T10:02:41.445+0000] {processor.py:830} INFO - Processing file /opt/airflow/dags/data/customers_200.xlsx for tasks to queue
[2025-12-22T10:02:41.446+0000] {logging_mixin.py:188} INFO - [2025-12-22T10:02:41.446+0000] {dagbag.py:538} INFO - Filling up the DagBag from /opt/airflow/dags/data/customers_200.xlsx
[2025-12-22T10:02:41.456+0000] {processor.py:842} WARNING - No viable dags retrieved from /opt/airflow/dags/data/customers_200.xlsx
[2025-12-22T10:02:41.465+0000] {processor.py:183} INFO - Processing /opt/airflow/dags/data/customers_200.xlsx took 0.025 seconds
[2025-12-22T10:03:11.676+0000] {processor.py:161} INFO - Started process (PID=238) to work on /opt/airflow/dags/data/customers_200.xlsx
[2025-12-22T10:03:11.678+0000] {processor.py:830} INFO - Processing file /opt/airflow/dags/data/customers_200.xlsx for tasks to queue
[2025-12-22T10:03:11.679+0000] {logging_mixin.py:188} INFO - [2025-12-22T10:03:11.679+0000] {dagbag.py:538} INFO - Filling up the DagBag from /opt/airflow/dags/data/customers_200.xlsx
[2025-12-22T10:03:11.710+0000] {processor.py:842} WARNING - No viable dags retrieved from /opt/airflow/dags/data/customers_200.xlsx
[2025-12-22T10:03:11.722+0000] {processor.py:183} INFO - Processing /opt/airflow/dags/data/customers_200.xlsx took 0.050 seconds
[2025-12-22T10:03:43.141+0000] {processor.py:161} INFO - Started process (PID=244) to work on /opt/airflow/dags/data/customers_200.xlsx
[2025-12-22T10:03:43.143+0000] {processor.py:830} INFO - Processing file /opt/airflow/dags/data/customers_200.xlsx for tasks to queue
[2025-12-22T10:03:43.144+0000] {logging_mixin.py:188} INFO - [2025-12-22T10:03:43.144+0000] {dagbag.py:538} INFO - Filling up the DagBag from /opt/airflow/dags/data/customers_200.xlsx
[2025-12-22T10:03:43.167+0000] {processor.py:842} WARNING - No viable dags retrieved from /opt/airflow/dags/data/customers_200.xlsx
[2025-12-22T10:03:43.177+0000] {processor.py:183} INFO - Processing /opt/airflow/dags/data/customers_200.xlsx took 0.039 seconds
[2025-12-22T10:04:13.671+0000] {processor.py:161} INFO - Started process (PID=250) to work on /opt/airflow/dags/data/customers_200.xlsx
[2025-12-22T10:04:13.673+0000] {processor.py:830} INFO - Processing file /opt/airflow/dags/data/customers_200.xlsx for tasks to queue
[2025-12-22T10:04:13.674+0000] {logging_mixin.py:188} INFO - [2025-12-22T10:04:13.674+0000] {dagbag.py:538} INFO - Filling up the DagBag from /opt/airflow/dags/data/customers_200.xlsx
[2025-12-22T10:04:13.699+0000] {processor.py:842} WARNING - No viable dags retrieved from /opt/airflow/dags/data/customers_200.xlsx
[2025-12-22T10:04:13.711+0000] {processor.py:183} INFO - Processing /opt/airflow/dags/data/customers_200.xlsx took 0.043 seconds
[2025-12-22T10:04:44.148+0000] {processor.py:161} INFO - Started process (PID=256) to work on /opt/airflow/dags/data/customers_200.xlsx
[2025-12-22T10:04:44.149+0000] {processor.py:830} INFO - Processing file /opt/airflow/dags/data/customers_200.xlsx for tasks to queue
[2025-12-22T10:04:44.150+0000] {logging_mixin.py:188} INFO - [2025-12-22T10:04:44.150+0000] {dagbag.py:538} INFO - Filling up the DagBag from /opt/airflow/dags/data/customers_200.xlsx
[2025-12-22T10:04:44.160+0000] {processor.py:842} WARNING - No viable dags retrieved from /opt/airflow/dags/data/customers_200.xlsx
[2025-12-22T10:04:44.170+0000] {processor.py:183} INFO - Processing /opt/airflow/dags/data/customers_200.xlsx took 0.025 seconds
[2025-12-22T10:05:14.582+0000] {processor.py:161} INFO - Started process (PID=262) to work on /opt/airflow/dags/data/customers_200.xlsx
[2025-12-22T10:05:14.584+0000] {processor.py:830} INFO - Processing file /opt/airflow/dags/data/customers_200.xlsx for tasks to queue
[2025-12-22T10:05:14.585+0000] {logging_mixin.py:188} INFO - [2025-12-22T10:05:14.585+0000] {dagbag.py:538} INFO - Filling up the DagBag from /opt/airflow/dags/data/customers_200.xlsx
[2025-12-22T10:05:14.595+0000] {processor.py:842} WARNING - No viable dags retrieved from /opt/airflow/dags/data/customers_200.xlsx
[2025-12-22T10:05:14.605+0000] {processor.py:183} INFO - Processing /opt/airflow/dags/data/customers_200.xlsx took 0.025 seconds
[2025-12-22T10:05:45.117+0000] {processor.py:161} INFO - Started process (PID=268) to work on /opt/airflow/dags/data/customers_200.xlsx
[2025-12-22T10:05:45.119+0000] {processor.py:830} INFO - Processing file /opt/airflow/dags/data/customers_200.xlsx for tasks to queue
[2025-12-22T10:05:45.120+0000] {logging_mixin.py:188} INFO - [2025-12-22T10:05:45.120+0000] {dagbag.py:538} INFO - Filling up the DagBag from /opt/airflow/dags/data/customers_200.xlsx
[2025-12-22T10:05:45.140+0000] {processor.py:842} WARNING - No viable dags retrieved from /opt/airflow/dags/data/customers_200.xlsx
[2025-12-22T10:05:45.154+0000] {processor.py:183} INFO - Processing /opt/airflow/dags/data/customers_200.xlsx took 0.041 seconds
[2025-12-22T10:06:15.665+0000] {processor.py:161} INFO - Started process (PID=281) to work on /opt/airflow/dags/data/customers_200.xlsx
[2025-12-22T10:06:15.667+0000] {processor.py:830} INFO - Processing file /opt/airflow/dags/data/customers_200.xlsx for tasks to queue
[2025-12-22T10:06:15.668+0000] {logging_mixin.py:188} INFO - [2025-12-22T10:06:15.668+0000] {dagbag.py:538} INFO - Filling up the DagBag from /opt/airflow/dags/data/customers_200.xlsx
[2025-12-22T10:06:15.689+0000] {processor.py:842} WARNING - No viable dags retrieved from /opt/airflow/dags/data/customers_200.xlsx
[2025-12-22T10:06:15.700+0000] {processor.py:183} INFO - Processing /opt/airflow/dags/data/customers_200.xlsx took 0.038 seconds
[2025-12-22T10:06:46.039+0000] {processor.py:161} INFO - Started process (PID=287) to work on /opt/airflow/dags/data/customers_200.xlsx
[2025-12-22T10:06:46.041+0000] {processor.py:830} INFO - Processing file /opt/airflow/dags/data/customers_200.xlsx for tasks to queue
[2025-12-22T10:06:46.043+0000] {logging_mixin.py:188} INFO - [2025-12-22T10:06:46.042+0000] {dagbag.py:538} INFO - Filling up the DagBag from /opt/airflow/dags/data/customers_200.xlsx
[2025-12-22T10:06:46.058+0000] {processor.py:842} WARNING - No viable dags retrieved from /opt/airflow/dags/data/customers_200.xlsx
[2025-12-22T10:06:46.072+0000] {processor.py:183} INFO - Processing /opt/airflow/dags/data/customers_200.xlsx took 0.037 seconds
[2025-12-22T10:07:16.449+0000] {processor.py:161} INFO - Started process (PID=307) to work on /opt/airflow/dags/data/customers_200.xlsx
[2025-12-22T10:07:16.451+0000] {processor.py:830} INFO - Processing file /opt/airflow/dags/data/customers_200.xlsx for tasks to queue
[2025-12-22T10:07:16.453+0000] {logging_mixin.py:188} INFO - [2025-12-22T10:07:16.452+0000] {dagbag.py:538} INFO - Filling up the DagBag from /opt/airflow/dags/data/customers_200.xlsx
[2025-12-22T10:07:16.479+0000] {processor.py:842} WARNING - No viable dags retrieved from /opt/airflow/dags/data/customers_200.xlsx
[2025-12-22T10:07:16.491+0000] {processor.py:183} INFO - Processing /opt/airflow/dags/data/customers_200.xlsx took 0.045 seconds
[2025-12-22T10:07:46.926+0000] {processor.py:161} INFO - Started process (PID=313) to work on /opt/airflow/dags/data/customers_200.xlsx
[2025-12-22T10:07:46.928+0000] {processor.py:830} INFO - Processing file /opt/airflow/dags/data/customers_200.xlsx for tasks to queue
[2025-12-22T10:07:46.930+0000] {logging_mixin.py:188} INFO - [2025-12-22T10:07:46.929+0000] {dagbag.py:538} INFO - Filling up the DagBag from /opt/airflow/dags/data/customers_200.xlsx
[2025-12-22T10:07:46.957+0000] {processor.py:842} WARNING - No viable dags retrieved from /opt/airflow/dags/data/customers_200.xlsx
[2025-12-22T10:07:46.982+0000] {processor.py:183} INFO - Processing /opt/airflow/dags/data/customers_200.xlsx took 0.061 seconds
[2025-12-22T10:08:17.415+0000] {processor.py:161} INFO - Started process (PID=333) to work on /opt/airflow/dags/data/customers_200.xlsx
[2025-12-22T10:08:17.416+0000] {processor.py:830} INFO - Processing file /opt/airflow/dags/data/customers_200.xlsx for tasks to queue
[2025-12-22T10:08:17.418+0000] {logging_mixin.py:188} INFO - [2025-12-22T10:08:17.417+0000] {dagbag.py:538} INFO - Filling up the DagBag from /opt/airflow/dags/data/customers_200.xlsx
[2025-12-22T10:08:17.443+0000] {processor.py:842} WARNING - No viable dags retrieved from /opt/airflow/dags/data/customers_200.xlsx
[2025-12-22T10:08:17.453+0000] {processor.py:183} INFO - Processing /opt/airflow/dags/data/customers_200.xlsx took 0.042 seconds
[2025-12-22T10:08:48.052+0000] {processor.py:161} INFO - Started process (PID=339) to work on /opt/airflow/dags/data/customers_200.xlsx
[2025-12-22T10:08:48.053+0000] {processor.py:830} INFO - Processing file /opt/airflow/dags/data/customers_200.xlsx for tasks to queue
[2025-12-22T10:08:48.054+0000] {logging_mixin.py:188} INFO - [2025-12-22T10:08:48.054+0000] {dagbag.py:538} INFO - Filling up the DagBag from /opt/airflow/dags/data/customers_200.xlsx
[2025-12-22T10:08:48.066+0000] {processor.py:842} WARNING - No viable dags retrieved from /opt/airflow/dags/data/customers_200.xlsx
[2025-12-22T10:08:48.079+0000] {processor.py:183} INFO - Processing /opt/airflow/dags/data/customers_200.xlsx took 0.030 seconds
[2025-12-22T10:09:18.719+0000] {processor.py:161} INFO - Started process (PID=345) to work on /opt/airflow/dags/data/customers_200.xlsx
[2025-12-22T10:09:18.720+0000] {processor.py:830} INFO - Processing file /opt/airflow/dags/data/customers_200.xlsx for tasks to queue
[2025-12-22T10:09:18.722+0000] {logging_mixin.py:188} INFO - [2025-12-22T10:09:18.721+0000] {dagbag.py:538} INFO - Filling up the DagBag from /opt/airflow/dags/data/customers_200.xlsx
[2025-12-22T10:09:18.733+0000] {processor.py:842} WARNING - No viable dags retrieved from /opt/airflow/dags/data/customers_200.xlsx
[2025-12-22T10:09:18.750+0000] {processor.py:183} INFO - Processing /opt/airflow/dags/data/customers_200.xlsx took 0.034 seconds
[2025-12-22T10:09:49.570+0000] {processor.py:161} INFO - Started process (PID=351) to work on /opt/airflow/dags/data/customers_200.xlsx
[2025-12-22T10:09:49.571+0000] {processor.py:830} INFO - Processing file /opt/airflow/dags/data/customers_200.xlsx for tasks to queue
[2025-12-22T10:09:49.572+0000] {logging_mixin.py:188} INFO - [2025-12-22T10:09:49.572+0000] {dagbag.py:538} INFO - Filling up the DagBag from /opt/airflow/dags/data/customers_200.xlsx
[2025-12-22T10:09:49.591+0000] {processor.py:842} WARNING - No viable dags retrieved from /opt/airflow/dags/data/customers_200.xlsx
[2025-12-22T10:09:49.611+0000] {processor.py:183} INFO - Processing /opt/airflow/dags/data/customers_200.xlsx took 0.045 seconds
[2025-12-22T10:10:20.395+0000] {processor.py:161} INFO - Started process (PID=357) to work on /opt/airflow/dags/data/customers_200.xlsx
[2025-12-22T10:10:20.397+0000] {processor.py:830} INFO - Processing file /opt/airflow/dags/data/customers_200.xlsx for tasks to queue
[2025-12-22T10:10:20.399+0000] {logging_mixin.py:188} INFO - [2025-12-22T10:10:20.399+0000] {dagbag.py:538} INFO - Filling up the DagBag from /opt/airflow/dags/data/customers_200.xlsx
[2025-12-22T10:10:20.418+0000] {processor.py:842} WARNING - No viable dags retrieved from /opt/airflow/dags/data/customers_200.xlsx
[2025-12-22T10:10:20.429+0000] {processor.py:183} INFO - Processing /opt/airflow/dags/data/customers_200.xlsx took 0.037 seconds
[2025-12-22T10:10:51.101+0000] {processor.py:161} INFO - Started process (PID=363) to work on /opt/airflow/dags/data/customers_200.xlsx
[2025-12-22T10:10:51.102+0000] {processor.py:830} INFO - Processing file /opt/airflow/dags/data/customers_200.xlsx for tasks to queue
[2025-12-22T10:10:51.104+0000] {logging_mixin.py:188} INFO - [2025-12-22T10:10:51.103+0000] {dagbag.py:538} INFO - Filling up the DagBag from /opt/airflow/dags/data/customers_200.xlsx
[2025-12-22T10:10:51.123+0000] {processor.py:842} WARNING - No viable dags retrieved from /opt/airflow/dags/data/customers_200.xlsx
[2025-12-22T10:10:51.137+0000] {processor.py:183} INFO - Processing /opt/airflow/dags/data/customers_200.xlsx took 0.041 seconds
[2025-12-22T10:11:50.807+0000] {processor.py:161} INFO - Started process (PID=85) to work on /opt/airflow/dags/data/customers_200.xlsx
[2025-12-22T10:11:50.808+0000] {processor.py:830} INFO - Processing file /opt/airflow/dags/data/customers_200.xlsx for tasks to queue
[2025-12-22T10:11:50.809+0000] {logging_mixin.py:188} INFO - [2025-12-22T10:11:50.809+0000] {dagbag.py:538} INFO - Filling up the DagBag from /opt/airflow/dags/data/customers_200.xlsx
[2025-12-22T10:11:50.818+0000] {processor.py:842} WARNING - No viable dags retrieved from /opt/airflow/dags/data/customers_200.xlsx
[2025-12-22T10:11:50.830+0000] {processor.py:183} INFO - Processing /opt/airflow/dags/data/customers_200.xlsx took 0.027 seconds
[2025-12-22T10:12:21.331+0000] {processor.py:161} INFO - Started process (PID=96) to work on /opt/airflow/dags/data/customers_200.xlsx
[2025-12-22T10:12:21.333+0000] {processor.py:830} INFO - Processing file /opt/airflow/dags/data/customers_200.xlsx for tasks to queue
[2025-12-22T10:12:21.337+0000] {logging_mixin.py:188} INFO - [2025-12-22T10:12:21.337+0000] {dagbag.py:538} INFO - Filling up the DagBag from /opt/airflow/dags/data/customers_200.xlsx
[2025-12-22T10:12:21.373+0000] {processor.py:842} WARNING - No viable dags retrieved from /opt/airflow/dags/data/customers_200.xlsx
[2025-12-22T10:12:21.395+0000] {processor.py:183} INFO - Processing /opt/airflow/dags/data/customers_200.xlsx took 0.068 seconds
[2025-12-22T10:12:51.745+0000] {processor.py:161} INFO - Started process (PID=102) to work on /opt/airflow/dags/data/customers_200.xlsx
[2025-12-22T10:12:51.747+0000] {processor.py:830} INFO - Processing file /opt/airflow/dags/data/customers_200.xlsx for tasks to queue
[2025-12-22T10:12:51.749+0000] {logging_mixin.py:188} INFO - [2025-12-22T10:12:51.748+0000] {dagbag.py:538} INFO - Filling up the DagBag from /opt/airflow/dags/data/customers_200.xlsx
[2025-12-22T10:12:51.777+0000] {processor.py:842} WARNING - No viable dags retrieved from /opt/airflow/dags/data/customers_200.xlsx
[2025-12-22T10:12:51.791+0000] {processor.py:183} INFO - Processing /opt/airflow/dags/data/customers_200.xlsx took 0.050 seconds
[2025-12-22T10:13:22.619+0000] {processor.py:161} INFO - Started process (PID=109) to work on /opt/airflow/dags/data/customers_200.xlsx
[2025-12-22T10:13:22.622+0000] {processor.py:830} INFO - Processing file /opt/airflow/dags/data/customers_200.xlsx for tasks to queue
[2025-12-22T10:13:22.623+0000] {logging_mixin.py:188} INFO - [2025-12-22T10:13:22.623+0000] {dagbag.py:538} INFO - Filling up the DagBag from /opt/airflow/dags/data/customers_200.xlsx
[2025-12-22T10:13:22.646+0000] {processor.py:842} WARNING - No viable dags retrieved from /opt/airflow/dags/data/customers_200.xlsx
[2025-12-22T10:13:22.667+0000] {processor.py:183} INFO - Processing /opt/airflow/dags/data/customers_200.xlsx took 0.052 seconds
[2025-12-22T10:13:53.277+0000] {processor.py:161} INFO - Started process (PID=115) to work on /opt/airflow/dags/data/customers_200.xlsx
[2025-12-22T10:13:53.279+0000] {processor.py:830} INFO - Processing file /opt/airflow/dags/data/customers_200.xlsx for tasks to queue
[2025-12-22T10:13:53.281+0000] {logging_mixin.py:188} INFO - [2025-12-22T10:13:53.280+0000] {dagbag.py:538} INFO - Filling up the DagBag from /opt/airflow/dags/data/customers_200.xlsx
[2025-12-22T10:13:53.314+0000] {processor.py:842} WARNING - No viable dags retrieved from /opt/airflow/dags/data/customers_200.xlsx
[2025-12-22T10:13:53.327+0000] {processor.py:183} INFO - Processing /opt/airflow/dags/data/customers_200.xlsx took 0.053 seconds
[2025-12-22T10:14:24.047+0000] {processor.py:161} INFO - Started process (PID=121) to work on /opt/airflow/dags/data/customers_200.xlsx
[2025-12-22T10:14:24.049+0000] {processor.py:830} INFO - Processing file /opt/airflow/dags/data/customers_200.xlsx for tasks to queue
[2025-12-22T10:14:24.051+0000] {logging_mixin.py:188} INFO - [2025-12-22T10:14:24.051+0000] {dagbag.py:538} INFO - Filling up the DagBag from /opt/airflow/dags/data/customers_200.xlsx
[2025-12-22T10:14:24.084+0000] {processor.py:842} WARNING - No viable dags retrieved from /opt/airflow/dags/data/customers_200.xlsx
[2025-12-22T10:14:24.097+0000] {processor.py:183} INFO - Processing /opt/airflow/dags/data/customers_200.xlsx took 0.052 seconds
[2025-12-22T11:13:35.547+0000] {processor.py:161} INFO - Started process (PID=135) to work on /opt/airflow/dags/data/customers_200.xlsx
[2025-12-22T11:13:35.548+0000] {processor.py:830} INFO - Processing file /opt/airflow/dags/data/customers_200.xlsx for tasks to queue
[2025-12-22T11:13:35.550+0000] {logging_mixin.py:188} INFO - [2025-12-22T11:13:35.549+0000] {dagbag.py:538} INFO - Filling up the DagBag from /opt/airflow/dags/data/customers_200.xlsx
[2025-12-22T11:13:35.560+0000] {processor.py:842} WARNING - No viable dags retrieved from /opt/airflow/dags/data/customers_200.xlsx
[2025-12-22T11:13:35.568+0000] {processor.py:183} INFO - Processing /opt/airflow/dags/data/customers_200.xlsx took 0.024 seconds
[2025-12-22T14:07:16.318+0000] {processor.py:161} INFO - Started process (PID=153) to work on /opt/airflow/dags/data/customers_200.xlsx
[2025-12-22T14:07:16.320+0000] {processor.py:830} INFO - Processing file /opt/airflow/dags/data/customers_200.xlsx for tasks to queue
[2025-12-22T14:07:16.321+0000] {logging_mixin.py:188} INFO - [2025-12-22T14:07:16.321+0000] {dagbag.py:538} INFO - Filling up the DagBag from /opt/airflow/dags/data/customers_200.xlsx
[2025-12-22T14:07:16.342+0000] {processor.py:842} WARNING - No viable dags retrieved from /opt/airflow/dags/data/customers_200.xlsx
[2025-12-22T14:07:16.354+0000] {processor.py:183} INFO - Processing /opt/airflow/dags/data/customers_200.xlsx took 0.040 seconds
[2025-12-22T14:07:46.927+0000] {processor.py:161} INFO - Started process (PID=159) to work on /opt/airflow/dags/data/customers_200.xlsx
[2025-12-22T14:07:46.928+0000] {processor.py:830} INFO - Processing file /opt/airflow/dags/data/customers_200.xlsx for tasks to queue
[2025-12-22T14:07:46.929+0000] {logging_mixin.py:188} INFO - [2025-12-22T14:07:46.928+0000] {dagbag.py:538} INFO - Filling up the DagBag from /opt/airflow/dags/data/customers_200.xlsx
[2025-12-22T14:07:46.946+0000] {processor.py:842} WARNING - No viable dags retrieved from /opt/airflow/dags/data/customers_200.xlsx
[2025-12-22T14:07:46.955+0000] {processor.py:183} INFO - Processing /opt/airflow/dags/data/customers_200.xlsx took 0.030 seconds
[2025-12-22T14:08:17.484+0000] {processor.py:161} INFO - Started process (PID=165) to work on /opt/airflow/dags/data/customers_200.xlsx
[2025-12-22T14:08:17.485+0000] {processor.py:830} INFO - Processing file /opt/airflow/dags/data/customers_200.xlsx for tasks to queue
[2025-12-22T14:08:17.486+0000] {logging_mixin.py:188} INFO - [2025-12-22T14:08:17.486+0000] {dagbag.py:538} INFO - Filling up the DagBag from /opt/airflow/dags/data/customers_200.xlsx
[2025-12-22T14:08:17.492+0000] {processor.py:842} WARNING - No viable dags retrieved from /opt/airflow/dags/data/customers_200.xlsx
[2025-12-22T14:08:17.502+0000] {processor.py:183} INFO - Processing /opt/airflow/dags/data/customers_200.xlsx took 0.021 seconds
[2025-12-22T14:08:48.224+0000] {processor.py:161} INFO - Started process (PID=171) to work on /opt/airflow/dags/data/customers_200.xlsx
[2025-12-22T14:08:48.226+0000] {processor.py:830} INFO - Processing file /opt/airflow/dags/data/customers_200.xlsx for tasks to queue
[2025-12-22T14:08:48.228+0000] {logging_mixin.py:188} INFO - [2025-12-22T14:08:48.227+0000] {dagbag.py:538} INFO - Filling up the DagBag from /opt/airflow/dags/data/customers_200.xlsx
[2025-12-22T14:08:48.258+0000] {processor.py:842} WARNING - No viable dags retrieved from /opt/airflow/dags/data/customers_200.xlsx
[2025-12-22T14:08:48.270+0000] {processor.py:183} INFO - Processing /opt/airflow/dags/data/customers_200.xlsx took 0.049 seconds
[2025-12-22T14:09:18.957+0000] {processor.py:161} INFO - Started process (PID=177) to work on /opt/airflow/dags/data/customers_200.xlsx
[2025-12-22T14:09:18.959+0000] {processor.py:830} INFO - Processing file /opt/airflow/dags/data/customers_200.xlsx for tasks to queue
[2025-12-22T14:09:18.961+0000] {logging_mixin.py:188} INFO - [2025-12-22T14:09:18.960+0000] {dagbag.py:538} INFO - Filling up the DagBag from /opt/airflow/dags/data/customers_200.xlsx
[2025-12-22T14:09:18.982+0000] {processor.py:842} WARNING - No viable dags retrieved from /opt/airflow/dags/data/customers_200.xlsx
[2025-12-22T14:09:18.992+0000] {processor.py:183} INFO - Processing /opt/airflow/dags/data/customers_200.xlsx took 0.039 seconds
[2025-12-22T14:09:49.527+0000] {processor.py:161} INFO - Started process (PID=183) to work on /opt/airflow/dags/data/customers_200.xlsx
[2025-12-22T14:09:49.528+0000] {processor.py:830} INFO - Processing file /opt/airflow/dags/data/customers_200.xlsx for tasks to queue
[2025-12-22T14:09:49.530+0000] {logging_mixin.py:188} INFO - [2025-12-22T14:09:49.529+0000] {dagbag.py:538} INFO - Filling up the DagBag from /opt/airflow/dags/data/customers_200.xlsx
[2025-12-22T14:09:49.546+0000] {processor.py:842} WARNING - No viable dags retrieved from /opt/airflow/dags/data/customers_200.xlsx
[2025-12-22T14:09:49.559+0000] {processor.py:183} INFO - Processing /opt/airflow/dags/data/customers_200.xlsx took 0.035 seconds
[2025-12-22T14:10:20.073+0000] {processor.py:161} INFO - Started process (PID=189) to work on /opt/airflow/dags/data/customers_200.xlsx
[2025-12-22T14:10:20.075+0000] {processor.py:830} INFO - Processing file /opt/airflow/dags/data/customers_200.xlsx for tasks to queue
[2025-12-22T14:10:20.076+0000] {logging_mixin.py:188} INFO - [2025-12-22T14:10:20.076+0000] {dagbag.py:538} INFO - Filling up the DagBag from /opt/airflow/dags/data/customers_200.xlsx
[2025-12-22T14:10:20.093+0000] {processor.py:842} WARNING - No viable dags retrieved from /opt/airflow/dags/data/customers_200.xlsx
[2025-12-22T14:10:20.105+0000] {processor.py:183} INFO - Processing /opt/airflow/dags/data/customers_200.xlsx took 0.035 seconds
[2025-12-22T14:10:50.658+0000] {processor.py:161} INFO - Started process (PID=195) to work on /opt/airflow/dags/data/customers_200.xlsx
[2025-12-22T14:10:50.660+0000] {processor.py:830} INFO - Processing file /opt/airflow/dags/data/customers_200.xlsx for tasks to queue
[2025-12-22T14:10:50.662+0000] {logging_mixin.py:188} INFO - [2025-12-22T14:10:50.662+0000] {dagbag.py:538} INFO - Filling up the DagBag from /opt/airflow/dags/data/customers_200.xlsx
[2025-12-22T14:10:50.712+0000] {processor.py:842} WARNING - No viable dags retrieved from /opt/airflow/dags/data/customers_200.xlsx
[2025-12-22T14:10:50.729+0000] {processor.py:183} INFO - Processing /opt/airflow/dags/data/customers_200.xlsx took 0.077 seconds
[2025-12-22T14:11:20.992+0000] {processor.py:161} INFO - Started process (PID=201) to work on /opt/airflow/dags/data/customers_200.xlsx
[2025-12-22T14:11:20.994+0000] {processor.py:830} INFO - Processing file /opt/airflow/dags/data/customers_200.xlsx for tasks to queue
[2025-12-22T14:11:20.995+0000] {logging_mixin.py:188} INFO - [2025-12-22T14:11:20.995+0000] {dagbag.py:538} INFO - Filling up the DagBag from /opt/airflow/dags/data/customers_200.xlsx
[2025-12-22T14:11:21.012+0000] {processor.py:842} WARNING - No viable dags retrieved from /opt/airflow/dags/data/customers_200.xlsx
[2025-12-22T14:11:21.023+0000] {processor.py:183} INFO - Processing /opt/airflow/dags/data/customers_200.xlsx took 0.035 seconds
[2025-12-22T14:11:51.647+0000] {processor.py:161} INFO - Started process (PID=207) to work on /opt/airflow/dags/data/customers_200.xlsx
[2025-12-22T14:11:51.648+0000] {processor.py:830} INFO - Processing file /opt/airflow/dags/data/customers_200.xlsx for tasks to queue
[2025-12-22T14:11:51.650+0000] {logging_mixin.py:188} INFO - [2025-12-22T14:11:51.649+0000] {dagbag.py:538} INFO - Filling up the DagBag from /opt/airflow/dags/data/customers_200.xlsx
[2025-12-22T14:11:51.674+0000] {processor.py:842} WARNING - No viable dags retrieved from /opt/airflow/dags/data/customers_200.xlsx
[2025-12-22T14:11:51.687+0000] {processor.py:183} INFO - Processing /opt/airflow/dags/data/customers_200.xlsx took 0.043 seconds
[2025-12-22T14:13:27.021+0000] {processor.py:161} INFO - Started process (PID=74) to work on /opt/airflow/dags/data/customers_200.xlsx
[2025-12-22T14:13:27.023+0000] {processor.py:830} INFO - Processing file /opt/airflow/dags/data/customers_200.xlsx for tasks to queue
[2025-12-22T14:13:27.025+0000] {logging_mixin.py:188} INFO - [2025-12-22T14:13:27.025+0000] {dagbag.py:538} INFO - Filling up the DagBag from /opt/airflow/dags/data/customers_200.xlsx
[2025-12-22T14:13:27.048+0000] {processor.py:842} WARNING - No viable dags retrieved from /opt/airflow/dags/data/customers_200.xlsx
[2025-12-22T14:13:27.068+0000] {processor.py:183} INFO - Processing /opt/airflow/dags/data/customers_200.xlsx took 0.050 seconds
[2025-12-22T14:13:57.482+0000] {processor.py:161} INFO - Started process (PID=96) to work on /opt/airflow/dags/data/customers_200.xlsx
[2025-12-22T14:13:57.484+0000] {processor.py:830} INFO - Processing file /opt/airflow/dags/data/customers_200.xlsx for tasks to queue
[2025-12-22T14:13:57.485+0000] {logging_mixin.py:188} INFO - [2025-12-22T14:13:57.485+0000] {dagbag.py:538} INFO - Filling up the DagBag from /opt/airflow/dags/data/customers_200.xlsx
[2025-12-22T14:13:57.507+0000] {processor.py:842} WARNING - No viable dags retrieved from /opt/airflow/dags/data/customers_200.xlsx
[2025-12-22T14:13:57.519+0000] {processor.py:183} INFO - Processing /opt/airflow/dags/data/customers_200.xlsx took 0.041 seconds
[2025-12-22T14:14:27.905+0000] {processor.py:161} INFO - Started process (PID=102) to work on /opt/airflow/dags/data/customers_200.xlsx
[2025-12-22T14:14:27.906+0000] {processor.py:830} INFO - Processing file /opt/airflow/dags/data/customers_200.xlsx for tasks to queue
[2025-12-22T14:14:27.908+0000] {logging_mixin.py:188} INFO - [2025-12-22T14:14:27.908+0000] {dagbag.py:538} INFO - Filling up the DagBag from /opt/airflow/dags/data/customers_200.xlsx
[2025-12-22T14:14:27.930+0000] {processor.py:842} WARNING - No viable dags retrieved from /opt/airflow/dags/data/customers_200.xlsx
[2025-12-22T14:14:27.943+0000] {processor.py:183} INFO - Processing /opt/airflow/dags/data/customers_200.xlsx took 0.041 seconds
[2025-12-22T14:14:58.367+0000] {processor.py:161} INFO - Started process (PID=108) to work on /opt/airflow/dags/data/customers_200.xlsx
[2025-12-22T14:14:58.369+0000] {processor.py:830} INFO - Processing file /opt/airflow/dags/data/customers_200.xlsx for tasks to queue
[2025-12-22T14:14:58.370+0000] {logging_mixin.py:188} INFO - [2025-12-22T14:14:58.370+0000] {dagbag.py:538} INFO - Filling up the DagBag from /opt/airflow/dags/data/customers_200.xlsx
[2025-12-22T14:14:58.380+0000] {processor.py:842} WARNING - No viable dags retrieved from /opt/airflow/dags/data/customers_200.xlsx
[2025-12-22T14:14:58.390+0000] {processor.py:183} INFO - Processing /opt/airflow/dags/data/customers_200.xlsx took 0.025 seconds
[2025-12-22T14:15:28.908+0000] {processor.py:161} INFO - Started process (PID=114) to work on /opt/airflow/dags/data/customers_200.xlsx
[2025-12-22T14:15:28.909+0000] {processor.py:830} INFO - Processing file /opt/airflow/dags/data/customers_200.xlsx for tasks to queue
[2025-12-22T14:15:28.911+0000] {logging_mixin.py:188} INFO - [2025-12-22T14:15:28.910+0000] {dagbag.py:538} INFO - Filling up the DagBag from /opt/airflow/dags/data/customers_200.xlsx
[2025-12-22T14:15:28.920+0000] {processor.py:842} WARNING - No viable dags retrieved from /opt/airflow/dags/data/customers_200.xlsx
[2025-12-22T14:15:28.930+0000] {processor.py:183} INFO - Processing /opt/airflow/dags/data/customers_200.xlsx took 0.026 seconds
[2025-12-22T14:15:59.533+0000] {processor.py:161} INFO - Started process (PID=120) to work on /opt/airflow/dags/data/customers_200.xlsx
[2025-12-22T14:15:59.535+0000] {processor.py:830} INFO - Processing file /opt/airflow/dags/data/customers_200.xlsx for tasks to queue
[2025-12-22T14:15:59.536+0000] {logging_mixin.py:188} INFO - [2025-12-22T14:15:59.536+0000] {dagbag.py:538} INFO - Filling up the DagBag from /opt/airflow/dags/data/customers_200.xlsx
[2025-12-22T14:15:59.552+0000] {processor.py:842} WARNING - No viable dags retrieved from /opt/airflow/dags/data/customers_200.xlsx
[2025-12-22T14:15:59.563+0000] {processor.py:183} INFO - Processing /opt/airflow/dags/data/customers_200.xlsx took 0.033 seconds
[2025-12-22T14:16:30.059+0000] {processor.py:161} INFO - Started process (PID=127) to work on /opt/airflow/dags/data/customers_200.xlsx
[2025-12-22T14:16:30.060+0000] {processor.py:830} INFO - Processing file /opt/airflow/dags/data/customers_200.xlsx for tasks to queue
[2025-12-22T14:16:30.062+0000] {logging_mixin.py:188} INFO - [2025-12-22T14:16:30.062+0000] {dagbag.py:538} INFO - Filling up the DagBag from /opt/airflow/dags/data/customers_200.xlsx
[2025-12-22T14:16:30.091+0000] {processor.py:842} WARNING - No viable dags retrieved from /opt/airflow/dags/data/customers_200.xlsx
[2025-12-22T14:16:30.106+0000] {processor.py:183} INFO - Processing /opt/airflow/dags/data/customers_200.xlsx took 0.052 seconds
[2025-12-22T14:17:00.657+0000] {processor.py:161} INFO - Started process (PID=133) to work on /opt/airflow/dags/data/customers_200.xlsx
[2025-12-22T14:17:00.659+0000] {processor.py:830} INFO - Processing file /opt/airflow/dags/data/customers_200.xlsx for tasks to queue
[2025-12-22T14:17:00.661+0000] {logging_mixin.py:188} INFO - [2025-12-22T14:17:00.660+0000] {dagbag.py:538} INFO - Filling up the DagBag from /opt/airflow/dags/data/customers_200.xlsx
[2025-12-22T14:17:00.671+0000] {processor.py:842} WARNING - No viable dags retrieved from /opt/airflow/dags/data/customers_200.xlsx
[2025-12-22T14:17:00.684+0000] {processor.py:183} INFO - Processing /opt/airflow/dags/data/customers_200.xlsx took 0.031 seconds
[2025-12-22T14:17:31.090+0000] {processor.py:161} INFO - Started process (PID=139) to work on /opt/airflow/dags/data/customers_200.xlsx
[2025-12-22T14:17:31.091+0000] {processor.py:830} INFO - Processing file /opt/airflow/dags/data/customers_200.xlsx for tasks to queue
[2025-12-22T14:17:31.093+0000] {logging_mixin.py:188} INFO - [2025-12-22T14:17:31.092+0000] {dagbag.py:538} INFO - Filling up the DagBag from /opt/airflow/dags/data/customers_200.xlsx
[2025-12-22T14:17:31.104+0000] {processor.py:842} WARNING - No viable dags retrieved from /opt/airflow/dags/data/customers_200.xlsx
[2025-12-22T14:17:31.117+0000] {processor.py:183} INFO - Processing /opt/airflow/dags/data/customers_200.xlsx took 0.032 seconds
[2025-12-22T14:18:01.776+0000] {processor.py:161} INFO - Started process (PID=145) to work on /opt/airflow/dags/data/customers_200.xlsx
[2025-12-22T14:18:01.778+0000] {processor.py:830} INFO - Processing file /opt/airflow/dags/data/customers_200.xlsx for tasks to queue
[2025-12-22T14:18:01.780+0000] {logging_mixin.py:188} INFO - [2025-12-22T14:18:01.780+0000] {dagbag.py:538} INFO - Filling up the DagBag from /opt/airflow/dags/data/customers_200.xlsx
[2025-12-22T14:18:01.805+0000] {processor.py:842} WARNING - No viable dags retrieved from /opt/airflow/dags/data/customers_200.xlsx
[2025-12-22T14:18:01.820+0000] {processor.py:183} INFO - Processing /opt/airflow/dags/data/customers_200.xlsx took 0.047 seconds
[2025-12-22T14:18:32.332+0000] {processor.py:161} INFO - Started process (PID=151) to work on /opt/airflow/dags/data/customers_200.xlsx
[2025-12-22T14:18:32.334+0000] {processor.py:830} INFO - Processing file /opt/airflow/dags/data/customers_200.xlsx for tasks to queue
[2025-12-22T14:18:32.336+0000] {logging_mixin.py:188} INFO - [2025-12-22T14:18:32.335+0000] {dagbag.py:538} INFO - Filling up the DagBag from /opt/airflow/dags/data/customers_200.xlsx
[2025-12-22T14:18:32.366+0000] {processor.py:842} WARNING - No viable dags retrieved from /opt/airflow/dags/data/customers_200.xlsx
[2025-12-22T14:18:32.380+0000] {processor.py:183} INFO - Processing /opt/airflow/dags/data/customers_200.xlsx took 0.053 seconds
[2025-12-22T14:19:03.099+0000] {processor.py:161} INFO - Started process (PID=157) to work on /opt/airflow/dags/data/customers_200.xlsx
[2025-12-22T14:19:03.100+0000] {processor.py:830} INFO - Processing file /opt/airflow/dags/data/customers_200.xlsx for tasks to queue
[2025-12-22T14:19:03.102+0000] {logging_mixin.py:188} INFO - [2025-12-22T14:19:03.102+0000] {dagbag.py:538} INFO - Filling up the DagBag from /opt/airflow/dags/data/customers_200.xlsx
[2025-12-22T14:19:03.131+0000] {processor.py:842} WARNING - No viable dags retrieved from /opt/airflow/dags/data/customers_200.xlsx
[2025-12-22T14:19:03.142+0000] {processor.py:183} INFO - Processing /opt/airflow/dags/data/customers_200.xlsx took 0.048 seconds
[2025-12-22T14:19:34.271+0000] {processor.py:161} INFO - Started process (PID=163) to work on /opt/airflow/dags/data/customers_200.xlsx
[2025-12-22T14:19:34.273+0000] {processor.py:830} INFO - Processing file /opt/airflow/dags/data/customers_200.xlsx for tasks to queue
[2025-12-22T14:19:34.274+0000] {logging_mixin.py:188} INFO - [2025-12-22T14:19:34.274+0000] {dagbag.py:538} INFO - Filling up the DagBag from /opt/airflow/dags/data/customers_200.xlsx
[2025-12-22T14:19:34.284+0000] {processor.py:842} WARNING - No viable dags retrieved from /opt/airflow/dags/data/customers_200.xlsx
[2025-12-22T14:19:34.297+0000] {processor.py:183} INFO - Processing /opt/airflow/dags/data/customers_200.xlsx took 0.030 seconds
[2025-12-22T14:21:14.032+0000] {processor.py:161} INFO - Started process (PID=85) to work on /opt/airflow/dags/data/customers_200.xlsx
[2025-12-22T14:21:14.034+0000] {processor.py:830} INFO - Processing file /opt/airflow/dags/data/customers_200.xlsx for tasks to queue
[2025-12-22T14:21:14.035+0000] {logging_mixin.py:188} INFO - [2025-12-22T14:21:14.035+0000] {dagbag.py:538} INFO - Filling up the DagBag from /opt/airflow/dags/data/customers_200.xlsx
[2025-12-22T14:21:14.052+0000] {processor.py:842} WARNING - No viable dags retrieved from /opt/airflow/dags/data/customers_200.xlsx
[2025-12-22T14:21:14.065+0000] {processor.py:183} INFO - Processing /opt/airflow/dags/data/customers_200.xlsx took 0.038 seconds
[2025-12-22T14:21:45.015+0000] {processor.py:161} INFO - Started process (PID=103) to work on /opt/airflow/dags/data/customers_200.xlsx
[2025-12-22T14:21:45.017+0000] {processor.py:830} INFO - Processing file /opt/airflow/dags/data/customers_200.xlsx for tasks to queue
[2025-12-22T14:21:45.018+0000] {logging_mixin.py:188} INFO - [2025-12-22T14:21:45.018+0000] {dagbag.py:538} INFO - Filling up the DagBag from /opt/airflow/dags/data/customers_200.xlsx
[2025-12-22T14:21:45.037+0000] {processor.py:842} WARNING - No viable dags retrieved from /opt/airflow/dags/data/customers_200.xlsx
[2025-12-22T14:21:45.049+0000] {processor.py:183} INFO - Processing /opt/airflow/dags/data/customers_200.xlsx took 0.038 seconds
[2025-12-22T14:22:16.011+0000] {processor.py:161} INFO - Started process (PID=109) to work on /opt/airflow/dags/data/customers_200.xlsx
[2025-12-22T14:22:16.013+0000] {processor.py:830} INFO - Processing file /opt/airflow/dags/data/customers_200.xlsx for tasks to queue
[2025-12-22T14:22:16.016+0000] {logging_mixin.py:188} INFO - [2025-12-22T14:22:16.015+0000] {dagbag.py:538} INFO - Filling up the DagBag from /opt/airflow/dags/data/customers_200.xlsx
[2025-12-22T14:22:16.043+0000] {processor.py:842} WARNING - No viable dags retrieved from /opt/airflow/dags/data/customers_200.xlsx
[2025-12-22T14:22:16.058+0000] {processor.py:183} INFO - Processing /opt/airflow/dags/data/customers_200.xlsx took 0.052 seconds
[2025-12-22T14:22:47.430+0000] {processor.py:161} INFO - Started process (PID=129) to work on /opt/airflow/dags/data/customers_200.xlsx
[2025-12-22T14:22:47.432+0000] {processor.py:830} INFO - Processing file /opt/airflow/dags/data/customers_200.xlsx for tasks to queue
[2025-12-22T14:22:47.434+0000] {logging_mixin.py:188} INFO - [2025-12-22T14:22:47.433+0000] {dagbag.py:538} INFO - Filling up the DagBag from /opt/airflow/dags/data/customers_200.xlsx
[2025-12-22T14:22:47.457+0000] {processor.py:842} WARNING - No viable dags retrieved from /opt/airflow/dags/data/customers_200.xlsx
[2025-12-22T14:22:47.468+0000] {processor.py:183} INFO - Processing /opt/airflow/dags/data/customers_200.xlsx took 0.041 seconds
[2025-12-22T14:23:18.209+0000] {processor.py:161} INFO - Started process (PID=135) to work on /opt/airflow/dags/data/customers_200.xlsx
[2025-12-22T14:23:18.211+0000] {processor.py:830} INFO - Processing file /opt/airflow/dags/data/customers_200.xlsx for tasks to queue
[2025-12-22T14:23:18.213+0000] {logging_mixin.py:188} INFO - [2025-12-22T14:23:18.213+0000] {dagbag.py:538} INFO - Filling up the DagBag from /opt/airflow/dags/data/customers_200.xlsx
[2025-12-22T14:23:18.243+0000] {processor.py:842} WARNING - No viable dags retrieved from /opt/airflow/dags/data/customers_200.xlsx
[2025-12-22T14:23:18.254+0000] {processor.py:183} INFO - Processing /opt/airflow/dags/data/customers_200.xlsx took 0.048 seconds
[2025-12-22T14:23:48.712+0000] {processor.py:161} INFO - Started process (PID=155) to work on /opt/airflow/dags/data/customers_200.xlsx
[2025-12-22T14:23:48.714+0000] {processor.py:830} INFO - Processing file /opt/airflow/dags/data/customers_200.xlsx for tasks to queue
[2025-12-22T14:23:48.716+0000] {logging_mixin.py:188} INFO - [2025-12-22T14:23:48.715+0000] {dagbag.py:538} INFO - Filling up the DagBag from /opt/airflow/dags/data/customers_200.xlsx
[2025-12-22T14:23:48.734+0000] {processor.py:842} WARNING - No viable dags retrieved from /opt/airflow/dags/data/customers_200.xlsx
[2025-12-22T14:23:48.745+0000] {processor.py:183} INFO - Processing /opt/airflow/dags/data/customers_200.xlsx took 0.036 seconds
[2025-12-22T14:24:19.493+0000] {processor.py:161} INFO - Started process (PID=161) to work on /opt/airflow/dags/data/customers_200.xlsx
[2025-12-22T14:24:19.494+0000] {processor.py:830} INFO - Processing file /opt/airflow/dags/data/customers_200.xlsx for tasks to queue
[2025-12-22T14:24:19.496+0000] {logging_mixin.py:188} INFO - [2025-12-22T14:24:19.495+0000] {dagbag.py:538} INFO - Filling up the DagBag from /opt/airflow/dags/data/customers_200.xlsx
[2025-12-22T14:24:19.511+0000] {processor.py:842} WARNING - No viable dags retrieved from /opt/airflow/dags/data/customers_200.xlsx
[2025-12-22T14:24:19.526+0000] {processor.py:183} INFO - Processing /opt/airflow/dags/data/customers_200.xlsx took 0.037 seconds
[2025-12-22T14:24:50.238+0000] {processor.py:161} INFO - Started process (PID=167) to work on /opt/airflow/dags/data/customers_200.xlsx
[2025-12-22T14:24:50.240+0000] {processor.py:830} INFO - Processing file /opt/airflow/dags/data/customers_200.xlsx for tasks to queue
[2025-12-22T14:24:50.242+0000] {logging_mixin.py:188} INFO - [2025-12-22T14:24:50.241+0000] {dagbag.py:538} INFO - Filling up the DagBag from /opt/airflow/dags/data/customers_200.xlsx
[2025-12-22T14:24:50.258+0000] {processor.py:842} WARNING - No viable dags retrieved from /opt/airflow/dags/data/customers_200.xlsx
[2025-12-22T14:24:50.271+0000] {processor.py:183} INFO - Processing /opt/airflow/dags/data/customers_200.xlsx took 0.037 seconds
[2025-12-22T14:25:21.010+0000] {processor.py:161} INFO - Started process (PID=202) to work on /opt/airflow/dags/data/customers_200.xlsx
[2025-12-22T14:25:21.011+0000] {processor.py:830} INFO - Processing file /opt/airflow/dags/data/customers_200.xlsx for tasks to queue
[2025-12-22T14:25:21.013+0000] {logging_mixin.py:188} INFO - [2025-12-22T14:25:21.012+0000] {dagbag.py:538} INFO - Filling up the DagBag from /opt/airflow/dags/data/customers_200.xlsx
[2025-12-22T14:25:21.039+0000] {processor.py:842} WARNING - No viable dags retrieved from /opt/airflow/dags/data/customers_200.xlsx
[2025-12-22T14:25:21.050+0000] {processor.py:183} INFO - Processing /opt/airflow/dags/data/customers_200.xlsx took 0.044 seconds
[2025-12-22T14:25:51.710+0000] {processor.py:161} INFO - Started process (PID=222) to work on /opt/airflow/dags/data/customers_200.xlsx
[2025-12-22T14:25:51.712+0000] {processor.py:830} INFO - Processing file /opt/airflow/dags/data/customers_200.xlsx for tasks to queue
[2025-12-22T14:25:51.713+0000] {logging_mixin.py:188} INFO - [2025-12-22T14:25:51.713+0000] {dagbag.py:538} INFO - Filling up the DagBag from /opt/airflow/dags/data/customers_200.xlsx
[2025-12-22T14:25:51.736+0000] {processor.py:842} WARNING - No viable dags retrieved from /opt/airflow/dags/data/customers_200.xlsx
[2025-12-22T14:25:51.747+0000] {processor.py:183} INFO - Processing /opt/airflow/dags/data/customers_200.xlsx took 0.040 seconds
[2025-12-22T14:26:33.800+0000] {processor.py:161} INFO - Started process (PID=88) to work on /opt/airflow/dags/data/customers_200.xlsx
[2025-12-22T14:26:33.802+0000] {processor.py:830} INFO - Processing file /opt/airflow/dags/data/customers_200.xlsx for tasks to queue
[2025-12-22T14:26:33.804+0000] {logging_mixin.py:188} INFO - [2025-12-22T14:26:33.803+0000] {dagbag.py:538} INFO - Filling up the DagBag from /opt/airflow/dags/data/customers_200.xlsx
[2025-12-22T14:26:33.825+0000] {processor.py:842} WARNING - No viable dags retrieved from /opt/airflow/dags/data/customers_200.xlsx
[2025-12-22T14:26:33.837+0000] {processor.py:183} INFO - Processing /opt/airflow/dags/data/customers_200.xlsx took 0.043 seconds
[2025-12-22T14:27:04.590+0000] {processor.py:161} INFO - Started process (PID=100) to work on /opt/airflow/dags/data/customers_200.xlsx
[2025-12-22T14:27:04.592+0000] {processor.py:830} INFO - Processing file /opt/airflow/dags/data/customers_200.xlsx for tasks to queue
[2025-12-22T14:27:04.594+0000] {logging_mixin.py:188} INFO - [2025-12-22T14:27:04.593+0000] {dagbag.py:538} INFO - Filling up the DagBag from /opt/airflow/dags/data/customers_200.xlsx
[2025-12-22T14:27:04.620+0000] {processor.py:842} WARNING - No viable dags retrieved from /opt/airflow/dags/data/customers_200.xlsx
[2025-12-22T14:27:04.636+0000] {processor.py:183} INFO - Processing /opt/airflow/dags/data/customers_200.xlsx took 0.049 seconds
[2025-12-22T14:27:35.213+0000] {processor.py:161} INFO - Started process (PID=106) to work on /opt/airflow/dags/data/customers_200.xlsx
[2025-12-22T14:27:35.215+0000] {processor.py:830} INFO - Processing file /opt/airflow/dags/data/customers_200.xlsx for tasks to queue
[2025-12-22T14:27:35.216+0000] {logging_mixin.py:188} INFO - [2025-12-22T14:27:35.216+0000] {dagbag.py:538} INFO - Filling up the DagBag from /opt/airflow/dags/data/customers_200.xlsx
[2025-12-22T14:27:35.225+0000] {processor.py:842} WARNING - No viable dags retrieved from /opt/airflow/dags/data/customers_200.xlsx
[2025-12-22T14:27:35.236+0000] {processor.py:183} INFO - Processing /opt/airflow/dags/data/customers_200.xlsx took 0.026 seconds
[2025-12-22T14:28:05.814+0000] {processor.py:161} INFO - Started process (PID=112) to work on /opt/airflow/dags/data/customers_200.xlsx
[2025-12-22T14:28:05.816+0000] {processor.py:830} INFO - Processing file /opt/airflow/dags/data/customers_200.xlsx for tasks to queue
[2025-12-22T14:28:05.817+0000] {logging_mixin.py:188} INFO - [2025-12-22T14:28:05.816+0000] {dagbag.py:538} INFO - Filling up the DagBag from /opt/airflow/dags/data/customers_200.xlsx
[2025-12-22T14:28:05.827+0000] {processor.py:842} WARNING - No viable dags retrieved from /opt/airflow/dags/data/customers_200.xlsx
[2025-12-22T14:28:05.837+0000] {processor.py:183} INFO - Processing /opt/airflow/dags/data/customers_200.xlsx took 0.026 seconds
[2025-12-22T14:28:36.485+0000] {processor.py:161} INFO - Started process (PID=118) to work on /opt/airflow/dags/data/customers_200.xlsx
[2025-12-22T14:28:36.487+0000] {processor.py:830} INFO - Processing file /opt/airflow/dags/data/customers_200.xlsx for tasks to queue
[2025-12-22T14:28:36.488+0000] {logging_mixin.py:188} INFO - [2025-12-22T14:28:36.488+0000] {dagbag.py:538} INFO - Filling up the DagBag from /opt/airflow/dags/data/customers_200.xlsx
[2025-12-22T14:28:36.511+0000] {processor.py:842} WARNING - No viable dags retrieved from /opt/airflow/dags/data/customers_200.xlsx
[2025-12-22T14:28:36.522+0000] {processor.py:183} INFO - Processing /opt/airflow/dags/data/customers_200.xlsx took 0.040 seconds
[2025-12-22T14:29:07.027+0000] {processor.py:161} INFO - Started process (PID=124) to work on /opt/airflow/dags/data/customers_200.xlsx
[2025-12-22T14:29:07.028+0000] {processor.py:830} INFO - Processing file /opt/airflow/dags/data/customers_200.xlsx for tasks to queue
[2025-12-22T14:29:07.029+0000] {logging_mixin.py:188} INFO - [2025-12-22T14:29:07.029+0000] {dagbag.py:538} INFO - Filling up the DagBag from /opt/airflow/dags/data/customers_200.xlsx
[2025-12-22T14:29:07.041+0000] {processor.py:842} WARNING - No viable dags retrieved from /opt/airflow/dags/data/customers_200.xlsx
[2025-12-22T14:29:07.054+0000] {processor.py:183} INFO - Processing /opt/airflow/dags/data/customers_200.xlsx took 0.030 seconds
[2025-12-22T14:29:37.614+0000] {processor.py:161} INFO - Started process (PID=130) to work on /opt/airflow/dags/data/customers_200.xlsx
[2025-12-22T14:29:37.615+0000] {processor.py:830} INFO - Processing file /opt/airflow/dags/data/customers_200.xlsx for tasks to queue
[2025-12-22T14:29:37.617+0000] {logging_mixin.py:188} INFO - [2025-12-22T14:29:37.616+0000] {dagbag.py:538} INFO - Filling up the DagBag from /opt/airflow/dags/data/customers_200.xlsx
[2025-12-22T14:29:37.628+0000] {processor.py:842} WARNING - No viable dags retrieved from /opt/airflow/dags/data/customers_200.xlsx
[2025-12-22T14:29:37.641+0000] {processor.py:183} INFO - Processing /opt/airflow/dags/data/customers_200.xlsx took 0.030 seconds
[2025-12-22T14:30:08.369+0000] {processor.py:161} INFO - Started process (PID=136) to work on /opt/airflow/dags/data/customers_200.xlsx
[2025-12-22T14:30:08.371+0000] {processor.py:830} INFO - Processing file /opt/airflow/dags/data/customers_200.xlsx for tasks to queue
[2025-12-22T14:30:08.373+0000] {logging_mixin.py:188} INFO - [2025-12-22T14:30:08.372+0000] {dagbag.py:538} INFO - Filling up the DagBag from /opt/airflow/dags/data/customers_200.xlsx
[2025-12-22T14:30:08.407+0000] {processor.py:842} WARNING - No viable dags retrieved from /opt/airflow/dags/data/customers_200.xlsx
[2025-12-22T14:30:08.421+0000] {processor.py:183} INFO - Processing /opt/airflow/dags/data/customers_200.xlsx took 0.056 seconds
[2025-12-22T14:30:38.493+0000] {processor.py:161} INFO - Started process (PID=140) to work on /opt/airflow/dags/data/customers_200.xlsx
[2025-12-22T14:30:38.494+0000] {processor.py:830} INFO - Processing file /opt/airflow/dags/data/customers_200.xlsx for tasks to queue
[2025-12-22T14:30:38.496+0000] {logging_mixin.py:188} INFO - [2025-12-22T14:30:38.495+0000] {dagbag.py:538} INFO - Filling up the DagBag from /opt/airflow/dags/data/customers_200.xlsx
[2025-12-22T14:30:38.506+0000] {processor.py:842} WARNING - No viable dags retrieved from /opt/airflow/dags/data/customers_200.xlsx
[2025-12-22T14:30:38.518+0000] {processor.py:183} INFO - Processing /opt/airflow/dags/data/customers_200.xlsx took 0.028 seconds
[2025-12-22T14:31:09.849+0000] {processor.py:161} INFO - Started process (PID=144) to work on /opt/airflow/dags/data/customers_200.xlsx
[2025-12-22T14:31:09.851+0000] {processor.py:830} INFO - Processing file /opt/airflow/dags/data/customers_200.xlsx for tasks to queue
[2025-12-22T14:31:09.853+0000] {logging_mixin.py:188} INFO - [2025-12-22T14:31:09.852+0000] {dagbag.py:538} INFO - Filling up the DagBag from /opt/airflow/dags/data/customers_200.xlsx
[2025-12-22T14:31:09.868+0000] {processor.py:842} WARNING - No viable dags retrieved from /opt/airflow/dags/data/customers_200.xlsx
[2025-12-22T14:31:09.881+0000] {processor.py:183} INFO - Processing /opt/airflow/dags/data/customers_200.xlsx took 0.035 seconds
[2025-12-22T14:31:40.654+0000] {processor.py:161} INFO - Started process (PID=181) to work on /opt/airflow/dags/data/customers_200.xlsx
[2025-12-22T14:31:40.655+0000] {processor.py:830} INFO - Processing file /opt/airflow/dags/data/customers_200.xlsx for tasks to queue
[2025-12-22T14:31:40.657+0000] {logging_mixin.py:188} INFO - [2025-12-22T14:31:40.657+0000] {dagbag.py:538} INFO - Filling up the DagBag from /opt/airflow/dags/data/customers_200.xlsx
[2025-12-22T14:31:40.688+0000] {processor.py:842} WARNING - No viable dags retrieved from /opt/airflow/dags/data/customers_200.xlsx
[2025-12-22T14:31:40.701+0000] {processor.py:183} INFO - Processing /opt/airflow/dags/data/customers_200.xlsx took 0.051 seconds
[2025-12-22T14:32:11.062+0000] {processor.py:161} INFO - Started process (PID=187) to work on /opt/airflow/dags/data/customers_200.xlsx
[2025-12-22T14:32:11.063+0000] {processor.py:830} INFO - Processing file /opt/airflow/dags/data/customers_200.xlsx for tasks to queue
[2025-12-22T14:32:11.065+0000] {logging_mixin.py:188} INFO - [2025-12-22T14:32:11.064+0000] {dagbag.py:538} INFO - Filling up the DagBag from /opt/airflow/dags/data/customers_200.xlsx
[2025-12-22T14:32:11.092+0000] {processor.py:842} WARNING - No viable dags retrieved from /opt/airflow/dags/data/customers_200.xlsx
[2025-12-22T14:32:11.106+0000] {processor.py:183} INFO - Processing /opt/airflow/dags/data/customers_200.xlsx took 0.048 seconds
[2025-12-22T14:32:41.949+0000] {processor.py:161} INFO - Started process (PID=193) to work on /opt/airflow/dags/data/customers_200.xlsx
[2025-12-22T14:32:41.950+0000] {processor.py:830} INFO - Processing file /opt/airflow/dags/data/customers_200.xlsx for tasks to queue
[2025-12-22T14:32:41.952+0000] {logging_mixin.py:188} INFO - [2025-12-22T14:32:41.951+0000] {dagbag.py:538} INFO - Filling up the DagBag from /opt/airflow/dags/data/customers_200.xlsx
[2025-12-22T14:32:41.961+0000] {processor.py:842} WARNING - No viable dags retrieved from /opt/airflow/dags/data/customers_200.xlsx
[2025-12-22T14:32:41.971+0000] {processor.py:183} INFO - Processing /opt/airflow/dags/data/customers_200.xlsx took 0.025 seconds
[2025-12-22T14:33:12.821+0000] {processor.py:161} INFO - Started process (PID=199) to work on /opt/airflow/dags/data/customers_200.xlsx
[2025-12-22T14:33:12.822+0000] {processor.py:830} INFO - Processing file /opt/airflow/dags/data/customers_200.xlsx for tasks to queue
[2025-12-22T14:33:12.824+0000] {logging_mixin.py:188} INFO - [2025-12-22T14:33:12.823+0000] {dagbag.py:538} INFO - Filling up the DagBag from /opt/airflow/dags/data/customers_200.xlsx
[2025-12-22T14:33:12.852+0000] {processor.py:842} WARNING - No viable dags retrieved from /opt/airflow/dags/data/customers_200.xlsx
[2025-12-22T14:33:12.862+0000] {processor.py:183} INFO - Processing /opt/airflow/dags/data/customers_200.xlsx took 0.045 seconds
[2025-12-22T14:33:43.502+0000] {processor.py:161} INFO - Started process (PID=205) to work on /opt/airflow/dags/data/customers_200.xlsx
[2025-12-22T14:33:43.504+0000] {processor.py:830} INFO - Processing file /opt/airflow/dags/data/customers_200.xlsx for tasks to queue
[2025-12-22T14:33:43.505+0000] {logging_mixin.py:188} INFO - [2025-12-22T14:33:43.505+0000] {dagbag.py:538} INFO - Filling up the DagBag from /opt/airflow/dags/data/customers_200.xlsx
[2025-12-22T14:33:43.529+0000] {processor.py:842} WARNING - No viable dags retrieved from /opt/airflow/dags/data/customers_200.xlsx
[2025-12-22T14:33:43.539+0000] {processor.py:183} INFO - Processing /opt/airflow/dags/data/customers_200.xlsx took 0.041 seconds
[2025-12-22T14:34:14.197+0000] {processor.py:161} INFO - Started process (PID=211) to work on /opt/airflow/dags/data/customers_200.xlsx
[2025-12-22T14:34:14.199+0000] {processor.py:830} INFO - Processing file /opt/airflow/dags/data/customers_200.xlsx for tasks to queue
[2025-12-22T14:34:14.200+0000] {logging_mixin.py:188} INFO - [2025-12-22T14:34:14.200+0000] {dagbag.py:538} INFO - Filling up the DagBag from /opt/airflow/dags/data/customers_200.xlsx
[2025-12-22T14:34:14.230+0000] {processor.py:842} WARNING - No viable dags retrieved from /opt/airflow/dags/data/customers_200.xlsx
[2025-12-22T14:34:14.242+0000] {processor.py:183} INFO - Processing /opt/airflow/dags/data/customers_200.xlsx took 0.048 seconds
[2025-12-22T14:34:44.821+0000] {processor.py:161} INFO - Started process (PID=217) to work on /opt/airflow/dags/data/customers_200.xlsx
[2025-12-22T14:34:44.822+0000] {processor.py:830} INFO - Processing file /opt/airflow/dags/data/customers_200.xlsx for tasks to queue
[2025-12-22T14:34:44.823+0000] {logging_mixin.py:188} INFO - [2025-12-22T14:34:44.823+0000] {dagbag.py:538} INFO - Filling up the DagBag from /opt/airflow/dags/data/customers_200.xlsx
[2025-12-22T14:34:44.833+0000] {processor.py:842} WARNING - No viable dags retrieved from /opt/airflow/dags/data/customers_200.xlsx
[2025-12-22T14:34:44.847+0000] {processor.py:183} INFO - Processing /opt/airflow/dags/data/customers_200.xlsx took 0.029 seconds
[2025-12-22T14:35:15.411+0000] {processor.py:161} INFO - Started process (PID=223) to work on /opt/airflow/dags/data/customers_200.xlsx
[2025-12-22T14:35:15.412+0000] {processor.py:830} INFO - Processing file /opt/airflow/dags/data/customers_200.xlsx for tasks to queue
[2025-12-22T14:35:15.414+0000] {logging_mixin.py:188} INFO - [2025-12-22T14:35:15.413+0000] {dagbag.py:538} INFO - Filling up the DagBag from /opt/airflow/dags/data/customers_200.xlsx
[2025-12-22T14:35:15.439+0000] {processor.py:842} WARNING - No viable dags retrieved from /opt/airflow/dags/data/customers_200.xlsx
[2025-12-22T14:35:15.451+0000] {processor.py:183} INFO - Processing /opt/airflow/dags/data/customers_200.xlsx took 0.043 seconds
[2025-12-22T14:35:45.988+0000] {processor.py:161} INFO - Started process (PID=229) to work on /opt/airflow/dags/data/customers_200.xlsx
[2025-12-22T14:35:45.990+0000] {processor.py:830} INFO - Processing file /opt/airflow/dags/data/customers_200.xlsx for tasks to queue
[2025-12-22T14:35:45.991+0000] {logging_mixin.py:188} INFO - [2025-12-22T14:35:45.991+0000] {dagbag.py:538} INFO - Filling up the DagBag from /opt/airflow/dags/data/customers_200.xlsx
[2025-12-22T14:35:46.014+0000] {processor.py:842} WARNING - No viable dags retrieved from /opt/airflow/dags/data/customers_200.xlsx
[2025-12-22T14:35:46.030+0000] {processor.py:183} INFO - Processing /opt/airflow/dags/data/customers_200.xlsx took 0.045 seconds
[2025-12-22T14:36:16.623+0000] {processor.py:161} INFO - Started process (PID=235) to work on /opt/airflow/dags/data/customers_200.xlsx
[2025-12-22T14:36:16.625+0000] {processor.py:830} INFO - Processing file /opt/airflow/dags/data/customers_200.xlsx for tasks to queue
[2025-12-22T14:36:16.626+0000] {logging_mixin.py:188} INFO - [2025-12-22T14:36:16.626+0000] {dagbag.py:538} INFO - Filling up the DagBag from /opt/airflow/dags/data/customers_200.xlsx
[2025-12-22T14:36:16.655+0000] {processor.py:842} WARNING - No viable dags retrieved from /opt/airflow/dags/data/customers_200.xlsx
[2025-12-22T14:36:16.668+0000] {processor.py:183} INFO - Processing /opt/airflow/dags/data/customers_200.xlsx took 0.048 seconds
[2025-12-22T14:36:47.358+0000] {processor.py:161} INFO - Started process (PID=241) to work on /opt/airflow/dags/data/customers_200.xlsx
[2025-12-22T14:36:47.360+0000] {processor.py:830} INFO - Processing file /opt/airflow/dags/data/customers_200.xlsx for tasks to queue
[2025-12-22T14:36:47.361+0000] {logging_mixin.py:188} INFO - [2025-12-22T14:36:47.361+0000] {dagbag.py:538} INFO - Filling up the DagBag from /opt/airflow/dags/data/customers_200.xlsx
[2025-12-22T14:36:47.393+0000] {processor.py:842} WARNING - No viable dags retrieved from /opt/airflow/dags/data/customers_200.xlsx
[2025-12-22T14:36:47.406+0000] {processor.py:183} INFO - Processing /opt/airflow/dags/data/customers_200.xlsx took 0.051 seconds
[2025-12-22T14:37:19.899+0000] {processor.py:161} INFO - Started process (PID=259) to work on /opt/airflow/dags/data/customers_200.xlsx
[2025-12-22T14:37:19.901+0000] {processor.py:830} INFO - Processing file /opt/airflow/dags/data/customers_200.xlsx for tasks to queue
[2025-12-22T14:37:19.903+0000] {logging_mixin.py:188} INFO - [2025-12-22T14:37:19.902+0000] {dagbag.py:538} INFO - Filling up the DagBag from /opt/airflow/dags/data/customers_200.xlsx
[2025-12-22T14:37:19.919+0000] {processor.py:842} WARNING - No viable dags retrieved from /opt/airflow/dags/data/customers_200.xlsx
[2025-12-22T14:37:19.930+0000] {processor.py:183} INFO - Processing /opt/airflow/dags/data/customers_200.xlsx took 0.035 seconds
[2025-12-22T14:37:51.060+0000] {processor.py:161} INFO - Started process (PID=265) to work on /opt/airflow/dags/data/customers_200.xlsx
[2025-12-22T14:37:51.061+0000] {processor.py:830} INFO - Processing file /opt/airflow/dags/data/customers_200.xlsx for tasks to queue
[2025-12-22T14:37:51.063+0000] {logging_mixin.py:188} INFO - [2025-12-22T14:37:51.063+0000] {dagbag.py:538} INFO - Filling up the DagBag from /opt/airflow/dags/data/customers_200.xlsx
[2025-12-22T14:37:51.082+0000] {processor.py:842} WARNING - No viable dags retrieved from /opt/airflow/dags/data/customers_200.xlsx
[2025-12-22T14:37:51.095+0000] {processor.py:183} INFO - Processing /opt/airflow/dags/data/customers_200.xlsx took 0.039 seconds
[2025-12-22T14:38:22.487+0000] {processor.py:161} INFO - Started process (PID=271) to work on /opt/airflow/dags/data/customers_200.xlsx
[2025-12-22T14:38:22.488+0000] {processor.py:830} INFO - Processing file /opt/airflow/dags/data/customers_200.xlsx for tasks to queue
[2025-12-22T14:38:22.490+0000] {logging_mixin.py:188} INFO - [2025-12-22T14:38:22.489+0000] {dagbag.py:538} INFO - Filling up the DagBag from /opt/airflow/dags/data/customers_200.xlsx
[2025-12-22T14:38:22.520+0000] {processor.py:842} WARNING - No viable dags retrieved from /opt/airflow/dags/data/customers_200.xlsx
[2025-12-22T14:38:22.532+0000] {processor.py:183} INFO - Processing /opt/airflow/dags/data/customers_200.xlsx took 0.049 seconds
[2025-12-22T14:38:53.064+0000] {processor.py:161} INFO - Started process (PID=277) to work on /opt/airflow/dags/data/customers_200.xlsx
[2025-12-22T14:38:53.066+0000] {processor.py:830} INFO - Processing file /opt/airflow/dags/data/customers_200.xlsx for tasks to queue
[2025-12-22T14:38:53.067+0000] {logging_mixin.py:188} INFO - [2025-12-22T14:38:53.067+0000] {dagbag.py:538} INFO - Filling up the DagBag from /opt/airflow/dags/data/customers_200.xlsx
[2025-12-22T14:38:53.091+0000] {processor.py:842} WARNING - No viable dags retrieved from /opt/airflow/dags/data/customers_200.xlsx
[2025-12-22T14:38:53.101+0000] {processor.py:183} INFO - Processing /opt/airflow/dags/data/customers_200.xlsx took 0.041 seconds
[2025-12-22T14:39:23.970+0000] {processor.py:161} INFO - Started process (PID=283) to work on /opt/airflow/dags/data/customers_200.xlsx
[2025-12-22T14:39:23.972+0000] {processor.py:830} INFO - Processing file /opt/airflow/dags/data/customers_200.xlsx for tasks to queue
[2025-12-22T14:39:23.974+0000] {logging_mixin.py:188} INFO - [2025-12-22T14:39:23.973+0000] {dagbag.py:538} INFO - Filling up the DagBag from /opt/airflow/dags/data/customers_200.xlsx
[2025-12-22T14:39:24.000+0000] {processor.py:842} WARNING - No viable dags retrieved from /opt/airflow/dags/data/customers_200.xlsx
[2025-12-22T14:39:24.015+0000] {processor.py:183} INFO - Processing /opt/airflow/dags/data/customers_200.xlsx took 0.048 seconds
[2025-12-22T14:39:54.481+0000] {processor.py:161} INFO - Started process (PID=289) to work on /opt/airflow/dags/data/customers_200.xlsx
[2025-12-22T14:39:54.483+0000] {processor.py:830} INFO - Processing file /opt/airflow/dags/data/customers_200.xlsx for tasks to queue
[2025-12-22T14:39:54.485+0000] {logging_mixin.py:188} INFO - [2025-12-22T14:39:54.484+0000] {dagbag.py:538} INFO - Filling up the DagBag from /opt/airflow/dags/data/customers_200.xlsx
[2025-12-22T14:39:54.510+0000] {processor.py:842} WARNING - No viable dags retrieved from /opt/airflow/dags/data/customers_200.xlsx
[2025-12-22T14:39:54.522+0000] {processor.py:183} INFO - Processing /opt/airflow/dags/data/customers_200.xlsx took 0.044 seconds
[2025-12-22T14:40:24.936+0000] {processor.py:161} INFO - Started process (PID=295) to work on /opt/airflow/dags/data/customers_200.xlsx
[2025-12-22T14:40:24.937+0000] {processor.py:830} INFO - Processing file /opt/airflow/dags/data/customers_200.xlsx for tasks to queue
[2025-12-22T14:40:24.939+0000] {logging_mixin.py:188} INFO - [2025-12-22T14:40:24.939+0000] {dagbag.py:538} INFO - Filling up the DagBag from /opt/airflow/dags/data/customers_200.xlsx
[2025-12-22T14:40:24.959+0000] {processor.py:842} WARNING - No viable dags retrieved from /opt/airflow/dags/data/customers_200.xlsx
[2025-12-22T14:40:24.976+0000] {processor.py:183} INFO - Processing /opt/airflow/dags/data/customers_200.xlsx took 0.045 seconds
[2025-12-22T14:40:55.438+0000] {processor.py:161} INFO - Started process (PID=301) to work on /opt/airflow/dags/data/customers_200.xlsx
[2025-12-22T14:40:55.440+0000] {processor.py:830} INFO - Processing file /opt/airflow/dags/data/customers_200.xlsx for tasks to queue
[2025-12-22T14:40:55.442+0000] {logging_mixin.py:188} INFO - [2025-12-22T14:40:55.441+0000] {dagbag.py:538} INFO - Filling up the DagBag from /opt/airflow/dags/data/customers_200.xlsx
[2025-12-22T14:40:55.463+0000] {processor.py:842} WARNING - No viable dags retrieved from /opt/airflow/dags/data/customers_200.xlsx
[2025-12-22T14:40:55.475+0000] {processor.py:183} INFO - Processing /opt/airflow/dags/data/customers_200.xlsx took 0.040 seconds
[2025-12-22T14:41:12.597+0000] {processor.py:161} INFO - Started process (PID=88) to work on /opt/airflow/dags/data/customers_200.xlsx
[2025-12-22T14:41:12.599+0000] {processor.py:830} INFO - Processing file /opt/airflow/dags/data/customers_200.xlsx for tasks to queue
[2025-12-22T14:41:12.601+0000] {logging_mixin.py:188} INFO - [2025-12-22T14:41:12.600+0000] {dagbag.py:538} INFO - Filling up the DagBag from /opt/airflow/dags/data/customers_200.xlsx
[2025-12-22T14:41:12.615+0000] {processor.py:842} WARNING - No viable dags retrieved from /opt/airflow/dags/data/customers_200.xlsx
[2025-12-22T14:41:12.632+0000] {processor.py:183} INFO - Processing /opt/airflow/dags/data/customers_200.xlsx took 0.041 seconds
[2025-12-22T14:41:43.960+0000] {processor.py:161} INFO - Started process (PID=99) to work on /opt/airflow/dags/data/customers_200.xlsx
[2025-12-22T14:41:43.962+0000] {processor.py:830} INFO - Processing file /opt/airflow/dags/data/customers_200.xlsx for tasks to queue
[2025-12-22T14:41:43.964+0000] {logging_mixin.py:188} INFO - [2025-12-22T14:41:43.963+0000] {dagbag.py:538} INFO - Filling up the DagBag from /opt/airflow/dags/data/customers_200.xlsx
[2025-12-22T14:41:43.984+0000] {processor.py:842} WARNING - No viable dags retrieved from /opt/airflow/dags/data/customers_200.xlsx
[2025-12-22T14:41:43.999+0000] {processor.py:183} INFO - Processing /opt/airflow/dags/data/customers_200.xlsx took 0.042 seconds
[2025-12-22T14:42:15.253+0000] {processor.py:161} INFO - Started process (PID=105) to work on /opt/airflow/dags/data/customers_200.xlsx
[2025-12-22T14:42:15.255+0000] {processor.py:830} INFO - Processing file /opt/airflow/dags/data/customers_200.xlsx for tasks to queue
[2025-12-22T14:42:15.256+0000] {logging_mixin.py:188} INFO - [2025-12-22T14:42:15.256+0000] {dagbag.py:538} INFO - Filling up the DagBag from /opt/airflow/dags/data/customers_200.xlsx
[2025-12-22T14:42:15.273+0000] {processor.py:842} WARNING - No viable dags retrieved from /opt/airflow/dags/data/customers_200.xlsx
[2025-12-22T14:42:15.287+0000] {processor.py:183} INFO - Processing /opt/airflow/dags/data/customers_200.xlsx took 0.038 seconds
[2025-12-22T14:42:46.772+0000] {processor.py:161} INFO - Started process (PID=111) to work on /opt/airflow/dags/data/customers_200.xlsx
[2025-12-22T14:42:46.774+0000] {processor.py:830} INFO - Processing file /opt/airflow/dags/data/customers_200.xlsx for tasks to queue
[2025-12-22T14:42:46.776+0000] {logging_mixin.py:188} INFO - [2025-12-22T14:42:46.775+0000] {dagbag.py:538} INFO - Filling up the DagBag from /opt/airflow/dags/data/customers_200.xlsx
[2025-12-22T14:42:46.799+0000] {processor.py:842} WARNING - No viable dags retrieved from /opt/airflow/dags/data/customers_200.xlsx
[2025-12-22T14:42:46.814+0000] {processor.py:183} INFO - Processing /opt/airflow/dags/data/customers_200.xlsx took 0.045 seconds
[2025-12-22T14:43:19.760+0000] {processor.py:161} INFO - Started process (PID=132) to work on /opt/airflow/dags/data/customers_200.xlsx
[2025-12-22T14:43:19.762+0000] {processor.py:830} INFO - Processing file /opt/airflow/dags/data/customers_200.xlsx for tasks to queue
[2025-12-22T14:43:19.763+0000] {logging_mixin.py:188} INFO - [2025-12-22T14:43:19.763+0000] {dagbag.py:538} INFO - Filling up the DagBag from /opt/airflow/dags/data/customers_200.xlsx
[2025-12-22T14:43:19.788+0000] {processor.py:842} WARNING - No viable dags retrieved from /opt/airflow/dags/data/customers_200.xlsx
[2025-12-22T14:43:19.799+0000] {processor.py:183} INFO - Processing /opt/airflow/dags/data/customers_200.xlsx took 0.043 seconds
[2025-12-22T14:43:50.055+0000] {processor.py:161} INFO - Started process (PID=138) to work on /opt/airflow/dags/data/customers_200.xlsx
[2025-12-22T14:43:50.056+0000] {processor.py:830} INFO - Processing file /opt/airflow/dags/data/customers_200.xlsx for tasks to queue
[2025-12-22T14:43:50.058+0000] {logging_mixin.py:188} INFO - [2025-12-22T14:43:50.057+0000] {dagbag.py:538} INFO - Filling up the DagBag from /opt/airflow/dags/data/customers_200.xlsx
[2025-12-22T14:43:50.075+0000] {processor.py:842} WARNING - No viable dags retrieved from /opt/airflow/dags/data/customers_200.xlsx
[2025-12-22T14:43:50.086+0000] {processor.py:183} INFO - Processing /opt/airflow/dags/data/customers_200.xlsx took 0.035 seconds
[2025-12-22T14:44:20.907+0000] {processor.py:161} INFO - Started process (PID=161) to work on /opt/airflow/dags/data/customers_200.xlsx
[2025-12-22T14:44:20.909+0000] {processor.py:830} INFO - Processing file /opt/airflow/dags/data/customers_200.xlsx for tasks to queue
[2025-12-22T14:44:20.910+0000] {logging_mixin.py:188} INFO - [2025-12-22T14:44:20.909+0000] {dagbag.py:538} INFO - Filling up the DagBag from /opt/airflow/dags/data/customers_200.xlsx
[2025-12-22T14:44:20.932+0000] {processor.py:842} WARNING - No viable dags retrieved from /opt/airflow/dags/data/customers_200.xlsx
[2025-12-22T14:44:20.944+0000] {processor.py:183} INFO - Processing /opt/airflow/dags/data/customers_200.xlsx took 0.040 seconds
[2025-12-22T14:44:52.854+0000] {processor.py:161} INFO - Started process (PID=198) to work on /opt/airflow/dags/data/customers_200.xlsx
[2025-12-22T14:44:52.857+0000] {processor.py:830} INFO - Processing file /opt/airflow/dags/data/customers_200.xlsx for tasks to queue
[2025-12-22T14:44:52.858+0000] {logging_mixin.py:188} INFO - [2025-12-22T14:44:52.858+0000] {dagbag.py:538} INFO - Filling up the DagBag from /opt/airflow/dags/data/customers_200.xlsx
[2025-12-22T14:44:52.889+0000] {processor.py:842} WARNING - No viable dags retrieved from /opt/airflow/dags/data/customers_200.xlsx
[2025-12-22T14:44:52.900+0000] {processor.py:183} INFO - Processing /opt/airflow/dags/data/customers_200.xlsx took 0.051 seconds
[2025-12-22T14:45:23.396+0000] {processor.py:161} INFO - Started process (PID=204) to work on /opt/airflow/dags/data/customers_200.xlsx
[2025-12-22T14:45:23.397+0000] {processor.py:830} INFO - Processing file /opt/airflow/dags/data/customers_200.xlsx for tasks to queue
[2025-12-22T14:45:23.399+0000] {logging_mixin.py:188} INFO - [2025-12-22T14:45:23.398+0000] {dagbag.py:538} INFO - Filling up the DagBag from /opt/airflow/dags/data/customers_200.xlsx
[2025-12-22T14:45:23.410+0000] {processor.py:842} WARNING - No viable dags retrieved from /opt/airflow/dags/data/customers_200.xlsx
[2025-12-22T14:45:23.420+0000] {processor.py:183} INFO - Processing /opt/airflow/dags/data/customers_200.xlsx took 0.029 seconds
[2025-12-22T14:45:53.936+0000] {processor.py:161} INFO - Started process (PID=210) to work on /opt/airflow/dags/data/customers_200.xlsx
[2025-12-22T14:45:53.938+0000] {processor.py:830} INFO - Processing file /opt/airflow/dags/data/customers_200.xlsx for tasks to queue
[2025-12-22T14:45:53.940+0000] {logging_mixin.py:188} INFO - [2025-12-22T14:45:53.939+0000] {dagbag.py:538} INFO - Filling up the DagBag from /opt/airflow/dags/data/customers_200.xlsx
[2025-12-22T14:45:53.968+0000] {processor.py:842} WARNING - No viable dags retrieved from /opt/airflow/dags/data/customers_200.xlsx
[2025-12-22T14:45:53.978+0000] {processor.py:183} INFO - Processing /opt/airflow/dags/data/customers_200.xlsx took 0.045 seconds
[2025-12-22T14:46:24.507+0000] {processor.py:161} INFO - Started process (PID=216) to work on /opt/airflow/dags/data/customers_200.xlsx
[2025-12-22T14:46:24.509+0000] {processor.py:830} INFO - Processing file /opt/airflow/dags/data/customers_200.xlsx for tasks to queue
[2025-12-22T14:46:24.511+0000] {logging_mixin.py:188} INFO - [2025-12-22T14:46:24.510+0000] {dagbag.py:538} INFO - Filling up the DagBag from /opt/airflow/dags/data/customers_200.xlsx
[2025-12-22T14:46:24.542+0000] {processor.py:842} WARNING - No viable dags retrieved from /opt/airflow/dags/data/customers_200.xlsx
[2025-12-22T14:46:24.555+0000] {processor.py:183} INFO - Processing /opt/airflow/dags/data/customers_200.xlsx took 0.051 seconds
[2025-12-22T14:46:54.901+0000] {processor.py:161} INFO - Started process (PID=222) to work on /opt/airflow/dags/data/customers_200.xlsx
[2025-12-22T14:46:54.903+0000] {processor.py:830} INFO - Processing file /opt/airflow/dags/data/customers_200.xlsx for tasks to queue
[2025-12-22T14:46:54.904+0000] {logging_mixin.py:188} INFO - [2025-12-22T14:46:54.904+0000] {dagbag.py:538} INFO - Filling up the DagBag from /opt/airflow/dags/data/customers_200.xlsx
[2025-12-22T14:46:54.914+0000] {processor.py:842} WARNING - No viable dags retrieved from /opt/airflow/dags/data/customers_200.xlsx
[2025-12-22T14:46:54.923+0000] {processor.py:183} INFO - Processing /opt/airflow/dags/data/customers_200.xlsx took 0.024 seconds
[2025-12-22T14:47:25.453+0000] {processor.py:161} INFO - Started process (PID=228) to work on /opt/airflow/dags/data/customers_200.xlsx
[2025-12-22T14:47:25.455+0000] {processor.py:830} INFO - Processing file /opt/airflow/dags/data/customers_200.xlsx for tasks to queue
[2025-12-22T14:47:25.456+0000] {logging_mixin.py:188} INFO - [2025-12-22T14:47:25.456+0000] {dagbag.py:538} INFO - Filling up the DagBag from /opt/airflow/dags/data/customers_200.xlsx
[2025-12-22T14:47:25.479+0000] {processor.py:842} WARNING - No viable dags retrieved from /opt/airflow/dags/data/customers_200.xlsx
[2025-12-22T14:47:25.490+0000] {processor.py:183} INFO - Processing /opt/airflow/dags/data/customers_200.xlsx took 0.041 seconds
[2025-12-22T14:47:55.998+0000] {processor.py:161} INFO - Started process (PID=234) to work on /opt/airflow/dags/data/customers_200.xlsx
[2025-12-22T14:47:56.000+0000] {processor.py:830} INFO - Processing file /opt/airflow/dags/data/customers_200.xlsx for tasks to queue
[2025-12-22T14:47:56.001+0000] {logging_mixin.py:188} INFO - [2025-12-22T14:47:56.000+0000] {dagbag.py:538} INFO - Filling up the DagBag from /opt/airflow/dags/data/customers_200.xlsx
[2025-12-22T14:47:56.018+0000] {processor.py:842} WARNING - No viable dags retrieved from /opt/airflow/dags/data/customers_200.xlsx
[2025-12-22T14:47:56.029+0000] {processor.py:183} INFO - Processing /opt/airflow/dags/data/customers_200.xlsx took 0.034 seconds
[2025-12-22T14:48:26.702+0000] {processor.py:161} INFO - Started process (PID=240) to work on /opt/airflow/dags/data/customers_200.xlsx
[2025-12-22T14:48:26.704+0000] {processor.py:830} INFO - Processing file /opt/airflow/dags/data/customers_200.xlsx for tasks to queue
[2025-12-22T14:48:26.705+0000] {logging_mixin.py:188} INFO - [2025-12-22T14:48:26.705+0000] {dagbag.py:538} INFO - Filling up the DagBag from /opt/airflow/dags/data/customers_200.xlsx
[2025-12-22T14:48:26.731+0000] {processor.py:842} WARNING - No viable dags retrieved from /opt/airflow/dags/data/customers_200.xlsx
[2025-12-22T14:48:26.744+0000] {processor.py:183} INFO - Processing /opt/airflow/dags/data/customers_200.xlsx took 0.045 seconds
[2025-12-22T14:48:57.240+0000] {processor.py:161} INFO - Started process (PID=246) to work on /opt/airflow/dags/data/customers_200.xlsx
[2025-12-22T14:48:57.242+0000] {processor.py:830} INFO - Processing file /opt/airflow/dags/data/customers_200.xlsx for tasks to queue
[2025-12-22T14:48:57.244+0000] {logging_mixin.py:188} INFO - [2025-12-22T14:48:57.243+0000] {dagbag.py:538} INFO - Filling up the DagBag from /opt/airflow/dags/data/customers_200.xlsx
[2025-12-22T14:48:57.268+0000] {processor.py:842} WARNING - No viable dags retrieved from /opt/airflow/dags/data/customers_200.xlsx
[2025-12-22T14:48:57.280+0000] {processor.py:183} INFO - Processing /opt/airflow/dags/data/customers_200.xlsx took 0.042 seconds
[2025-12-22T14:49:27.691+0000] {processor.py:161} INFO - Started process (PID=252) to work on /opt/airflow/dags/data/customers_200.xlsx
[2025-12-22T14:49:27.692+0000] {processor.py:830} INFO - Processing file /opt/airflow/dags/data/customers_200.xlsx for tasks to queue
[2025-12-22T14:49:27.694+0000] {logging_mixin.py:188} INFO - [2025-12-22T14:49:27.694+0000] {dagbag.py:538} INFO - Filling up the DagBag from /opt/airflow/dags/data/customers_200.xlsx
[2025-12-22T14:49:27.722+0000] {processor.py:842} WARNING - No viable dags retrieved from /opt/airflow/dags/data/customers_200.xlsx
[2025-12-22T14:49:27.740+0000] {processor.py:183} INFO - Processing /opt/airflow/dags/data/customers_200.xlsx took 0.052 seconds
[2025-12-22T14:49:58.262+0000] {processor.py:161} INFO - Started process (PID=258) to work on /opt/airflow/dags/data/customers_200.xlsx
[2025-12-22T14:49:58.263+0000] {processor.py:830} INFO - Processing file /opt/airflow/dags/data/customers_200.xlsx for tasks to queue
[2025-12-22T14:49:58.265+0000] {logging_mixin.py:188} INFO - [2025-12-22T14:49:58.264+0000] {dagbag.py:538} INFO - Filling up the DagBag from /opt/airflow/dags/data/customers_200.xlsx
[2025-12-22T14:49:58.295+0000] {processor.py:842} WARNING - No viable dags retrieved from /opt/airflow/dags/data/customers_200.xlsx
[2025-12-22T14:49:58.306+0000] {processor.py:183} INFO - Processing /opt/airflow/dags/data/customers_200.xlsx took 0.047 seconds
[2025-12-22T14:50:28.964+0000] {processor.py:161} INFO - Started process (PID=264) to work on /opt/airflow/dags/data/customers_200.xlsx
[2025-12-22T14:50:28.966+0000] {processor.py:830} INFO - Processing file /opt/airflow/dags/data/customers_200.xlsx for tasks to queue
[2025-12-22T14:50:28.969+0000] {logging_mixin.py:188} INFO - [2025-12-22T14:50:28.968+0000] {dagbag.py:538} INFO - Filling up the DagBag from /opt/airflow/dags/data/customers_200.xlsx
[2025-12-22T14:50:29.005+0000] {processor.py:842} WARNING - No viable dags retrieved from /opt/airflow/dags/data/customers_200.xlsx
[2025-12-22T14:50:29.031+0000] {processor.py:183} INFO - Processing /opt/airflow/dags/data/customers_200.xlsx took 0.072 seconds
[2025-12-22T14:50:59.475+0000] {processor.py:161} INFO - Started process (PID=270) to work on /opt/airflow/dags/data/customers_200.xlsx
[2025-12-22T14:50:59.476+0000] {processor.py:830} INFO - Processing file /opt/airflow/dags/data/customers_200.xlsx for tasks to queue
[2025-12-22T14:50:59.478+0000] {logging_mixin.py:188} INFO - [2025-12-22T14:50:59.477+0000] {dagbag.py:538} INFO - Filling up the DagBag from /opt/airflow/dags/data/customers_200.xlsx
[2025-12-22T14:50:59.489+0000] {processor.py:842} WARNING - No viable dags retrieved from /opt/airflow/dags/data/customers_200.xlsx
[2025-12-22T14:50:59.500+0000] {processor.py:183} INFO - Processing /opt/airflow/dags/data/customers_200.xlsx took 0.028 seconds
[2025-12-22T14:51:30.004+0000] {processor.py:161} INFO - Started process (PID=276) to work on /opt/airflow/dags/data/customers_200.xlsx
[2025-12-22T14:51:30.010+0000] {processor.py:830} INFO - Processing file /opt/airflow/dags/data/customers_200.xlsx for tasks to queue
[2025-12-22T14:51:30.016+0000] {logging_mixin.py:188} INFO - [2025-12-22T14:51:30.014+0000] {dagbag.py:538} INFO - Filling up the DagBag from /opt/airflow/dags/data/customers_200.xlsx
[2025-12-22T14:51:30.063+0000] {processor.py:842} WARNING - No viable dags retrieved from /opt/airflow/dags/data/customers_200.xlsx
[2025-12-22T14:51:30.076+0000] {processor.py:183} INFO - Processing /opt/airflow/dags/data/customers_200.xlsx took 0.079 seconds
[2025-12-22T14:52:00.337+0000] {processor.py:161} INFO - Started process (PID=282) to work on /opt/airflow/dags/data/customers_200.xlsx
[2025-12-22T14:52:00.339+0000] {processor.py:830} INFO - Processing file /opt/airflow/dags/data/customers_200.xlsx for tasks to queue
[2025-12-22T14:52:00.340+0000] {logging_mixin.py:188} INFO - [2025-12-22T14:52:00.340+0000] {dagbag.py:538} INFO - Filling up the DagBag from /opt/airflow/dags/data/customers_200.xlsx
[2025-12-22T14:52:00.353+0000] {processor.py:842} WARNING - No viable dags retrieved from /opt/airflow/dags/data/customers_200.xlsx
[2025-12-22T14:52:00.364+0000] {processor.py:183} INFO - Processing /opt/airflow/dags/data/customers_200.xlsx took 0.030 seconds
