[2025-12-24T15:53:37.288+0000] {taskinstance.py:1956} INFO - Dependencies all met for dep_context=non-requeueable deps ti=<TaskInstance: amazon_transform_dag.wait_for_etl_pipeline manual__2025-12-24T15:53:35.967637+00:00 [queued]>
[2025-12-24T15:53:37.302+0000] {taskinstance.py:1956} INFO - Dependencies all met for dep_context=requeueable deps ti=<TaskInstance: amazon_transform_dag.wait_for_etl_pipeline manual__2025-12-24T15:53:35.967637+00:00 [queued]>
[2025-12-24T15:53:37.303+0000] {taskinstance.py:2170} INFO - Starting attempt 1 of 4
[2025-12-24T15:53:37.329+0000] {taskinstance.py:2191} INFO - Executing <Task(ExternalTaskSensor): wait_for_etl_pipeline> on 2025-12-24 15:53:35.967637+00:00
[2025-12-24T15:53:37.335+0000] {standard_task_runner.py:60} INFO - Started process 2819 to run task
[2025-12-24T15:53:37.342+0000] {standard_task_runner.py:87} INFO - Running: ['***', 'tasks', 'run', 'amazon_transform_dag', 'wait_for_etl_pipeline', 'manual__2025-12-24T15:53:35.967637+00:00', '--job-id', '29', '--raw', '--subdir', 'DAGS_FOLDER/transform_dag.py', '--cfg-path', '/tmp/tmpk3qhcaln']
[2025-12-24T15:53:37.345+0000] {standard_task_runner.py:88} INFO - Job 29: Subtask wait_for_etl_pipeline
[2025-12-24T15:53:37.379+0000] {logging_mixin.py:188} WARNING - /home/***/.local/lib/python3.8/site-packages/***/settings.py:194 DeprecationWarning: The sql_alchemy_conn option in [core] has been moved to the sql_alchemy_conn option in [database] - the old setting has been used, but please update your config.
[2025-12-24T15:53:37.459+0000] {task_command.py:423} INFO - Running <TaskInstance: amazon_transform_dag.wait_for_etl_pipeline manual__2025-12-24T15:53:35.967637+00:00 [running]> on host 01fa5def2fdb
[2025-12-24T15:53:37.588+0000] {taskinstance.py:2480} INFO - Exporting env vars: AIRFLOW_CTX_DAG_OWNER='***' AIRFLOW_CTX_DAG_ID='amazon_transform_dag' AIRFLOW_CTX_TASK_ID='wait_for_etl_pipeline' AIRFLOW_CTX_EXECUTION_DATE='2025-12-24T15:53:35.967637+00:00' AIRFLOW_CTX_TRY_NUMBER='1' AIRFLOW_CTX_DAG_RUN_ID='manual__2025-12-24T15:53:35.967637+00:00'
[2025-12-24T15:53:37.590+0000] {external_task.py:244} INFO - Poking for tasks ['validation_task'] in dag etl_pipeline_dag on 2025-12-24T15:53:35.967637+00:00 ... 
[2025-12-24T15:54:37.662+0000] {external_task.py:244} INFO - Poking for tasks ['validation_task'] in dag etl_pipeline_dag on 2025-12-24T15:53:35.967637+00:00 ... 
[2025-12-24T15:55:37.738+0000] {external_task.py:244} INFO - Poking for tasks ['validation_task'] in dag etl_pipeline_dag on 2025-12-24T15:53:35.967637+00:00 ... 
[2025-12-24T15:56:37.767+0000] {external_task.py:244} INFO - Poking for tasks ['validation_task'] in dag etl_pipeline_dag on 2025-12-24T15:53:35.967637+00:00 ... 
[2025-12-24T15:57:37.792+0000] {external_task.py:244} INFO - Poking for tasks ['validation_task'] in dag etl_pipeline_dag on 2025-12-24T15:53:35.967637+00:00 ... 
[2025-12-24T15:58:37.853+0000] {external_task.py:244} INFO - Poking for tasks ['validation_task'] in dag etl_pipeline_dag on 2025-12-24T15:53:35.967637+00:00 ... 
[2025-12-24T15:59:37.907+0000] {external_task.py:244} INFO - Poking for tasks ['validation_task'] in dag etl_pipeline_dag on 2025-12-24T15:53:35.967637+00:00 ... 
[2025-12-24T16:00:37.974+0000] {external_task.py:244} INFO - Poking for tasks ['validation_task'] in dag etl_pipeline_dag on 2025-12-24T15:53:35.967637+00:00 ... 
[2025-12-24T16:01:38.046+0000] {external_task.py:244} INFO - Poking for tasks ['validation_task'] in dag etl_pipeline_dag on 2025-12-24T15:53:35.967637+00:00 ... 
[2025-12-24T16:02:38.110+0000] {external_task.py:244} INFO - Poking for tasks ['validation_task'] in dag etl_pipeline_dag on 2025-12-24T15:53:35.967637+00:00 ... 
[2025-12-24T16:03:38.154+0000] {external_task.py:244} INFO - Poking for tasks ['validation_task'] in dag etl_pipeline_dag on 2025-12-24T15:53:35.967637+00:00 ... 
[2025-12-24T16:03:38.170+0000] {taskinstance.py:2698} ERROR - Task failed with exception
Traceback (most recent call last):
  File "/home/airflow/.local/lib/python3.8/site-packages/airflow/models/taskinstance.py", line 433, in _execute_task
    result = execute_callable(context=context, **execute_callable_kwargs)
  File "/home/airflow/.local/lib/python3.8/site-packages/airflow/sensors/external_task.py", line 334, in execute
    super().execute(context)
  File "/home/airflow/.local/lib/python3.8/site-packages/airflow/sensors/base.py", line 282, in execute
    raise AirflowSensorTimeout(message)
airflow.exceptions.AirflowSensorTimeout: Sensor has timed out; run duration of 600.6300609320006 seconds exceeds the specified timeout of 600.0.
[2025-12-24T16:03:38.187+0000] {taskinstance.py:1138} INFO - Immediate failure requested. Marking task as FAILED. dag_id=amazon_transform_dag, task_id=wait_for_etl_pipeline, execution_date=20251224T155335, start_date=20251224T155337, end_date=20251224T160338
[2025-12-24T16:03:38.222+0000] {standard_task_runner.py:107} ERROR - Failed to execute job 29 for task wait_for_etl_pipeline (Sensor has timed out; run duration of 600.6300609320006 seconds exceeds the specified timeout of 600.0.; 2819)
[2025-12-24T16:03:38.236+0000] {local_task_job_runner.py:234} INFO - Task exited with return code 1
[2025-12-24T16:03:38.280+0000] {taskinstance.py:3280} INFO - 0 downstream tasks scheduled from follow-on schedule check
