[2025-12-14T15:45:58.259+0000] {taskinstance.py:1956} INFO - Dependencies all met for dep_context=non-requeueable deps ti=<TaskInstance: etl_pipeline_dag.transform_data scheduled__2025-12-13T00:00:00+00:00 [queued]>
[2025-12-14T15:45:58.265+0000] {taskinstance.py:1956} INFO - Dependencies all met for dep_context=requeueable deps ti=<TaskInstance: etl_pipeline_dag.transform_data scheduled__2025-12-13T00:00:00+00:00 [queued]>
[2025-12-14T15:45:58.266+0000] {taskinstance.py:2170} INFO - Starting attempt 1 of 1
[2025-12-14T15:45:58.281+0000] {taskinstance.py:2191} INFO - Executing <Task(PythonOperator): transform_data> on 2025-12-13 00:00:00+00:00
[2025-12-14T15:45:58.287+0000] {standard_task_runner.py:60} INFO - Started process 142 to run task
[2025-12-14T15:45:58.292+0000] {standard_task_runner.py:87} INFO - Running: ['airflow', 'tasks', 'run', 'etl_pipeline_dag', 'transform_data', 'scheduled__2025-12-13T00:00:00+00:00', '--job-id', '5', '--raw', '--subdir', 'DAGS_FOLDER/etl_pipeline_dag.py', '--cfg-path', '/tmp/tmpcx8byemg']
[2025-12-14T15:45:58.295+0000] {standard_task_runner.py:88} INFO - Job 5: Subtask transform_data
[2025-12-14T15:45:58.405+0000] {task_command.py:423} INFO - Running <TaskInstance: etl_pipeline_dag.transform_data scheduled__2025-12-13T00:00:00+00:00 [running]> on host de35fa4e3835
[2025-12-14T15:45:58.474+0000] {taskinstance.py:2480} INFO - Exporting env vars: AIRFLOW_CTX_DAG_OWNER='airflow' AIRFLOW_CTX_DAG_ID='etl_pipeline_dag' AIRFLOW_CTX_TASK_ID='transform_data' AIRFLOW_CTX_EXECUTION_DATE='2025-12-13T00:00:00+00:00' AIRFLOW_CTX_TRY_NUMBER='1' AIRFLOW_CTX_DAG_RUN_ID='scheduled__2025-12-13T00:00:00+00:00'
[2025-12-14T15:45:58.477+0000] {logging_mixin.py:188} INFO - Transforming data...
[2025-12-14T15:45:58.478+0000] {python.py:201} INFO - Done. Returned value was: ['Alice,26', 'Bob,31']
[2025-12-14T15:45:58.495+0000] {taskinstance.py:1138} INFO - Marking task as SUCCESS. dag_id=etl_pipeline_dag, task_id=transform_data, execution_date=20251213T000000, start_date=20251214T154558, end_date=20251214T154558
[2025-12-14T15:45:58.547+0000] {local_task_job_runner.py:234} INFO - Task exited with return code 0
[2025-12-14T15:45:58.566+0000] {taskinstance.py:3280} INFO - 1 downstream tasks scheduled from follow-on schedule check
[2025-12-14T16:49:39.342+0000] {taskinstance.py:1956} INFO - Dependencies all met for dep_context=non-requeueable deps ti=<TaskInstance: etl_pipeline_dag.transform_data scheduled__2025-12-13T00:00:00+00:00 [queued]>
[2025-12-14T16:49:39.349+0000] {taskinstance.py:1956} INFO - Dependencies all met for dep_context=requeueable deps ti=<TaskInstance: etl_pipeline_dag.transform_data scheduled__2025-12-13T00:00:00+00:00 [queued]>
[2025-12-14T16:49:39.350+0000] {taskinstance.py:2170} INFO - Starting attempt 1 of 1
[2025-12-14T16:49:39.364+0000] {taskinstance.py:2191} INFO - Executing <Task(PythonOperator): transform_data> on 2025-12-13 00:00:00+00:00
[2025-12-14T16:49:39.369+0000] {standard_task_runner.py:60} INFO - Started process 169 to run task
[2025-12-14T16:49:39.374+0000] {standard_task_runner.py:87} INFO - Running: ['airflow', 'tasks', 'run', 'etl_pipeline_dag', 'transform_data', 'scheduled__2025-12-13T00:00:00+00:00', '--job-id', '5', '--raw', '--subdir', 'DAGS_FOLDER/etl_pipeline_dag.py', '--cfg-path', '/tmp/tmpxxlb0jt2']
[2025-12-14T16:49:39.377+0000] {standard_task_runner.py:88} INFO - Job 5: Subtask transform_data
[2025-12-14T16:49:39.448+0000] {task_command.py:423} INFO - Running <TaskInstance: etl_pipeline_dag.transform_data scheduled__2025-12-13T00:00:00+00:00 [running]> on host f4643585deea
[2025-12-14T16:49:39.510+0000] {taskinstance.py:2480} INFO - Exporting env vars: AIRFLOW_CTX_DAG_OWNER='airflow' AIRFLOW_CTX_DAG_ID='etl_pipeline_dag' AIRFLOW_CTX_TASK_ID='transform_data' AIRFLOW_CTX_EXECUTION_DATE='2025-12-13T00:00:00+00:00' AIRFLOW_CTX_TRY_NUMBER='1' AIRFLOW_CTX_DAG_RUN_ID='scheduled__2025-12-13T00:00:00+00:00'
[2025-12-14T16:49:39.512+0000] {logging_mixin.py:188} INFO - Transforming data...
[2025-12-14T16:49:39.513+0000] {python.py:201} INFO - Done. Returned value was: ['Alice,26', 'Bob,31']
[2025-12-14T16:49:39.531+0000] {taskinstance.py:1138} INFO - Marking task as SUCCESS. dag_id=etl_pipeline_dag, task_id=transform_data, execution_date=20251213T000000, start_date=20251214T164939, end_date=20251214T164939
[2025-12-14T16:49:39.587+0000] {local_task_job_runner.py:234} INFO - Task exited with return code 0
[2025-12-14T16:49:39.607+0000] {taskinstance.py:3280} INFO - 1 downstream tasks scheduled from follow-on schedule check
