[2025-12-30T13:34:16.536+0000] {taskinstance.py:1956} INFO - Dependencies all met for dep_context=non-requeueable deps ti=<TaskInstance: amazon_transform_dag.wait_for_etl_pipeline scheduled__2025-12-25T00:00:00+00:00 [queued]>
[2025-12-30T13:34:16.546+0000] {taskinstance.py:1956} INFO - Dependencies all met for dep_context=requeueable deps ti=<TaskInstance: amazon_transform_dag.wait_for_etl_pipeline scheduled__2025-12-25T00:00:00+00:00 [queued]>
[2025-12-30T13:34:16.547+0000] {taskinstance.py:2170} INFO - Starting attempt 2 of 4
[2025-12-30T13:34:16.568+0000] {taskinstance.py:2191} INFO - Executing <Task(ExternalTaskSensor): wait_for_etl_pipeline> on 2025-12-25 00:00:00+00:00
[2025-12-30T13:34:16.575+0000] {standard_task_runner.py:60} INFO - Started process 2664 to run task
[2025-12-30T13:34:16.582+0000] {standard_task_runner.py:87} INFO - Running: ['***', 'tasks', 'run', 'amazon_transform_dag', 'wait_for_etl_pipeline', 'scheduled__2025-12-25T00:00:00+00:00', '--job-id', '69', '--raw', '--subdir', 'DAGS_FOLDER/transform_dag.py', '--cfg-path', '/tmp/tmp9yu4ot9f']
[2025-12-30T13:34:16.585+0000] {standard_task_runner.py:88} INFO - Job 69: Subtask wait_for_etl_pipeline
[2025-12-30T13:34:16.677+0000] {task_command.py:423} INFO - Running <TaskInstance: amazon_transform_dag.wait_for_etl_pipeline scheduled__2025-12-25T00:00:00+00:00 [running]> on host c7a5381c7507
[2025-12-30T13:34:16.776+0000] {taskinstance.py:2480} INFO - Exporting env vars: AIRFLOW_CTX_DAG_OWNER='***' AIRFLOW_CTX_DAG_ID='amazon_transform_dag' AIRFLOW_CTX_TASK_ID='wait_for_etl_pipeline' AIRFLOW_CTX_EXECUTION_DATE='2025-12-25T00:00:00+00:00' AIRFLOW_CTX_TRY_NUMBER='2' AIRFLOW_CTX_DAG_RUN_ID='scheduled__2025-12-25T00:00:00+00:00'
[2025-12-30T13:34:16.778+0000] {external_task.py:244} INFO - Poking for tasks ['validation_task'] in dag etl_pipeline_dag on 2025-12-25T00:00:00+00:00 ... 
[2025-12-30T13:35:16.836+0000] {external_task.py:244} INFO - Poking for tasks ['validation_task'] in dag etl_pipeline_dag on 2025-12-25T00:00:00+00:00 ... 
[2025-12-30T13:36:16.898+0000] {external_task.py:244} INFO - Poking for tasks ['validation_task'] in dag etl_pipeline_dag on 2025-12-25T00:00:00+00:00 ... 
[2025-12-30T13:37:16.917+0000] {external_task.py:244} INFO - Poking for tasks ['validation_task'] in dag etl_pipeline_dag on 2025-12-25T00:00:00+00:00 ... 
[2025-12-30T13:38:16.964+0000] {external_task.py:244} INFO - Poking for tasks ['validation_task'] in dag etl_pipeline_dag on 2025-12-25T00:00:00+00:00 ... 
[2025-12-30T13:39:17.032+0000] {external_task.py:244} INFO - Poking for tasks ['validation_task'] in dag etl_pipeline_dag on 2025-12-25T00:00:00+00:00 ... 
[2025-12-30T13:40:17.101+0000] {external_task.py:244} INFO - Poking for tasks ['validation_task'] in dag etl_pipeline_dag on 2025-12-25T00:00:00+00:00 ... 
[2025-12-30T13:41:17.147+0000] {external_task.py:244} INFO - Poking for tasks ['validation_task'] in dag etl_pipeline_dag on 2025-12-25T00:00:00+00:00 ... 
[2025-12-30T13:42:17.191+0000] {external_task.py:244} INFO - Poking for tasks ['validation_task'] in dag etl_pipeline_dag on 2025-12-25T00:00:00+00:00 ... 
[2025-12-30T13:43:17.256+0000] {external_task.py:244} INFO - Poking for tasks ['validation_task'] in dag etl_pipeline_dag on 2025-12-25T00:00:00+00:00 ... 
[2025-12-30T13:44:17.322+0000] {external_task.py:244} INFO - Poking for tasks ['validation_task'] in dag etl_pipeline_dag on 2025-12-25T00:00:00+00:00 ... 
[2025-12-30T13:44:17.334+0000] {taskinstance.py:2698} ERROR - Task failed with exception
Traceback (most recent call last):
  File "/home/airflow/.local/lib/python3.8/site-packages/airflow/models/taskinstance.py", line 433, in _execute_task
    result = execute_callable(context=context, **execute_callable_kwargs)
  File "/home/airflow/.local/lib/python3.8/site-packages/airflow/sensors/external_task.py", line 334, in execute
    super().execute(context)
  File "/home/airflow/.local/lib/python3.8/site-packages/airflow/sensors/base.py", line 282, in execute
    raise AirflowSensorTimeout(message)
airflow.exceptions.AirflowSensorTimeout: Sensor has timed out; run duration of 600.6036518450001 seconds exceeds the specified timeout of 600.0.
[2025-12-30T13:44:17.344+0000] {taskinstance.py:1138} INFO - Immediate failure requested. Marking task as FAILED. dag_id=amazon_transform_dag, task_id=wait_for_etl_pipeline, execution_date=20251225T000000, start_date=20251230T133416, end_date=20251230T134417
[2025-12-30T13:44:17.374+0000] {standard_task_runner.py:107} ERROR - Failed to execute job 69 for task wait_for_etl_pipeline (Sensor has timed out; run duration of 600.6036518450001 seconds exceeds the specified timeout of 600.0.; 2664)
[2025-12-30T13:44:17.396+0000] {local_task_job_runner.py:234} INFO - Task exited with return code 1
[2025-12-30T13:44:17.457+0000] {taskinstance.py:3280} INFO - 0 downstream tasks scheduled from follow-on schedule check
