[2026-01-02T14:32:31.631+0000] {taskinstance.py:1956} INFO - Dependencies all met for dep_context=non-requeueable deps ti=<TaskInstance: amazon_transform_dag.wait_for_etl_pipeline scheduled__2026-01-01T00:00:00+00:00 [queued]>
[2026-01-02T14:32:31.652+0000] {taskinstance.py:1956} INFO - Dependencies all met for dep_context=requeueable deps ti=<TaskInstance: amazon_transform_dag.wait_for_etl_pipeline scheduled__2026-01-01T00:00:00+00:00 [queued]>
[2026-01-02T14:32:31.653+0000] {taskinstance.py:2170} INFO - Starting attempt 1 of 4
[2026-01-02T14:32:31.682+0000] {taskinstance.py:2191} INFO - Executing <Task(ExternalTaskSensor): wait_for_etl_pipeline> on 2026-01-01 00:00:00+00:00
[2026-01-02T14:32:31.690+0000] {standard_task_runner.py:60} INFO - Started process 194 to run task
[2026-01-02T14:32:31.694+0000] {standard_task_runner.py:87} INFO - Running: ['***', 'tasks', 'run', 'amazon_transform_dag', 'wait_for_etl_pipeline', 'scheduled__2026-01-01T00:00:00+00:00', '--job-id', '74', '--raw', '--subdir', 'DAGS_FOLDER/transform_dag.py', '--cfg-path', '/tmp/tmpv35tz0lq']
[2026-01-02T14:32:31.697+0000] {standard_task_runner.py:88} INFO - Job 74: Subtask wait_for_etl_pipeline
[2026-01-02T14:32:31.800+0000] {task_command.py:423} INFO - Running <TaskInstance: amazon_transform_dag.wait_for_etl_pipeline scheduled__2026-01-01T00:00:00+00:00 [running]> on host c7a5381c7507
[2026-01-02T14:32:31.936+0000] {taskinstance.py:2480} INFO - Exporting env vars: AIRFLOW_CTX_DAG_OWNER='***' AIRFLOW_CTX_DAG_ID='amazon_transform_dag' AIRFLOW_CTX_TASK_ID='wait_for_etl_pipeline' AIRFLOW_CTX_EXECUTION_DATE='2026-01-01T00:00:00+00:00' AIRFLOW_CTX_TRY_NUMBER='1' AIRFLOW_CTX_DAG_RUN_ID='scheduled__2026-01-01T00:00:00+00:00'
[2026-01-02T14:32:31.938+0000] {external_task.py:244} INFO - Poking for tasks ['validation_task'] in dag etl_pipeline_dag on 2026-01-01T00:00:00+00:00 ... 
[2026-01-02T14:33:32.010+0000] {external_task.py:244} INFO - Poking for tasks ['validation_task'] in dag etl_pipeline_dag on 2026-01-01T00:00:00+00:00 ... 
[2026-01-02T14:34:32.023+0000] {external_task.py:244} INFO - Poking for tasks ['validation_task'] in dag etl_pipeline_dag on 2026-01-01T00:00:00+00:00 ... 
[2026-01-02T14:35:32.038+0000] {external_task.py:244} INFO - Poking for tasks ['validation_task'] in dag etl_pipeline_dag on 2026-01-01T00:00:00+00:00 ... 
[2026-01-02T14:36:32.105+0000] {external_task.py:244} INFO - Poking for tasks ['validation_task'] in dag etl_pipeline_dag on 2026-01-01T00:00:00+00:00 ... 
[2026-01-02T14:37:32.154+0000] {external_task.py:244} INFO - Poking for tasks ['validation_task'] in dag etl_pipeline_dag on 2026-01-01T00:00:00+00:00 ... 
[2026-01-02T14:38:32.217+0000] {external_task.py:244} INFO - Poking for tasks ['validation_task'] in dag etl_pipeline_dag on 2026-01-01T00:00:00+00:00 ... 
[2026-01-02T14:39:32.248+0000] {external_task.py:244} INFO - Poking for tasks ['validation_task'] in dag etl_pipeline_dag on 2026-01-01T00:00:00+00:00 ... 
[2026-01-02T14:40:32.320+0000] {external_task.py:244} INFO - Poking for tasks ['validation_task'] in dag etl_pipeline_dag on 2026-01-01T00:00:00+00:00 ... 
[2026-01-02T14:41:32.343+0000] {external_task.py:244} INFO - Poking for tasks ['validation_task'] in dag etl_pipeline_dag on 2026-01-01T00:00:00+00:00 ... 
[2026-01-02T14:42:32.408+0000] {external_task.py:244} INFO - Poking for tasks ['validation_task'] in dag etl_pipeline_dag on 2026-01-01T00:00:00+00:00 ... 
[2026-01-02T14:42:32.421+0000] {taskinstance.py:2698} ERROR - Task failed with exception
Traceback (most recent call last):
  File "/home/airflow/.local/lib/python3.8/site-packages/airflow/models/taskinstance.py", line 433, in _execute_task
    result = execute_callable(context=context, **execute_callable_kwargs)
  File "/home/airflow/.local/lib/python3.8/site-packages/airflow/sensors/external_task.py", line 334, in execute
    super().execute(context)
  File "/home/airflow/.local/lib/python3.8/site-packages/airflow/sensors/base.py", line 282, in execute
    raise AirflowSensorTimeout(message)
airflow.exceptions.AirflowSensorTimeout: Sensor has timed out; run duration of 600.5243090089999 seconds exceeds the specified timeout of 600.0.
[2026-01-02T14:42:32.435+0000] {taskinstance.py:1138} INFO - Immediate failure requested. Marking task as FAILED. dag_id=amazon_transform_dag, task_id=wait_for_etl_pipeline, execution_date=20260101T000000, start_date=20260102T143231, end_date=20260102T144232
[2026-01-02T14:42:32.461+0000] {standard_task_runner.py:107} ERROR - Failed to execute job 74 for task wait_for_etl_pipeline (Sensor has timed out; run duration of 600.5243090089999 seconds exceeds the specified timeout of 600.0.; 194)
[2026-01-02T14:42:32.496+0000] {local_task_job_runner.py:234} INFO - Task exited with return code 1
[2026-01-02T14:42:32.528+0000] {taskinstance.py:3280} INFO - 0 downstream tasks scheduled from follow-on schedule check
