[2026-01-02T14:32:31.635+0000] {taskinstance.py:1956} INFO - Dependencies all met for dep_context=non-requeueable deps ti=<TaskInstance: amazon_transform_dag.wait_for_etl_pipeline scheduled__2025-12-30T00:00:00+00:00 [queued]>
[2026-01-02T14:32:31.654+0000] {taskinstance.py:1956} INFO - Dependencies all met for dep_context=requeueable deps ti=<TaskInstance: amazon_transform_dag.wait_for_etl_pipeline scheduled__2025-12-30T00:00:00+00:00 [queued]>
[2026-01-02T14:32:31.656+0000] {taskinstance.py:2170} INFO - Starting attempt 1 of 4
[2026-01-02T14:32:31.681+0000] {taskinstance.py:2191} INFO - Executing <Task(ExternalTaskSensor): wait_for_etl_pipeline> on 2025-12-30 00:00:00+00:00
[2026-01-02T14:32:31.688+0000] {standard_task_runner.py:60} INFO - Started process 193 to run task
[2026-01-02T14:32:31.692+0000] {standard_task_runner.py:87} INFO - Running: ['***', 'tasks', 'run', 'amazon_transform_dag', 'wait_for_etl_pipeline', 'scheduled__2025-12-30T00:00:00+00:00', '--job-id', '73', '--raw', '--subdir', 'DAGS_FOLDER/transform_dag.py', '--cfg-path', '/tmp/tmpxm20a_cw']
[2026-01-02T14:32:31.695+0000] {standard_task_runner.py:88} INFO - Job 73: Subtask wait_for_etl_pipeline
[2026-01-02T14:32:31.800+0000] {task_command.py:423} INFO - Running <TaskInstance: amazon_transform_dag.wait_for_etl_pipeline scheduled__2025-12-30T00:00:00+00:00 [running]> on host c7a5381c7507
[2026-01-02T14:32:31.935+0000] {taskinstance.py:2480} INFO - Exporting env vars: AIRFLOW_CTX_DAG_OWNER='***' AIRFLOW_CTX_DAG_ID='amazon_transform_dag' AIRFLOW_CTX_TASK_ID='wait_for_etl_pipeline' AIRFLOW_CTX_EXECUTION_DATE='2025-12-30T00:00:00+00:00' AIRFLOW_CTX_TRY_NUMBER='1' AIRFLOW_CTX_DAG_RUN_ID='scheduled__2025-12-30T00:00:00+00:00'
[2026-01-02T14:32:31.937+0000] {external_task.py:244} INFO - Poking for tasks ['validation_task'] in dag etl_pipeline_dag on 2025-12-30T00:00:00+00:00 ... 
[2026-01-02T14:33:31.953+0000] {external_task.py:244} INFO - Poking for tasks ['validation_task'] in dag etl_pipeline_dag on 2025-12-30T00:00:00+00:00 ... 
[2026-01-02T14:34:31.962+0000] {external_task.py:244} INFO - Poking for tasks ['validation_task'] in dag etl_pipeline_dag on 2025-12-30T00:00:00+00:00 ... 
[2026-01-02T14:35:32.010+0000] {external_task.py:244} INFO - Poking for tasks ['validation_task'] in dag etl_pipeline_dag on 2025-12-30T00:00:00+00:00 ... 
[2026-01-02T14:36:32.084+0000] {external_task.py:244} INFO - Poking for tasks ['validation_task'] in dag etl_pipeline_dag on 2025-12-30T00:00:00+00:00 ... 
[2026-01-02T14:37:32.122+0000] {external_task.py:244} INFO - Poking for tasks ['validation_task'] in dag etl_pipeline_dag on 2025-12-30T00:00:00+00:00 ... 
[2026-01-02T14:38:32.157+0000] {external_task.py:244} INFO - Poking for tasks ['validation_task'] in dag etl_pipeline_dag on 2025-12-30T00:00:00+00:00 ... 
[2026-01-02T14:39:32.192+0000] {external_task.py:244} INFO - Poking for tasks ['validation_task'] in dag etl_pipeline_dag on 2025-12-30T00:00:00+00:00 ... 
[2026-01-02T14:40:32.261+0000] {external_task.py:244} INFO - Poking for tasks ['validation_task'] in dag etl_pipeline_dag on 2025-12-30T00:00:00+00:00 ... 
[2026-01-02T14:41:32.279+0000] {external_task.py:244} INFO - Poking for tasks ['validation_task'] in dag etl_pipeline_dag on 2025-12-30T00:00:00+00:00 ... 
[2026-01-02T14:42:32.354+0000] {external_task.py:244} INFO - Poking for tasks ['validation_task'] in dag etl_pipeline_dag on 2025-12-30T00:00:00+00:00 ... 
[2026-01-02T14:42:32.374+0000] {taskinstance.py:2698} ERROR - Task failed with exception
Traceback (most recent call last):
  File "/home/airflow/.local/lib/python3.8/site-packages/airflow/models/taskinstance.py", line 433, in _execute_task
    result = execute_callable(context=context, **execute_callable_kwargs)
  File "/home/airflow/.local/lib/python3.8/site-packages/airflow/sensors/external_task.py", line 334, in execute
    super().execute(context)
  File "/home/airflow/.local/lib/python3.8/site-packages/airflow/sensors/base.py", line 282, in execute
    raise AirflowSensorTimeout(message)
airflow.exceptions.AirflowSensorTimeout: Sensor has timed out; run duration of 600.478984652 seconds exceeds the specified timeout of 600.0.
[2026-01-02T14:42:32.389+0000] {taskinstance.py:1138} INFO - Immediate failure requested. Marking task as FAILED. dag_id=amazon_transform_dag, task_id=wait_for_etl_pipeline, execution_date=20251230T000000, start_date=20260102T143231, end_date=20260102T144232
[2026-01-02T14:42:32.411+0000] {standard_task_runner.py:107} ERROR - Failed to execute job 73 for task wait_for_etl_pipeline (Sensor has timed out; run duration of 600.478984652 seconds exceeds the specified timeout of 600.0.; 193)
[2026-01-02T14:42:32.456+0000] {local_task_job_runner.py:234} INFO - Task exited with return code 1
[2026-01-02T14:42:32.492+0000] {taskinstance.py:3280} INFO - 0 downstream tasks scheduled from follow-on schedule check
