[2025-12-30T13:09:26.048+0000] {taskinstance.py:1956} INFO - Dependencies all met for dep_context=non-requeueable deps ti=<TaskInstance: etl_csv_pipeline.clean_data manual__2025-12-30T13:09:21.488731+00:00 [queued]>
[2025-12-30T13:09:26.058+0000] {taskinstance.py:1956} INFO - Dependencies all met for dep_context=requeueable deps ti=<TaskInstance: etl_csv_pipeline.clean_data manual__2025-12-30T13:09:21.488731+00:00 [queued]>
[2025-12-30T13:09:26.059+0000] {taskinstance.py:2170} INFO - Starting attempt 1 of 1
[2025-12-30T13:09:26.079+0000] {taskinstance.py:2191} INFO - Executing <Task(PythonOperator): clean_data> on 2025-12-30 13:09:21.488731+00:00
[2025-12-30T13:09:26.087+0000] {standard_task_runner.py:60} INFO - Started process 925 to run task
[2025-12-30T13:09:26.093+0000] {standard_task_runner.py:87} INFO - Running: ['***', 'tasks', 'run', 'etl_csv_pipeline', 'clean_data', 'manual__2025-12-30T13:09:21.488731+00:00', '--job-id', '62', '--raw', '--subdir', 'DAGS_FOLDER/etl_pipeline_dag.py', '--cfg-path', '/tmp/tmpoico92ia']
[2025-12-30T13:09:26.098+0000] {standard_task_runner.py:88} INFO - Job 62: Subtask clean_data
[2025-12-30T13:09:26.198+0000] {task_command.py:423} INFO - Running <TaskInstance: etl_csv_pipeline.clean_data manual__2025-12-30T13:09:21.488731+00:00 [running]> on host c7a5381c7507
[2025-12-30T13:09:26.297+0000] {taskinstance.py:2480} INFO - Exporting env vars: AIRFLOW_CTX_DAG_OWNER='***' AIRFLOW_CTX_DAG_ID='etl_csv_pipeline' AIRFLOW_CTX_TASK_ID='clean_data' AIRFLOW_CTX_EXECUTION_DATE='2025-12-30T13:09:21.488731+00:00' AIRFLOW_CTX_TRY_NUMBER='1' AIRFLOW_CTX_DAG_RUN_ID='manual__2025-12-30T13:09:21.488731+00:00'
[2025-12-30T13:09:26.303+0000] {taskinstance.py:2698} ERROR - Task failed with exception
Traceback (most recent call last):
  File "/home/airflow/.local/lib/python3.8/site-packages/airflow/models/taskinstance.py", line 433, in _execute_task
    result = execute_callable(context=context, **execute_callable_kwargs)
  File "/home/airflow/.local/lib/python3.8/site-packages/airflow/operators/python.py", line 199, in execute
    return_value = self.execute_callable()
  File "/home/airflow/.local/lib/python3.8/site-packages/airflow/operators/python.py", line 216, in execute_callable
    return self.python_callable(*self.op_args, **self.op_kwargs)
  File "/opt/airflow/dags/etl_pipeline_dag.py", line 29, in clean_data
    df = pd.read_csv(file_path)
  File "/home/airflow/.local/lib/python3.8/site-packages/pandas/io/parsers/readers.py", line 912, in read_csv
    return _read(filepath_or_buffer, kwds)
  File "/home/airflow/.local/lib/python3.8/site-packages/pandas/io/parsers/readers.py", line 577, in _read
    parser = TextFileReader(filepath_or_buffer, **kwds)
  File "/home/airflow/.local/lib/python3.8/site-packages/pandas/io/parsers/readers.py", line 1407, in __init__
    self._engine = self._make_engine(f, self.engine)
  File "/home/airflow/.local/lib/python3.8/site-packages/pandas/io/parsers/readers.py", line 1661, in _make_engine
    self.handles = get_handle(
  File "/home/airflow/.local/lib/python3.8/site-packages/pandas/io/common.py", line 859, in get_handle
    handle = open(
FileNotFoundError: [Errno 2] No such file or directory: '/opt/airflow/dags/data/Amazon.csv'
[2025-12-30T13:09:26.323+0000] {taskinstance.py:1138} INFO - Marking task as FAILED. dag_id=etl_csv_pipeline, task_id=clean_data, execution_date=20251230T130921, start_date=20251230T130926, end_date=20251230T130926
[2025-12-30T13:09:26.344+0000] {standard_task_runner.py:107} ERROR - Failed to execute job 62 for task clean_data ([Errno 2] No such file or directory: '/opt/airflow/dags/data/Amazon.csv'; 925)
[2025-12-30T13:09:26.389+0000] {local_task_job_runner.py:234} INFO - Task exited with return code 1
[2025-12-30T13:09:26.418+0000] {taskinstance.py:3280} INFO - 0 downstream tasks scheduled from follow-on schedule check
