[2025-12-14T16:20:45.324+0000] {processor.py:161} INFO - Started process (PID=240) to work on /opt/airflow/dags/extract_data.py
[2025-12-14T16:20:45.328+0000] {processor.py:830} INFO - Processing file /opt/airflow/dags/extract_data.py for tasks to queue
[2025-12-14T16:20:45.332+0000] {logging_mixin.py:188} INFO - [2025-12-14T16:20:45.331+0000] {dagbag.py:538} INFO - Filling up the DagBag from /opt/airflow/dags/extract_data.py
[2025-12-14T16:20:46.055+0000] {processor.py:842} WARNING - No viable dags retrieved from /opt/airflow/dags/extract_data.py
[2025-12-14T16:20:46.069+0000] {processor.py:183} INFO - Processing /opt/airflow/dags/extract_data.py took 0.755 seconds
[2025-12-14T16:21:16.893+0000] {processor.py:161} INFO - Started process (PID=251) to work on /opt/airflow/dags/extract_data.py
[2025-12-14T16:21:16.895+0000] {processor.py:830} INFO - Processing file /opt/airflow/dags/extract_data.py for tasks to queue
[2025-12-14T16:21:16.896+0000] {logging_mixin.py:188} INFO - [2025-12-14T16:21:16.896+0000] {dagbag.py:538} INFO - Filling up the DagBag from /opt/airflow/dags/extract_data.py
[2025-12-14T16:21:17.211+0000] {processor.py:842} WARNING - No viable dags retrieved from /opt/airflow/dags/extract_data.py
[2025-12-14T16:21:17.229+0000] {processor.py:183} INFO - Processing /opt/airflow/dags/extract_data.py took 0.339 seconds
[2025-12-14T16:21:47.652+0000] {processor.py:161} INFO - Started process (PID=255) to work on /opt/airflow/dags/extract_data.py
[2025-12-14T16:21:47.654+0000] {processor.py:830} INFO - Processing file /opt/airflow/dags/extract_data.py for tasks to queue
[2025-12-14T16:21:47.656+0000] {logging_mixin.py:188} INFO - [2025-12-14T16:21:47.655+0000] {dagbag.py:538} INFO - Filling up the DagBag from /opt/airflow/dags/extract_data.py
[2025-12-14T16:21:47.998+0000] {processor.py:842} WARNING - No viable dags retrieved from /opt/airflow/dags/extract_data.py
[2025-12-14T16:21:48.012+0000] {processor.py:183} INFO - Processing /opt/airflow/dags/extract_data.py took 0.365 seconds
[2025-12-14T16:22:18.412+0000] {processor.py:161} INFO - Started process (PID=260) to work on /opt/airflow/dags/extract_data.py
[2025-12-14T16:22:18.414+0000] {processor.py:830} INFO - Processing file /opt/airflow/dags/extract_data.py for tasks to queue
[2025-12-14T16:22:18.416+0000] {logging_mixin.py:188} INFO - [2025-12-14T16:22:18.416+0000] {dagbag.py:538} INFO - Filling up the DagBag from /opt/airflow/dags/extract_data.py
[2025-12-14T16:22:18.712+0000] {processor.py:842} WARNING - No viable dags retrieved from /opt/airflow/dags/extract_data.py
[2025-12-14T16:22:18.723+0000] {processor.py:183} INFO - Processing /opt/airflow/dags/extract_data.py took 0.314 seconds
[2025-12-14T16:22:49.195+0000] {processor.py:161} INFO - Started process (PID=265) to work on /opt/airflow/dags/extract_data.py
[2025-12-14T16:22:49.197+0000] {processor.py:830} INFO - Processing file /opt/airflow/dags/extract_data.py for tasks to queue
[2025-12-14T16:22:49.200+0000] {logging_mixin.py:188} INFO - [2025-12-14T16:22:49.199+0000] {dagbag.py:538} INFO - Filling up the DagBag from /opt/airflow/dags/extract_data.py
[2025-12-14T16:22:49.518+0000] {processor.py:842} WARNING - No viable dags retrieved from /opt/airflow/dags/extract_data.py
[2025-12-14T16:22:49.529+0000] {processor.py:183} INFO - Processing /opt/airflow/dags/extract_data.py took 0.338 seconds
[2025-12-14T16:23:19.925+0000] {processor.py:161} INFO - Started process (PID=269) to work on /opt/airflow/dags/extract_data.py
[2025-12-14T16:23:19.927+0000] {processor.py:830} INFO - Processing file /opt/airflow/dags/extract_data.py for tasks to queue
[2025-12-14T16:23:19.928+0000] {logging_mixin.py:188} INFO - [2025-12-14T16:23:19.928+0000] {dagbag.py:538} INFO - Filling up the DagBag from /opt/airflow/dags/extract_data.py
[2025-12-14T16:23:20.228+0000] {processor.py:842} WARNING - No viable dags retrieved from /opt/airflow/dags/extract_data.py
[2025-12-14T16:23:20.239+0000] {processor.py:183} INFO - Processing /opt/airflow/dags/extract_data.py took 0.319 seconds
[2025-12-14T16:23:50.498+0000] {processor.py:161} INFO - Started process (PID=273) to work on /opt/airflow/dags/extract_data.py
[2025-12-14T16:23:50.500+0000] {processor.py:830} INFO - Processing file /opt/airflow/dags/extract_data.py for tasks to queue
[2025-12-14T16:23:50.502+0000] {logging_mixin.py:188} INFO - [2025-12-14T16:23:50.501+0000] {dagbag.py:538} INFO - Filling up the DagBag from /opt/airflow/dags/extract_data.py
[2025-12-14T16:23:50.815+0000] {processor.py:842} WARNING - No viable dags retrieved from /opt/airflow/dags/extract_data.py
[2025-12-14T16:23:50.845+0000] {processor.py:183} INFO - Processing /opt/airflow/dags/extract_data.py took 0.351 seconds
[2025-12-14T16:24:21.055+0000] {processor.py:161} INFO - Started process (PID=277) to work on /opt/airflow/dags/extract_data.py
[2025-12-14T16:24:21.057+0000] {processor.py:830} INFO - Processing file /opt/airflow/dags/extract_data.py for tasks to queue
[2025-12-14T16:24:21.059+0000] {logging_mixin.py:188} INFO - [2025-12-14T16:24:21.058+0000] {dagbag.py:538} INFO - Filling up the DagBag from /opt/airflow/dags/extract_data.py
[2025-12-14T16:24:21.345+0000] {processor.py:842} WARNING - No viable dags retrieved from /opt/airflow/dags/extract_data.py
[2025-12-14T16:24:21.357+0000] {processor.py:183} INFO - Processing /opt/airflow/dags/extract_data.py took 0.305 seconds
[2025-12-14T16:24:51.641+0000] {processor.py:161} INFO - Started process (PID=281) to work on /opt/airflow/dags/extract_data.py
[2025-12-14T16:24:51.643+0000] {processor.py:830} INFO - Processing file /opt/airflow/dags/extract_data.py for tasks to queue
[2025-12-14T16:24:51.645+0000] {logging_mixin.py:188} INFO - [2025-12-14T16:24:51.644+0000] {dagbag.py:538} INFO - Filling up the DagBag from /opt/airflow/dags/extract_data.py
[2025-12-14T16:24:51.970+0000] {processor.py:842} WARNING - No viable dags retrieved from /opt/airflow/dags/extract_data.py
[2025-12-14T16:24:51.981+0000] {processor.py:183} INFO - Processing /opt/airflow/dags/extract_data.py took 0.344 seconds
[2025-12-14T16:25:42.138+0000] {processor.py:161} INFO - Started process (PID=69) to work on /opt/airflow/dags/extract_data.py
[2025-12-14T16:25:42.140+0000] {processor.py:830} INFO - Processing file /opt/airflow/dags/extract_data.py for tasks to queue
[2025-12-14T16:25:42.142+0000] {logging_mixin.py:188} INFO - [2025-12-14T16:25:42.141+0000] {dagbag.py:538} INFO - Filling up the DagBag from /opt/airflow/dags/extract_data.py
[2025-12-14T16:25:43.282+0000] {processor.py:842} WARNING - No viable dags retrieved from /opt/airflow/dags/extract_data.py
[2025-12-14T16:25:43.290+0000] {processor.py:183} INFO - Processing /opt/airflow/dags/extract_data.py took 1.158 seconds
[2025-12-14T16:26:13.624+0000] {processor.py:161} INFO - Started process (PID=90) to work on /opt/airflow/dags/extract_data.py
[2025-12-14T16:26:13.626+0000] {processor.py:830} INFO - Processing file /opt/airflow/dags/extract_data.py for tasks to queue
[2025-12-14T16:26:13.628+0000] {logging_mixin.py:188} INFO - [2025-12-14T16:26:13.627+0000] {dagbag.py:538} INFO - Filling up the DagBag from /opt/airflow/dags/extract_data.py
[2025-12-14T16:26:13.907+0000] {processor.py:842} WARNING - No viable dags retrieved from /opt/airflow/dags/extract_data.py
[2025-12-14T16:26:13.918+0000] {processor.py:183} INFO - Processing /opt/airflow/dags/extract_data.py took 0.298 seconds
[2025-12-14T16:26:44.927+0000] {processor.py:161} INFO - Started process (PID=94) to work on /opt/airflow/dags/extract_data.py
[2025-12-14T16:26:44.929+0000] {processor.py:830} INFO - Processing file /opt/airflow/dags/extract_data.py for tasks to queue
[2025-12-14T16:26:44.931+0000] {logging_mixin.py:188} INFO - [2025-12-14T16:26:44.930+0000] {dagbag.py:538} INFO - Filling up the DagBag from /opt/airflow/dags/extract_data.py
[2025-12-14T16:26:45.211+0000] {processor.py:842} WARNING - No viable dags retrieved from /opt/airflow/dags/extract_data.py
[2025-12-14T16:26:45.222+0000] {processor.py:183} INFO - Processing /opt/airflow/dags/extract_data.py took 0.299 seconds
[2025-12-14T16:27:16.256+0000] {processor.py:161} INFO - Started process (PID=98) to work on /opt/airflow/dags/extract_data.py
[2025-12-14T16:27:16.258+0000] {processor.py:830} INFO - Processing file /opt/airflow/dags/extract_data.py for tasks to queue
[2025-12-14T16:27:16.261+0000] {logging_mixin.py:188} INFO - [2025-12-14T16:27:16.260+0000] {dagbag.py:538} INFO - Filling up the DagBag from /opt/airflow/dags/extract_data.py
[2025-12-14T16:27:16.552+0000] {processor.py:842} WARNING - No viable dags retrieved from /opt/airflow/dags/extract_data.py
[2025-12-14T16:27:16.564+0000] {processor.py:183} INFO - Processing /opt/airflow/dags/extract_data.py took 0.313 seconds
[2025-12-14T16:27:46.799+0000] {processor.py:161} INFO - Started process (PID=102) to work on /opt/airflow/dags/extract_data.py
[2025-12-14T16:27:46.801+0000] {processor.py:830} INFO - Processing file /opt/airflow/dags/extract_data.py for tasks to queue
[2025-12-14T16:27:46.802+0000] {logging_mixin.py:188} INFO - [2025-12-14T16:27:46.802+0000] {dagbag.py:538} INFO - Filling up the DagBag from /opt/airflow/dags/extract_data.py
[2025-12-14T16:27:47.138+0000] {processor.py:842} WARNING - No viable dags retrieved from /opt/airflow/dags/extract_data.py
[2025-12-14T16:27:47.151+0000] {processor.py:183} INFO - Processing /opt/airflow/dags/extract_data.py took 0.357 seconds
[2025-12-14T16:28:17.374+0000] {processor.py:161} INFO - Started process (PID=106) to work on /opt/airflow/dags/extract_data.py
[2025-12-14T16:28:17.376+0000] {processor.py:830} INFO - Processing file /opt/airflow/dags/extract_data.py for tasks to queue
[2025-12-14T16:28:17.378+0000] {logging_mixin.py:188} INFO - [2025-12-14T16:28:17.378+0000] {dagbag.py:538} INFO - Filling up the DagBag from /opt/airflow/dags/extract_data.py
[2025-12-14T16:28:17.688+0000] {processor.py:842} WARNING - No viable dags retrieved from /opt/airflow/dags/extract_data.py
[2025-12-14T16:28:17.701+0000] {processor.py:183} INFO - Processing /opt/airflow/dags/extract_data.py took 0.331 seconds
[2025-12-14T16:28:47.862+0000] {processor.py:161} INFO - Started process (PID=110) to work on /opt/airflow/dags/extract_data.py
[2025-12-14T16:28:47.864+0000] {processor.py:830} INFO - Processing file /opt/airflow/dags/extract_data.py for tasks to queue
[2025-12-14T16:28:47.865+0000] {logging_mixin.py:188} INFO - [2025-12-14T16:28:47.865+0000] {dagbag.py:538} INFO - Filling up the DagBag from /opt/airflow/dags/extract_data.py
[2025-12-14T16:28:48.115+0000] {processor.py:842} WARNING - No viable dags retrieved from /opt/airflow/dags/extract_data.py
[2025-12-14T16:28:48.127+0000] {processor.py:183} INFO - Processing /opt/airflow/dags/extract_data.py took 0.268 seconds
[2025-12-14T16:29:18.435+0000] {processor.py:161} INFO - Started process (PID=114) to work on /opt/airflow/dags/extract_data.py
[2025-12-14T16:29:18.437+0000] {processor.py:830} INFO - Processing file /opt/airflow/dags/extract_data.py for tasks to queue
[2025-12-14T16:29:18.439+0000] {logging_mixin.py:188} INFO - [2025-12-14T16:29:18.439+0000] {dagbag.py:538} INFO - Filling up the DagBag from /opt/airflow/dags/extract_data.py
[2025-12-14T16:29:18.713+0000] {processor.py:842} WARNING - No viable dags retrieved from /opt/airflow/dags/extract_data.py
[2025-12-14T16:29:18.723+0000] {processor.py:183} INFO - Processing /opt/airflow/dags/extract_data.py took 0.292 seconds
[2025-12-14T16:29:48.869+0000] {processor.py:161} INFO - Started process (PID=118) to work on /opt/airflow/dags/extract_data.py
[2025-12-14T16:29:48.870+0000] {processor.py:830} INFO - Processing file /opt/airflow/dags/extract_data.py for tasks to queue
[2025-12-14T16:29:48.871+0000] {logging_mixin.py:188} INFO - [2025-12-14T16:29:48.871+0000] {dagbag.py:538} INFO - Filling up the DagBag from /opt/airflow/dags/extract_data.py
[2025-12-14T16:29:49.137+0000] {processor.py:842} WARNING - No viable dags retrieved from /opt/airflow/dags/extract_data.py
[2025-12-14T16:29:49.149+0000] {processor.py:183} INFO - Processing /opt/airflow/dags/extract_data.py took 0.283 seconds
[2025-12-14T16:30:19.366+0000] {processor.py:161} INFO - Started process (PID=122) to work on /opt/airflow/dags/extract_data.py
[2025-12-14T16:30:19.368+0000] {processor.py:830} INFO - Processing file /opt/airflow/dags/extract_data.py for tasks to queue
[2025-12-14T16:30:19.369+0000] {logging_mixin.py:188} INFO - [2025-12-14T16:30:19.369+0000] {dagbag.py:538} INFO - Filling up the DagBag from /opt/airflow/dags/extract_data.py
[2025-12-14T16:30:19.638+0000] {processor.py:842} WARNING - No viable dags retrieved from /opt/airflow/dags/extract_data.py
[2025-12-14T16:30:19.650+0000] {processor.py:183} INFO - Processing /opt/airflow/dags/extract_data.py took 0.287 seconds
[2025-12-14T16:30:49.872+0000] {processor.py:161} INFO - Started process (PID=126) to work on /opt/airflow/dags/extract_data.py
[2025-12-14T16:30:49.874+0000] {processor.py:830} INFO - Processing file /opt/airflow/dags/extract_data.py for tasks to queue
[2025-12-14T16:30:49.875+0000] {logging_mixin.py:188} INFO - [2025-12-14T16:30:49.875+0000] {dagbag.py:538} INFO - Filling up the DagBag from /opt/airflow/dags/extract_data.py
[2025-12-14T16:30:50.124+0000] {processor.py:842} WARNING - No viable dags retrieved from /opt/airflow/dags/extract_data.py
[2025-12-14T16:30:50.140+0000] {processor.py:183} INFO - Processing /opt/airflow/dags/extract_data.py took 0.271 seconds
[2025-12-14T16:31:20.313+0000] {processor.py:161} INFO - Started process (PID=130) to work on /opt/airflow/dags/extract_data.py
[2025-12-14T16:31:20.314+0000] {processor.py:830} INFO - Processing file /opt/airflow/dags/extract_data.py for tasks to queue
[2025-12-14T16:31:20.315+0000] {logging_mixin.py:188} INFO - [2025-12-14T16:31:20.315+0000] {dagbag.py:538} INFO - Filling up the DagBag from /opt/airflow/dags/extract_data.py
[2025-12-14T16:31:20.561+0000] {processor.py:842} WARNING - No viable dags retrieved from /opt/airflow/dags/extract_data.py
[2025-12-14T16:31:20.574+0000] {processor.py:183} INFO - Processing /opt/airflow/dags/extract_data.py took 0.265 seconds
[2025-12-14T16:31:50.854+0000] {processor.py:161} INFO - Started process (PID=134) to work on /opt/airflow/dags/extract_data.py
[2025-12-14T16:31:50.856+0000] {processor.py:830} INFO - Processing file /opt/airflow/dags/extract_data.py for tasks to queue
[2025-12-14T16:31:50.857+0000] {logging_mixin.py:188} INFO - [2025-12-14T16:31:50.857+0000] {dagbag.py:538} INFO - Filling up the DagBag from /opt/airflow/dags/extract_data.py
[2025-12-14T16:31:51.132+0000] {processor.py:842} WARNING - No viable dags retrieved from /opt/airflow/dags/extract_data.py
[2025-12-14T16:31:51.147+0000] {processor.py:183} INFO - Processing /opt/airflow/dags/extract_data.py took 0.295 seconds
[2025-12-14T16:32:21.408+0000] {processor.py:161} INFO - Started process (PID=138) to work on /opt/airflow/dags/extract_data.py
[2025-12-14T16:32:21.409+0000] {processor.py:830} INFO - Processing file /opt/airflow/dags/extract_data.py for tasks to queue
[2025-12-14T16:32:21.411+0000] {logging_mixin.py:188} INFO - [2025-12-14T16:32:21.410+0000] {dagbag.py:538} INFO - Filling up the DagBag from /opt/airflow/dags/extract_data.py
[2025-12-14T16:32:21.678+0000] {processor.py:842} WARNING - No viable dags retrieved from /opt/airflow/dags/extract_data.py
[2025-12-14T16:32:21.691+0000] {processor.py:183} INFO - Processing /opt/airflow/dags/extract_data.py took 0.287 seconds
[2025-12-14T16:32:51.930+0000] {processor.py:161} INFO - Started process (PID=142) to work on /opt/airflow/dags/extract_data.py
[2025-12-14T16:32:51.931+0000] {processor.py:830} INFO - Processing file /opt/airflow/dags/extract_data.py for tasks to queue
[2025-12-14T16:32:51.933+0000] {logging_mixin.py:188} INFO - [2025-12-14T16:32:51.932+0000] {dagbag.py:538} INFO - Filling up the DagBag from /opt/airflow/dags/extract_data.py
[2025-12-14T16:32:52.187+0000] {processor.py:842} WARNING - No viable dags retrieved from /opt/airflow/dags/extract_data.py
[2025-12-14T16:32:52.199+0000] {processor.py:183} INFO - Processing /opt/airflow/dags/extract_data.py took 0.272 seconds
[2025-12-14T16:33:22.298+0000] {processor.py:161} INFO - Started process (PID=146) to work on /opt/airflow/dags/extract_data.py
[2025-12-14T16:33:22.300+0000] {processor.py:830} INFO - Processing file /opt/airflow/dags/extract_data.py for tasks to queue
[2025-12-14T16:33:22.301+0000] {logging_mixin.py:188} INFO - [2025-12-14T16:33:22.300+0000] {dagbag.py:538} INFO - Filling up the DagBag from /opt/airflow/dags/extract_data.py
[2025-12-14T16:33:22.583+0000] {processor.py:842} WARNING - No viable dags retrieved from /opt/airflow/dags/extract_data.py
[2025-12-14T16:33:22.597+0000] {processor.py:183} INFO - Processing /opt/airflow/dags/extract_data.py took 0.301 seconds
[2025-12-14T16:33:53.671+0000] {processor.py:161} INFO - Started process (PID=150) to work on /opt/airflow/dags/extract_data.py
[2025-12-14T16:33:53.672+0000] {processor.py:830} INFO - Processing file /opt/airflow/dags/extract_data.py for tasks to queue
[2025-12-14T16:33:53.674+0000] {logging_mixin.py:188} INFO - [2025-12-14T16:33:53.674+0000] {dagbag.py:538} INFO - Filling up the DagBag from /opt/airflow/dags/extract_data.py
[2025-12-14T16:33:53.992+0000] {processor.py:842} WARNING - No viable dags retrieved from /opt/airflow/dags/extract_data.py
[2025-12-14T16:33:54.007+0000] {processor.py:183} INFO - Processing /opt/airflow/dags/extract_data.py took 0.340 seconds
[2025-12-14T16:34:24.888+0000] {processor.py:161} INFO - Started process (PID=154) to work on /opt/airflow/dags/extract_data.py
[2025-12-14T16:34:24.890+0000] {processor.py:830} INFO - Processing file /opt/airflow/dags/extract_data.py for tasks to queue
[2025-12-14T16:34:24.891+0000] {logging_mixin.py:188} INFO - [2025-12-14T16:34:24.891+0000] {dagbag.py:538} INFO - Filling up the DagBag from /opt/airflow/dags/extract_data.py
[2025-12-14T16:34:25.207+0000] {processor.py:842} WARNING - No viable dags retrieved from /opt/airflow/dags/extract_data.py
[2025-12-14T16:34:25.220+0000] {processor.py:183} INFO - Processing /opt/airflow/dags/extract_data.py took 0.337 seconds
[2025-12-14T16:34:55.435+0000] {processor.py:161} INFO - Started process (PID=158) to work on /opt/airflow/dags/extract_data.py
[2025-12-14T16:34:55.436+0000] {processor.py:830} INFO - Processing file /opt/airflow/dags/extract_data.py for tasks to queue
[2025-12-14T16:34:55.438+0000] {logging_mixin.py:188} INFO - [2025-12-14T16:34:55.438+0000] {dagbag.py:538} INFO - Filling up the DagBag from /opt/airflow/dags/extract_data.py
[2025-12-14T16:34:55.728+0000] {processor.py:842} WARNING - No viable dags retrieved from /opt/airflow/dags/extract_data.py
[2025-12-14T16:34:55.739+0000] {processor.py:183} INFO - Processing /opt/airflow/dags/extract_data.py took 0.308 seconds
[2025-12-14T16:35:26.043+0000] {processor.py:161} INFO - Started process (PID=162) to work on /opt/airflow/dags/extract_data.py
[2025-12-14T16:35:26.045+0000] {processor.py:830} INFO - Processing file /opt/airflow/dags/extract_data.py for tasks to queue
[2025-12-14T16:35:26.047+0000] {logging_mixin.py:188} INFO - [2025-12-14T16:35:26.046+0000] {dagbag.py:538} INFO - Filling up the DagBag from /opt/airflow/dags/extract_data.py
[2025-12-14T16:35:26.357+0000] {processor.py:842} WARNING - No viable dags retrieved from /opt/airflow/dags/extract_data.py
[2025-12-14T16:35:26.372+0000] {processor.py:183} INFO - Processing /opt/airflow/dags/extract_data.py took 0.332 seconds
[2025-12-14T16:35:56.593+0000] {processor.py:161} INFO - Started process (PID=166) to work on /opt/airflow/dags/extract_data.py
[2025-12-14T16:35:56.594+0000] {processor.py:830} INFO - Processing file /opt/airflow/dags/extract_data.py for tasks to queue
[2025-12-14T16:35:56.596+0000] {logging_mixin.py:188} INFO - [2025-12-14T16:35:56.596+0000] {dagbag.py:538} INFO - Filling up the DagBag from /opt/airflow/dags/extract_data.py
[2025-12-14T16:35:56.880+0000] {processor.py:842} WARNING - No viable dags retrieved from /opt/airflow/dags/extract_data.py
[2025-12-14T16:35:56.892+0000] {processor.py:183} INFO - Processing /opt/airflow/dags/extract_data.py took 0.303 seconds
[2025-12-14T16:36:27.159+0000] {processor.py:161} INFO - Started process (PID=170) to work on /opt/airflow/dags/extract_data.py
[2025-12-14T16:36:27.161+0000] {processor.py:830} INFO - Processing file /opt/airflow/dags/extract_data.py for tasks to queue
[2025-12-14T16:36:27.164+0000] {logging_mixin.py:188} INFO - [2025-12-14T16:36:27.163+0000] {dagbag.py:538} INFO - Filling up the DagBag from /opt/airflow/dags/extract_data.py
[2025-12-14T16:36:27.487+0000] {processor.py:842} WARNING - No viable dags retrieved from /opt/airflow/dags/extract_data.py
[2025-12-14T16:36:27.503+0000] {processor.py:183} INFO - Processing /opt/airflow/dags/extract_data.py took 0.350 seconds
[2025-12-14T16:36:57.575+0000] {processor.py:161} INFO - Started process (PID=176) to work on /opt/airflow/dags/extract_data.py
[2025-12-14T16:36:57.576+0000] {processor.py:830} INFO - Processing file /opt/airflow/dags/extract_data.py for tasks to queue
[2025-12-14T16:36:57.578+0000] {logging_mixin.py:188} INFO - [2025-12-14T16:36:57.577+0000] {dagbag.py:538} INFO - Filling up the DagBag from /opt/airflow/dags/extract_data.py
[2025-12-14T16:36:57.863+0000] {processor.py:842} WARNING - No viable dags retrieved from /opt/airflow/dags/extract_data.py
[2025-12-14T16:36:57.873+0000] {processor.py:183} INFO - Processing /opt/airflow/dags/extract_data.py took 0.302 seconds
[2025-12-14T16:37:28.130+0000] {processor.py:161} INFO - Started process (PID=180) to work on /opt/airflow/dags/extract_data.py
[2025-12-14T16:37:28.132+0000] {processor.py:830} INFO - Processing file /opt/airflow/dags/extract_data.py for tasks to queue
[2025-12-14T16:37:28.133+0000] {logging_mixin.py:188} INFO - [2025-12-14T16:37:28.133+0000] {dagbag.py:538} INFO - Filling up the DagBag from /opt/airflow/dags/extract_data.py
[2025-12-14T16:37:28.471+0000] {processor.py:842} WARNING - No viable dags retrieved from /opt/airflow/dags/extract_data.py
[2025-12-14T16:37:28.483+0000] {processor.py:183} INFO - Processing /opt/airflow/dags/extract_data.py took 0.358 seconds
[2025-12-14T16:37:58.679+0000] {processor.py:161} INFO - Started process (PID=186) to work on /opt/airflow/dags/extract_data.py
[2025-12-14T16:37:58.681+0000] {processor.py:830} INFO - Processing file /opt/airflow/dags/extract_data.py for tasks to queue
[2025-12-14T16:37:58.682+0000] {logging_mixin.py:188} INFO - [2025-12-14T16:37:58.682+0000] {dagbag.py:538} INFO - Filling up the DagBag from /opt/airflow/dags/extract_data.py
[2025-12-14T16:37:58.973+0000] {processor.py:842} WARNING - No viable dags retrieved from /opt/airflow/dags/extract_data.py
[2025-12-14T16:37:58.990+0000] {processor.py:183} INFO - Processing /opt/airflow/dags/extract_data.py took 0.314 seconds
[2025-12-14T16:38:29.255+0000] {processor.py:161} INFO - Started process (PID=191) to work on /opt/airflow/dags/extract_data.py
[2025-12-14T16:38:29.256+0000] {processor.py:830} INFO - Processing file /opt/airflow/dags/extract_data.py for tasks to queue
[2025-12-14T16:38:29.257+0000] {logging_mixin.py:188} INFO - [2025-12-14T16:38:29.257+0000] {dagbag.py:538} INFO - Filling up the DagBag from /opt/airflow/dags/extract_data.py
[2025-12-14T16:38:29.513+0000] {processor.py:842} WARNING - No viable dags retrieved from /opt/airflow/dags/extract_data.py
[2025-12-14T16:38:29.524+0000] {processor.py:183} INFO - Processing /opt/airflow/dags/extract_data.py took 0.273 seconds
[2025-12-14T16:38:59.701+0000] {processor.py:161} INFO - Started process (PID=198) to work on /opt/airflow/dags/extract_data.py
[2025-12-14T16:38:59.702+0000] {processor.py:830} INFO - Processing file /opt/airflow/dags/extract_data.py for tasks to queue
[2025-12-14T16:38:59.703+0000] {logging_mixin.py:188} INFO - [2025-12-14T16:38:59.703+0000] {dagbag.py:538} INFO - Filling up the DagBag from /opt/airflow/dags/extract_data.py
[2025-12-14T16:38:59.961+0000] {processor.py:842} WARNING - No viable dags retrieved from /opt/airflow/dags/extract_data.py
[2025-12-14T16:38:59.971+0000] {processor.py:183} INFO - Processing /opt/airflow/dags/extract_data.py took 0.273 seconds
[2025-12-14T16:39:30.184+0000] {processor.py:161} INFO - Started process (PID=202) to work on /opt/airflow/dags/extract_data.py
[2025-12-14T16:39:30.185+0000] {processor.py:830} INFO - Processing file /opt/airflow/dags/extract_data.py for tasks to queue
[2025-12-14T16:39:30.187+0000] {logging_mixin.py:188} INFO - [2025-12-14T16:39:30.187+0000] {dagbag.py:538} INFO - Filling up the DagBag from /opt/airflow/dags/extract_data.py
[2025-12-14T16:39:30.500+0000] {processor.py:842} WARNING - No viable dags retrieved from /opt/airflow/dags/extract_data.py
[2025-12-14T16:39:30.512+0000] {processor.py:183} INFO - Processing /opt/airflow/dags/extract_data.py took 0.332 seconds
[2025-12-14T16:40:00.729+0000] {processor.py:161} INFO - Started process (PID=206) to work on /opt/airflow/dags/extract_data.py
[2025-12-14T16:40:00.730+0000] {processor.py:830} INFO - Processing file /opt/airflow/dags/extract_data.py for tasks to queue
[2025-12-14T16:40:00.731+0000] {logging_mixin.py:188} INFO - [2025-12-14T16:40:00.731+0000] {dagbag.py:538} INFO - Filling up the DagBag from /opt/airflow/dags/extract_data.py
[2025-12-14T16:40:01.013+0000] {processor.py:842} WARNING - No viable dags retrieved from /opt/airflow/dags/extract_data.py
[2025-12-14T16:40:01.025+0000] {processor.py:183} INFO - Processing /opt/airflow/dags/extract_data.py took 0.300 seconds
[2025-12-14T16:40:36.169+0000] {processor.py:161} INFO - Started process (PID=70) to work on /opt/airflow/dags/extract_data.py
[2025-12-14T16:40:36.172+0000] {processor.py:830} INFO - Processing file /opt/airflow/dags/extract_data.py for tasks to queue
[2025-12-14T16:40:36.174+0000] {logging_mixin.py:188} INFO - [2025-12-14T16:40:36.173+0000] {dagbag.py:538} INFO - Filling up the DagBag from /opt/airflow/dags/extract_data.py
[2025-12-14T16:40:37.222+0000] {processor.py:842} WARNING - No viable dags retrieved from /opt/airflow/dags/extract_data.py
[2025-12-14T16:40:37.238+0000] {processor.py:183} INFO - Processing /opt/airflow/dags/extract_data.py took 1.073 seconds
[2025-12-14T16:41:07.615+0000] {processor.py:161} INFO - Started process (PID=91) to work on /opt/airflow/dags/extract_data.py
[2025-12-14T16:41:07.617+0000] {processor.py:830} INFO - Processing file /opt/airflow/dags/extract_data.py for tasks to queue
[2025-12-14T16:41:07.618+0000] {logging_mixin.py:188} INFO - [2025-12-14T16:41:07.618+0000] {dagbag.py:538} INFO - Filling up the DagBag from /opt/airflow/dags/extract_data.py
[2025-12-14T16:41:07.917+0000] {processor.py:842} WARNING - No viable dags retrieved from /opt/airflow/dags/extract_data.py
[2025-12-14T16:41:07.929+0000] {processor.py:183} INFO - Processing /opt/airflow/dags/extract_data.py took 0.318 seconds
[2025-12-14T16:41:38.072+0000] {processor.py:161} INFO - Started process (PID=95) to work on /opt/airflow/dags/extract_data.py
[2025-12-14T16:41:38.074+0000] {processor.py:830} INFO - Processing file /opt/airflow/dags/extract_data.py for tasks to queue
[2025-12-14T16:41:38.076+0000] {logging_mixin.py:188} INFO - [2025-12-14T16:41:38.075+0000] {dagbag.py:538} INFO - Filling up the DagBag from /opt/airflow/dags/extract_data.py
[2025-12-14T16:41:38.351+0000] {processor.py:842} WARNING - No viable dags retrieved from /opt/airflow/dags/extract_data.py
[2025-12-14T16:41:38.362+0000] {processor.py:183} INFO - Processing /opt/airflow/dags/extract_data.py took 0.295 seconds
[2025-12-14T16:42:09.485+0000] {processor.py:161} INFO - Started process (PID=99) to work on /opt/airflow/dags/extract_data.py
[2025-12-14T16:42:09.487+0000] {processor.py:830} INFO - Processing file /opt/airflow/dags/extract_data.py for tasks to queue
[2025-12-14T16:42:09.488+0000] {logging_mixin.py:188} INFO - [2025-12-14T16:42:09.488+0000] {dagbag.py:538} INFO - Filling up the DagBag from /opt/airflow/dags/extract_data.py
[2025-12-14T16:42:09.795+0000] {processor.py:842} WARNING - No viable dags retrieved from /opt/airflow/dags/extract_data.py
[2025-12-14T16:42:09.810+0000] {processor.py:183} INFO - Processing /opt/airflow/dags/extract_data.py took 0.329 seconds
[2025-12-14T16:42:40.916+0000] {processor.py:161} INFO - Started process (PID=104) to work on /opt/airflow/dags/extract_data.py
[2025-12-14T16:42:40.918+0000] {processor.py:830} INFO - Processing file /opt/airflow/dags/extract_data.py for tasks to queue
[2025-12-14T16:42:40.919+0000] {logging_mixin.py:188} INFO - [2025-12-14T16:42:40.919+0000] {dagbag.py:538} INFO - Filling up the DagBag from /opt/airflow/dags/extract_data.py
[2025-12-14T16:42:41.193+0000] {processor.py:842} WARNING - No viable dags retrieved from /opt/airflow/dags/extract_data.py
[2025-12-14T16:42:41.206+0000] {processor.py:183} INFO - Processing /opt/airflow/dags/extract_data.py took 0.295 seconds
[2025-12-14T16:43:11.622+0000] {processor.py:161} INFO - Started process (PID=109) to work on /opt/airflow/dags/extract_data.py
[2025-12-14T16:43:11.624+0000] {processor.py:830} INFO - Processing file /opt/airflow/dags/extract_data.py for tasks to queue
[2025-12-14T16:43:11.626+0000] {logging_mixin.py:188} INFO - [2025-12-14T16:43:11.626+0000] {dagbag.py:538} INFO - Filling up the DagBag from /opt/airflow/dags/extract_data.py
[2025-12-14T16:43:11.951+0000] {processor.py:842} WARNING - No viable dags retrieved from /opt/airflow/dags/extract_data.py
[2025-12-14T16:43:11.962+0000] {processor.py:183} INFO - Processing /opt/airflow/dags/extract_data.py took 0.344 seconds
[2025-12-14T16:43:42.156+0000] {processor.py:161} INFO - Started process (PID=113) to work on /opt/airflow/dags/extract_data.py
[2025-12-14T16:43:42.158+0000] {processor.py:830} INFO - Processing file /opt/airflow/dags/extract_data.py for tasks to queue
[2025-12-14T16:43:42.160+0000] {logging_mixin.py:188} INFO - [2025-12-14T16:43:42.160+0000] {dagbag.py:538} INFO - Filling up the DagBag from /opt/airflow/dags/extract_data.py
[2025-12-14T16:43:42.461+0000] {processor.py:842} WARNING - No viable dags retrieved from /opt/airflow/dags/extract_data.py
[2025-12-14T16:43:42.471+0000] {processor.py:183} INFO - Processing /opt/airflow/dags/extract_data.py took 0.319 seconds
[2025-12-14T16:44:12.851+0000] {processor.py:161} INFO - Started process (PID=117) to work on /opt/airflow/dags/extract_data.py
[2025-12-14T16:44:12.853+0000] {processor.py:830} INFO - Processing file /opt/airflow/dags/extract_data.py for tasks to queue
[2025-12-14T16:44:12.855+0000] {logging_mixin.py:188} INFO - [2025-12-14T16:44:12.855+0000] {dagbag.py:538} INFO - Filling up the DagBag from /opt/airflow/dags/extract_data.py
[2025-12-14T16:44:13.150+0000] {processor.py:842} WARNING - No viable dags retrieved from /opt/airflow/dags/extract_data.py
[2025-12-14T16:44:13.161+0000] {processor.py:183} INFO - Processing /opt/airflow/dags/extract_data.py took 0.315 seconds
[2025-12-14T16:44:43.438+0000] {processor.py:161} INFO - Started process (PID=121) to work on /opt/airflow/dags/extract_data.py
[2025-12-14T16:44:43.441+0000] {processor.py:830} INFO - Processing file /opt/airflow/dags/extract_data.py for tasks to queue
[2025-12-14T16:44:43.443+0000] {logging_mixin.py:188} INFO - [2025-12-14T16:44:43.442+0000] {dagbag.py:538} INFO - Filling up the DagBag from /opt/airflow/dags/extract_data.py
[2025-12-14T16:44:43.710+0000] {processor.py:842} WARNING - No viable dags retrieved from /opt/airflow/dags/extract_data.py
[2025-12-14T16:44:43.720+0000] {processor.py:183} INFO - Processing /opt/airflow/dags/extract_data.py took 0.287 seconds
[2025-12-14T16:45:13.945+0000] {processor.py:161} INFO - Started process (PID=125) to work on /opt/airflow/dags/extract_data.py
[2025-12-14T16:45:13.947+0000] {processor.py:830} INFO - Processing file /opt/airflow/dags/extract_data.py for tasks to queue
[2025-12-14T16:45:13.949+0000] {logging_mixin.py:188} INFO - [2025-12-14T16:45:13.949+0000] {dagbag.py:538} INFO - Filling up the DagBag from /opt/airflow/dags/extract_data.py
[2025-12-14T16:45:14.253+0000] {processor.py:842} WARNING - No viable dags retrieved from /opt/airflow/dags/extract_data.py
[2025-12-14T16:45:14.265+0000] {processor.py:183} INFO - Processing /opt/airflow/dags/extract_data.py took 0.324 seconds
[2025-12-14T16:45:49.165+0000] {processor.py:161} INFO - Started process (PID=71) to work on /opt/airflow/dags/extract_data.py
[2025-12-14T16:45:49.167+0000] {processor.py:830} INFO - Processing file /opt/airflow/dags/extract_data.py for tasks to queue
[2025-12-14T16:45:49.169+0000] {logging_mixin.py:188} INFO - [2025-12-14T16:45:49.168+0000] {dagbag.py:538} INFO - Filling up the DagBag from /opt/airflow/dags/extract_data.py
[2025-12-14T16:45:50.519+0000] {processor.py:842} WARNING - No viable dags retrieved from /opt/airflow/dags/extract_data.py
[2025-12-14T16:45:50.549+0000] {processor.py:183} INFO - Processing /opt/airflow/dags/extract_data.py took 1.388 seconds
[2025-12-14T16:46:21.621+0000] {processor.py:161} INFO - Started process (PID=92) to work on /opt/airflow/dags/extract_data.py
[2025-12-14T16:46:21.623+0000] {processor.py:830} INFO - Processing file /opt/airflow/dags/extract_data.py for tasks to queue
[2025-12-14T16:46:21.625+0000] {logging_mixin.py:188} INFO - [2025-12-14T16:46:21.624+0000] {dagbag.py:538} INFO - Filling up the DagBag from /opt/airflow/dags/extract_data.py
[2025-12-14T16:46:21.972+0000] {processor.py:842} WARNING - No viable dags retrieved from /opt/airflow/dags/extract_data.py
[2025-12-14T16:46:21.984+0000] {processor.py:183} INFO - Processing /opt/airflow/dags/extract_data.py took 0.367 seconds
[2025-12-14T16:46:52.987+0000] {processor.py:161} INFO - Started process (PID=96) to work on /opt/airflow/dags/extract_data.py
[2025-12-14T16:46:52.989+0000] {processor.py:830} INFO - Processing file /opt/airflow/dags/extract_data.py for tasks to queue
[2025-12-14T16:46:52.990+0000] {logging_mixin.py:188} INFO - [2025-12-14T16:46:52.990+0000] {dagbag.py:538} INFO - Filling up the DagBag from /opt/airflow/dags/extract_data.py
[2025-12-14T16:46:53.270+0000] {processor.py:842} WARNING - No viable dags retrieved from /opt/airflow/dags/extract_data.py
[2025-12-14T16:46:53.282+0000] {processor.py:183} INFO - Processing /opt/airflow/dags/extract_data.py took 0.299 seconds
[2025-12-14T16:47:24.003+0000] {processor.py:161} INFO - Started process (PID=101) to work on /opt/airflow/dags/extract_data.py
[2025-12-14T16:47:24.005+0000] {processor.py:830} INFO - Processing file /opt/airflow/dags/extract_data.py for tasks to queue
[2025-12-14T16:47:24.007+0000] {logging_mixin.py:188} INFO - [2025-12-14T16:47:24.006+0000] {dagbag.py:538} INFO - Filling up the DagBag from /opt/airflow/dags/extract_data.py
[2025-12-14T16:47:24.288+0000] {processor.py:842} WARNING - No viable dags retrieved from /opt/airflow/dags/extract_data.py
[2025-12-14T16:47:24.300+0000] {processor.py:183} INFO - Processing /opt/airflow/dags/extract_data.py took 0.302 seconds
[2025-12-14T16:47:54.749+0000] {processor.py:161} INFO - Started process (PID=105) to work on /opt/airflow/dags/extract_data.py
[2025-12-14T16:47:54.751+0000] {processor.py:830} INFO - Processing file /opt/airflow/dags/extract_data.py for tasks to queue
[2025-12-14T16:47:54.752+0000] {logging_mixin.py:188} INFO - [2025-12-14T16:47:54.752+0000] {dagbag.py:538} INFO - Filling up the DagBag from /opt/airflow/dags/extract_data.py
[2025-12-14T16:47:55.057+0000] {processor.py:842} WARNING - No viable dags retrieved from /opt/airflow/dags/extract_data.py
[2025-12-14T16:47:55.068+0000] {processor.py:183} INFO - Processing /opt/airflow/dags/extract_data.py took 0.323 seconds
[2025-12-14T16:48:25.462+0000] {processor.py:161} INFO - Started process (PID=109) to work on /opt/airflow/dags/extract_data.py
[2025-12-14T16:48:25.464+0000] {processor.py:830} INFO - Processing file /opt/airflow/dags/extract_data.py for tasks to queue
[2025-12-14T16:48:25.465+0000] {logging_mixin.py:188} INFO - [2025-12-14T16:48:25.465+0000] {dagbag.py:538} INFO - Filling up the DagBag from /opt/airflow/dags/extract_data.py
[2025-12-14T16:48:25.755+0000] {processor.py:842} WARNING - No viable dags retrieved from /opt/airflow/dags/extract_data.py
[2025-12-14T16:48:25.767+0000] {processor.py:183} INFO - Processing /opt/airflow/dags/extract_data.py took 0.308 seconds
[2025-12-14T16:48:56.195+0000] {processor.py:161} INFO - Started process (PID=121) to work on /opt/airflow/dags/extract_data.py
[2025-12-14T16:48:56.197+0000] {processor.py:830} INFO - Processing file /opt/airflow/dags/extract_data.py for tasks to queue
[2025-12-14T16:48:56.198+0000] {logging_mixin.py:188} INFO - [2025-12-14T16:48:56.198+0000] {dagbag.py:538} INFO - Filling up the DagBag from /opt/airflow/dags/extract_data.py
[2025-12-14T16:48:56.472+0000] {processor.py:842} WARNING - No viable dags retrieved from /opt/airflow/dags/extract_data.py
[2025-12-14T16:48:56.484+0000] {processor.py:183} INFO - Processing /opt/airflow/dags/extract_data.py took 0.293 seconds
[2025-12-14T16:49:27.000+0000] {processor.py:161} INFO - Started process (PID=125) to work on /opt/airflow/dags/extract_data.py
[2025-12-14T16:49:27.002+0000] {processor.py:830} INFO - Processing file /opt/airflow/dags/extract_data.py for tasks to queue
[2025-12-14T16:49:27.004+0000] {logging_mixin.py:188} INFO - [2025-12-14T16:49:27.004+0000] {dagbag.py:538} INFO - Filling up the DagBag from /opt/airflow/dags/extract_data.py
[2025-12-14T16:49:27.373+0000] {processor.py:842} WARNING - No viable dags retrieved from /opt/airflow/dags/extract_data.py
[2025-12-14T16:49:27.413+0000] {processor.py:183} INFO - Processing /opt/airflow/dags/extract_data.py took 0.417 seconds
[2025-12-14T16:49:58.211+0000] {processor.py:161} INFO - Started process (PID=213) to work on /opt/airflow/dags/extract_data.py
[2025-12-14T16:49:58.213+0000] {processor.py:830} INFO - Processing file /opt/airflow/dags/extract_data.py for tasks to queue
[2025-12-14T16:49:58.215+0000] {logging_mixin.py:188} INFO - [2025-12-14T16:49:58.214+0000] {dagbag.py:538} INFO - Filling up the DagBag from /opt/airflow/dags/extract_data.py
[2025-12-14T16:49:58.526+0000] {processor.py:842} WARNING - No viable dags retrieved from /opt/airflow/dags/extract_data.py
[2025-12-14T16:49:58.536+0000] {processor.py:183} INFO - Processing /opt/airflow/dags/extract_data.py took 0.330 seconds
[2025-12-14T16:50:29.572+0000] {processor.py:161} INFO - Started process (PID=217) to work on /opt/airflow/dags/extract_data.py
[2025-12-14T16:50:29.574+0000] {processor.py:830} INFO - Processing file /opt/airflow/dags/extract_data.py for tasks to queue
[2025-12-14T16:50:29.576+0000] {logging_mixin.py:188} INFO - [2025-12-14T16:50:29.575+0000] {dagbag.py:538} INFO - Filling up the DagBag from /opt/airflow/dags/extract_data.py
[2025-12-14T16:50:29.830+0000] {processor.py:842} WARNING - No viable dags retrieved from /opt/airflow/dags/extract_data.py
[2025-12-14T16:50:29.840+0000] {processor.py:183} INFO - Processing /opt/airflow/dags/extract_data.py took 0.270 seconds
[2025-12-14T16:51:00.584+0000] {processor.py:161} INFO - Started process (PID=221) to work on /opt/airflow/dags/extract_data.py
[2025-12-14T16:51:00.586+0000] {processor.py:830} INFO - Processing file /opt/airflow/dags/extract_data.py for tasks to queue
[2025-12-14T16:51:00.587+0000] {logging_mixin.py:188} INFO - [2025-12-14T16:51:00.587+0000] {dagbag.py:538} INFO - Filling up the DagBag from /opt/airflow/dags/extract_data.py
[2025-12-14T16:51:00.872+0000] {processor.py:842} WARNING - No viable dags retrieved from /opt/airflow/dags/extract_data.py
[2025-12-14T16:51:00.883+0000] {processor.py:183} INFO - Processing /opt/airflow/dags/extract_data.py took 0.302 seconds
[2025-12-14T16:51:31.122+0000] {processor.py:161} INFO - Started process (PID=225) to work on /opt/airflow/dags/extract_data.py
[2025-12-14T16:51:31.124+0000] {processor.py:830} INFO - Processing file /opt/airflow/dags/extract_data.py for tasks to queue
[2025-12-14T16:51:31.125+0000] {logging_mixin.py:188} INFO - [2025-12-14T16:51:31.125+0000] {dagbag.py:538} INFO - Filling up the DagBag from /opt/airflow/dags/extract_data.py
[2025-12-14T16:51:31.439+0000] {processor.py:842} WARNING - No viable dags retrieved from /opt/airflow/dags/extract_data.py
[2025-12-14T16:51:31.451+0000] {processor.py:183} INFO - Processing /opt/airflow/dags/extract_data.py took 0.332 seconds
[2025-12-14T16:52:01.661+0000] {processor.py:161} INFO - Started process (PID=236) to work on /opt/airflow/dags/extract_data.py
[2025-12-14T16:52:01.663+0000] {processor.py:830} INFO - Processing file /opt/airflow/dags/extract_data.py for tasks to queue
[2025-12-14T16:52:01.664+0000] {logging_mixin.py:188} INFO - [2025-12-14T16:52:01.664+0000] {dagbag.py:538} INFO - Filling up the DagBag from /opt/airflow/dags/extract_data.py
[2025-12-14T16:52:01.940+0000] {processor.py:842} WARNING - No viable dags retrieved from /opt/airflow/dags/extract_data.py
[2025-12-14T16:52:01.955+0000] {processor.py:183} INFO - Processing /opt/airflow/dags/extract_data.py took 0.297 seconds
[2025-12-14T16:52:32.233+0000] {processor.py:161} INFO - Started process (PID=241) to work on /opt/airflow/dags/extract_data.py
[2025-12-14T16:52:32.235+0000] {processor.py:830} INFO - Processing file /opt/airflow/dags/extract_data.py for tasks to queue
[2025-12-14T16:52:32.236+0000] {logging_mixin.py:188} INFO - [2025-12-14T16:52:32.236+0000] {dagbag.py:538} INFO - Filling up the DagBag from /opt/airflow/dags/extract_data.py
[2025-12-14T16:52:32.522+0000] {processor.py:842} WARNING - No viable dags retrieved from /opt/airflow/dags/extract_data.py
[2025-12-14T16:52:32.534+0000] {processor.py:183} INFO - Processing /opt/airflow/dags/extract_data.py took 0.304 seconds
[2025-12-14T16:53:02.764+0000] {processor.py:161} INFO - Started process (PID=245) to work on /opt/airflow/dags/extract_data.py
[2025-12-14T16:53:02.766+0000] {processor.py:830} INFO - Processing file /opt/airflow/dags/extract_data.py for tasks to queue
[2025-12-14T16:53:02.767+0000] {logging_mixin.py:188} INFO - [2025-12-14T16:53:02.767+0000] {dagbag.py:538} INFO - Filling up the DagBag from /opt/airflow/dags/extract_data.py
[2025-12-14T16:53:03.036+0000] {processor.py:842} WARNING - No viable dags retrieved from /opt/airflow/dags/extract_data.py
[2025-12-14T16:53:03.046+0000] {processor.py:183} INFO - Processing /opt/airflow/dags/extract_data.py took 0.285 seconds
[2025-12-14T16:53:33.217+0000] {processor.py:161} INFO - Started process (PID=249) to work on /opt/airflow/dags/extract_data.py
[2025-12-14T16:53:33.219+0000] {processor.py:830} INFO - Processing file /opt/airflow/dags/extract_data.py for tasks to queue
[2025-12-14T16:53:33.220+0000] {logging_mixin.py:188} INFO - [2025-12-14T16:53:33.220+0000] {dagbag.py:538} INFO - Filling up the DagBag from /opt/airflow/dags/extract_data.py
[2025-12-14T16:53:33.503+0000] {processor.py:842} WARNING - No viable dags retrieved from /opt/airflow/dags/extract_data.py
[2025-12-14T16:53:33.515+0000] {processor.py:183} INFO - Processing /opt/airflow/dags/extract_data.py took 0.300 seconds
[2025-12-14T16:54:03.814+0000] {processor.py:161} INFO - Started process (PID=253) to work on /opt/airflow/dags/extract_data.py
[2025-12-14T16:54:03.815+0000] {processor.py:830} INFO - Processing file /opt/airflow/dags/extract_data.py for tasks to queue
[2025-12-14T16:54:03.817+0000] {logging_mixin.py:188} INFO - [2025-12-14T16:54:03.817+0000] {dagbag.py:538} INFO - Filling up the DagBag from /opt/airflow/dags/extract_data.py
[2025-12-14T16:54:04.096+0000] {processor.py:842} WARNING - No viable dags retrieved from /opt/airflow/dags/extract_data.py
[2025-12-14T16:54:04.110+0000] {processor.py:183} INFO - Processing /opt/airflow/dags/extract_data.py took 0.300 seconds
[2025-12-14T16:54:34.356+0000] {processor.py:161} INFO - Started process (PID=257) to work on /opt/airflow/dags/extract_data.py
[2025-12-14T16:54:34.357+0000] {processor.py:830} INFO - Processing file /opt/airflow/dags/extract_data.py for tasks to queue
[2025-12-14T16:54:34.359+0000] {logging_mixin.py:188} INFO - [2025-12-14T16:54:34.358+0000] {dagbag.py:538} INFO - Filling up the DagBag from /opt/airflow/dags/extract_data.py
[2025-12-14T16:54:34.610+0000] {processor.py:842} WARNING - No viable dags retrieved from /opt/airflow/dags/extract_data.py
[2025-12-14T16:54:34.622+0000] {processor.py:183} INFO - Processing /opt/airflow/dags/extract_data.py took 0.269 seconds
[2025-12-14T16:55:04.798+0000] {processor.py:161} INFO - Started process (PID=261) to work on /opt/airflow/dags/extract_data.py
[2025-12-14T16:55:04.800+0000] {processor.py:830} INFO - Processing file /opt/airflow/dags/extract_data.py for tasks to queue
[2025-12-14T16:55:04.802+0000] {logging_mixin.py:188} INFO - [2025-12-14T16:55:04.802+0000] {dagbag.py:538} INFO - Filling up the DagBag from /opt/airflow/dags/extract_data.py
[2025-12-14T16:55:05.148+0000] {processor.py:842} WARNING - No viable dags retrieved from /opt/airflow/dags/extract_data.py
[2025-12-14T16:55:05.163+0000] {processor.py:183} INFO - Processing /opt/airflow/dags/extract_data.py took 0.369 seconds
[2025-12-14T16:55:35.367+0000] {processor.py:161} INFO - Started process (PID=265) to work on /opt/airflow/dags/extract_data.py
[2025-12-14T16:55:35.369+0000] {processor.py:830} INFO - Processing file /opt/airflow/dags/extract_data.py for tasks to queue
[2025-12-14T16:55:35.371+0000] {logging_mixin.py:188} INFO - [2025-12-14T16:55:35.370+0000] {dagbag.py:538} INFO - Filling up the DagBag from /opt/airflow/dags/extract_data.py
[2025-12-14T16:55:35.669+0000] {processor.py:842} WARNING - No viable dags retrieved from /opt/airflow/dags/extract_data.py
[2025-12-14T16:55:35.680+0000] {processor.py:183} INFO - Processing /opt/airflow/dags/extract_data.py took 0.316 seconds
[2025-12-14T16:56:05.885+0000] {processor.py:161} INFO - Started process (PID=269) to work on /opt/airflow/dags/extract_data.py
[2025-12-14T16:56:05.886+0000] {processor.py:830} INFO - Processing file /opt/airflow/dags/extract_data.py for tasks to queue
[2025-12-14T16:56:05.888+0000] {logging_mixin.py:188} INFO - [2025-12-14T16:56:05.887+0000] {dagbag.py:538} INFO - Filling up the DagBag from /opt/airflow/dags/extract_data.py
[2025-12-14T16:56:06.214+0000] {processor.py:842} WARNING - No viable dags retrieved from /opt/airflow/dags/extract_data.py
[2025-12-14T16:56:06.224+0000] {processor.py:183} INFO - Processing /opt/airflow/dags/extract_data.py took 0.343 seconds
[2025-12-14T16:56:36.375+0000] {processor.py:161} INFO - Started process (PID=273) to work on /opt/airflow/dags/extract_data.py
[2025-12-14T16:56:36.377+0000] {processor.py:830} INFO - Processing file /opt/airflow/dags/extract_data.py for tasks to queue
[2025-12-14T16:56:36.379+0000] {logging_mixin.py:188} INFO - [2025-12-14T16:56:36.379+0000] {dagbag.py:538} INFO - Filling up the DagBag from /opt/airflow/dags/extract_data.py
[2025-12-14T16:56:36.701+0000] {processor.py:842} WARNING - No viable dags retrieved from /opt/airflow/dags/extract_data.py
[2025-12-14T16:56:36.714+0000] {processor.py:183} INFO - Processing /opt/airflow/dags/extract_data.py took 0.343 seconds
[2025-12-14T16:57:06.904+0000] {processor.py:161} INFO - Started process (PID=277) to work on /opt/airflow/dags/extract_data.py
[2025-12-14T16:57:06.906+0000] {processor.py:830} INFO - Processing file /opt/airflow/dags/extract_data.py for tasks to queue
[2025-12-14T16:57:06.908+0000] {logging_mixin.py:188} INFO - [2025-12-14T16:57:06.907+0000] {dagbag.py:538} INFO - Filling up the DagBag from /opt/airflow/dags/extract_data.py
[2025-12-14T16:57:07.234+0000] {processor.py:842} WARNING - No viable dags retrieved from /opt/airflow/dags/extract_data.py
[2025-12-14T16:57:07.249+0000] {processor.py:183} INFO - Processing /opt/airflow/dags/extract_data.py took 0.348 seconds
[2025-12-14T16:57:37.411+0000] {processor.py:161} INFO - Started process (PID=281) to work on /opt/airflow/dags/extract_data.py
[2025-12-14T16:57:37.413+0000] {processor.py:830} INFO - Processing file /opt/airflow/dags/extract_data.py for tasks to queue
[2025-12-14T16:57:37.414+0000] {logging_mixin.py:188} INFO - [2025-12-14T16:57:37.413+0000] {dagbag.py:538} INFO - Filling up the DagBag from /opt/airflow/dags/extract_data.py
[2025-12-14T16:57:37.712+0000] {processor.py:842} WARNING - No viable dags retrieved from /opt/airflow/dags/extract_data.py
[2025-12-14T16:57:37.724+0000] {processor.py:183} INFO - Processing /opt/airflow/dags/extract_data.py took 0.316 seconds
[2025-12-14T16:58:07.925+0000] {processor.py:161} INFO - Started process (PID=285) to work on /opt/airflow/dags/extract_data.py
[2025-12-14T16:58:07.926+0000] {processor.py:830} INFO - Processing file /opt/airflow/dags/extract_data.py for tasks to queue
[2025-12-14T16:58:07.928+0000] {logging_mixin.py:188} INFO - [2025-12-14T16:58:07.928+0000] {dagbag.py:538} INFO - Filling up the DagBag from /opt/airflow/dags/extract_data.py
[2025-12-14T16:58:08.191+0000] {processor.py:842} WARNING - No viable dags retrieved from /opt/airflow/dags/extract_data.py
[2025-12-14T16:58:08.202+0000] {processor.py:183} INFO - Processing /opt/airflow/dags/extract_data.py took 0.280 seconds
[2025-12-14T16:58:38.418+0000] {processor.py:161} INFO - Started process (PID=289) to work on /opt/airflow/dags/extract_data.py
[2025-12-14T16:58:38.419+0000] {processor.py:830} INFO - Processing file /opt/airflow/dags/extract_data.py for tasks to queue
[2025-12-14T16:58:38.421+0000] {logging_mixin.py:188} INFO - [2025-12-14T16:58:38.420+0000] {dagbag.py:538} INFO - Filling up the DagBag from /opt/airflow/dags/extract_data.py
[2025-12-14T16:58:38.668+0000] {processor.py:842} WARNING - No viable dags retrieved from /opt/airflow/dags/extract_data.py
[2025-12-14T16:58:38.680+0000] {processor.py:183} INFO - Processing /opt/airflow/dags/extract_data.py took 0.265 seconds
[2025-12-14T16:59:08.811+0000] {processor.py:161} INFO - Started process (PID=293) to work on /opt/airflow/dags/extract_data.py
[2025-12-14T16:59:08.812+0000] {processor.py:830} INFO - Processing file /opt/airflow/dags/extract_data.py for tasks to queue
[2025-12-14T16:59:08.814+0000] {logging_mixin.py:188} INFO - [2025-12-14T16:59:08.813+0000] {dagbag.py:538} INFO - Filling up the DagBag from /opt/airflow/dags/extract_data.py
[2025-12-14T16:59:09.088+0000] {processor.py:842} WARNING - No viable dags retrieved from /opt/airflow/dags/extract_data.py
[2025-12-14T16:59:09.103+0000] {processor.py:183} INFO - Processing /opt/airflow/dags/extract_data.py took 0.295 seconds
[2025-12-14T16:59:39.345+0000] {processor.py:161} INFO - Started process (PID=297) to work on /opt/airflow/dags/extract_data.py
[2025-12-14T16:59:39.347+0000] {processor.py:830} INFO - Processing file /opt/airflow/dags/extract_data.py for tasks to queue
[2025-12-14T16:59:39.348+0000] {logging_mixin.py:188} INFO - [2025-12-14T16:59:39.348+0000] {dagbag.py:538} INFO - Filling up the DagBag from /opt/airflow/dags/extract_data.py
[2025-12-14T16:59:39.635+0000] {processor.py:842} WARNING - No viable dags retrieved from /opt/airflow/dags/extract_data.py
[2025-12-14T16:59:39.646+0000] {processor.py:183} INFO - Processing /opt/airflow/dags/extract_data.py took 0.306 seconds
[2025-12-14T17:00:09.834+0000] {processor.py:161} INFO - Started process (PID=301) to work on /opt/airflow/dags/extract_data.py
[2025-12-14T17:00:09.836+0000] {processor.py:830} INFO - Processing file /opt/airflow/dags/extract_data.py for tasks to queue
[2025-12-14T17:00:09.837+0000] {logging_mixin.py:188} INFO - [2025-12-14T17:00:09.837+0000] {dagbag.py:538} INFO - Filling up the DagBag from /opt/airflow/dags/extract_data.py
[2025-12-14T17:00:10.115+0000] {processor.py:842} WARNING - No viable dags retrieved from /opt/airflow/dags/extract_data.py
[2025-12-14T17:00:10.127+0000] {processor.py:183} INFO - Processing /opt/airflow/dags/extract_data.py took 0.296 seconds
[2025-12-14T17:00:40.317+0000] {processor.py:161} INFO - Started process (PID=305) to work on /opt/airflow/dags/extract_data.py
[2025-12-14T17:00:40.318+0000] {processor.py:830} INFO - Processing file /opt/airflow/dags/extract_data.py for tasks to queue
[2025-12-14T17:00:40.320+0000] {logging_mixin.py:188} INFO - [2025-12-14T17:00:40.319+0000] {dagbag.py:538} INFO - Filling up the DagBag from /opt/airflow/dags/extract_data.py
[2025-12-14T17:00:40.604+0000] {processor.py:842} WARNING - No viable dags retrieved from /opt/airflow/dags/extract_data.py
[2025-12-14T17:00:40.614+0000] {processor.py:183} INFO - Processing /opt/airflow/dags/extract_data.py took 0.300 seconds
[2025-12-14T17:01:10.822+0000] {processor.py:161} INFO - Started process (PID=309) to work on /opt/airflow/dags/extract_data.py
[2025-12-14T17:01:10.823+0000] {processor.py:830} INFO - Processing file /opt/airflow/dags/extract_data.py for tasks to queue
[2025-12-14T17:01:10.824+0000] {logging_mixin.py:188} INFO - [2025-12-14T17:01:10.824+0000] {dagbag.py:538} INFO - Filling up the DagBag from /opt/airflow/dags/extract_data.py
[2025-12-14T17:01:11.069+0000] {processor.py:842} WARNING - No viable dags retrieved from /opt/airflow/dags/extract_data.py
[2025-12-14T17:01:11.079+0000] {processor.py:183} INFO - Processing /opt/airflow/dags/extract_data.py took 0.260 seconds
[2025-12-14T17:01:41.227+0000] {processor.py:161} INFO - Started process (PID=313) to work on /opt/airflow/dags/extract_data.py
[2025-12-14T17:01:41.229+0000] {processor.py:830} INFO - Processing file /opt/airflow/dags/extract_data.py for tasks to queue
[2025-12-14T17:01:41.230+0000] {logging_mixin.py:188} INFO - [2025-12-14T17:01:41.230+0000] {dagbag.py:538} INFO - Filling up the DagBag from /opt/airflow/dags/extract_data.py
[2025-12-14T17:01:41.491+0000] {processor.py:842} WARNING - No viable dags retrieved from /opt/airflow/dags/extract_data.py
[2025-12-14T17:01:41.506+0000] {processor.py:183} INFO - Processing /opt/airflow/dags/extract_data.py took 0.282 seconds
[2025-12-14T17:02:11.734+0000] {processor.py:161} INFO - Started process (PID=317) to work on /opt/airflow/dags/extract_data.py
[2025-12-14T17:02:11.735+0000] {processor.py:830} INFO - Processing file /opt/airflow/dags/extract_data.py for tasks to queue
[2025-12-14T17:02:11.737+0000] {logging_mixin.py:188} INFO - [2025-12-14T17:02:11.736+0000] {dagbag.py:538} INFO - Filling up the DagBag from /opt/airflow/dags/extract_data.py
[2025-12-14T17:02:12.055+0000] {processor.py:842} WARNING - No viable dags retrieved from /opt/airflow/dags/extract_data.py
[2025-12-14T17:02:12.071+0000] {processor.py:183} INFO - Processing /opt/airflow/dags/extract_data.py took 0.343 seconds
[2025-12-14T17:02:42.206+0000] {processor.py:161} INFO - Started process (PID=321) to work on /opt/airflow/dags/extract_data.py
[2025-12-14T17:02:42.207+0000] {processor.py:830} INFO - Processing file /opt/airflow/dags/extract_data.py for tasks to queue
[2025-12-14T17:02:42.208+0000] {logging_mixin.py:188} INFO - [2025-12-14T17:02:42.208+0000] {dagbag.py:538} INFO - Filling up the DagBag from /opt/airflow/dags/extract_data.py
[2025-12-14T17:02:42.454+0000] {processor.py:842} WARNING - No viable dags retrieved from /opt/airflow/dags/extract_data.py
[2025-12-14T17:02:42.463+0000] {processor.py:183} INFO - Processing /opt/airflow/dags/extract_data.py took 0.260 seconds
[2025-12-14T17:03:12.595+0000] {processor.py:161} INFO - Started process (PID=325) to work on /opt/airflow/dags/extract_data.py
[2025-12-14T17:03:12.596+0000] {processor.py:830} INFO - Processing file /opt/airflow/dags/extract_data.py for tasks to queue
[2025-12-14T17:03:12.597+0000] {logging_mixin.py:188} INFO - [2025-12-14T17:03:12.597+0000] {dagbag.py:538} INFO - Filling up the DagBag from /opt/airflow/dags/extract_data.py
[2025-12-14T17:03:12.834+0000] {processor.py:842} WARNING - No viable dags retrieved from /opt/airflow/dags/extract_data.py
[2025-12-14T17:03:12.845+0000] {processor.py:183} INFO - Processing /opt/airflow/dags/extract_data.py took 0.255 seconds
[2025-12-14T17:03:42.992+0000] {processor.py:161} INFO - Started process (PID=329) to work on /opt/airflow/dags/extract_data.py
[2025-12-14T17:03:42.994+0000] {processor.py:830} INFO - Processing file /opt/airflow/dags/extract_data.py for tasks to queue
[2025-12-14T17:03:42.995+0000] {logging_mixin.py:188} INFO - [2025-12-14T17:03:42.995+0000] {dagbag.py:538} INFO - Filling up the DagBag from /opt/airflow/dags/extract_data.py
[2025-12-14T17:03:43.328+0000] {processor.py:842} WARNING - No viable dags retrieved from /opt/airflow/dags/extract_data.py
[2025-12-14T17:03:43.341+0000] {processor.py:183} INFO - Processing /opt/airflow/dags/extract_data.py took 0.354 seconds
[2025-12-14T17:04:13.504+0000] {processor.py:161} INFO - Started process (PID=333) to work on /opt/airflow/dags/extract_data.py
[2025-12-14T17:04:13.506+0000] {processor.py:830} INFO - Processing file /opt/airflow/dags/extract_data.py for tasks to queue
[2025-12-14T17:04:13.508+0000] {logging_mixin.py:188} INFO - [2025-12-14T17:04:13.508+0000] {dagbag.py:538} INFO - Filling up the DagBag from /opt/airflow/dags/extract_data.py
[2025-12-14T17:04:13.777+0000] {processor.py:842} WARNING - No viable dags retrieved from /opt/airflow/dags/extract_data.py
[2025-12-14T17:04:13.794+0000] {processor.py:183} INFO - Processing /opt/airflow/dags/extract_data.py took 0.293 seconds
[2025-12-14T17:04:43.987+0000] {processor.py:161} INFO - Started process (PID=337) to work on /opt/airflow/dags/extract_data.py
[2025-12-14T17:04:43.988+0000] {processor.py:830} INFO - Processing file /opt/airflow/dags/extract_data.py for tasks to queue
[2025-12-14T17:04:43.989+0000] {logging_mixin.py:188} INFO - [2025-12-14T17:04:43.989+0000] {dagbag.py:538} INFO - Filling up the DagBag from /opt/airflow/dags/extract_data.py
[2025-12-14T17:04:44.238+0000] {processor.py:842} WARNING - No viable dags retrieved from /opt/airflow/dags/extract_data.py
[2025-12-14T17:04:44.257+0000] {processor.py:183} INFO - Processing /opt/airflow/dags/extract_data.py took 0.274 seconds
[2025-12-14T17:05:14.381+0000] {processor.py:161} INFO - Started process (PID=341) to work on /opt/airflow/dags/extract_data.py
[2025-12-14T17:05:14.382+0000] {processor.py:830} INFO - Processing file /opt/airflow/dags/extract_data.py for tasks to queue
[2025-12-14T17:05:14.384+0000] {logging_mixin.py:188} INFO - [2025-12-14T17:05:14.384+0000] {dagbag.py:538} INFO - Filling up the DagBag from /opt/airflow/dags/extract_data.py
[2025-12-14T17:05:14.661+0000] {processor.py:842} WARNING - No viable dags retrieved from /opt/airflow/dags/extract_data.py
[2025-12-14T17:05:14.673+0000] {processor.py:183} INFO - Processing /opt/airflow/dags/extract_data.py took 0.296 seconds
[2025-12-14T17:05:44.882+0000] {processor.py:161} INFO - Started process (PID=345) to work on /opt/airflow/dags/extract_data.py
[2025-12-14T17:05:44.884+0000] {processor.py:830} INFO - Processing file /opt/airflow/dags/extract_data.py for tasks to queue
[2025-12-14T17:05:44.885+0000] {logging_mixin.py:188} INFO - [2025-12-14T17:05:44.885+0000] {dagbag.py:538} INFO - Filling up the DagBag from /opt/airflow/dags/extract_data.py
[2025-12-14T17:05:45.149+0000] {processor.py:842} WARNING - No viable dags retrieved from /opt/airflow/dags/extract_data.py
[2025-12-14T17:05:45.161+0000] {processor.py:183} INFO - Processing /opt/airflow/dags/extract_data.py took 0.282 seconds
[2025-12-14T17:06:15.249+0000] {processor.py:161} INFO - Started process (PID=349) to work on /opt/airflow/dags/extract_data.py
[2025-12-14T17:06:15.250+0000] {processor.py:830} INFO - Processing file /opt/airflow/dags/extract_data.py for tasks to queue
[2025-12-14T17:06:15.252+0000] {logging_mixin.py:188} INFO - [2025-12-14T17:06:15.251+0000] {dagbag.py:538} INFO - Filling up the DagBag from /opt/airflow/dags/extract_data.py
[2025-12-14T17:06:15.542+0000] {processor.py:842} WARNING - No viable dags retrieved from /opt/airflow/dags/extract_data.py
[2025-12-14T17:06:15.561+0000] {processor.py:183} INFO - Processing /opt/airflow/dags/extract_data.py took 0.315 seconds
[2025-12-14T17:06:45.777+0000] {processor.py:161} INFO - Started process (PID=353) to work on /opt/airflow/dags/extract_data.py
[2025-12-14T17:06:45.779+0000] {processor.py:830} INFO - Processing file /opt/airflow/dags/extract_data.py for tasks to queue
[2025-12-14T17:06:45.780+0000] {logging_mixin.py:188} INFO - [2025-12-14T17:06:45.780+0000] {dagbag.py:538} INFO - Filling up the DagBag from /opt/airflow/dags/extract_data.py
[2025-12-14T17:06:46.086+0000] {processor.py:842} WARNING - No viable dags retrieved from /opt/airflow/dags/extract_data.py
[2025-12-14T17:06:46.096+0000] {processor.py:183} INFO - Processing /opt/airflow/dags/extract_data.py took 0.323 seconds
[2025-12-14T17:07:16.282+0000] {processor.py:161} INFO - Started process (PID=357) to work on /opt/airflow/dags/extract_data.py
[2025-12-14T17:07:16.285+0000] {processor.py:830} INFO - Processing file /opt/airflow/dags/extract_data.py for tasks to queue
[2025-12-14T17:07:16.287+0000] {logging_mixin.py:188} INFO - [2025-12-14T17:07:16.286+0000] {dagbag.py:538} INFO - Filling up the DagBag from /opt/airflow/dags/extract_data.py
[2025-12-14T17:07:16.574+0000] {processor.py:842} WARNING - No viable dags retrieved from /opt/airflow/dags/extract_data.py
[2025-12-14T17:07:16.585+0000] {processor.py:183} INFO - Processing /opt/airflow/dags/extract_data.py took 0.308 seconds
[2025-12-14T17:07:46.786+0000] {processor.py:161} INFO - Started process (PID=361) to work on /opt/airflow/dags/extract_data.py
[2025-12-14T17:07:46.788+0000] {processor.py:830} INFO - Processing file /opt/airflow/dags/extract_data.py for tasks to queue
[2025-12-14T17:07:46.790+0000] {logging_mixin.py:188} INFO - [2025-12-14T17:07:46.789+0000] {dagbag.py:538} INFO - Filling up the DagBag from /opt/airflow/dags/extract_data.py
[2025-12-14T17:07:47.078+0000] {processor.py:842} WARNING - No viable dags retrieved from /opt/airflow/dags/extract_data.py
[2025-12-14T17:07:47.091+0000] {processor.py:183} INFO - Processing /opt/airflow/dags/extract_data.py took 0.308 seconds
[2025-12-14T17:08:17.302+0000] {processor.py:161} INFO - Started process (PID=365) to work on /opt/airflow/dags/extract_data.py
[2025-12-14T17:08:17.304+0000] {processor.py:830} INFO - Processing file /opt/airflow/dags/extract_data.py for tasks to queue
[2025-12-14T17:08:17.305+0000] {logging_mixin.py:188} INFO - [2025-12-14T17:08:17.305+0000] {dagbag.py:538} INFO - Filling up the DagBag from /opt/airflow/dags/extract_data.py
[2025-12-14T17:08:17.575+0000] {processor.py:842} WARNING - No viable dags retrieved from /opt/airflow/dags/extract_data.py
[2025-12-14T17:08:17.586+0000] {processor.py:183} INFO - Processing /opt/airflow/dags/extract_data.py took 0.290 seconds
[2025-12-14T17:08:47.790+0000] {processor.py:161} INFO - Started process (PID=369) to work on /opt/airflow/dags/extract_data.py
[2025-12-14T17:08:47.791+0000] {processor.py:830} INFO - Processing file /opt/airflow/dags/extract_data.py for tasks to queue
[2025-12-14T17:08:47.792+0000] {logging_mixin.py:188} INFO - [2025-12-14T17:08:47.792+0000] {dagbag.py:538} INFO - Filling up the DagBag from /opt/airflow/dags/extract_data.py
[2025-12-14T17:08:48.076+0000] {processor.py:842} WARNING - No viable dags retrieved from /opt/airflow/dags/extract_data.py
[2025-12-14T17:08:48.088+0000] {processor.py:183} INFO - Processing /opt/airflow/dags/extract_data.py took 0.301 seconds
[2025-12-14T17:09:18.322+0000] {processor.py:161} INFO - Started process (PID=373) to work on /opt/airflow/dags/extract_data.py
[2025-12-14T17:09:18.324+0000] {processor.py:830} INFO - Processing file /opt/airflow/dags/extract_data.py for tasks to queue
[2025-12-14T17:09:18.326+0000] {logging_mixin.py:188} INFO - [2025-12-14T17:09:18.325+0000] {dagbag.py:538} INFO - Filling up the DagBag from /opt/airflow/dags/extract_data.py
[2025-12-14T17:09:18.595+0000] {processor.py:842} WARNING - No viable dags retrieved from /opt/airflow/dags/extract_data.py
[2025-12-14T17:09:18.605+0000] {processor.py:183} INFO - Processing /opt/airflow/dags/extract_data.py took 0.287 seconds
[2025-12-14T17:09:48.813+0000] {processor.py:161} INFO - Started process (PID=377) to work on /opt/airflow/dags/extract_data.py
[2025-12-14T17:09:48.815+0000] {processor.py:830} INFO - Processing file /opt/airflow/dags/extract_data.py for tasks to queue
[2025-12-14T17:09:48.817+0000] {logging_mixin.py:188} INFO - [2025-12-14T17:09:48.816+0000] {dagbag.py:538} INFO - Filling up the DagBag from /opt/airflow/dags/extract_data.py
[2025-12-14T17:09:49.084+0000] {processor.py:842} WARNING - No viable dags retrieved from /opt/airflow/dags/extract_data.py
[2025-12-14T17:09:49.095+0000] {processor.py:183} INFO - Processing /opt/airflow/dags/extract_data.py took 0.286 seconds
[2025-12-14T17:10:19.224+0000] {processor.py:161} INFO - Started process (PID=381) to work on /opt/airflow/dags/extract_data.py
[2025-12-14T17:10:19.225+0000] {processor.py:830} INFO - Processing file /opt/airflow/dags/extract_data.py for tasks to queue
[2025-12-14T17:10:19.226+0000] {logging_mixin.py:188} INFO - [2025-12-14T17:10:19.226+0000] {dagbag.py:538} INFO - Filling up the DagBag from /opt/airflow/dags/extract_data.py
[2025-12-14T17:10:19.508+0000] {processor.py:842} WARNING - No viable dags retrieved from /opt/airflow/dags/extract_data.py
[2025-12-14T17:10:19.521+0000] {processor.py:183} INFO - Processing /opt/airflow/dags/extract_data.py took 0.300 seconds
[2025-12-14T17:10:49.750+0000] {processor.py:161} INFO - Started process (PID=385) to work on /opt/airflow/dags/extract_data.py
[2025-12-14T17:10:49.751+0000] {processor.py:830} INFO - Processing file /opt/airflow/dags/extract_data.py for tasks to queue
[2025-12-14T17:10:49.752+0000] {logging_mixin.py:188} INFO - [2025-12-14T17:10:49.752+0000] {dagbag.py:538} INFO - Filling up the DagBag from /opt/airflow/dags/extract_data.py
[2025-12-14T17:10:50.002+0000] {processor.py:842} WARNING - No viable dags retrieved from /opt/airflow/dags/extract_data.py
[2025-12-14T17:10:50.013+0000] {processor.py:183} INFO - Processing /opt/airflow/dags/extract_data.py took 0.266 seconds
[2025-12-14T17:11:20.167+0000] {processor.py:161} INFO - Started process (PID=389) to work on /opt/airflow/dags/extract_data.py
[2025-12-14T17:11:20.169+0000] {processor.py:830} INFO - Processing file /opt/airflow/dags/extract_data.py for tasks to queue
[2025-12-14T17:11:20.170+0000] {logging_mixin.py:188} INFO - [2025-12-14T17:11:20.170+0000] {dagbag.py:538} INFO - Filling up the DagBag from /opt/airflow/dags/extract_data.py
[2025-12-14T17:11:20.490+0000] {processor.py:842} WARNING - No viable dags retrieved from /opt/airflow/dags/extract_data.py
[2025-12-14T17:11:20.502+0000] {processor.py:183} INFO - Processing /opt/airflow/dags/extract_data.py took 0.337 seconds
[2025-12-14T17:11:50.677+0000] {processor.py:161} INFO - Started process (PID=393) to work on /opt/airflow/dags/extract_data.py
[2025-12-14T17:11:50.679+0000] {processor.py:830} INFO - Processing file /opt/airflow/dags/extract_data.py for tasks to queue
[2025-12-14T17:11:50.680+0000] {logging_mixin.py:188} INFO - [2025-12-14T17:11:50.680+0000] {dagbag.py:538} INFO - Filling up the DagBag from /opt/airflow/dags/extract_data.py
[2025-12-14T17:11:50.952+0000] {processor.py:842} WARNING - No viable dags retrieved from /opt/airflow/dags/extract_data.py
[2025-12-14T17:11:50.974+0000] {processor.py:183} INFO - Processing /opt/airflow/dags/extract_data.py took 0.300 seconds
[2025-12-14T17:12:21.201+0000] {processor.py:161} INFO - Started process (PID=397) to work on /opt/airflow/dags/extract_data.py
[2025-12-14T17:12:21.204+0000] {processor.py:830} INFO - Processing file /opt/airflow/dags/extract_data.py for tasks to queue
[2025-12-14T17:12:21.206+0000] {logging_mixin.py:188} INFO - [2025-12-14T17:12:21.206+0000] {dagbag.py:538} INFO - Filling up the DagBag from /opt/airflow/dags/extract_data.py
[2025-12-14T17:12:21.518+0000] {processor.py:842} WARNING - No viable dags retrieved from /opt/airflow/dags/extract_data.py
[2025-12-14T17:12:21.532+0000] {processor.py:183} INFO - Processing /opt/airflow/dags/extract_data.py took 0.335 seconds
[2025-12-14T17:12:51.680+0000] {processor.py:161} INFO - Started process (PID=401) to work on /opt/airflow/dags/extract_data.py
[2025-12-14T17:12:51.681+0000] {processor.py:830} INFO - Processing file /opt/airflow/dags/extract_data.py for tasks to queue
[2025-12-14T17:12:51.684+0000] {logging_mixin.py:188} INFO - [2025-12-14T17:12:51.683+0000] {dagbag.py:538} INFO - Filling up the DagBag from /opt/airflow/dags/extract_data.py
[2025-12-14T17:12:52.005+0000] {processor.py:842} WARNING - No viable dags retrieved from /opt/airflow/dags/extract_data.py
[2025-12-14T17:12:52.017+0000] {processor.py:183} INFO - Processing /opt/airflow/dags/extract_data.py took 0.341 seconds
[2025-12-14T17:13:22.214+0000] {processor.py:161} INFO - Started process (PID=405) to work on /opt/airflow/dags/extract_data.py
[2025-12-14T17:13:22.216+0000] {processor.py:830} INFO - Processing file /opt/airflow/dags/extract_data.py for tasks to queue
[2025-12-14T17:13:22.217+0000] {logging_mixin.py:188} INFO - [2025-12-14T17:13:22.217+0000] {dagbag.py:538} INFO - Filling up the DagBag from /opt/airflow/dags/extract_data.py
[2025-12-14T17:13:22.481+0000] {processor.py:842} WARNING - No viable dags retrieved from /opt/airflow/dags/extract_data.py
[2025-12-14T17:13:22.493+0000] {processor.py:183} INFO - Processing /opt/airflow/dags/extract_data.py took 0.282 seconds
[2025-12-14T17:13:52.670+0000] {processor.py:161} INFO - Started process (PID=409) to work on /opt/airflow/dags/extract_data.py
[2025-12-14T17:13:52.672+0000] {processor.py:830} INFO - Processing file /opt/airflow/dags/extract_data.py for tasks to queue
[2025-12-14T17:13:52.674+0000] {logging_mixin.py:188} INFO - [2025-12-14T17:13:52.673+0000] {dagbag.py:538} INFO - Filling up the DagBag from /opt/airflow/dags/extract_data.py
[2025-12-14T17:13:52.974+0000] {processor.py:842} WARNING - No viable dags retrieved from /opt/airflow/dags/extract_data.py
[2025-12-14T17:13:52.989+0000] {processor.py:183} INFO - Processing /opt/airflow/dags/extract_data.py took 0.323 seconds
[2025-12-14T17:14:23.217+0000] {processor.py:161} INFO - Started process (PID=413) to work on /opt/airflow/dags/extract_data.py
[2025-12-14T17:14:23.218+0000] {processor.py:830} INFO - Processing file /opt/airflow/dags/extract_data.py for tasks to queue
[2025-12-14T17:14:23.219+0000] {logging_mixin.py:188} INFO - [2025-12-14T17:14:23.219+0000] {dagbag.py:538} INFO - Filling up the DagBag from /opt/airflow/dags/extract_data.py
[2025-12-14T17:14:23.479+0000] {processor.py:842} WARNING - No viable dags retrieved from /opt/airflow/dags/extract_data.py
[2025-12-14T17:14:23.489+0000] {processor.py:183} INFO - Processing /opt/airflow/dags/extract_data.py took 0.276 seconds
