[2025-12-30T13:34:20.828+0000] {taskinstance.py:1956} INFO - Dependencies all met for dep_context=non-requeueable deps ti=<TaskInstance: amazon_transform_dag.wait_for_etl_pipeline manual__2025-12-30T13:34:18.814816+00:00 [queued]>
[2025-12-30T13:34:20.840+0000] {taskinstance.py:1956} INFO - Dependencies all met for dep_context=requeueable deps ti=<TaskInstance: amazon_transform_dag.wait_for_etl_pipeline manual__2025-12-30T13:34:18.814816+00:00 [queued]>
[2025-12-30T13:34:20.841+0000] {taskinstance.py:2170} INFO - Starting attempt 1 of 4
[2025-12-30T13:34:20.868+0000] {taskinstance.py:2191} INFO - Executing <Task(ExternalTaskSensor): wait_for_etl_pipeline> on 2025-12-30 13:34:18.814816+00:00
[2025-12-30T13:34:20.874+0000] {standard_task_runner.py:60} INFO - Started process 2667 to run task
[2025-12-30T13:34:20.882+0000] {standard_task_runner.py:87} INFO - Running: ['***', 'tasks', 'run', 'amazon_transform_dag', 'wait_for_etl_pipeline', 'manual__2025-12-30T13:34:18.814816+00:00', '--job-id', '70', '--raw', '--subdir', 'DAGS_FOLDER/transform_dag.py', '--cfg-path', '/tmp/tmp5ehggy2d']
[2025-12-30T13:34:20.885+0000] {standard_task_runner.py:88} INFO - Job 70: Subtask wait_for_etl_pipeline
[2025-12-30T13:34:21.018+0000] {task_command.py:423} INFO - Running <TaskInstance: amazon_transform_dag.wait_for_etl_pipeline manual__2025-12-30T13:34:18.814816+00:00 [running]> on host c7a5381c7507
[2025-12-30T13:34:21.137+0000] {taskinstance.py:2480} INFO - Exporting env vars: AIRFLOW_CTX_DAG_OWNER='***' AIRFLOW_CTX_DAG_ID='amazon_transform_dag' AIRFLOW_CTX_TASK_ID='wait_for_etl_pipeline' AIRFLOW_CTX_EXECUTION_DATE='2025-12-30T13:34:18.814816+00:00' AIRFLOW_CTX_TRY_NUMBER='1' AIRFLOW_CTX_DAG_RUN_ID='manual__2025-12-30T13:34:18.814816+00:00'
[2025-12-30T13:34:21.139+0000] {external_task.py:244} INFO - Poking for tasks ['validation_task'] in dag etl_pipeline_dag on 2025-12-30T13:34:18.814816+00:00 ... 
[2025-12-30T13:35:21.153+0000] {external_task.py:244} INFO - Poking for tasks ['validation_task'] in dag etl_pipeline_dag on 2025-12-30T13:34:18.814816+00:00 ... 
[2025-12-30T13:36:21.217+0000] {external_task.py:244} INFO - Poking for tasks ['validation_task'] in dag etl_pipeline_dag on 2025-12-30T13:34:18.814816+00:00 ... 
[2025-12-30T13:37:21.297+0000] {external_task.py:244} INFO - Poking for tasks ['validation_task'] in dag etl_pipeline_dag on 2025-12-30T13:34:18.814816+00:00 ... 
[2025-12-30T13:38:21.365+0000] {external_task.py:244} INFO - Poking for tasks ['validation_task'] in dag etl_pipeline_dag on 2025-12-30T13:34:18.814816+00:00 ... 
[2025-12-30T13:39:21.439+0000] {external_task.py:244} INFO - Poking for tasks ['validation_task'] in dag etl_pipeline_dag on 2025-12-30T13:34:18.814816+00:00 ... 
[2025-12-30T13:40:21.459+0000] {external_task.py:244} INFO - Poking for tasks ['validation_task'] in dag etl_pipeline_dag on 2025-12-30T13:34:18.814816+00:00 ... 
[2025-12-30T13:41:21.532+0000] {external_task.py:244} INFO - Poking for tasks ['validation_task'] in dag etl_pipeline_dag on 2025-12-30T13:34:18.814816+00:00 ... 
[2025-12-30T13:42:21.606+0000] {external_task.py:244} INFO - Poking for tasks ['validation_task'] in dag etl_pipeline_dag on 2025-12-30T13:34:18.814816+00:00 ... 
[2025-12-30T13:43:21.633+0000] {external_task.py:244} INFO - Poking for tasks ['validation_task'] in dag etl_pipeline_dag on 2025-12-30T13:34:18.814816+00:00 ... 
[2025-12-30T13:44:21.648+0000] {external_task.py:244} INFO - Poking for tasks ['validation_task'] in dag etl_pipeline_dag on 2025-12-30T13:34:18.814816+00:00 ... 
[2025-12-30T13:44:21.668+0000] {taskinstance.py:2698} ERROR - Task failed with exception
Traceback (most recent call last):
  File "/home/airflow/.local/lib/python3.8/site-packages/airflow/models/taskinstance.py", line 433, in _execute_task
    result = execute_callable(context=context, **execute_callable_kwargs)
  File "/home/airflow/.local/lib/python3.8/site-packages/airflow/sensors/external_task.py", line 334, in execute
    super().execute(context)
  File "/home/airflow/.local/lib/python3.8/site-packages/airflow/sensors/base.py", line 282, in execute
    raise AirflowSensorTimeout(message)
airflow.exceptions.AirflowSensorTimeout: Sensor has timed out; run duration of 600.5768876530001 seconds exceeds the specified timeout of 600.0.
[2025-12-30T13:44:21.677+0000] {taskinstance.py:1138} INFO - Immediate failure requested. Marking task as FAILED. dag_id=amazon_transform_dag, task_id=wait_for_etl_pipeline, execution_date=20251230T133418, start_date=20251230T133420, end_date=20251230T134421
[2025-12-30T13:44:21.696+0000] {standard_task_runner.py:107} ERROR - Failed to execute job 70 for task wait_for_etl_pipeline (Sensor has timed out; run duration of 600.5768876530001 seconds exceeds the specified timeout of 600.0.; 2667)
[2025-12-30T13:44:21.729+0000] {local_task_job_runner.py:234} INFO - Task exited with return code 1
[2025-12-30T13:44:21.763+0000] {taskinstance.py:3280} INFO - 0 downstream tasks scheduled from follow-on schedule check
