[2025-12-30T13:34:16.536+0000] {taskinstance.py:1956} INFO - Dependencies all met for dep_context=non-requeueable deps ti=<TaskInstance: amazon_transform_dag.wait_for_etl_pipeline scheduled__2025-12-29T00:00:00+00:00 [queued]>
[2025-12-30T13:34:16.546+0000] {taskinstance.py:1956} INFO - Dependencies all met for dep_context=requeueable deps ti=<TaskInstance: amazon_transform_dag.wait_for_etl_pipeline scheduled__2025-12-29T00:00:00+00:00 [queued]>
[2025-12-30T13:34:16.547+0000] {taskinstance.py:2170} INFO - Starting attempt 1 of 4
[2025-12-30T13:34:16.566+0000] {taskinstance.py:2191} INFO - Executing <Task(ExternalTaskSensor): wait_for_etl_pipeline> on 2025-12-29 00:00:00+00:00
[2025-12-30T13:34:16.572+0000] {standard_task_runner.py:60} INFO - Started process 2663 to run task
[2025-12-30T13:34:16.577+0000] {standard_task_runner.py:87} INFO - Running: ['***', 'tasks', 'run', 'amazon_transform_dag', 'wait_for_etl_pipeline', 'scheduled__2025-12-29T00:00:00+00:00', '--job-id', '68', '--raw', '--subdir', 'DAGS_FOLDER/transform_dag.py', '--cfg-path', '/tmp/tmpfy8ze7do']
[2025-12-30T13:34:16.580+0000] {standard_task_runner.py:88} INFO - Job 68: Subtask wait_for_etl_pipeline
[2025-12-30T13:34:16.676+0000] {task_command.py:423} INFO - Running <TaskInstance: amazon_transform_dag.wait_for_etl_pipeline scheduled__2025-12-29T00:00:00+00:00 [running]> on host c7a5381c7507
[2025-12-30T13:34:16.797+0000] {taskinstance.py:2480} INFO - Exporting env vars: AIRFLOW_CTX_DAG_OWNER='***' AIRFLOW_CTX_DAG_ID='amazon_transform_dag' AIRFLOW_CTX_TASK_ID='wait_for_etl_pipeline' AIRFLOW_CTX_EXECUTION_DATE='2025-12-29T00:00:00+00:00' AIRFLOW_CTX_TRY_NUMBER='1' AIRFLOW_CTX_DAG_RUN_ID='scheduled__2025-12-29T00:00:00+00:00'
[2025-12-30T13:34:16.801+0000] {external_task.py:244} INFO - Poking for tasks ['validation_task'] in dag etl_pipeline_dag on 2025-12-29T00:00:00+00:00 ... 
[2025-12-30T13:35:16.874+0000] {external_task.py:244} INFO - Poking for tasks ['validation_task'] in dag etl_pipeline_dag on 2025-12-29T00:00:00+00:00 ... 
[2025-12-30T13:36:16.938+0000] {external_task.py:244} INFO - Poking for tasks ['validation_task'] in dag etl_pipeline_dag on 2025-12-29T00:00:00+00:00 ... 
[2025-12-30T13:37:16.973+0000] {external_task.py:244} INFO - Poking for tasks ['validation_task'] in dag etl_pipeline_dag on 2025-12-29T00:00:00+00:00 ... 
[2025-12-30T13:38:16.979+0000] {external_task.py:244} INFO - Poking for tasks ['validation_task'] in dag etl_pipeline_dag on 2025-12-29T00:00:00+00:00 ... 
[2025-12-30T13:39:16.993+0000] {external_task.py:244} INFO - Poking for tasks ['validation_task'] in dag etl_pipeline_dag on 2025-12-29T00:00:00+00:00 ... 
[2025-12-30T13:40:17.008+0000] {external_task.py:244} INFO - Poking for tasks ['validation_task'] in dag etl_pipeline_dag on 2025-12-29T00:00:00+00:00 ... 
[2025-12-30T13:41:17.053+0000] {external_task.py:244} INFO - Poking for tasks ['validation_task'] in dag etl_pipeline_dag on 2025-12-29T00:00:00+00:00 ... 
[2025-12-30T13:42:17.075+0000] {external_task.py:244} INFO - Poking for tasks ['validation_task'] in dag etl_pipeline_dag on 2025-12-29T00:00:00+00:00 ... 
[2025-12-30T13:43:17.115+0000] {external_task.py:244} INFO - Poking for tasks ['validation_task'] in dag etl_pipeline_dag on 2025-12-29T00:00:00+00:00 ... 
[2025-12-30T13:44:17.153+0000] {external_task.py:244} INFO - Poking for tasks ['validation_task'] in dag etl_pipeline_dag on 2025-12-29T00:00:00+00:00 ... 
[2025-12-30T13:44:17.173+0000] {taskinstance.py:2698} ERROR - Task failed with exception
Traceback (most recent call last):
  File "/home/airflow/.local/lib/python3.8/site-packages/airflow/models/taskinstance.py", line 433, in _execute_task
    result = execute_callable(context=context, **execute_callable_kwargs)
  File "/home/airflow/.local/lib/python3.8/site-packages/airflow/sensors/external_task.py", line 334, in execute
    super().execute(context)
  File "/home/airflow/.local/lib/python3.8/site-packages/airflow/sensors/base.py", line 282, in execute
    raise AirflowSensorTimeout(message)
airflow.exceptions.AirflowSensorTimeout: Sensor has timed out; run duration of 600.4197663049999 seconds exceeds the specified timeout of 600.0.
[2025-12-30T13:44:17.183+0000] {taskinstance.py:1138} INFO - Immediate failure requested. Marking task as FAILED. dag_id=amazon_transform_dag, task_id=wait_for_etl_pipeline, execution_date=20251229T000000, start_date=20251230T133416, end_date=20251230T134417
[2025-12-30T13:44:17.198+0000] {standard_task_runner.py:107} ERROR - Failed to execute job 68 for task wait_for_etl_pipeline (Sensor has timed out; run duration of 600.4197663049999 seconds exceeds the specified timeout of 600.0.; 2663)
[2025-12-30T13:44:17.228+0000] {local_task_job_runner.py:234} INFO - Task exited with return code 1
[2025-12-30T13:44:17.257+0000] {taskinstance.py:3280} INFO - 0 downstream tasks scheduled from follow-on schedule check
