[2025-12-24T15:26:06.510+0000] {taskinstance.py:1956} INFO - Dependencies all met for dep_context=non-requeueable deps ti=<TaskInstance: amazon_transform_dag.wait_for_etl_pipeline manual__2025-12-24T15:26:04.225887+00:00 [queued]>
[2025-12-24T15:26:06.518+0000] {taskinstance.py:1956} INFO - Dependencies all met for dep_context=requeueable deps ti=<TaskInstance: amazon_transform_dag.wait_for_etl_pipeline manual__2025-12-24T15:26:04.225887+00:00 [queued]>
[2025-12-24T15:26:06.518+0000] {taskinstance.py:2170} INFO - Starting attempt 1 of 4
[2025-12-24T15:26:06.538+0000] {taskinstance.py:2191} INFO - Executing <Task(ExternalTaskSensor): wait_for_etl_pipeline> on 2025-12-24 15:26:04.225887+00:00
[2025-12-24T15:26:06.543+0000] {standard_task_runner.py:60} INFO - Started process 933 to run task
[2025-12-24T15:26:06.546+0000] {standard_task_runner.py:87} INFO - Running: ['***', 'tasks', 'run', 'amazon_transform_dag', 'wait_for_etl_pipeline', 'manual__2025-12-24T15:26:04.225887+00:00', '--job-id', '21', '--raw', '--subdir', 'DAGS_FOLDER/transform_dag.py', '--cfg-path', '/tmp/tmp4hfl12hu']
[2025-12-24T15:26:06.548+0000] {standard_task_runner.py:88} INFO - Job 21: Subtask wait_for_etl_pipeline
[2025-12-24T15:26:06.578+0000] {logging_mixin.py:188} WARNING - /home/***/.local/lib/python3.8/site-packages/***/settings.py:194 DeprecationWarning: The sql_alchemy_conn option in [core] has been moved to the sql_alchemy_conn option in [database] - the old setting has been used, but please update your config.
[2025-12-24T15:26:06.629+0000] {task_command.py:423} INFO - Running <TaskInstance: amazon_transform_dag.wait_for_etl_pipeline manual__2025-12-24T15:26:04.225887+00:00 [running]> on host 01fa5def2fdb
[2025-12-24T15:26:06.724+0000] {taskinstance.py:2480} INFO - Exporting env vars: AIRFLOW_CTX_DAG_OWNER='***' AIRFLOW_CTX_DAG_ID='amazon_transform_dag' AIRFLOW_CTX_TASK_ID='wait_for_etl_pipeline' AIRFLOW_CTX_EXECUTION_DATE='2025-12-24T15:26:04.225887+00:00' AIRFLOW_CTX_TRY_NUMBER='1' AIRFLOW_CTX_DAG_RUN_ID='manual__2025-12-24T15:26:04.225887+00:00'
[2025-12-24T15:26:06.725+0000] {external_task.py:244} INFO - Poking for tasks ['validation_task'] in dag etl_pipeline_dag on 2025-12-24T15:26:04.225887+00:00 ... 
[2025-12-24T15:27:06.795+0000] {external_task.py:244} INFO - Poking for tasks ['validation_task'] in dag etl_pipeline_dag on 2025-12-24T15:26:04.225887+00:00 ... 
[2025-12-24T15:28:06.828+0000] {external_task.py:244} INFO - Poking for tasks ['validation_task'] in dag etl_pipeline_dag on 2025-12-24T15:26:04.225887+00:00 ... 
[2025-12-24T15:29:06.901+0000] {external_task.py:244} INFO - Poking for tasks ['validation_task'] in dag etl_pipeline_dag on 2025-12-24T15:26:04.225887+00:00 ... 
[2025-12-24T15:30:06.961+0000] {external_task.py:244} INFO - Poking for tasks ['validation_task'] in dag etl_pipeline_dag on 2025-12-24T15:26:04.225887+00:00 ... 
[2025-12-24T15:31:06.997+0000] {external_task.py:244} INFO - Poking for tasks ['validation_task'] in dag etl_pipeline_dag on 2025-12-24T15:26:04.225887+00:00 ... 
[2025-12-24T15:32:07.059+0000] {external_task.py:244} INFO - Poking for tasks ['validation_task'] in dag etl_pipeline_dag on 2025-12-24T15:26:04.225887+00:00 ... 
[2025-12-24T15:33:07.124+0000] {external_task.py:244} INFO - Poking for tasks ['validation_task'] in dag etl_pipeline_dag on 2025-12-24T15:26:04.225887+00:00 ... 
[2025-12-24T15:34:07.156+0000] {external_task.py:244} INFO - Poking for tasks ['validation_task'] in dag etl_pipeline_dag on 2025-12-24T15:26:04.225887+00:00 ... 
[2025-12-24T15:35:07.225+0000] {external_task.py:244} INFO - Poking for tasks ['validation_task'] in dag etl_pipeline_dag on 2025-12-24T15:26:04.225887+00:00 ... 
[2025-12-24T15:36:07.288+0000] {external_task.py:244} INFO - Poking for tasks ['validation_task'] in dag etl_pipeline_dag on 2025-12-24T15:26:04.225887+00:00 ... 
[2025-12-24T15:36:07.305+0000] {taskinstance.py:2698} ERROR - Task failed with exception
Traceback (most recent call last):
  File "/home/airflow/.local/lib/python3.8/site-packages/airflow/models/taskinstance.py", line 433, in _execute_task
    result = execute_callable(context=context, **execute_callable_kwargs)
  File "/home/airflow/.local/lib/python3.8/site-packages/airflow/sensors/external_task.py", line 334, in execute
    super().execute(context)
  File "/home/airflow/.local/lib/python3.8/site-packages/airflow/sensors/base.py", line 282, in execute
    raise AirflowSensorTimeout(message)
airflow.exceptions.AirflowSensorTimeout: Sensor has timed out; run duration of 600.6141326880002 seconds exceeds the specified timeout of 600.0.
[2025-12-24T15:36:07.321+0000] {taskinstance.py:1138} INFO - Immediate failure requested. Marking task as FAILED. dag_id=amazon_transform_dag, task_id=wait_for_etl_pipeline, execution_date=20251224T152604, start_date=20251224T152606, end_date=20251224T153607
[2025-12-24T15:36:07.351+0000] {standard_task_runner.py:107} ERROR - Failed to execute job 21 for task wait_for_etl_pipeline (Sensor has timed out; run duration of 600.6141326880002 seconds exceeds the specified timeout of 600.0.; 933)
[2025-12-24T15:36:07.400+0000] {local_task_job_runner.py:234} INFO - Task exited with return code 1
[2025-12-24T15:36:07.437+0000] {taskinstance.py:3280} INFO - 0 downstream tasks scheduled from follow-on schedule check
