[2025-12-22T14:43:15.826+0000] {taskinstance.py:1956} INFO - Dependencies all met for dep_context=non-requeueable deps ti=<TaskInstance: etl_csv_pipeline.extract_data manual__2025-12-22T14:31:10.115114+00:00 [queued]>
[2025-12-22T14:43:15.833+0000] {taskinstance.py:1956} INFO - Dependencies all met for dep_context=requeueable deps ti=<TaskInstance: etl_csv_pipeline.extract_data manual__2025-12-22T14:31:10.115114+00:00 [queued]>
[2025-12-22T14:43:15.834+0000] {taskinstance.py:2170} INFO - Starting attempt 2 of 2
[2025-12-22T14:43:15.856+0000] {taskinstance.py:2191} INFO - Executing <Task(PythonOperator): extract_data> on 2025-12-22 14:31:10.115114+00:00
[2025-12-22T14:43:15.864+0000] {standard_task_runner.py:60} INFO - Started process 127 to run task
[2025-12-22T14:43:15.870+0000] {standard_task_runner.py:87} INFO - Running: ['airflow', 'tasks', 'run', 'etl_csv_pipeline', 'extract_data', 'manual__2025-12-22T14:31:10.115114+00:00', '--job-id', '9', '--raw', '--subdir', 'DAGS_FOLDER/etl_pipeline_dag.py', '--cfg-path', '/tmp/tmpq48g_2mb']
[2025-12-22T14:43:15.875+0000] {standard_task_runner.py:88} INFO - Job 9: Subtask extract_data
[2025-12-22T14:43:15.959+0000] {task_command.py:423} INFO - Running <TaskInstance: etl_csv_pipeline.extract_data manual__2025-12-22T14:31:10.115114+00:00 [running]> on host af4e2f7a12fd
[2025-12-22T14:43:16.030+0000] {taskinstance.py:2480} INFO - Exporting env vars: AIRFLOW_CTX_DAG_OWNER='airflow' AIRFLOW_CTX_DAG_ID='etl_csv_pipeline' AIRFLOW_CTX_TASK_ID='extract_data' AIRFLOW_CTX_EXECUTION_DATE='2025-12-22T14:31:10.115114+00:00' AIRFLOW_CTX_TRY_NUMBER='2' AIRFLOW_CTX_DAG_RUN_ID='manual__2025-12-22T14:31:10.115114+00:00'
[2025-12-22T14:43:16.042+0000] {taskinstance.py:2698} ERROR - Task failed with exception
Traceback (most recent call last):
  File "/home/airflow/.local/lib/python3.8/site-packages/airflow/models/taskinstance.py", line 433, in _execute_task
    result = execute_callable(context=context, **execute_callable_kwargs)
  File "/home/airflow/.local/lib/python3.8/site-packages/airflow/operators/python.py", line 199, in execute
    return_value = self.execute_callable()
  File "/home/airflow/.local/lib/python3.8/site-packages/airflow/operators/python.py", line 216, in execute_callable
    return self.python_callable(*self.op_args, **self.op_kwargs)
  File "/opt/airflow/dags/scripts/extract_data.py", line 13, in extract_data
    df = pd.read_csv(file_path)
  File "/home/airflow/.local/lib/python3.8/site-packages/pandas/io/parsers/readers.py", line 912, in read_csv
    return _read(filepath_or_buffer, kwds)
  File "/home/airflow/.local/lib/python3.8/site-packages/pandas/io/parsers/readers.py", line 577, in _read
    parser = TextFileReader(filepath_or_buffer, **kwds)
  File "/home/airflow/.local/lib/python3.8/site-packages/pandas/io/parsers/readers.py", line 1407, in __init__
    self._engine = self._make_engine(f, self.engine)
  File "/home/airflow/.local/lib/python3.8/site-packages/pandas/io/parsers/readers.py", line 1679, in _make_engine
    return mapping[engine](f, **self.options)
  File "/home/airflow/.local/lib/python3.8/site-packages/pandas/io/parsers/c_parser_wrapper.py", line 93, in __init__
    self._reader = parsers.TextReader(src, **kwds)
  File "pandas/_libs/parsers.pyx", line 550, in pandas._libs.parsers.TextReader.__cinit__
  File "pandas/_libs/parsers.pyx", line 639, in pandas._libs.parsers.TextReader._get_header
  File "pandas/_libs/parsers.pyx", line 850, in pandas._libs.parsers.TextReader._tokenize_rows
  File "pandas/_libs/parsers.pyx", line 861, in pandas._libs.parsers.TextReader._check_tokenize_status
  File "pandas/_libs/parsers.pyx", line 2021, in pandas._libs.parsers.raise_parser_error
UnicodeDecodeError: 'utf-8' codec can't decode byte 0x8f in position 22: invalid start byte
[2025-12-22T14:43:16.060+0000] {taskinstance.py:1138} INFO - Marking task as FAILED. dag_id=etl_csv_pipeline, task_id=extract_data, execution_date=20251222T143110, start_date=20251222T144315, end_date=20251222T144316
[2025-12-22T14:43:16.076+0000] {standard_task_runner.py:107} ERROR - Failed to execute job 9 for task extract_data ('utf-8' codec can't decode byte 0x8f in position 22: invalid start byte; 127)
[2025-12-22T14:43:16.085+0000] {local_task_job_runner.py:234} INFO - Task exited with return code 1
[2025-12-22T14:43:16.103+0000] {taskinstance.py:3280} INFO - 0 downstream tasks scheduled from follow-on schedule check
