[2025-12-26T16:26:45.422+0000] {taskinstance.py:1956} INFO - Dependencies all met for dep_context=non-requeueable deps ti=<TaskInstance: amazon_scoring_quality_metrics.data_quality_check manual__2025-12-26T16:26:43.049720+00:00 [queued]>
[2025-12-26T16:26:45.435+0000] {taskinstance.py:1956} INFO - Dependencies all met for dep_context=requeueable deps ti=<TaskInstance: amazon_scoring_quality_metrics.data_quality_check manual__2025-12-26T16:26:43.049720+00:00 [queued]>
[2025-12-26T16:26:45.436+0000] {taskinstance.py:2170} INFO - Starting attempt 1 of 1
[2025-12-26T16:26:45.457+0000] {taskinstance.py:2191} INFO - Executing <Task(PythonOperator): data_quality_check> on 2025-12-26 16:26:43.049720+00:00
[2025-12-26T16:26:45.465+0000] {standard_task_runner.py:60} INFO - Started process 1163 to run task
[2025-12-26T16:26:45.470+0000] {standard_task_runner.py:87} INFO - Running: ['***', 'tasks', 'run', 'amazon_scoring_quality_metrics', 'data_quality_check', 'manual__2025-12-26T16:26:43.049720+00:00', '--job-id', '52', '--raw', '--subdir', 'DAGS_FOLDER/amazon_scoring_quality_dag.py', '--cfg-path', '/tmp/tmpnqic1ylq']
[2025-12-26T16:26:45.474+0000] {standard_task_runner.py:88} INFO - Job 52: Subtask data_quality_check
[2025-12-26T16:26:45.593+0000] {task_command.py:423} INFO - Running <TaskInstance: amazon_scoring_quality_metrics.data_quality_check manual__2025-12-26T16:26:43.049720+00:00 [running]> on host c7a5381c7507
[2025-12-26T16:26:45.731+0000] {taskinstance.py:2480} INFO - Exporting env vars: AIRFLOW_CTX_DAG_OWNER='***' AIRFLOW_CTX_DAG_ID='amazon_scoring_quality_metrics' AIRFLOW_CTX_TASK_ID='data_quality_check' AIRFLOW_CTX_EXECUTION_DATE='2025-12-26T16:26:43.049720+00:00' AIRFLOW_CTX_TRY_NUMBER='1' AIRFLOW_CTX_DAG_RUN_ID='manual__2025-12-26T16:26:43.049720+00:00'
[2025-12-26T16:26:45.738+0000] {taskinstance.py:2698} ERROR - Task failed with exception
Traceback (most recent call last):
  File "/home/airflow/.local/lib/python3.8/site-packages/airflow/models/taskinstance.py", line 433, in _execute_task
    result = execute_callable(context=context, **execute_callable_kwargs)
  File "/home/airflow/.local/lib/python3.8/site-packages/airflow/operators/python.py", line 199, in execute
    return_value = self.execute_callable()
  File "/home/airflow/.local/lib/python3.8/site-packages/airflow/operators/python.py", line 216, in execute_callable
    return self.python_callable(*self.op_args, **self.op_kwargs)
  File "/opt/airflow/dags/scripts/data_quality.py", line 4, in check_data_quality
    df = pd.read_csv("/opt/airflow/data/Amazon.csv")
  File "/home/airflow/.local/lib/python3.8/site-packages/pandas/io/parsers/readers.py", line 912, in read_csv
    return _read(filepath_or_buffer, kwds)
  File "/home/airflow/.local/lib/python3.8/site-packages/pandas/io/parsers/readers.py", line 577, in _read
    parser = TextFileReader(filepath_or_buffer, **kwds)
  File "/home/airflow/.local/lib/python3.8/site-packages/pandas/io/parsers/readers.py", line 1407, in __init__
    self._engine = self._make_engine(f, self.engine)
  File "/home/airflow/.local/lib/python3.8/site-packages/pandas/io/parsers/readers.py", line 1661, in _make_engine
    self.handles = get_handle(
  File "/home/airflow/.local/lib/python3.8/site-packages/pandas/io/common.py", line 859, in get_handle
    handle = open(
FileNotFoundError: [Errno 2] No such file or directory: '/opt/airflow/data/Amazon.csv'
[2025-12-26T16:26:45.758+0000] {taskinstance.py:1138} INFO - Marking task as FAILED. dag_id=amazon_scoring_quality_metrics, task_id=data_quality_check, execution_date=20251226T162643, start_date=20251226T162645, end_date=20251226T162645
[2025-12-26T16:26:45.783+0000] {standard_task_runner.py:107} ERROR - Failed to execute job 52 for task data_quality_check ([Errno 2] No such file or directory: '/opt/airflow/data/Amazon.csv'; 1163)
[2025-12-26T16:26:45.805+0000] {local_task_job_runner.py:234} INFO - Task exited with return code 1
[2025-12-26T16:26:45.835+0000] {taskinstance.py:3280} INFO - 0 downstream tasks scheduled from follow-on schedule check
